    1      379   272854        0       0        0       0        0       0        0       0        0       0        0       0        0       0        0       0        0       0        0       0  
    2      294   227988        0       0        0       0        0       0        0       0        0       0        0       0        0       0        0       0        0       0        0       0  
    3      290   229136        0       0        2    3028        0       0        0       0        0       0        0       0        0       0        0       0        0       0        0       0  
    4      314   244080        0       0       27   40878        0       0        0       0        0       0        0       0        0       0        0       0        0       0        0       0  
    5      307   243314        0       0        0       0        0       0        0       0        0       0        0       0        0       0        0       0        0       0        0       0  
    6      264   208680        0       0        5    7570        0       0        0       0        0       0        0       0        0       0        0       0        0       0        0       0  
    7      268   211740        0       0        1    1514        0       0        0       0        0       0        0       0        0       0        0       0        0       0        0       0  
    8      268   212000        0       0       14   21196        0       0        0       0        0       0        0       0        0       0        0       0        0       0        0       0  
    9      272   215028        0       0        4    6056        0       0        0       0        0       0        0       0        0       0        0       0        0       0        0       0  
   10      266   210172        0       0        1    1514        0       0        0       0        0       0        0       0        0       0        0       0        0       0        0       0  
   11      264   208584        0       0        2    3028        0       0        0       0        0       0        0       0        0       0        0       0        0       0        0       0  
   12      275   216562        0       0        3    4542        0       0        0       0        0       0        0       0        0       0        0       0        0       0        0       0  
   13      261   206998        0       0        8   12112        0       0        0       0        0       0        0       0        0       0        0       0        0       0        0       0  
   14      268   211816        0       0        5    7570        0       0        0       0        0       0        0       0        0       0        0       0        0       0        0       0  
   15      274   215012        0       0        0       0        0       0        0       0        0       0        0       0        0       0        0       0        0       0        0       0  
   16      260   206848        0       0        0       0        0       0        0       0        0       0        0       0        0       0        0       0        0       0        0       0  
   17      274   216520        0       0        4    6056        0       0        0       0        0       0        0       0        0       0        0       0        0       0        0       0  
   18      270   213348        0       0        3    4542        0       0        0       0        0       0        0       0        0       0        0       0        0       0        0       0  
   19      270   213324        0       0        1    1514        0       0        0       0        0       0        0       0        0       0        0       0        0       0        0       0  
   20      266   210140        0       0        1    1514        0       0        0       0        0       0        0       0        0       0        0       0        0       0        0       0  
   21      268   211756        0       0        0       0        0       0        0       0        0       0        0       0        0       0        0       0        0       0        0       0  
   22      266   210252        0       0        5    7570        0       0        0       0        0       0        0       0        0       0        0       0        0       0        0       0  
   23      260   205400        0       0        0       0        0       0        0       0        0       0        0       0        0       0        0       0        0       0        0       0  
   24      266   210188        0       0        0       0        0       0        0       0        0       0        0       0        0       0        0       0        0       0        0       0  
   25      264   208584        0       0        3    4542        0       0        0       0        0       0        0       0        0       0        0       0        0       0        0       0  
   26      268   211732        0       0        0       0        0       0        0       0        0       0        0       0        0       0        0       0        0       0        0       0  
   27      262   206992        0       0        1    1514        0       0        0       0        0       0        0       0        0       0        0       0        0       0        0       0  
   28      280   221224        0       0        3    4542        0       0        0       0        0       0        0       0        0       0        0       0        0       0        0       0  
   29      266   210140        0       0        0       0        0       0        0       0        0       0        0       0        0       0        0       0        0       0        0       0  
   30      268   210296        0       0        1    1514        0       0        0       0        0       0        0       0        0       0        0       0        0       0        0       0  
   31      268   213204        0       0        3    4542        0       0        0       0        0       0        0       0        0       0        0       0        0       0        0       0  
   32      266   210164        0       0        1    1514        0       0        0       0        0       0        0       0        0       0        0       0        0       0        0       0  
   33      269   213258        0       0        2    3028        0       0        0       0        0       0        0       0        0       0        0       0        0       0        0       0  
   34      270   213300        0       0        0       0        0       0        0       0        0       0        0       0        0       0        0       0        0       0        0       0  
   35      266   210164        0       0        1    1514        0       0        0       0        0       0        0       0        0       0        0       0        0       0        0       0  
   36      734   579884        0       0        3    4542        0       0        0       0        0       0        0       0        0       0        0       0        0       0        0       0  
