    1      379   272854      190   260356        0       0  
    2      294   227988      147   218286        0       0  
    3      290   229136      143   216502        2    3028  
    4      314   244080      130   192508       27   40878  
    5      307   243314      154   233156        0       0  
    6      264   208680      127   192278        5    7570  
    7      268   211740      133   201362        1    1514  
    8      268   212000      120   181680       14   21196  
    9      272   215028      132   199848        4    6056  
   10      266   210172      132   199848        1    1514  
   11      264   208584      130   196820        2    3028  
   12      275   216562      134   202876        3    4542  
   13      261   206998      123   186222        8   12112  
   14      268   211816      129   195306        5    7570  
   15      274   215012      136   205904        0       0  
   16      260   206848      131   198334        0       0  
   17      274   216520      133   201362        4    6056  
   18      270   213348      132   199848        3    4542  
   19      270   213324      134   202876        1    1514  
   20      266   210140      132   199848        1    1514  
   21      268   211756      134   202876        0       0  
   22      266   210252      128   193792        5    7570  
   23      260   205400      130   196820        0       0  
   24      266   210188      133   201362        0       0  
   25      264   208584      129   195306        3    4542  
   26      268   211732      134   202876        0       0  
   27      262   206992      130   196820        1    1514  
   28      280   221224      137   207418        3    4542  
   29      266   210140      133   201362        0       0  
   30      268   210296      132   199848        1    1514  
   31      268   213204      132   199848        3    4542  
   32      266   210164      132   199848        1    1514  
   33      269   213258      133   201362        2    3028  
   34      270   213300      135   204390        0       0  
   35      266   210164      132   199848        1    1514  
   36      734   579884      364   551096        3    4542  
