    1     1629   1281070        0       0       61   92354        0       0        0       0        0       0        0       0        0       0        0       0        0       0        0       0  
    2     1663   1305102        0       0       11   16654        0       0        0       0        0       0        0       0        0       0        0       0        0       0        0       0  
    3     1652   1305176        0       0        8   12112        0       0        0       0        0       0        0       0        0       0        0       0        0       0        0       0  
    4     1660   1304300        0       0        2    3028        0       0        0       0        0       0        0       0        0       0        0       0        0       0        0       0  
    5     1650   1303584        0       0        8   12112        0       0        0       0        0       0        0       0        0       0        0       0        0       0        0       0  
    6     1650   1303560        0       0        2    3028        0       0        0       0        0       0        0       0        0       0        0       0        0       0        0       0  
    7     1652   1305152        0       0        7   10598        0       0        0       0        0       0        0       0        0       0        0       0        0       0        0       0  
    8     1652   1305176        0       0        7   10598        0       0        0       0        0       0        0       0        0       0        0       0        0       0        0       0  
    9     1646   1300400        0       0        3    4542        0       0        0       0        0       0        0       0        0       0        0       0        0       0        0       0  
   10     1650   1303572        0       0        4    6056        0       0        0       0        0       0        0       0        0       0        0       0        0       0        0       0  
   11     1637   1294038        0       0        7   10598        0       0        0       0        0       0        0       0        0       0        0       0        0       0        0       0  
   12      263    208538        0       0        3    4542        0       0        0       0        0       0        0       0        0       0        0       0        0       0        0       0  
   13      263    207070        0       0        2    3028        0       0        0       0        0       0        0       0        0       0        0       0        0       0        0       0  
   14      261    206938        0       0        2    3028        0       0        0       0        0       0        0       0        0       0        0       0        0       0        0       0  
   15      258    203820        0       0        0       0        0       0        0       0        0       0        0       0        0       0        0       0        0       0        0       0  
   16      258    203820        0       0        0       0        0       0        0       0        0       0        0       0        0       0        0       0        0       0        0       0  
   17      272    214880        0       0        0       0        0       0        0       0        0       0        0       0        0       0        0       0        0       0        0       0  
   18      258    203856        0       0        1    1514        0       0        0       0        0       0        0       0        0       0        0       0        0       0        0       0  
   19      261    206914        0       0        0       0        0       0        0       0        0       0        0       0        0       0        0       0        0       0        0       0  
   20      262    207040        0       0        2    3028        0       0        0       0        0       0        0       0        0       0        0       0        0       0        0       0  
   21      256    202240        0       0        0       0        0       0        0       0        0       0        0       0        0       0        0       0        0       0        0       0  
   22      260    205424        0       0        1    1514        0       0        0       0        0       0        0       0        0       0        0       0        0       0        0       0  
   23      262    206980        0       0        0       0        0       0        0       0        0       0        0       0        0       0        0       0        0       0        0       0  
   24      256    202252        0       0        1    1514        0       0        0       0        0       0        0       0        0       0        0       0        0       0        0       0  
   25      264    208620        0       0        2    3028        0       0        0       0        0       0        0       0        0       0        0       0        0       0        0       0  
   26      308    243320        0       0        0       0        0       0        0       0        0       0        0       0        0       0        0       0        0       0        0       0  
   27      264    208572        0       0        0       0        0       0        0       0        0       0        0       0        0       0        0       0        0       0        0       0  
   28      256    202252        0       0        1    1514        0       0        0       0        0       0        0       0        0       0        0       0        0       0        0       0  
   29      265    208662        0       0        3    4542        0       0        0       0        0       0        0       0        0       0        0       0        0       0        0       0  
   30      259    205358        0       0        1    1514        0       0        0       0        0       0        0       0        0       0        0       0        0       0        0       0  
   31      302    237156        0       0        2    3028        0       0        0       0        0       0        0       0        0       0        0       0        0       0        0       0  
   32      260    206848        0       0        0       0        0       0        0       0        0       0        0       0        0       0        0       0        0       0        0       0  
   33      258    203844        0       0        1    1514        0       0        0       0        0       0        0       0        0       0        0       0        0       0        0       0  
   34      260    205412        0       0        1    1514        0       0        0       0        0       0        0       0        0       0        0       0        0       0        0       0  
   35      262    206980        0       0        0       0        0       0        0       0        0       0        0       0        0       0        0       0        0       0        0       0  
   36      258    203868        0       0        3    4542        0       0        0       0        0       0        0       0        0       0        0       0        0       0        0       0  
