    1     1629   1281070      754   1132956       61   92354  
    2     1663   1305102      821   1232954       11   16654  
    3     1652   1305176      818   1238452        8   12112  
    4     1660   1304300      829   1246482        2    3028  
    5     1650   1303584      817   1236938        8   12112  
    6     1650   1303560      823   1246022        2    3028  
    7     1652   1305152      819   1239966        7   10598  
    8     1652   1305176      819   1239966        7   10598  
    9     1646   1300400      820   1241480        3    4542  
   10     1650   1303572      821   1242994        4    6056  
   11     1637   1294038      812   1229368        7   10598  
   12      263    208538      129    195306        3    4542  
   13      263    207070      129    195306        2    3028  
   14      261    206938      129    195306        2    3028  
   15      258    203820      129    195306        0       0  
   16      258    203820      129    195306        0       0  
   17      272    214880      136    205904        0       0  
   18      258    203856      128    193792        1    1514  
   19      261    206914      131    198334        0       0  
   20      262    207040      129    195306        2    3028  
   21      256    202240      128    193792        0       0  
   22      260    205424      129    195306        1    1514  
   23      262    206980      131    198334        0       0  
   24      256    202252      127    192278        1    1514  
   25      264    208620      130    196820        2    3028  
   26      308    243320      154    233156        0       0  
   27      264    208572      132    199848        0       0  
   28      256    202252      127    192278        1    1514  
   29      265    208662      129    195306        3    4542  
   30      259    205358      129    195306        1    1514  
   31      302    237156      148    224072        2    3028  
   32      260    206848      131    198334        0       0  
   33      258    203844      128    193792        1    1514  
   34      260    205412      129    195306        1    1514  
   35      262    206980      131    198334        0       0  
   36      258    203868      126    190764        3    4542  
