    1     1653   1293562        0       0       66   99924        0       0        0       0        0       0        0       0        0       0        0       0        0       0        0       0  
    2     1665   1305102        0       0        5    7570        0       0        0       0        0       0        0       0        0       0        0       0        0       0        0       0  
    3     1652   1305200        0       0        4    6056        0       0        0       0        0       0        0       0        0       0        0       0        0       0        0       0  
    4     1660   1304344        0       0        4    6056        0       0        0       0        0       0        0       0        0       0        0       0        0       0        0       0  
    5     1651   1305110        0       0        6    9084        0       0        0       0        0       0        0       0        0       0        0       0        0       0        0       0  
    6     1651   1303650        0       0        6    9084        0       0        0       0        0       0        0       0        0       0        0       0        0       0        0       0  
    7     1652   1305188        0       0        9   13626        0       0        0       0        0       0        0       0        0       0        0       0        0       0        0       0  
    8     1651   1305050        0       0        2    3028        0       0        0       0        0       0        0       0        0       0        0       0        0       0        0       0  
    9     1651   1303638        0       0        2    3028        0       0        0       0        0       0        0       0        0       0        0       0        0       0        0       0  
   10     1651   1305074        0       0        3    4542        0       0        0       0        0       0        0       0        0       0        0       0        0       0        0       0  
   11     1651   1303626        0       0        3    4542        0       0        0       0        0       0        0       0        0       0        0       0        0       0        0       0  
   12     1652   1305164        0       0        8   12112        0       0        0       0        0       0        0       0        0       0        0       0        0       0        0       0  
   13     1649   1303506        0       0        6    9084        0       0        0       0        0       0        0       0        0       0        0       0        0       0        0       0  
   14     1652   1305176        0       0        7   10598        0       0        0       0        0       0        0       0        0       0        0       0        0       0        0       0  
   15     1651   1303638        0       0        7   10598        0       0        0       0        0       0        0       0        0       0        0       0        0       0        0       0  
   16     1651   1305110        0       0        7   10598        0       0        0       0        0       0        0       0        0       0        0       0        0       0        0       0  
   17     1648   1301992        0       0        4    6056        0       0        0       0        0       0        0       0        0       0        0       0        0       0        0       0  
   18     1650   1303548        0       0        5    7570        0       0        0       0        0       0        0       0        0       0        0       0        0       0        0       0  
   19     1651   1303638        0       0        6    9084        0       0        0       0        0       0        0       0        0       0        0       0        0       0        0       0  
   20     1652   1305140        0       0        2    3028        0       0        0       0        0       0        0       0        0       0        0       0        0       0        0       0  
   21     1651   1305050        0       0        2    3028        0       0        0       0        0       0        0       0        0       0        0       0        0       0        0       0  
   22     1652   1305168        0       0        2    3028        0       0        0       0        0       0        0       0        0       0        0       0        0       0        0       0  
   23     1651   1303590        0       0        3    4542        0       0        0       0        0       0        0       0        0       0        0       0        0       0        0       0  
   24     1651   1305050        0       0        1    1514        0       0        0       0        0       0        0       0        0       0        0       0        0       0        0       0  
   25     1651   1303654        0       0        2    3028        0       0        0       0        0       0        0       0        0       0        0       0        0       0        0       0  
   26     1651   1305038        0       0        3    4542        0       0        0       0        0       0        0       0        0       0        0       0        0       0        0       0  
   27     1509   1192858        0       0        0       0        0       0        0       0        0       0        0       0        0       0        0       0        0       0        0       0  
   28      260    205412        0       0        1    1514        0       0        0       0        0       0        0       0        0       0        0       0        0       0        0       0  
   29      264    208560        0       0        0       0        0       0        0       0        0       0        0       0        0       0        0       0        0       0        0       0  
   30      261    206998        0       0        3    4542        0       0        0       0        0       0        0       0        0       0        0       0        0       0        0       0  
   31      270    211824        0       0        0       0        0       0        0       0        0       0        0       0        0       0        0       0        0       0        0       0  
   32      274    210584        0       0        3    4542        0       0        0       0        0       0        0       0        0       0        0       0        0       0        0       0  
   33      350    273508        0       0        1    1514        0       0        0       0        0       0        0       0        0       0        0       0        0       0        0       0  
   34     1032    812288        0       0        0       0        0       0        0       0        0       0        0       0        0       0        0       0        0       0        0       0  
   35     1036    816992        0       0        2    3028        0       0        0       0        0       0        0       0        0       0        0       0        0       0        0       0  
   36     1036    815496        0       0        5    7570        0       0        0       0        0       0        0       0        0       0        0       0        0       0        0       0  
