    1     1653   1293562      761   1137802       66   99924  
    2     1665   1305102      829   1242170        5    7570  
    3     1652   1305200      822   1244508        4    6056  
    4     1660   1304344      827   1243454        4    6056  
    5     1651   1305110      820   1241480        6    9084  
    6     1651   1303650      819   1239966        6    9084  
    7     1652   1305188      817   1236938        9   13626  
    8     1651   1305050      824   1247536        2    3028  
    9     1651   1303638      823   1246022        2    3028  
   10     1651   1305074      823   1246022        3    4542  
   11     1651   1303626      822   1244508        3    4542  
   12     1652   1305164      818   1238452        8   12112  
   13     1649   1303506      819   1239966        6    9084  
   14     1652   1305176      819   1239966        7   10598  
   15     1651   1303638      818   1238452        7   10598  
   16     1651   1305110      819   1239966        7   10598  
   17     1648   1301992      820   1241480        4    6056  
   18     1650   1303548      820   1241480        5    7570  
   19     1651   1303638      819   1239966        6    9084  
   20     1652   1305140      824   1247536        2    3028  
   21     1651   1305050      824   1247536        2    3028  
   22     1652   1305168      824   1247536        2    3028  
   23     1651   1303590      822   1244508        3    4542  
   24     1651   1305050      825   1249050        1    1514  
   25     1651   1303654      823   1246022        2    3028  
   26     1651   1305038      823   1246022        3    4542  
   27     1509   1192858      755   1143070        0       0  
   28      260    205412      129    195306        1    1514  
   29      264    208560      132    199848        0       0  
   30      261    206998      128    193792        3    4542  
   31      270    211824      134    202876        0       0  
   32      274    210584      130    196820        3    4542  
   33      350    273508      172    260408        1    1514  
   34     1032    812288      514    778196        0       0  
   35     1036    816992      515    779710        2    3028  
   36     1036    815496      511    773654        5    7570  
