    1     1410   1100036      632    948992       68   102952  
    2     1419   1109402      685   1024186       25    37850  
    3     1400   1106120      694   1050716        6     9084  
    4     1405   1106430      698   1052460        5     7570  
    5     1523   1202518      758   1147612        3     4542  
    6     1591   1257698      789   1194546        7    10598  
    7     1629   1286258      808   1223312        6     9084  
    8     1650   1303572      818   1238452        7    10598  
    9     1650   1303584      819   1239966        6     9084  
   10     1652   1305152      820   1241480        6     9084  
   11     1648   1301992      820   1241480        4     6056  
   12     1650   1303536      823   1246022        2     3028  
   13     1636   1292500      812   1229368        6     9084  
   14     1649   1302082      817   1236938        7    10598  
   15     1652   1305152      822   1244508        4     6056  
   16     1651   1305098      822   1244508        4     6056  
   17     1651   1303590      824   1247536        1     1514  
   18     1652   1305140      824   1247536        2     3028  
   19     1651   1305050      823   1246022        3     4542  
   20     1651   1303626      822   1244508        3     4542  
   21     1650   1303572      821   1242994        4     6056  
   22     1649   1303506      819   1239966        6     9084  
   23     1651   1303650      818   1238452        7    10598  
   24     1651   1305098      819   1239966        7    10598  
   25     1650   1303560      820   1241480        5     7570  
   26     1651   1303642      823   1246022        2     3028  
   27     1651   1305062      823   1246022        3     4542  
   28     1650   1303560      823   1246022        2     3028  
   29     1651   1303626      819   1239966        6     9084  
   30     1651   1305110      819   1239966        7    10598  
   31     1651   1303626      822   1244508        3     4542  
   32     1652   1305128      821   1242994        5     7570  
   33     1651   1305110      819   1239966        7    10598  
   34     1650   1303584      818   1238452        7    10598  
   35     1651   1303626      822   1244508        3     4542  
   36     1652   1305152      820   1241480        6     9084  
