    1     1663   1300526        0       0       22   33308        0       0        0       0        0       0        0       0        0       0        0       0        0       0        0       0  
    2     1671   1303698        0       0       25   37154        0       0        0       0        0       0        0       0        0       0        0       0        0       0        0       0  
    3     1651   1303846        0       0        4    6056        0       0        0       0        0       0        0       0        0       0        0       0        0       0        0       0  
    4     1652   1305220        0       0        3    4542        0       0        0       0        0       0        0       0        0       0        0       0        0       0        0       0  
    5     1651   1305154        0       0        2    3028        0       0        0       0        0       0        0       0        0       0        0       0        0       0        0       0  
    6     1652   1305332        0       0        3    4542        0       0        0       0        0       0        0       0        0       0        0       0        0       0        0       0  
    7     1651   1303706        0       0        3    4542        0       0        0       0        0       0        0       0        0       0        0       0        0       0        0       0  
    8     1651   1305126        0       0        2    3028        0       0        0       0        0       0        0       0        0       0        0       0        0       0        0       0  
    9     1651   1303678        0       0        3    4542        0       0        0       0        0       0        0       0        0       0        0       0        0       0        0       0  
   10     1652   1305248        0       0        3    4542        0       0        0       0        0       0        0       0        0       0        0       0        0       0        0       0  
   11     1651   1305154        0       0        3    4542        0       0        0       0        0       0        0       0        0       0        0       0        0       0        0       0  
   12     1651   1303650        0       0        2    3028        0       0        0       0        0       0        0       0        0       0        0       0        0       0        0       0  
   13     1652   1305220        0       0        3    4542        0       0        0       0        0       0        0       0        0       0        0       0        0       0        0       0  
   14     1651   1305154        0       0        5    7570        0       0        0       0        0       0        0       0        0       0        0       0        0       0        0       0  
   15     1649   1302190        0       0        8   12112        0       0        0       0        0       0        0       0        0       0        0       0        0       0        0       0  
   16     1652   1305128        0       0        5    7570        0       0        0       0        0       0        0       0        0       0        0       0        0       0        0       0  
   17     1651   1305062        0       0        2    3028        0       0        0       0        0       0        0       0        0       0        0       0        0       0        0       0  
   18     1651   1303602        0       0        3    4542        0       0        0       0        0       0        0       0        0       0        0       0        0       0        0       0  
   19     1652   1305140        0       0        3    4542        0       0        0       0        0       0        0       0        0       0        0       0        0       0        0       0  
   20     1651   1305086        0       0        6    9084        0       0        0       0        0       0        0       0        0       0        0       0        0       0        0       0  
   21     1651   1303626        0       0        5    7570        0       0        0       0        0       0        0       0        0       0        0       0        0       0        0       0  
   22     1648   1301968        0       0        3    4542        0       0        0       0        0       0        0       0        0       0        0       0        0       0        0       0  
   23     1651   1305110        0       0        7   10598        0       0        0       0        0       0        0       0        0       0        0       0        0       0        0       0  
   24     1652   1305140        0       0        3    4542        0       0        0       0        0       0        0       0        0       0        0       0        0       0        0       0  
   25     1649   1302022        0       0        2    3028        0       0        0       0        0       0        0       0        0       0        0       0        0       0        0       0  
   26     1651   1305038        0       0        2    3028        0       0        0       0        0       0        0       0        0       0        0       0        0       0        0       0  
   27     1649   1302070        0       0        3    4542        0       0        0       0        0       0        0       0        0       0        0       0        0       0        0       0  
   28     1650   1303560        0       0        5    7570        0       0        0       0        0       0        0       0        0       0        0       0        0       0        0       0  
   29     1651   1305110        0       0        6    9084        0       0        0       0        0       0        0       0        0       0        0       0        0       0        0       0  
   30     1651   1303614        0       0        5    7570        0       0        0       0        0       0        0       0        0       0        0       0        0       0        0       0  
   31     1652   1305164        0       0        6    9084        0       0        0       0        0       0        0       0        0       0        0       0        0       0        0       0  
   32     1651   1305098        0       0        7   10598        0       0        0       0        0       0        0       0        0       0        0       0        0       0        0       0  
   33     1651   1303650        0       0        7   10598        0       0        0       0        0       0        0       0        0       0        0       0        0       0        0       0  
   34     1660   1305428        0       0        3    4542        0       0        0       0        0       0        0       0        0       0        0       0        0       0        0       0  
   35     1662   1304064        0       0        2    3028        0       0        0       0        0       0        0       0        0       0        0       0        0       0        0       0  
   36     1653   1305134        0       0        2    3028        0       0        0       0        0       0        0       0        0       0        0       0        0       0        0       0  
