    1     1663   1300526      810   1211988       22   33308  
    2     1671   1303698      812   1210704       25   37154  
    3     1651   1303846      821   1242994        4    6056  
    4     1652   1305220      823   1246022        3    4542  
    5     1651   1305154      824   1247536        2    3028  
    6     1652   1305332      823   1246022        3    4542  
    7     1651   1303706      822   1244508        3    4542  
    8     1651   1305126      824   1247536        2    3028  
    9     1651   1303678      822   1244508        3    4542  
   10     1652   1305248      823   1246022        3    4542  
   11     1651   1305154      823   1246022        3    4542  
   12     1651   1303650      823   1246022        2    3028  
   13     1652   1305220      823   1246022        3    4542  
   14     1651   1305154      821   1242994        5    7570  
   15     1649   1302190      816   1235424        8   12112  
   16     1652   1305128      821   1242994        5    7570  
   17     1651   1305062      824   1247536        2    3028  
   18     1651   1303602      822   1244508        3    4542  
   19     1652   1305140      823   1246022        3    4542  
   20     1651   1305086      820   1241480        6    9084  
   21     1651   1303626      820   1241480        5    7570  
   22     1648   1301968      821   1242994        3    4542  
   23     1651   1305110      819   1239966        7   10598  
   24     1652   1305140      823   1246022        3    4542  
   25     1649   1302022      822   1244508        2    3028  
   26     1651   1305038      824   1247536        2    3028  
   27     1649   1302070      821   1242994        3    4542  
   28     1650   1303560      820   1241480        5    7570  
   29     1651   1305110      820   1241480        6    9084  
   30     1651   1303614      820   1241480        5    7570  
   31     1652   1305164      820   1241480        6    9084  
   32     1651   1305098      819   1239966        7   10598  
   33     1651   1303650      818   1238452        7   10598  
   34     1660   1305428      823   1246022        3    4542  
   35     1662   1304064      823   1246022        2    3028  
   36     1653   1305134      824   1247536        2    3028  
