    1     1618   1270020        0       0       30   45420        0       0        0       0        0       0        0       0        0       0        0       0        0       0        0       0  
    2     1674   1306476        0       0       23   34126        0       0        0       0        0       0        0       0        0       0        0       0        0       0        0       0  
    3     1651   1305406        0       0        9   13626        0       0        0       0        0       0        0       0        0       0        0       0        0       0        0       0  
    4     1655   1304042        0       0        3    4542        0       0        0       0        0       0        0       0        0       0        0       0        0       0        0       0  
    5     1649   1303546        0       0        6    9084        0       0        0       0        0       0        0       0        0       0        0       0        0       0        0       0  
    6     1648   1301968        0       0        3    4542        0       0        0       0        0       0        0       0        0       0        0       0        0       0        0       0  
    7     1650   1303576        0       0        2    3028        0       0        0       0        0       0        0       0        0       0        0       0        0       0        0       0  
    8     1651   1303614        0       0        3    4542        0       0        0       0        0       0        0       0        0       0        0       0        0       0        0       0  
    9     1651   1305074        0       0        2    3028        0       0        0       0        0       0        0       0        0       0        0       0        0       0        0       0  
   10     1652   1305176        0       0        7   10598        0       0        0       0        0       0        0       0        0       0        0       0        0       0        0       0  
   11     1649   1302010        0       0        3    4542        0       0        0       0        0       0        0       0        0       0        0       0        0       0        0       0  
   12     1084    857844        0       0        1    1514        0       0        0       0        0       0        0       0        0       0        0       0        0       0        0       0  
   13      264    208792        1    1514        1    1514        0       0        9   13626        0       0        5    7570        0       0        0       0        0       0        0       0  
   14      272    214924        0       0        4    6056        0       0        0       0        0       0        0       0        0       0        0       0        0       0        0       0  
   15      262    206992        0       0        0       0        0       0        0       0        0       0        0       0        0       0        0       0        0       0        0       0  
   16      274    216484        0       0        3    4542        0       0        0       0        0       0        0       0        0       0        0       0        0       0        0       0  
   17      262    206980        0       0        0       0        0       0        0       0        0       0        0       0        0       0        0       0        0       0        0       0  
   18      266    210164        0       0        1    1514        0       0        0       0        0       0        0       0        0       0        0       0        0       0        0       0  
   19      270    213300        0       0        0       0        0       0        0       0        0       0        0       0        0       0        0       0        0       0        0       0  
   20      266    210152        0       0        1    1514        0       0        0       0        0       0        0       0        0       0        0       0        0       0        0       0  
   21      270    213336        0       0        2    3028        0       0        0       0        0       0        0       0        0       0        0       0        0       0        0       0  
   22      264    208560        0       0        0       0        0       0        0       0        0       0        0       0        0       0        0       0        0       0        0       0  
   23      262    206980        0       0        0       0        0       0        0       0        0       0        0       0        0       0        0       0        0       0        0       0  
   24      271    213402        0       0        2    3028        0       0        0       0        0       0        0       0        0       0        0       0        0       0        0       0  
   25      287    227478        0       0        2    3028        0       0        0       0        0       0        0       0        0       0        0       0        0       0        0       0  
   26      274    216472        0       0        2    3028        0       0        0       0        0       0        0       0        0       0        0       0        0       0        0       0  
   27      268    210272        0       0        0       0        0       0        0       0        0       0        0       0        0       0        0       0        0       0        0       0  
   28      260    206848        0       0        0       0        0       0        0       0        0       0        0       0        0       0        0       0        0       0        0       0  
   29      276    218076        0       0        2    3028        0       0        0       0        0       0        0       0        0       0        0       0        0       0        0       0  
   30      266    210152        0       0        1    1514        0       0        0       0        0       0        0       0        0       0        0       0        0       0        0       0  
   31      274    216484        0       0        3    4542        0       0        0       0        0       0        0       0        0       0        0       0        0       0        0       0  
   32      268    211720        0       0        0       0        0       0        0       0        0       0        0       0        0       0        0       0        0       0        0       0  
   33      274    216536        0       0        2    3028        0       0        0       0        0       0        0       0        0       0        0       0        0       0        0       0  
   34      270    213400        0       0        3    4542        0       0        0       0        0       0        0       0        0       0        0       0        0       0        0       0  
   35      276    218040        0       0        0       0        0       0        0       0        0       0        0       0        0       0        0       0        0       0        0       0  
   36      268    211744        0       0        1    1514        0       0        0       0        0       0        0       0        0       0        0       0        0       0        0       0  
