    1     1618   1270020      780   1170872       30   45420  
    2     1674   1306476      815   1215246       23   34126  
    3     1651   1305406      817   1236938        9   13626  
    4     1655   1304042      824   1244672        3    4542  
    5     1649   1303546      819   1239966        6    9084  
    6     1648   1301968      821   1242994        3    4542  
    7     1650   1303576      823   1246022        2    3028  
    8     1651   1303614      822   1244508        3    4542  
    9     1651   1305074      824   1247536        2    3028  
   10     1652   1305176      819   1239966        7   10598  
   11     1649   1302010      821   1242994        3    4542  
   12     1084    857844      542    820588        1    1514  
   13      264    208792      116    175624       16   24224  
   14      272    214924      132    199848        4    6056  
   15      262    206992      131    198334        0       0  
   16      274    216484      134    202876        3    4542  
   17      262    206980      131    198334        0       0  
   18      266    210164      132    199848        1    1514  
   19      270    213300      135    204390        0       0  
   20      266    210152      132    199848        1    1514  
   21      270    213336      133    201362        2    3028  
   22      264    208560      132    199848        0       0  
   23      262    206980      131    198334        0       0  
   24      271    213402      133    201362        2    3028  
   25      287    227478      142    214988        2    3028  
   26      274    216472      135    204390        2    3028  
   27      268    210272      133    201362        0       0  
   28      260    206848      131    198334        0       0  
   29      276    218076      136    205904        2    3028  
   30      266    210152      132    199848        1    1514  
   31      274    216484      134    202876        3    4542  
   32      268    211720      134    202876        0       0  
   33      274    216536      135    204390        2    3028  
   34      270    213400      132    199848        3    4542  
   35      276    218040      138    208932        0       0  
   36      268    211744      133    201362        1    1514  
