    1     1631   1275646        0       0        0       0        0       0        0       0        0       0        0       0        0       0        0       0        0       0        0       0  
    2     1668   1303400        0       0        0       0        0       0        0       0        0       0        0       0        0       0        0       0        0       0        0       0  
    3     1651   1303566        0       0        0       0        0       0        0       0        0       0        0       0        0       0        0       0        0       0        0       0  
    4     1656   1305384        0       0        0       0        0       0        0       0        0       0        0       0        0       0        0       0        0       0        0       0  
    5     1652   1305080        0       0        0       0        0       0        0       0        0       0        0       0        0       0        0       0        0       0        0       0  
    6     1651   1303566        0       0        0       0        0       0        0       0        0       0        0       0        0       0        0       0        0       0        0       0  
    7     1651   1305014        0       0        0       0        0       0        0       0        0       0        0       0        0       0        0       0        0       0        0       0  
    8     1651   1303566        0       0        0       0        0       0        0       0        0       0        0       0        0       0        0       0        0       0        0       0  
    9     1652   1305080        0       0        0       0        0       0        0       0        0       0        0       0        0       0        0       0        0       0        0       0  
   10     1649   1303434        0       0        0       0        0       0        0       0        0       0        0       0        0       0        0       0        0       0        0       0  
   11     1651   1303566        0       0        0       0        0       0        0       0        0       0        0       0        0       0        0       0        0       0        0       0  
   12     1652   1305080        0       0        0       0        0       0        0       0        0       0        0       0        0       0        0       0        0       0        0       0  
   13     1571   1241814        0       0        0       0        0       0        0       0        0       0        0       0        0       0        0       0        0       0        0       0  
   14     1649   1301986        0       0        0       0        0       0        0       0        0       0        0       0        0       0        0       0        0       0        0       0  
   15     1650   1303500        0       0        0       0        0       0        0       0        0       0        0       0        0       0        0       0        0       0        0       0  
   16     1652   1305080        0       0        0       0        0       0        0       0        0       0        0       0        0       0        0       0        0       0        0       0  
   17     1651   1305014        0       0        0       0        0       0        0       0        0       0        0       0        0       0        0       0        0       0        0       0  
   18     1647   1300406        0       0        0       0        0       0        0       0        0       0        0       0        0       0        0       0        0       0        0       0  
   19     1651   1305014        0       0        0       0        0       0        0       0        0       0        0       0        0       0        0       0        0       0        0       0  
   20     1651   1303566        0       0        0       0        0       0        0       0        0       0        0       0        0       0        0       0        0       0        0       0  
   21     1652   1305080        0       0        0       0        0       0        0       0        0       0        0       0        0       0        0       0        0       0        0       0  
   22     1651   1305014        0       0        0       0        0       0        0       0        0       0        0       0        0       0        0       0        0       0        0       0  
   23     1651   1303566        0       0        0       0        0       0        0       0        0       0        0       0        0       0        0       0        0       0        0       0  
   24     1652   1305080        0       0        0       0        0       0        0       0        0       0        0       0        0       0        0       0        0       0        0       0  
   25     1649   1303434        0       0        0       0        0       0        0       0        0       0        0       0        0       0        0       0        0       0        0       0  
   26     1650   1303500        0       0        0       0        0       0        0       0        0       0        0       0        0       0        0       0        0       0        0       0  
   27     1651   1303566        0       0        0       0        0       0        0       0        0       0        0       0        0       0        0       0        0       0        0       0  
   28      534    421860        0       0        0       0        0       0        0       0        0       0        0       0        0       0        0       0        0       0        0       0  
   29      268    213168        0       0        0       0        0       0        0       0        0       0        0       0        0       0        0       0        0       0        0       0  
   30      266    208692        0       0        0       0        0       0        0       0        0       0        0       0        0       0        0       0        0       0        0       0  
   31      268    211720        0       0        0       0        0       0        0       0        0       0        0       0        0       0        0       0        0       0        0       0  
   32      264    210008        0       0        0       0        0       0        0       0        0       0        0       0        0       0        0       0        0       0        0       0  
   33      288    227520        0       0        0       0        0       0        0       0        0       0        0       0        0       0        0       0        0       0        0       0  
   34      884    698360        0       0        0       0        0       0        0       0        0       0        0       0        0       0        0       0        0       0        0       0  
   35     1030    813700        0       0        0       0        0       0        0       0        0       0        0       0        0       0        0       0        0       0        0       0  
   36     1024    808960        0       0        0       0        0       0        0       0        0       0        0       0        0       0        0       0        0       0        0       0  
