    1     1631   1275646      817   1221890        0       0  
    2     1668   1303400      836   1248456        0       0  
    3     1651   1303566      825   1249050        0       0  
    4     1656   1305384      829   1250794        0       0  
    5     1652   1305080      826   1250564        0       0  
    6     1651   1303566      825   1249050        0       0  
    7     1651   1305014      826   1250564        0       0  
    8     1651   1303566      825   1249050        0       0  
    9     1652   1305080      826   1250564        0       0  
   10     1649   1303434      825   1249050        0       0  
   11     1651   1303566      825   1249050        0       0  
   12     1652   1305080      826   1250564        0       0  
   13     1571   1241814      786   1190004        0       0  
   14     1649   1301986      824   1247536        0       0  
   15     1650   1303500      825   1249050        0       0  
   16     1652   1305080      826   1250564        0       0  
   17     1651   1305014      826   1250564        0       0  
   18     1647   1300406      823   1246022        0       0  
   19     1651   1305014      826   1250564        0       0  
   20     1651   1303566      825   1249050        0       0  
   21     1652   1305080      826   1250564        0       0  
   22     1651   1305014      826   1250564        0       0  
   23     1651   1303566      825   1249050        0       0  
   24     1652   1305080      826   1250564        0       0  
   25     1649   1303434      825   1249050        0       0  
   26     1650   1303500      825   1249050        0       0  
   27     1651   1303566      825   1249050        0       0  
   28      534    421860      267    404238        0       0  
   29      268    213168      135    204390        0       0  
   30      266    208692      132    199848        0       0  
   31      268    211720      134    202876        0       0  
   32      264    210008      133    201362        0       0  
   33      288    227520      144    218016        0       0  
   34      884    698360      442    669188        0       0  
   35     1030    813700      515    779710        0       0  
   36     1024    808960      512    775168        0       0  
