    1     1661   1299258        0       0       68   102952        0       0        0       0        0       0        0       0        0       0        0       0        0       0        0       0  
    2     1665   1305302        0       0        8    12112        0       0        0       0        0       0        0       0        0       0        0       0        0       0        0       0  
    3     1650   1303728        0       0        9    13626        0       0        0       0        0       0        0       0        0       0        0       0        0       0        0       0  
    4     1652   1305152        0       0        5     7570        0       0        0       0        0       0        0       0        0       0        0       0        0       0        0       0  
    5     1655   1303818        0       0        3     4542        0       0        0       0        0       0        0       0        0       0        0       0        0       0        0       0  
    6     1651   1305090        0       0        3     4542        0       0        0       0        0       0        0       0        0       0        0       0        0       0        0       0  
    7     1652   1305152        0       0        3     4542        0       0        0       0        0       0        0       0        0       0        0       0        0       0        0       0  
    8     1651   1303698        0       0        7    10598        0       0        0       0        0       0        0       0        0       0        0       0        0       0        0       0  
    9     1650   1303524        0       0        2     3028        0       0        0       0        0       0        0       0        0       0        0       0        0       0        0       0  
   10     1651   1305170        0       0        9    13626        0       0        0       0        0       0        0       0        0       0        0       0        0       0        0       0  
   11     1653   1305230        0       0        7    10598        0       0        0       0        0       0        0       0        0       0        0       0        0       0        0       0  
   12     1651   1305098        0       0        6     9084        0       0        0       0        0       0        0       0        0       0        0       0        0       0        0       0  
   13     1651   1303650        0       0        7    10598        0       0        0       0        0       0        0       0        0       0        0       0        0       0        0       0  
   14     1651   1305122        0       0        9    13626        0       0        0       0        0       0        0       0        0       0        0       0        0       0        0       0  
   15     1651   1303638        0       0        7    10598        0       0        0       0        0       0        0       0        0       0        0       0        0       0        0       0  
   16     1645   1293198        0       0        6     9084        0       0        0       0        0       0        0       0        0       0        0       0        0       0        0       0  
   17     1651   1303590        0       0        2     3028        0       0        0       0        0       0        0       0        0       0        0       0        0       0        0       0  
   18     1652   1305176        0       0        7    10598        0       0        0       0        0       0        0       0        0       0        0       0        0       0        0       0  
   19     1651   1305086        0       0        6     9084        0       0        0       0        0       0        0       0        0       0        0       0        0       0        0       0  
   20     1651   1303650        0       0        6     9084        0       0        0       0        0       0        0       0        0       0        0       0        0       0        0       0  
   21     1651   1305074        0       0        3     4542        0       0        0       0        0       0        0       0        0       0        0       0        0       0        0       0  
   22     1651   1303602        0       0        2     3028        0       0        0       0        0       0        0       0        0       0        0       0        0       0        0       0  
   23     1651   1305062        0       0        2     3028        0       0        0       0        0       0        0       0        0       0        0       0        0       0        0       0  
   24     1651   1303566        0       0        1     1514        0       0        0       0        0       0        0       0        0       0        0       0        0       0        0       0  
   25     1652   1305104        0       0        0        0        0       0        0       0        0       0        0       0        0       0        0       0        0       0        0       0  
   26     1662   1305552        0       0        3     4542        0       0        0       0        0       0        0       0        0       0        0       0        0       0        0       0  
   27     1654   1303768        0       0        3     4542        0       0        0       0        0       0        0       0        0       0        0       0        0       0        0       0  
   28     1655   1305322        0       0        5     7570        0       0        0       0        0       0        0       0        0       0        0       0        0       0        0       0  
   29     1651   1303578        0       0        2     3028        0       0        0       0        0       0        0       0        0       0        0       0        0       0        0       0  
   30     1652   1305116        0       0        1     1514        0       0        0       0        0       0        0       0        0       0        0       0        0       0        0       0  
   31     1651   1305106        0       0        3     4542        0       0        0       0        0       0        0       0        0       0        0       0        0       0        0       0  
   32     1650   1303628        0       0        5     7570        0       0        0       0        0       0        0       0        0       0        0       0        0       0        0       0  
   33     1651   1303598        0       0        3     4542        0       0        0       0        0       0        0       0        0       0        0       0        0       0        0       0  
   34     1651   1305074        0       0        2     3028        0       0        0       0        0       0        0       0        0       0        0       0        0       0        0       0  
   35     1651   1303626        0       0        5     7570        0       0        0       0        0       0        0       0        0       0        0       0        0       0        0       0  
   36     1652   1305164        0       0        7    10598        0       0        0       0        0       0        0       0        0       0        0       0        0       0        0       0  
