    1     1661   1299258      763   1140134       68   102952  
    2     1665   1305302      826   1237628        8    12112  
    3     1650   1303728      816   1235424        9    13626  
    4     1652   1305152      821   1242994        5     7570  
    5     1655   1303818      822   1244508        3     4542  
    6     1651   1305090      823   1246022        3     4542  
    7     1652   1305152      823   1246022        3     4542  
    8     1651   1303698      818   1238452        7    10598  
    9     1650   1303524      823   1246022        2     3028  
   10     1651   1305170      817   1236938        9    13626  
   11     1653   1305230      819   1239966        7    10598  
   12     1651   1305098      820   1241480        6     9084  
   13     1651   1303650      818   1238452        7    10598  
   14     1651   1305122      817   1236938        9    13626  
   15     1651   1303638      818   1238452        7    10598  
   16     1645   1293198      818   1229828        6     9084  
   17     1651   1303590      823   1246022        2     3028  
   18     1652   1305176      819   1239966        7    10598  
   19     1651   1305086      820   1241480        6     9084  
   20     1651   1303650      819   1239966        6     9084  
   21     1651   1305074      823   1246022        3     4542  
   22     1651   1303602      823   1246022        2     3028  
   23     1651   1305062      824   1247536        2     3028  
   24     1651   1303566      824   1247536        1     1514  
   25     1652   1305104      826   1250564        0        0  
   26     1662   1305552      823   1246022        3     4542  
   27     1654   1303768      822   1244508        3     4542  
   28     1655   1305322      821   1242994        5     7570  
   29     1651   1303578      823   1246022        2     3028  
   30     1652   1305116      825   1249050        1     1514  
   31     1651   1305106      823   1246022        3     4542  
   32     1650   1303628      820   1241480        5     7570  
   33     1651   1303598      822   1244508        3     4542  
   34     1651   1305074      824   1247536        2     3028  
   35     1651   1303626      820   1241480        5     7570  
   36     1652   1305164      819   1239966        7    10598  
