    1     1360   1068204        0       0       66   99924        0       0        0       0        0       0        0       0        0       0        0       0        0       0        0       0  
    2     1376   1071676        0       0       21   31794        0       0        0       0        0       0        0       0        0       0        0       0        0       0        0       0  
    3     1352   1068200        0       0        6    9084        0       0        0       0        0       0        0       0        0       0        0       0        0       0        0       0  
    4      696    549864        0       0        2    3028        1    1514        0       0        0       0        0       0        0       0        0       0        0       0        0       0  
    5     1098    867528        0       0        3    4542        4    6056        0       0        1    1514        0       0        0       0        0       0        0       0        0       0  
    6     1606   1268776        0       0        3    4542        0       0        0       0        0       0        0       0        0       0        0       0        0       0        0       0  
    7     1606   1268788        0       0        4    6056        0       0        0       0        0       0        0       0        0       0        0       0        0       0        0       0  
    8     1600   1264036        0       0        4    6056        0       0        0       0        0       0        0       0        0       0        0       0        0       0        0       0  
    9     1602   1265676        0       0        7   10598        0       0        0       0        0       0        0       0        0       0        0       0        0       0        0       0  
   10     1604   1267196        0       0        3    4542        0       0        0       0        0       0        0       0        0       0        0       0        0       0        0       0  
   11     1602   1265712        0       0        9   13626        0       0        0       0        0       0        0       0        0       0        0       0        0       0        0       0  
   12     1604   1267268        0       0        7   10598        0       0        0       0        0       0        0       0        0       0        0       0        0       0        0       0  
   13     1600   1264024        0       0        2    3028        0       0        0       0        0       0        0       0        0       0        0       0        0       0        0       0  
   14     1598   1262504        0       0        5    7570        0       0        0       0        0       0        0       0        0       0        0       0        0       0        0       0  
   15      780    616236        0       0        3    4542        0       0        0       0        0       0        0       0        0       0        0       0        0       0        0       0  
   16      266    210176        0       0        3    4542        0       0        0       0        0       0        0       0        0       0        0       0        0       0        0       0  
   17      270    213300        0       0        0       0        0       0        0       0        0       0        0       0        0       0        0       0        0       0        0       0  
   18      266    210164        0       0        3    4542        0       0        0       0        0       0        0       0        0       0        0       0        0       0        0       0  
   19      264    208560        0       0        0       0        0       0        0       0        0       0        0       0        0       0        0       0        0       0        0       0  
   20      262    207004        0       0        1    1514        0       0        0       0        0       0        0       0        0       0        0       0        0       0        0       0  
   21      732    578304        0       0        3    4542        0       0        0       0        0       0        0       0        0       0        0       0        0       0        0       0  
   22     1034    816920        0       0        0       0        0       0        0       0        0       0        0       0        0       0        0       0        0       0        0       0  
   23     1030    813700        0       0        0       0        0       0        0       0        0       0        0       0        0       0        0       0        0       0        0       0  
   24     1028    812168        0       0        3    4542        0       0        0       0        0       0        0       0        0       0        0       0        0       0        0       0  
   25     1028    812156        0       0        3    4542        0       0        0       0        0       0        0       0        0       0        0       0        0       0        0       0  
   26     1044    824796        0       0        1    1514        0       0        0       0        0       0        0       0        0       0        0       0        0       0        0       0  
   27     1028    812192        0       0        6    9084        0       0        0       0        0       0        0       0        0       0        0       0        0       0        0       0  
   28     1034    816884        0       0        3    4542        0       0        0       0        0       0        0       0        0       0        0       0        0       0        0       0  
   29     1353   1068230        0       0        7   10598        0       0        0       0        0       0        0       0        0       0        0       0        0       0        0       0  
   30     1559   1232358        0       0        1    1514        0       0        0       0        0       0        0       0        0       0        0       0        0       0        0       0  
   31     1563   1234118        0       0        4    6056        0       0        0       0        0       0        0       0        0       0        0       0        0       0        0       0  
   32     1557   1230918        0       0        7   10598        0       0        0       0        0       0        0       0        0       0        0       0        0       0        0       0  
   33     1554   1227660        0       0        0       0        0       0        0       0        0       0        0       0        0       0        0       0        0       0        0       0  
   34     1560   1232460        0       0        4    6056        0       0        0       0        0       0        0       0        0       0        0       0        0       0        0       0  
   35     1560   1232484        0       0        4    6056        0       0        0       0        0       0        0       0        0       0        0       0        0       0        0       0  
   36     1557   1229354        0       0        3    4542        0       0        0       0        0       0        0       0        0       0        0       0        0       0        0       0  
