    1     1360   1068204      615    921814       66   99924  
    2     1376   1071676      668    994136       21   31794  
    3     1352   1068200      670   1014380        6    9084  
    4      696    549864      345    522330        3    4542  
    5     1098    867528      541    819074        8   12112  
    6     1606   1268776      800   1211200        3    4542  
    7     1606   1268788      799   1209686        4    6056  
    8     1600   1264036      796   1205144        4    6056  
    9     1602   1265676      794   1202116        7   10598  
   10     1604   1267196      799   1209686        3    4542  
   11     1602   1265712      792   1199088        9   13626  
   12     1604   1267268      795   1203630        7   10598  
   13     1600   1264024      798   1208172        2    3028  
   14     1598   1262504      794   1202116        5    7570  
   15      780    616236      387    585918        3    4542  
   16      266    210176      130    196820        3    4542  
   17      270    213300      135    204390        0       0  
   18      266    210164      130    196820        3    4542  
   19      264    208560      132    199848        0       0  
   20      262    207004      130    196820        1    1514  
   21      732    578304      363    549582        3    4542  
   22     1034    816920      517    782738        0       0  
   23     1030    813700      515    779710        0       0  
   24     1028    812168      511    773654        3    4542  
   25     1028    812156      511    773654        3    4542  
   26     1044    824796      521    788794        1    1514  
   27     1028    812192      508    769112        6    9084  
   28     1034    816884      514    778196        3    4542  
   29     1353   1068230      669   1012866        7   10598  
   30     1559   1232358      779   1179406        1    1514  
   31     1563   1234118      777   1176378        4    6056  
   32     1557   1230918      772   1168808        7   10598  
   33     1554   1227660      777   1176378        0       0  
   34     1560   1232460      776   1174864        4    6056  
   35     1560   1232484      776   1174864        4    6056  
   36     1557   1229354      775   1173350        3    4542  
