    1     1658   1297232      810   1211980       20   30280  
    2     1669   1305866      803   1199942       33   49962  
    3     1652   1305164      825   1249050        1    1514  
    4     1655   1304066      824   1243224        4    6056  
    5     1652   1305276      823   1246022        3    4542  
    6     1652   1305212      823   1246022        3    4542  
    7     1651   1303706      823   1246022        2    3028  
    8     1651   1305194      821   1242994        5    7570  
    9     1651   1303738      817   1236938        8   12112  
   10     1650   1303596      823   1246022        2    3028  
   11     1652   1305220      823   1246022        3    4542  
   12     1651   1305210      823   1246022        3    4542  
   13     1651   1303706      820   1241480        5    7570  
   14     1651   1305118      822   1244508        4    6056  
   15     1651   1303662      820   1241480        5    7570  
   16     1651   1305090      822   1244508        4    6056  
   17     1651   1303662      818   1238452        7   10598  
   18     1651   1305062      824   1247536        2    3028  
   19     1651   1303638      819   1239966        6    9084  
   20     1651   1305086      820   1241480        6    9084  
   21     1651   1303654      820   1241480        5    7570  
   22     1652   1305140      825   1249050        1    1514  
   23     1651   1305062      822   1244508        4    6056  
   24     1648   1302004      818   1238452        6    9084  
   25     1650   1303560      820   1241480        5    7570  
   26     1649   1302058      818   1238452        6    9084  
   27     1651   1305086      822   1244508        4    6056  
   28     1651   1303650      818   1238452        7   10598  
   29     1652   1305128      823   1246022        3    4542  
   30     1651   1305074      820   1241480        6    9084  
   31     1651   1303650      819   1239966        6    9084  
   32     1651   1305086      820   1241480        6    9084  
   33     1660   1304004      820   1241480        5    7570  
   34     1658   1305392      819   1239966        7   10598  
   35     1657   1303902      818   1238452        7   10598  
   36     1654   1305248      819   1239966        7   10598  
