    1     1491   1163078        0       0       14   21196        0       0        0       0        0       0        0       0        0       0        0       0        0       0        0       0  
    2     1669   1305158        0       0        7   10598        0       0        0       0        0       0        0       0        0       0        0       0        0       0        0       0  
    3     1652   1305448        0       0       14   21196        0       0        0       0        0       0        0       0        0       0        0       0        0       0        0       0  
    4     1650   1303656        0       0        3    4542        0       0        0       0        0       0        0       0        0       0        0       0        0       0        0       0  
    5     1652   1305192        0       0        2    3028        0       0        0       0        0       0        0       0        0       0        0       0        0       0        0       0  
    6     1650   1303752        0       0        3    4542        0       0        0       0        0       0        0       0        0       0        0       0        0       0        0       0  
    7     1652   1305248        0       0        2    3028        0       0        0       0        0       0        0       0        0       0        0       0        0       0        0       0  
    8     1651   1303706        0       0        3    4542        0       0        0       0        0       0        0       0        0       0        0       0        0       0        0       0  
    9     1651   1305266        0       0        5    7570        0       0        0       0        0       0        0       0        0       0        0       0        0       0        0       0  
   10     1651   1303678        0       0        2    3028        0       0        0       0        0       0        0       0        0       0        0       0        0       0        0       0  
   11     1651   1305210        0       0        3    4542        0       0        0       0        0       0        0       0        0       0        0       0        0       0        0       0  
   12     1651   1303706        0       0        3    4542        0       0        0       0        0       0        0       0        0       0        0       0        0       0        0       0  
   13     1652   1305192        0       0        3    4542        0       0        0       0        0       0        0       0        0       0        0       0        0       0        0       0  
   14     1652   1305192        0       0        4    6056        0       0        0       0        0       0        0       0        0       0        0       0        0       0        0       0  
   15     1651   1305294        0       0        9   13626        0       0        0       0        0       0        0       0        0       0        0       0        0       0        0       0  
   16     1651   1303698        0       0        5    7570        0       0        0       0        0       0        0       0        0       0        0       0        0       0        0       0  
   17     1651   1305126        0       0        5    7570        0       0        0       0        0       0        0       0        0       0        0       0        0       0        0       0  
   18     1652   1305148        0       0        5    7570        0       0        0       0        0       0        0       0        0       0        0       0        0       0        0       0  
   19     1651   1303638        0       0        4    6056        0       0        0       0        0       0        0       0        0       0        0       0        0       0        0       0  
   20     1651   1305086        0       0        6    9084        0       0        0       0        0       0        0       0        0       0        0       0        0       0        0       0  
   21     1650   1303560        0       0        3    4542        0       0        0       0        0       0        0       0        0       0        0       0        0       0        0       0  
   22     1652   1305152        0       0        6    9084        0       0        0       0        0       0        0       0        0       0        0       0        0       0        0       0  
   23     1651   1303686        0       0        6    9084        0       0        0       0        0       0        0       0        0       0        0       0        0       0        0       0  
   24     1651   1305098        0       0        7   10598        0       0        0       0        0       0        0       0        0       0        0       0        0       0        0       0  
   25     1651   1303638        0       0        7   10598        0       0        0       0        0       0        0       0        0       0        0       0        0       0        0       0  
   26     1652   1305140        0       0        4    6056        0       0        0       0        0       0        0       0        0       0        0       0        0       0        0       0  
   27     1651   1305086        0       0        3    4542        0       0        0       0        0       0        0       0        0       0        0       0        0       0        0       0  
   28     1651   1303602        0       0        1    1514        0       0        0       0        0       0        0       0        0       0        0       0        0       0        0       0  
   29     1652   1305156        0       0        3    4542        0       0        0       0        0       0        0       0        0       0        0       0        0       0        0       0  
   30     1650   1303572        0       0        6    9084        0       0        0       0        0       0        0       0        0       0        0       0        0       0        0       0  
   31     1649   1303506        0       0        6    9084        0       0        0       0        0       0        0       0        0       0        0       0        0       0        0       0  
   32     1661   1304034        0       0        4    6056        0       0        0       0        0       0        0       0        0       0        0       0        0       0        0       0  
   33     1661   1305542        0       0        7   10598        0       0        0       0        0       0        0       0        0       0        0       0        0       0        0       0  
   34     1652   1303656        0       0        3    4542        0       0        0       0        0       0        0       0        0       0        0       0        0       0        0       0  
   35     1654   1305200        0       0        1    1514        0       0        0       0        0       0        0       0        0       0        0       0        0       0        0       0  
   36     1651   1305090        0       0        3    4542        0       0        0       0        0       0        0       0        0       0        0       0        0       0        0       0  
