    1     1491   1163078      733   1092546       14   21196  
    2     1669   1305158      829   1239306        7   10598  
    3     1652   1305448      812   1229368       14   21196  
    4     1650   1303656      822   1244508        3    4542  
    5     1652   1305192      824   1247536        2    3028  
    6     1650   1303752      822   1244508        3    4542  
    7     1652   1305248      824   1247536        2    3028  
    8     1651   1303706      822   1244508        3    4542  
    9     1651   1305266      821   1242994        5    7570  
   10     1651   1303678      823   1246022        2    3028  
   11     1651   1305210      823   1246022        3    4542  
   12     1651   1303706      822   1244508        3    4542  
   13     1652   1305192      823   1246022        3    4542  
   14     1652   1305192      822   1244508        4    6056  
   15     1651   1305294      817   1236938        9   13626  
   16     1651   1303698      820   1241480        5    7570  
   17     1651   1305126      821   1242994        5    7570  
   18     1652   1305148      821   1242994        5    7570  
   19     1651   1303638      821   1242994        4    6056  
   20     1651   1305086      820   1241480        6    9084  
   21     1650   1303560      822   1244508        3    4542  
   22     1652   1305152      820   1241480        6    9084  
   23     1651   1303686      819   1239966        6    9084  
   24     1651   1305098      819   1239966        7   10598  
   25     1651   1303638      818   1238452        7   10598  
   26     1652   1305140      822   1244508        4    6056  
   27     1651   1305086      823   1246022        3    4542  
   28     1651   1303602      824   1247536        1    1514  
   29     1652   1305156      823   1246022        3    4542  
   30     1650   1303572      819   1239966        6    9084  
   31     1649   1303506      819   1239966        6    9084  
   32     1661   1304034      821   1242994        4    6056  
   33     1661   1305542      819   1239966        7   10598  
   34     1652   1303656      822   1244508        3    4542  
   35     1654   1305200      825   1249050        1    1514  
   36     1651   1305090      823   1246022        3    4542  
