    1     1575   1241370        0       0       70   105284        0       0        0       0        0       0        0       0        0       0        0       0        0       0        0       0  
    2     1587   1246182        0       0       21    31794        0       0        0       0        0       0        0       0        0       0        0       0        0       0        0       0  
    3     1575   1243610        0       0        3     4542        0       0        0       0        0       0        0       0        0       0        0       0        0       0        0       0  
    4     1578   1243872        0       0        5     7570        0       0        0       0        0       0        0       0        0       0        0       0        0       0        0       0  
    5     1584   1251432        0       0        6     9084        0       0        0       0        0       0        0       0        0       0        0       0        0       0        0       0  
    6     1567   1237302        0       0        8    12112        0       0        0       0        0       0        0       0        0       0        0       0        0       0        0       0  
    7     1608   1270392        0       0        7    10598        0       0        0       0        0       0        0       0        0       0        0       0        0       0        0       0  
    8     1650   1303572        0       0        6     9084        0       0        0       0        0       0        0       0        0       0        0       0        0       0        0       0  
    9     1651   1303650        0       0        6     9084        0       0        0       0        0       0        0       0        0       0        0       0        0       0        0       0  
   10     1653   1306642        0       0        4     6056        0       0        0       0        0       0        0       0        0       0        0       0        0       0        0       0  
   11     1651   1303626        0       0        6     9084        0       0        0       0        0       0        0       0        0       0        0       0        0       0        0       0  
   12     1651   1305110        0       0        7    10598        0       0        0       0        0       0        0       0        0       0        0       0        0       0        0       0  
   13     1651   1303674        0       0        8    12112        0       0        0       0        0       0        0       0        0       0        0       0        0       0        0       0  
   14     1652   1305140        0       0        1     1514        0       0        0       0        0       0        0       0        0       0        0       0        0       0        0       0  
   15     1651   1305062        0       0        3     4542        0       0        0       0        0       0        0       0        0       0        0       0        0       0        0       0  
   16     1651   1303602        0       0        2     3028        0       0        0       0        0       0        0       0        0       0        0       0        0       0        0       0  
   17     1652   1305092        0       0        2     3028        0       0        0       0        0       0        0       0        0       0        0       0        0       0        0       0  
   18     1651   1305038        0       0        0        0        0       0        0       0        0       0        0       0        0       0        0       0        0       0        0       0  
   19     1651   1303666        0       0        3     4542        0       0        0       0        0       0        0       0        0       0        0       0        0       0        0       0  
   20     1651   1305130        0       0        3     4542        0       0        0       0        0       0        0       0        0       0        0       0        0       0        0       0  
   21     1651   1303618        0       0        2     3028        0       0        0       0        0       0        0       0        0       0        0       0        0       0        0       0  
   22     1652   1305148        0       0        3     4542        0       0        0       0        0       0        0       0        0       0        0       0        0       0        0       0  
   23     1651   1305074        0       0        1     1514        0       0        0       0        0       0        0       0        0       0        0       0        0       0        0       0  
   24     1651   1303590        0       0        3     4542        0       0        0       0        0       0        0       0        0       0        0       0        0       0        0       0  
   25     1652   1305128        0       0        2     3028        0       0        0       0        0       0        0       0        0       0        0       0        0       0        0       0  
   26     1650   1303596        0       0        8    12112        0       0        0       0        0       0        0       0        0       0        0       0        0       0        0       0  
   27     1652   1305140        0       0        3     4542        0       0        0       0        0       0        0       0        0       0        0       0        0       0        0       0  
   28     1660   1305428        0       0        3     4542        0       0        0       0        0       0        0       0        0       0        0       0        0       0        0       0  
   29     1660   1304028        0       0        5     7570        0       0        0       0        0       0        0       0        0       0        0       0        0       0        0       0  
   30     1652   1305128        0       0        6     9084        0       0        0       0        0       0        0       0        0       0        0       0        0       0        0       0  
   31     1655   1303806        0       0        7    10598        0       0        0       0        0       0        0       0        0       0        0       0        0       0        0       0  
   32     1651   1305110        0       0        7    10598        0       0        0       0        0       0        0       0        0       0        0       0        0       0        0       0  
   33     1651   1303638        0       0        7    10598        0       0        0       0        0       0        0       0        0       0        0       0        0       0        0       0  
   34     1647   1301938        0       0        6     9084        0       0        0       0        0       0        0       0        0       0        0       0        0       0        0       0  
   35     1651   1303638        0       0        6     9084        0       0        0       0        0       0        0       0        0       0        0       0        0       0        0       0  
   36     1651   1305110        0       0        9    13626        0       0        0       0        0       0        0       0        0       0        0       0        0       0        0       0  
