    1     1575   1241370      718   1082748       70   105284  
    2     1587   1246182      773   1161746       21    31794  
    3     1575   1243610      784   1186976        3     4542  
    4     1578   1243872      785   1184178        5     7570  
    5     1584   1251432      786   1190004        6     9084  
    6     1567   1237302      775   1173350        8    12112  
    7     1608   1270392      797   1206658        7    10598  
    8     1650   1303572      819   1239966        6     9084  
    9     1651   1303650      819   1239966        6     9084  
   10     1653   1306642      823   1246022        4     6056  
   11     1651   1303626      819   1239966        6     9084  
   12     1651   1305110      819   1239966        7    10598  
   13     1651   1303674      817   1236938        8    12112  
   14     1652   1305140      825   1249050        1     1514  
   15     1651   1305062      823   1246022        3     4542  
   16     1651   1303602      823   1246022        2     3028  
   17     1652   1305092      824   1247536        2     3028  
   18     1651   1305038      826   1250564        0        0  
   19     1651   1303666      822   1244508        3     4542  
   20     1651   1305130      823   1246022        3     4542  
   21     1651   1303618      823   1246022        2     3028  
   22     1652   1305148      823   1246022        3     4542  
   23     1651   1305074      825   1249050        1     1514  
   24     1651   1303590      822   1244508        3     4542  
   25     1652   1305128      824   1247536        2     3028  
   26     1650   1303596      817   1236938        8    12112  
   27     1652   1305140      823   1246022        3     4542  
   28     1660   1305428      823   1246022        3     4542  
   29     1660   1304028      820   1241480        5     7570  
   30     1652   1305128      820   1241480        6     9084  
   31     1655   1303806      818   1238452        7    10598  
   32     1651   1305110      819   1239966        7    10598  
   33     1651   1303638      818   1238452        7    10598  
   34     1647   1301938      818   1238452        6     9084  
   35     1651   1303638      819   1239966        6     9084  
   36     1651   1305110      817   1236938        9    13626  
