    1     1661   1297506      809   1209026       22   33308  
    2     1666   1304036      807   1205998       28   42392  
    3     1652   1305248      820   1241480        6    9084  
    4     1656   1303996      825   1244738        3    4542  
    5     1652   1305160      824   1247536        2    3028  
    6     1651   1305114      823   1246022        3    4542  
    7     1649   1302010      823   1246022        1    1514  
    8     1652   1305144      824   1247536        2    3028  
    9     1651   1305058      822   1244508        4    6056  
   10     1651   1303566      825   1249050        0       0  
   11     1652   1305152      824   1247536        2    3028  
   12     1651   1305098      823   1246022        3    4542  
   13     1651   1303706      817   1236938        8   12112  
   14     1651   1305098      819   1239966        7   10598  
   15     1651   1303650      822   1244508        3    4542  
   16     1651   1305050      824   1247536        2    3028  
   17     1650   1303536      823   1246022        2    3028  
   18     1651   1303602      823   1246022        2    3028  
   19     1652   1305156      823   1246022        3    4542  
   20     1651   1305050      824   1247536        2    3028  
   21     1660   1303992      823   1246022        2    3028  
   22     1660   1305416      824   1247536        2    3028  
   23     1653   1303710      823   1246022        2    3028  
   24     1653   1305146      821   1242994        5    7570  
   25     1651   1303662      818   1238452        7   10598  
   26     1652   1305152      820   1241480        6    9084  
   27     1651   1305062      823   1246022        3    4542  
   28     1635   1290986      811   1227854        6    9084  
   29     1571   1241886      780   1180920        6    9084  
   30     1651   1303602      824   1247536        1    1514  
   31     1651   1305102      824   1247536        2    3028  
   32     1651   1303614      821   1242994        4    6056  
   33     1652   1305164      818   1238452        8   12112  
   34     1651   1305086      821   1242994        5    7570  
   35     1651   1303638      819   1239966        6    9084  
   36     1651   1305086      820   1241480        6    9084  
