    1     1098   850364        0       0        6    9084        0       0        0       0        0       0        0       0        0       0        0       0        0       0        0       0  
    2     1028   813368        0       0       48   71976        0       0        0       0        0       0        0       0        0       0        0       0        0       0        0       0  
    3     1032   815564        0       0        5    7570        0       0        0       0        0       0        0       0        0       0        0       0        0       0        0       0  
    4     1064   826564        0       0       11   16654        0       0        0       0        0       0        0       0        0       0        0       0        0       0        0       0  
    5     1096   865948        0       0        7   10598        0       0        0       0        0       0        0       0        0       0        0       0        0       0        0       0  
    6     1030   813784        0       0        7   10598        0       0        0       0        0       0        0       0        0       0        0       0        0       0        0       0  
    7     1028   812180        0       0        4    6056        0       0        0       0        0       0        0       0        0       0        0       0        0       0        0       0  
    8      496   391864        0       0        3    4542        0       0        0       0        0       0        0       0        0       0        0       0        0       0        0       0  
    9      274   216472        0       0        0       0        0       0        0       0        0       0        0       0        0       0        0       0        0       0        0       0  
   10      256   202276        0       0        3    4542        0       0        0       0        0       0        0       0        0       0        0       0        0       0        0       0  
   11      262   207004        0       0        1    1514        0       0        0       0        0       0        0       0        0       0        0       0        0       0        0       0  
   12      264   208560        0       0        0       0        0       0        0       0        0       0        0       0        0       0        0       0        0       0        0       0  
   13      264   208572        0       0        2    3028        0       0        0       0        0       0        0       0        0       0        0       0        0       0        0       0  
   14      268   211720        0       0        0       0        0       0        0       0        0       0        0       0        0       0        0       0        0       0        0       0  
   15      258   203844        0       0        1    1514        0       0        0       0        0       0        0       0        0       0        0       0        0       0        0       0  
   16      256   202276        0       0        3    4542        0       0        0       0        0       0        0       0        0       0        0       0        0       0        0       0  
   17      258   203820        0       0        0       0        0       0        0       0        0       0        0       0        0       0        0       0        0       0        0       0  
   18      268   211732        0       0        2    3028        0       0        0       0        0       0        0       0        0       0        0       0        0       0        0       0  
   19      276   218040        0       0        0       0        0       0        0       0        0       0        0       0        0       0        0       0        0       0        0       0  
   20      260   205424        0       0        1    1514        0       0        0       0        0       0        0       0        0       0        0       0        0       0        0       0  
   21      260   205436        0       0        3    4542        0       0        0       0        0       0        0       0        0       0        0       0        0       0        0       0  
   22      258   203832        0       0        1    1514        0       0        0       0        0       0        0       0        0       0        0       0        0       0        0       0  
   23      260   205412        0       0        2    3028        0       0        0       0        0       0        0       0        0       0        0       0        0       0        0       0  
   24      266   208692        0       0        0       0        0       0        0       0        0       0        0       0        0       0        0       0        0       0        0       0  
   25      259   205346        0       0        0       0        0       0        0       0        0       0        0       0        0       0        0       0        0       0        0       0  
   26      276   218076        0       0        3    4542        0       0        0       0        0       0        0       0        0       0        0       0        0       0        0       0  
   27      258   203844        0       0        2    3028        0       0        0       0        0       0        0       0        0       0        0       0        0       0        0       0  
   28      284   216892        0       0        2    3028        0       0        0       0        0       0        0       0        0       0        0       0        0       0        0       0  
   29      267   210158        0       0        0       0        0       0        0       0        0       0        0       0        0       0        0       0        0       0        0       0  
   30      263   208494        0       0        0       0        0       0        0       0        0       0        0       0        0       0        0       0        0       0        0       0  
   31      272   210452        0       0        4    6056        0       0        0       0        0       0        0       0        0       0        0       0        0       0        0       0  
   32      260   203952        0       0        2    3028        0       0        0       0        0       0        0       0        0       0        0       0        0       0        0       0  
   33      260   205412        0       0        1    1514        0       0        0       0        0       0        0       0        0       0        0       0        0       0        0       0  
   34      266   210140        0       0        1    1514        0       0        0       0        0       0        0       0        0       0        0       0        0       0        0       0  
   35      266   210140        0       0        0       0        0       0        0       0        0       0        0       0        0       0        0       0        0       0        0       0  
   36      260   205436        0       0        2    3028        0       0        0       0        0       0        0       0        0       0        0       0        0       0        0       0  
