    1     1098   850364      545   805042        6    9084  
    2     1028   813368      466   705524       48   71976  
    3     1032   815564      511   773654        5    7570  
    4     1064   826564      523   774574       11   16654  
    5     1096   865948      541   819074        7   10598  
    6     1030   813784      508   769112        7   10598  
    7     1028   812180      510   772140        4    6056  
    8      496   391864      245   370930        3    4542  
    9      274   216472      137   207418        0       0  
   10      256   202276      125   189250        3    4542  
   11      262   207004      130   196820        1    1514  
   12      264   208560      132   199848        0       0  
   13      264   208572      130   196820        2    3028  
   14      268   211720      134   202876        0       0  
   15      258   203844      128   193792        1    1514  
   16      256   202276      125   189250        3    4542  
   17      258   203820      129   195306        0       0  
   18      268   211732      132   199848        2    3028  
   19      276   218040      138   208932        0       0  
   20      260   205424      129   195306        1    1514  
   21      260   205436      127   192278        3    4542  
   22      258   203832      128   193792        1    1514  
   23      260   205412      128   193792        2    3028  
   24      266   208692      132   199848        0       0  
   25      259   205346      130   196820        0       0  
   26      276   218076      135   204390        3    4542  
   27      258   203844      127   192278        2    3028  
   28      284   216892      135   204390        2    3028  
   29      267   210158      133   201362        0       0  
   30      263   208494      132   199848        0       0  
   31      272   210452      129   195306        4    6056  
   32      260   203952      127   192278        2    3028  
   33      260   205412      129   195306        1    1514  
   34      266   210140      132   199848        1    1514  
   35      266   210140      133   201362        0       0  
   36      260   205436      128   193792        2    3028  
