    1     1391   1094854        0       0       68   102256        0       0        0       0        0       0        0       0        0       0        0       0        0       0        0       0  
    2     1414   1104668        0       0       27    40878        0       0        0       0        0       0        0       0        0       0        0       0        0       0        0       0  
    3     1394   1101344        0       0        3     4542        0       0        0       0        0       0        0       0        0       0        0       0        0       0        0       0  
    4     1400   1098864        0       0        1     1514        0       0        0       0        0       0        0       0        0       0        0       0        0       0        0       0  
    5     1400   1106000        0       0        0        0        0       0        0       0        0       0        0       0        0       0        0       0        0       0        0       0  
    6     1392   1099680        0       0        0        0        0       0        0       0        0       0        0       0        0       0        0       0        0       0        0       0  
    7     1394   1101260        0       0        0        0        0       0        0       0        0       0        0       0        0       0        0       0        0       0        0       0  
    8      522    412464        0       0        0        0        0       0        0       0        1    1514        0       0        5    7570        1    1514        0       0        0       0  
    9      272    214880        0       0        0        0        0       0        0       0        0       0        0       0        0       0        0       0        0       0        0       0  
   10      262    206980        0       0        0        0        0       0        0       0        0       0        0       0        0       0        0       0        0       0        0       0  
   11      266    210140        0       0        0        0        0       0        0       0        0       0        0       0        0       0        0       0        0       0        0       0  
   12      272    214880        0       0        1     1514        0       0        0       0        0       0        0       0        0       0        0       0        0       0        0       0  
   13      264    208596        0       0        0        0        0       0        0       0        0       0        0       0        0       0        0       0        0       0        0       0  
   14      266    210164        0       0        3     4542        0       0        0       0        0       0        0       0        0       0        0       0        0       0        0       0  
   15      266    210140        0       0        0        0        0       0        0       0        0       0        0       0        0       0        0       0        0       0        0       0  
   16      262    207040        0       0        0        0        0       0        0       0        0       0        0       0        0       0        0       0        0       0        0       0  
   17      274    216472        0       0        1     1514        0       0        0       0        0       0        0       0        0       0        0       0        0       0        0       0  
   18      267    210206        0       0        1     1514        0       0        0       0        0       0        0       0        0       0        0       0        0       0        0       0  
   19      269    213246        0       0        0        0        0       0        0       0        0       0        0       0        0       0        0       0        0       0        0       0  
   20      266    210164        0       0        2     3028        0       0        0       0        0       0        0       0        0       0        0       0        0       0        0       0  
   21      270    213312        0       0        1     1514        0       0        0       0        0       0        0       0        0       0        0       0        0       0        0       0  
   22      266    210164        0       0        3     4542        0       0        0       0        0       0        0       0        0       0        0       0        0       0        0       0  
   23      269    211786        0       0        0        0        0       0        0       0        0       0        0       0        0       0        0       0        0       0        0       0  
   24      263    208542        0       0        0        0        0       0        0       0        0       0        0       0        0       0        0       0        0       0        0       0  
   25      264    208560        0       0        1     1514        0       0        0       0        0       0        0       0        0       0        0       0        0       0        0       0  
   26      894    706308        0       0        2     3028        0       0        0       0        0       0        0       0        0       0        0       0        0       0        0       0  
   27     1034    816872        0       0        1     1514        0       0        0       0        0       0        0       0        0       0        0       0        0       0        0       0  
   28     1026    810588        0       0        2     3028        0       0        0       0        0       0        0       0        0       0        0       0        0       0        0       0  
   29     1036    818500        0       0        1     1514        0       0        0       0        0       0        0       0        0       0        0       0        0       0        0       0  
   30     1028    812144        0       0        2     3028        0       0        0       0        0       0        0       0        0       0        0       0        0       0        0       0  
   31     1034    816884        0       0        3     4542        0       0        0       0        0       0        0       0        0       0        0       0        0       0        0       0  
   32     1038    820116        0       0        7    10598        0       0        0       0        0       0        0       0        0       0        0       0        0       0        0       0  
   33     1028    812180        0       0        5     7570        0       0        0       0        0       0        0       0        0       0        0       0        0       0        0       0  
   34     1032    815328        0       0        4     6056        0       0        0       0        0       0        0       0        0       0        0       0        0       0        0       0  
   35     1048    821984        0       0        5     7570        0       0        0       0        0       0        0       0        0       0        0       0        0       0        0       0  
   36      448    349516        0       0        2     3028        0       0        0       0        0       0        0       0        0       0        0       0        0       0        0       0  
