    1     1391   1094854      628    945056       68   102256  
    2     1414   1104668      681   1016682       27    40878  
    3     1394   1101344      694   1050716        3     4542  
    4     1400   1098864      700   1051176        1     1514  
    5     1400   1106000      700   1059800        0        0  
    6     1392   1099680      696   1053744        0        0  
    7     1394   1101260      697   1055258        0        0  
    8      522    412464      254    384556        7    10598  
    9      272    214880      136    205904        0        0  
   10      262    206980      131    198334        0        0  
   11      266    210140      133    201362        0        0  
   12      272    214880      135    204390        1     1514  
   13      264    208596      132    199848        0        0  
   14      266    210164      130    196820        3     4542  
   15      266    210140      133    201362        0        0  
   16      262    207040      131    198334        0        0  
   17      274    216472      136    205904        1     1514  
   18      267    210206      132    199848        1     1514  
   19      269    213246      135    204390        0        0  
   20      266    210164      131    198334        2     3028  
   21      270    213312      134    202876        1     1514  
   22      266    210164      130    196820        3     4542  
   23      269    211786      134    202876        0        0  
   24      263    208542      132    199848        0        0  
   25      264    208560      131    198334        1     1514  
   26      894    706308      445    673730        2     3028  
   27     1034    816872      516    781224        1     1514  
   28     1026    810588      511    773654        2     3028  
   29     1036    818500      517    782738        1     1514  
   30     1028    812144      512    775168        2     3028  
   31     1034    816884      514    778196        3     4542  
   32     1038    820116      512    775168        7    10598  
   33     1028    812180      509    770626        5     7570  
   34     1032    815328      512    775168        4     6056  
   35     1048    821984      515    779710        5     7570  
   36      448    349516      219    331566        2     3028  
