    1     1072    833360        0       0        2    3028        0       0        0       0        0       0        0       0        0       0        0       0        0       0        0       0  
    2     1272    991048        0       0       30   45420        0       0        0       0        0       0        0       0        0       0        0       0        0       0        0       0  
    3     1543   1218318        0       0        2    3028        0       0        0       0        0       0        0       0        0       0        0       0        0       0        0       0  
    4     1650   1303600        0       0        3    4542        0       0        0       0        0       0        0       0        0       0        0       0        0       0        0       0  
    5     1650   1303580        0       0        2    3028        0       0        0       0        0       0        0       0        0       0        0       0        0       0        0       0  
    6     1648   1302164        0       0        5    7570        0       0        0       0        0       0        0       0        0       0        0       0        0       0        0       0  
    7     1650   1303668        0       0        2    3028        0       0        0       0        0       0        0       0        0       0        0       0        0       0        0       0  
    8     1652   1305276        0       0        3    4542        0       0        0       0        0       0        0       0        0       0        0       0        0       0        0       0  
    9     1650   1303668        0       0        2    3028        0       0        0       0        0       0        0       0        0       0        0       0        0       0        0       0  
   10     1652   1305332        0       0        5    7570        0       0        0       0        0       0        0       0        0       0        0       0        0       0        0       0  
   11     1650   1303668        0       0        5    7570        0       0        0       0        0       0        0       0        0       0        0       0        0       0        0       0  
   12     1652   1305164        0       0        2    3028        0       0        0       0        0       0        0       0        0       0        0       0        0       0        0       0  
   13     1652   1305172        0       0        5    7570        0       0        0       0        0       0        0       0        0       0        0       0        0       0        0       0  
   14     1651   1303638        0       0        3    4542        0       0        0       0        0       0        0       0        0       0        0       0        0       0        0       0  
   15     1650   1303548        0       0        5    7570        0       0        0       0        0       0        0       0        0       0        0       0        0       0        0       0  
   16     1652   1305140        0       0        4    6056        0       0        0       0        0       0        0       0        0       0        0       0        0       0        0       0  
   17     1651   1305074        0       0        3    4542        0       0        0       0        0       0        0       0        0       0        0       0        0       0        0       0  
   18     1651   1303638        0       0        4    6056        0       0        0       0        0       0        0       0        0       0        0       0        0       0        0       0  
   19     1651   1305086        0       0        6    9084        0       0        0       0        0       0        0       0        0       0        0       0        0       0        0       0  
   20     1638   1294092        0       0        4    6056        0       0        0       0        0       0        0       0        0       0        0       0        0       0        0       0  
   21     1646   1300388        0       0        3    4542        0       0        0       0        0       0        0       0        0       0        0       0        0       0        0       0  
   22     1652   1305140        0       0        2    3028        0       0        0       0        0       0        0       0        0       0        0       0        0       0        0       0  
   23     1650   1303584        0       0        7   10598        0       0        0       0        0       0        0       0        0       0        0       0        0       0        0       0  
   24     1649   1302058        0       0        6    9084        0       0        0       0        0       0        0       0        0       0        0       0        0       0        0       0  
   25     1651   1305098        0       0        7   10598        0       0        0       0        0       0        0       0        0       0        0       0        0       0        0       0  
   26     1651   1303626        0       0        3    4542        0       0        0       0        0       0        0       0        0       0        0       0        0       0        0       0  
   27     1651   1305086        0       0        6    9084        0       0        0       0        0       0        0       0        0       0        0       0        0       0        0       0  
   28     1652   1305140        0       0        3    4542        0       0        0       0        0       0        0       0        0       0        0       0        0       0        0       0  
   29     1651   1303638        0       0        3    4542        0       0        0       0        0       0        0       0        0       0        0       0        0       0        0       0  
   30     1651   1305038        0       0        1    1514        0       0        0       0        0       0        0       0        0       0        0       0        0       0        0       0  
   31     1651   1303602        0       0        3    4542        0       0        0       0        0       0        0       0        0       0        0       0        0       0        0       0  
   32     1651   1305086        0       0        4    6056        0       0        0       0        0       0        0       0        0       0        0       0        0       0        0       0  
   33     1651   1303666        0       0        4    6056        0       0        0       0        0       0        0       0        0       0        0       0        0       0        0       0  
   34     1651   1305050        0       0        2    3028        0       0        0       0        0       0        0       0        0       0        0       0        0       0        0       0  
   35     1652   1305168        0       0        4    6056        0       0        0       0        0       0        0       0        0       0        0       0        0       0        0       0  
   36     1651   1303602        0       0        2    3028        0       0        0       0        0       0        0       0        0       0        0       0        0       0        0       0  
