    1     1072    833360      535    794942        2    3028  
    2     1272    991048      606    903164       30   45420  
    3     1543   1218318      769   1164266        2    3028  
    4     1650   1303600      822   1244508        3    4542  
    5     1650   1303580      823   1246022        2    3028  
    6     1648   1302164      819   1239966        5    7570  
    7     1650   1303668      823   1246022        2    3028  
    8     1652   1305276      823   1246022        3    4542  
    9     1650   1303668      823   1246022        2    3028  
   10     1652   1305332      821   1242994        5    7570  
   11     1650   1303668      820   1241480        5    7570  
   12     1652   1305164      824   1247536        2    3028  
   13     1652   1305172      821   1242994        5    7570  
   14     1651   1303638      822   1244508        3    4542  
   15     1650   1303548      820   1241480        5    7570  
   16     1652   1305140      822   1244508        4    6056  
   17     1651   1305074      823   1246022        3    4542  
   18     1651   1303638      821   1242994        4    6056  
   19     1651   1305086      820   1241480        6    9084  
   20     1638   1294092      815   1233910        4    6056  
   21     1646   1300388      820   1241480        3    4542  
   22     1652   1305140      824   1247536        2    3028  
   23     1650   1303584      818   1238452        7   10598  
   24     1649   1302058      818   1238452        6    9084  
   25     1651   1305098      819   1239966        7   10598  
   26     1651   1303626      822   1244508        3    4542  
   27     1651   1305086      820   1241480        6    9084  
   28     1652   1305140      823   1246022        3    4542  
   29     1651   1303638      822   1244508        3    4542  
   30     1651   1305038      825   1249050        1    1514  
   31     1651   1303602      822   1244508        3    4542  
   32     1651   1305086      822   1244508        4    6056  
   33     1651   1303666      821   1242994        4    6056  
   34     1651   1305050      824   1247536        2    3028  
   35     1652   1305168      822   1244508        4    6056  
   36     1651   1303602      823   1246022        2    3028  
