    1     1209    937306        0       0        6    9084        0       0        0       0        0       0        0       0        0       0        0       0        0       0        0       0  
    2     1477   1167394        0       0       50   75700        0       0        0       0        0       0        0       0        0       0        0       0        0       0        0       0  
    3     1604   1267532        0       0        8   12112        0       0        0       0        0       0        0       0        0       0        0       0        0       0        0       0  
    4     1622   1267144        0       0        6    9084        0       0        0       0        0       0        0       0        0       0        0       0        0       0        0       0  
    5     1604   1267292        0       0        7   10598        0       0        0       0        0       0        0       0        0       0        0       0        0       0        0       0  
    6     1598   1262484        0       0        2    3028        0       0        0       0        0       0        0       0        0       0        0       0        0       0        0       0  
    7     1640   1295660        0       0        5    7570        0       0        0       0        0       0        0       0        0       0        0       0        0       0        0       0  
    8     1649   1302058        0       0        6    9084        0       0        0       0        0       0        0       0        0       0        0       0        0       0        0       0  
    9     1651   1305110        0       0        6    9084        0       0        0       0        0       0        0       0        0       0        0       0        0       0        0       0  
   10     1648   1301968        0       0        3    4542        0       0        0       0        0       0        0       0        0       0        0       0        0       0        0       0  
   11     1651   1303602        0       0        2    3028        0       0        0       0        0       0        0       0        0       0        0       0        0       0        0       0  
   12     1647   1301926        0       0        4    6056        0       0        0       0        0       0        0       0        0       0        0       0        0       0        0       0  
   13     1650   1303572        0       0        4    6056        0       0        0       0        0       0        0       0        0       0        0       0        0       0        0       0  
   14     1648   1301980        0       0        3    4542        0       0        0       0        0       0        0       0        0       0        0       0        0       0        0       0  
   15     1652   1305128        0       0        2    3028        0       0        0       0        0       0        0       0        0       0        0       0        0       0        0       0  
   16     1650   1303572        0       0        3    4542        0       0        0       0        0       0        0       0        0       0        0       0        0       0        0       0  
   17     1649   1302082        0       0        7   10598        0       0        0       0        0       0        0       0        0       0        0       0        0       0        0       0  
   18      678    537104        1    1514        3    4542        0       0        0       0        0       0        0       0        0       0        0       0        0       0        0       0  
   19      270    213312        0       0        1    1514        0       0        0       0        0       0        0       0        0       0        0       0        0       0        0       0  
   20      266    210164        0       0        0       0        0       0        0       0        0       0        0       0        0       0        0       0        0       0        0       0  
   21      280    221248        0       0        5    7570        0       0        0       0        0       0        0       0        0       0        0       0        0       0        0       0  
   22      272    214904        0       0        1    1514        0       0        0       0        0       0        0       0        0       0        0       0        0       0        0       0  
   23      266    210140        0       0        0       0        0       0        0       0        0       0        0       0        0       0        0       0        0       0        0       0  
   24      266    210152        0       0        1    1514        0       0        0       0        0       0        0       0        0       0        0       0        0       0        0       0  
   25      272    214916        0       0        1    1514        0       0        0       0        0       0        0       0        0       0        0       0        0       0        0       0  
   26      286    225940        0       0        1    1514        0       0        0       0        0       0        0       0        0       0        0       0        0       0        0       0  
   27      258    203832        0       0        0       0        0       0        0       0        0       0        0       0        0       0        0       0        0       0        0       0  
   28      284    224396        0       0        3    4542        0       0        0       0        0       0        0       0        0       0        0       0        0       0        0       0  
   29      266    210164        0       0        1    1514        0       0        0       0        0       0        0       0        0       0        0       0        0       0        0       0  
   30      266    210152        0       0        2    3028        0       0        0       0        0       0        0       0        0       0        0       0        0       0        0       0  
   31      280    221200        0       0        0       0        0       0        0       0        0       0        0       0        0       0        0       0        0       0        0       0  
   32      262    207016        0       0        2    3028        0       0        0       0        0       0        0       0        0       0        0       0        0       0        0       0  
   33      266    210188        0       0        2    3028        0       0        0       0        0       0        0       0        0       0        0       0        0       0        0       0  
   34      260    205412        0       0        1    1514        0       0        0       0        0       0        0       0        0       0        0       0        0       0        0       0  
   35      266    210164        0       0        1    1514        0       0        0       0        0       0        0       0        0       0        0       0        0       0        0       0  
   36      266    210152        0       0        1    1514        0       0        0       0        0       0        0       0        0       0        0       0        0       0        0       0  
