    1     1209    937306      599    888222        6    9084  
    2     1477   1167394      688   1041632       50   75700  
    3     1604   1267532      794   1202116        8   12112  
    4     1622   1267144      807   1204550        6    9084  
    5     1604   1267292      795   1203630        7   10598  
    6     1598   1262484      797   1206658        2    3028  
    7     1640   1295660      815   1233910        5    7570  
    8     1649   1302058      818   1238452        6    9084  
    9     1651   1305110      820   1241480        6    9084  
   10     1648   1301968      821   1242994        3    4542  
   11     1651   1303602      823   1246022        2    3028  
   12     1647   1301926      820   1241480        4    6056  
   13     1650   1303572      821   1242994        4    6056  
   14     1648   1301980      821   1242994        3    4542  
   15     1652   1305128      824   1247536        2    3028  
   16     1650   1303572      822   1244508        3    4542  
   17     1649   1302082      817   1236938        7   10598  
   18      678    537104      336    508704        4    6056  
   19      270    213312      134    202876        1    1514  
   20      266    210164      133    201362        0       0  
   21      280    221248      135    204390        5    7570  
   22      272    214904      135    204390        1    1514  
   23      266    210140      133    201362        0       0  
   24      266    210152      132    199848        1    1514  
   25      272    214916      135    204390        1    1514  
   26      286    225940      142    214988        1    1514  
   27      258    203832      129    195306        0       0  
   28      284    224396      139    210446        3    4542  
   29      266    210164      132    199848        1    1514  
   30      266    210152      131    198334        2    3028  
   31      280    221200      140    211960        0       0  
   32      262    207016      129    195306        2    3028  
   33      266    210188      131    198334        2    3028  
   34      260    205412      129    195306        1    1514  
   35      266    210164      132    199848        1    1514  
   36      266    210152      132    199848        1    1514  
