    1     1664   1300532        0       0       19   28766        0       0        0       0        0       0        0       0        0       0        0       0        0       0        0       0  
    2     1672   1305852        0       0       25   37850        0       0        0       0        0       0        0       0        0       0        0       0        0       0        0       0  
    3     1651   1305042        0       0        1    1514        0       0        0       0        0       0        0       0        0       0        0       0        0       0        0       0  
    4     1651   1303706        0       0        3    4542        0       0        0       0        0       0        0       0        0       0        0       0        0       0        0       0  
    5     1651   1305154        0       0        3    4542        0       0        0       0        0       0        0       0        0       0        0       0        0       0        0       0  
    6     1651   1303734        0       0        2    3028        0       0        0       0        0       0        0       0        0       0        0       0        0       0        0       0  
    7     1652   1305304        0       0        3    4542        0       0        0       0        0       0        0       0        0       0        0       0        0       0        0       0  
    8     1651   1305154        0       0        3    4542        0       0        0       0        0       0        0       0        0       0        0       0        0       0        0       0  
    9     1651   1303678        0       0        3    4542        0       0        0       0        0       0        0       0        0       0        0       0        0       0        0       0  
   10     1652   1305220        0       0        4    6056        0       0        0       0        0       0        0       0        0       0        0       0        0       0        0       0  
   11     1651   1305154        0       0        3    4542        0       0        0       0        0       0        0       0        0       0        0       0        0       0        0       0  
   12     1651   1303762        0       0        5    7570        0       0        0       0        0       0        0       0        0       0        0       0        0       0        0       0  
   13     1651   1305154        0       0        3    4542        0       0        0       0        0       0        0       0        0       0        0       0        0       0        0       0  
   14     1651   1303678        0       0        2    3028        0       0        0       0        0       0        0       0        0       0        0       0        0       0        0       0  
   15     1650   1303668        0       0        5    7570        0       0        0       0        0       0        0       0        0       0        0       0        0       0        0       0  
   16     1650   1303728        0       0        8   12112        0       0        0       0        0       0        0       0        0       0        0       0        0       0        0       0  
   17     1652   1305116        0       0        3    4542        0       0        0       0        0       0        0       0        0       0        0       0        0       0        0       0  
   18     1651   1305106        0       0        2    3028        0       0        0       0        0       0        0       0        0       0        0       0        0       0        0       0  
   19     1651   1303642        0       0        3    4542        0       0        0       0        0       0        0       0        0       0        0       0        0       0        0       0  
   20     1651   1305074        0       0        5    7570        0       0        0       0        0       0        0       0        0       0        0       0        0       0        0       0  
   21     1652   1305140        0       0        5    7570        0       0        0       0        0       0        0       0        0       0        0       0        0       0        0       0  
   22     1651   1303638        0       0        7   10598        0       0        0       0        0       0        0       0        0       0        0       0        0       0        0       0  
   23     1651   1305086        0       0        2    3028        0       0        0       0        0       0        0       0        0       0        0       0        0       0        0       0  
   24     1651   1303602        0       0        3    4542        0       0        0       0        0       0        0       0        0       0        0       0        0       0        0       0  
   25     1652   1305164        0       0        7   10598        0       0        0       0        0       0        0       0        0       0        0       0        0       0        0       0  
   26     1651   1305074        0       0        3    4542        0       0        0       0        0       0        0       0        0       0        0       0        0       0        0       0  
   27     1651   1303614        0       0        3    4542        0       0        0       0        0       0        0       0        0       0        0       0        0       0        0       0  
   28     1652   1305176        0       0        7   10598        0       0        0       0        0       0        0       0        0       0        0       0        0       0        0       0  
   29     1651   1305086        0       0        7   10598        0       0        0       0        0       0        0       0        0       0        0       0        0       0        0       0  
   30     1651   1303626        0       0        4    6056        0       0        0       0        0       0        0       0        0       0        0       0        0       0        0       0  
   31     1652   1305152        0       0        4    6056        0       0        0       0        0       0        0       0        0       0        0       0        0       0        0       0  
   32     1651   1305086        0       0        6    9084        0       0        0       0        0       0        0       0        0       0        0       0        0       0        0       0  
   33     1649   1302046        0       0        3    4542        0       0        0       0        0       0        0       0        0       0        0       0        0       0        0       0  
   34     1640   1295688        0       0        4    6056        0       0        0       0        0       0        0       0        0       0        0       0        0       0        0       0  
   35     1651   1305086        0       0        3    4542        0       0        0       0        0       0        0       0        0       0        0       0        0       0        0       0  
   36     1651   1303602        0       0        2    3028        0       0        0       0        0       0        0       0        0       0        0       0        0       0        0       0  
