    1     1664   1300532      814   1216596       19   28766  
    2     1672   1305852      812   1212152       25   37850  
    3     1651   1305042      825   1249050        1    1514  
    4     1651   1303706      822   1244508        3    4542  
    5     1651   1305154      823   1246022        3    4542  
    6     1651   1303734      823   1246022        2    3028  
    7     1652   1305304      823   1246022        3    4542  
    8     1651   1305154      823   1246022        3    4542  
    9     1651   1303678      822   1244508        3    4542  
   10     1652   1305220      822   1244508        4    6056  
   11     1651   1305154      823   1246022        3    4542  
   12     1651   1303762      820   1241480        5    7570  
   13     1651   1305154      823   1246022        3    4542  
   14     1651   1303678      823   1246022        2    3028  
   15     1650   1303668      820   1241480        5    7570  
   16     1650   1303728      817   1236938        8   12112  
   17     1652   1305116      823   1246022        3    4542  
   18     1651   1305106      824   1247536        2    3028  
   19     1651   1303642      822   1244508        3    4542  
   20     1651   1305074      821   1242994        5    7570  
   21     1652   1305140      821   1242994        5    7570  
   22     1651   1303638      818   1238452        7   10598  
   23     1651   1305086      824   1247536        2    3028  
   24     1651   1303602      822   1244508        3    4542  
   25     1652   1305164      819   1239966        7   10598  
   26     1651   1305074      823   1246022        3    4542  
   27     1651   1303614      822   1244508        3    4542  
   28     1652   1305176      819   1239966        7   10598  
   29     1651   1305086      819   1239966        7   10598  
   30     1651   1303626      821   1242994        4    6056  
   31     1652   1305152      822   1244508        4    6056  
   32     1651   1305086      820   1241480        6    9084  
   33     1649   1302046      821   1242994        3    4542  
   34     1640   1295688      816   1235424        4    6056  
   35     1651   1305086      823   1246022        3    4542  
   36     1651   1303602      823   1246022        2    3028  
