    1     1471   1155658        0       0       69   103770        0       0        0       0        0       0        0       0        0       0        0       0        0       0        0       0  
    2     1485   1158422        0       0       18    27252        0       0        0       0        0       0        0       0        0       0        0       0        0       0        0       0  
    3     1448   1143992        0       0        3     4542        0       0        0       0        0       0        0       0        0       0        0       0        0       0        0       0  
    4     1599   1262582        0       0        4     6056        0       0        0       0        0       0        0       0        0       0        0       0        0       0        0       0  
    5     1644   1298832        0       0        3     4542        0       0        0       0        0       0        0       0        0       0        0       0        0       0        0       0  
    6     1654   1306744        0       0        1     1514        0       0        0       0        0       0        0       0        0       0        0       0        0       0        0       0  
    7     1650   1303572        0       0        3     4542        0       0        0       0        0       0        0       0        0       0        0       0        0       0        0       0  
    8     1652   1305092        0       0        2     3028        0       0        0       0        0       0        0       0        0       0        0       0        0       0        0       0  
    9     1651   1303634        0       0        2     3028        0       0        0       0        0       0        0       0        0       0        0       0        0       0        0       0  
   10     1652   1305128        0       0        4     6056        0       0        0       0        0       0        0       0        0       0        0       0        0       0        0       0  
   11     1651   1305050        0       0        1     1514        0       0        0       0        0       0        0       0        0       0        0       0        0       0        0       0  
   12     1652   1305152        0       0        2     3028        0       0        0       0        0       0        0       0        0       0        0       0        0       0        0       0  
   13     1651   1303590        0       0        1     1514        0       0        0       0        0       0        0       0        0       0        0       0        0       0        0       0  
   14     1651   1305090        0       0        3     4542        0       0        0       0        0       0        0       0        0       0        0       0        0       0        0       0  
   15     1651   1303614        0       0        3     4542        0       0        0       0        0       0        0       0        0       0        0       0        0       0        0       0  
   16     1652   1305128        0       0        1     1514        0       0        0       0        0       0        0       0        0       0        0       0        0       0        0       0  
   17     1651   1305086        0       0        6     9084        0       0        0       0        0       0        0       0        0       0        0       0        0       0        0       0  
   18     1651   1303650        0       0        7    10598        0       0        0       0        0       0        0       0        0       0        0       0        0       0        0       0  
   19     1651   1305062        0       0        3     4542        0       0        0       0        0       0        0       0        0       0        0       0        0       0        0       0  
   20     1652   1305176        0       0        7    10598        0       0        0       0        0       0        0       0        0       0        0       0        0       0        0       0  
   21     1650   1303572        0       0        7    10598        0       0        0       0        0       0        0       0        0       0        0       0        0       0        0       0  
   22     1651   1303642        0       0        2     3028        0       0        0       0        0       0        0       0        0       0        0       0        0       0        0       0  
   23     1652   1305168        0       0        2     3028        0       0        0       0        0       0        0       0        0       0        0       0        0       0        0       0  
   24     1651   1305062        0       0        4     6056        0       0        0       0        0       0        0       0        0       0        0       0        0       0        0       0  
   25     1651   1303638        0       0        6     9084        0       0        0       0        0       0        0       0        0       0        0       0        0       0        0       0  
   26     1652   1305128        0       0        4     6056        0       0        0       0        0       0        0       0        0       0        0       0        0       0        0       0  
   27     1651   1305074        0       0        3     4542        0       0        0       0        0       0        0       0        0       0        0       0        0       0        0       0  
   28     1651   1303662        0       0        9    13626        0       0        0       0        0       0        0       0        0       0        0       0        0       0        0       0  
   29     1651   1305098        0       0        6     9084        0       0        0       0        0       0        0       0        0       0        0       0        0       0        0       0  
   30     1651   1303638        0       0        4     6056        0       0        0       0        0       0        0       0        0       0        0       0        0       0        0       0  
   31     1652   1305128        0       0        5     7570        0       0        0       0        0       0        0       0        0       0        0       0        0       0        0       0  
   32     1651   1305098        0       0        6     9084        0       0        0       0        0       0        0       0        0       0        0       0        0       0        0       0  
   33     1651   1303674        0       0        9    13626        0       0        0       0        0       0        0       0        0       0        0       0        0       0        0       0  
   34     1631   1289262        0       0        5     7570        0       0        0       0        0       0        0       0        0       0        0       0        0       0        0       0  
   35     1652   1305152        0       0        6     9084        0       0        0       0        0       0        0       0        0       0        0       0        0       0        0       0  
   36     1651   1303674        0       0        8    12112        0       0        0       0        0       0        0       0        0       0        0       0        0       0        0       0  
