    1     1471   1155658      668   1002056       69   103770  
    2     1485   1158422      725   1081882       18    27252  
    3     1448   1143992      721   1091594        3     4542  
    4     1599   1262582      795   1203630        4     6056  
    5     1644   1298832      819   1239966        3     4542  
    6     1654   1306744      826   1250564        1     1514  
    7     1650   1303572      822   1244508        3     4542  
    8     1652   1305092      824   1247536        2     3028  
    9     1651   1303634      823   1246022        2     3028  
   10     1652   1305128      822   1244508        4     6056  
   11     1651   1305050      825   1249050        1     1514  
   12     1652   1305152      824   1247536        2     3028  
   13     1651   1303590      824   1247536        1     1514  
   14     1651   1305090      823   1246022        3     4542  
   15     1651   1303614      822   1244508        3     4542  
   16     1652   1305128      825   1249050        1     1514  
   17     1651   1305086      820   1241480        6     9084  
   18     1651   1303650      818   1238452        7    10598  
   19     1651   1305062      823   1246022        3     4542  
   20     1652   1305176      819   1239966        7    10598  
   21     1650   1303572      818   1238452        7    10598  
   22     1651   1303642      823   1246022        2     3028  
   23     1652   1305168      824   1247536        2     3028  
   24     1651   1305062      822   1244508        4     6056  
   25     1651   1303638      819   1239966        6     9084  
   26     1652   1305128      822   1244508        4     6056  
   27     1651   1305074      823   1246022        3     4542  
   28     1651   1303662      816   1235424        9    13626  
   29     1651   1305098      820   1241480        6     9084  
   30     1651   1303638      821   1242994        4     6056  
   31     1652   1305128      821   1242994        5     7570  
   32     1651   1305098      820   1241480        6     9084  
   33     1651   1303674      816   1235424        9    13626  
   34     1631   1289262      811   1227854        5     7570  
   35     1652   1305152      820   1241480        6     9084  
   36     1651   1303674      817   1236938        8    12112  
