    1     1637   1276934        0       0       11   16654        0       0        0       0        0       0        0       0        0       0        0       0        0       0        0       0  
    2     1656   1295368        0       0        0       0        0       0        0       0        0       0        0       0        0       0        0       0        0       0        0       0  
    3     1646   1301800        0       0        1    1514        0       0        0       0        0       0        0       0        0       0        0       0        0       0        0       0  
    4     1653   1303746        0       0        2    3028        0       0        0       0        0       0        0       0        0       0        0       0        0       0        0       0  
    5     1652   1305192        0       0        3    4542        0       0        0       0        0       0        0       0        0       0        0       0        0       0        0       0  
    6     1651   1303754        0       0        3    4542        0       0        0       0        0       0        0       0        0       0        0       0        0       0        0       0  
    7     1652   1305164        0       0        3    4542        0       0        0       0        0       0        0       0        0       0        0       0        0       0        0       0  
    8     1650   1305116        0       0        2    3028        0       0        0       0        0       0        0       0        0       0        0       0        0       0        0       0  
    9     1652   1303828        0       0        3    4542        0       0        0       0        0       0        0       0        0       0        0       0        0       0        0       0  
   10     1651   1305154        0       0        3    4542        0       0        0       0        0       0        0       0        0       0        0       0        0       0        0       0  
   11     1652   1305192        0       0        2    3028        0       0        0       0        0       0        0       0        0       0        0       0        0       0        0       0  
   12     1650   1303640        0       0        3    4542        0       0        0       0        0       0        0       0        0       0        0       0        0       0        0       0  
   13     1650   1303640        0       0        3    4542        0       0        0       0        0       0        0       0        0       0        0       0        0       0        0       0  
   14     1653   1305286        0       0        5    7570        0       0        0       0        0       0        0       0        0       0        0       0        0       0        0       0  
   15     1651   1305154        0       0        5    7570        0       0        0       0        0       0        0       0        0       0        0       0        0       0        0       0  
   16     1651   1303734        0       0        6    9084        0       0        0       0        0       0        0       0        0       0        0       0        0       0        0       0  
   17     1651   1305154        0       0        3    4542        0       0        0       0        0       0        0       0        0       0        0       0        0       0        0       0  
   18     1651   1303650        0       0        3    4542        0       0        0       0        0       0        0       0        0       0        0       0        0       0        0       0  
   19     1651   1305210        0       0        5    7570        0       0        0       0        0       0        0       0        0       0        0       0        0       0        0       0  
   20     1651   1303678        0       0        4    6056        0       0        0       0        0       0        0       0        0       0        0       0        0       0        0       0  
   21     1652   1305248        0       0        5    7570        0       0        0       0        0       0        0       0        0       0        0       0        0       0        0       0  
   22     1651   1305154        0       0        3    4542        0       0        0       0        0       0        0       0        0       0        0       0        0       0        0       0  
   23     1651   1303706        0       0        5    7570        0       0        0       0        0       0        0       0        0       0        0       0        0       0        0       0  
   24     1651   1305126        0       0        2    3028        0       0        0       0        0       0        0       0        0       0        0       0        0       0        0       0  
   25     1651   1303706        0       0        5    7570        0       0        0       0        0       0        0       0        0       0        0       0        0       0        0       0  
   26     1660   1305644        0       0        8   12112        0       0        0       0        0       0        0       0        0       0        0       0        0       0        0       0  
   27     1662   1305640        0       0        3    4542        0       0        0       0        0       0        0       0        0       0        0       0        0       0        0       0  
   28     1656   1303860        0       0        3    4542        0       0        0       0        0       0        0       0        0       0        0       0        0       0        0       0  
   29     1652   1305216        0       0        6    9084        0       0        0       0        0       0        0       0        0       0        0       0        0       0        0       0  
   30     1651   1303682        0       0        3    4542        0       0        0       0        0       0        0       0        0       0        0       0        0       0        0       0  
   31     1651   1305234        0       0        8   12112        0       0        0       0        0       0        0       0        0       0        0       0        0       0        0       0  
   32     1647   1300522        0       0        3    4542        0       0        0       0        0       0        0       0        0       0        0       0        0       0        0       0  
   33     1651   1305126        0       0        2    3028        0       0        0       0        0       0        0       0        0       0        0       0        0       0        0       0  
   34     1651   1303682        0       0        5    7570        0       0        0       0        0       0        0       0        0       0        0       0        0       0        0       0  
   35     1600   1264140        0       0        5    7570        0       0        0       0        0       0        0       0        0       0        0       0        0       0        0       0  
   36     1651   1305050        0       0        2    3028        0       0        0       0        0       0        0       0        0       0        0       0        0       0        0       0  
