    1     1637   1276934      808   1206096       11   16654  
    2     1656   1295368      830   1240820        0       0  
    3     1646   1301800      823   1246022        1    1514  
    4     1653   1303746      823   1246022        2    3028  
    5     1652   1305192      823   1246022        3    4542  
    6     1651   1303754      822   1244508        3    4542  
    7     1652   1305164      823   1246022        3    4542  
    8     1650   1305116      824   1247536        2    3028  
    9     1652   1303828      822   1244508        3    4542  
   10     1651   1305154      823   1246022        3    4542  
   11     1652   1305192      824   1247536        2    3028  
   12     1650   1303640      822   1244508        3    4542  
   13     1650   1303640      822   1244508        3    4542  
   14     1653   1305286      821   1242994        5    7570  
   15     1651   1305154      821   1242994        5    7570  
   16     1651   1303734      819   1239966        6    9084  
   17     1651   1305154      823   1246022        3    4542  
   18     1651   1303650      822   1244508        3    4542  
   19     1651   1305210      821   1242994        5    7570  
   20     1651   1303678      821   1242994        4    6056  
   21     1652   1305248      821   1242994        5    7570  
   22     1651   1305154      823   1246022        3    4542  
   23     1651   1303706      820   1241480        5    7570  
   24     1651   1305126      824   1247536        2    3028  
   25     1651   1303706      820   1241480        5    7570  
   26     1660   1305644      818   1238452        8   12112  
   27     1662   1305640      823   1246022        3    4542  
   28     1656   1303860      822   1244508        3    4542  
   29     1652   1305216      820   1241480        6    9084  
   30     1651   1303682      822   1244508        3    4542  
   31     1651   1305234      818   1238452        8   12112  
   32     1647   1300522      820   1241480        3    4542  
   33     1651   1305126      824   1247536        2    3028  
   34     1651   1303682      820   1241480        5    7570  
   35     1600   1264140      795   1203630        5    7570  
   36     1651   1305050      824   1247536        2    3028  
