    1     1656   1304648        0       0       68   102256        0       0        0       0        0       0        0       0        0       0        0       0        0       0        0       0  
    2     1647   1296494        0       0       20    30280        0       0        0       0        0       0        0       0        0       0        0       0        0       0        0       0  
    3     1651   1303678        0       0        5     7570        0       0        0       0        0       0        0       0        0       0        0       0        0       0        0       0  
    4     1660   1304312        0       0        6     9084        0       0        0       0        0       0        0       0        0       0        0       0        0       0        0       0  
    5     1652   1305152        0       0        4     6056        0       0        0       0        0       0        0       0        0       0        0       0        0       0        0       0  
    6     1651   1305050        0       0        2     3028        0       0        0       0        0       0        0       0        0       0        0       0        0       0        0       0  
    7     1651   1303602        0       0        2     3028        0       0        0       0        0       0        0       0        0       0        0       0        0       0        0       0  
    8     1651   1305090        0       0        4     6056        0       0        0       0        0       0        0       0        0       0        0       0        0       0        0       0  
    9     1651   1303650        0       0        6     9084        0       0        0       0        0       0        0       0        0       0        0       0        0       0        0       0  
   10     1651   1305074        0       0        5     7570        0       0        0       0        0       0        0       0        0       0        0       0        0       0        0       0  
   11     1651   1303638        0       0        6     9084        0       0        0       0        0       0        0       0        0       0        0       0        0       0        0       0  
   12     1652   1305152        0       0        4     6056        0       0        0       0        0       0        0       0        0       0        0       0        0       0        0       0  
   13     1651   1305098        0       0        7    10598        0       0        0       0        0       0        0       0        0       0        0       0        0       0        0       0  
   14     1651   1303626        0       0        6     9084        0       0        0       0        0       0        0       0        0       0        0       0        0       0        0       0  
   15     1651   1305062        0       0        2     3028        0       0        0       0        0       0        0       0        0       0        0       0        0       0        0       0  
   16     1651   1303654        0       0        2     3028        0       0        0       0        0       0        0       0        0       0        0       0        0       0        0       0  
   17     1652   1305128        0       0        4     6056        0       0        0       0        0       0        0       0        0       0        0       0        0       0        0       0  
   18     1651   1305098        0       0        8    12112        0       0        0       0        0       0        0       0        0       0        0       0        0       0        0       0  
   19     1651   1303650        0       0        6     9084        0       0        0       0        0       0        0       0        0       0        0       0        0       0        0       0  
   20     1651   1305062        0       0        3     4542        0       0        0       0        0       0        0       0        0       0        0       0        0       0        0       0  
   21     1652   1305140        0       0        6     9084        0       0        0       0        0       0        0       0        0       0        0       0        0       0        0       0  
   22     1651   1303662        0       0        7    10598        0       0        0       0        0       0        0       0        0       0        0       0        0       0        0       0  
   23     1651   1305074        0       0        5     7570        0       0        0       0        0       0        0       0        0       0        0       0        0       0        0       0  
   24     1651   1303638        0       0        6     9084        0       0        0       0        0       0        0       0        0       0        0       0        0       0        0       0  
   25     1652   1305152        0       0        7    10598        0       0        0       0        0       0        0       0        0       0        0       0        0       0        0       0  
   26     1650   1303596        0       0        5     7570        0       0        0       0        0       0        0       0        0       0        0       0        0       0        0       0  
   27     1652   1305128        0       0        5     7570        0       0        0       0        0       0        0       0        0       0        0       0        0       0        0       0  
   28     1606   1268836        0       0        7    10598        0       0        0       0        0       0        0       0        0       0        0       0        0       0        0       0  
   29     1650   1303584        0       0        7    10598        0       0        0       0        0       0        0       0        0       0        0       0        0       0        0       0  
   30     1651   1305086        0       0        7    10598        0       0        0       0        0       0        0       0        0       0        0       0        0       0        0       0  
   31     1648   1302004        0       0        6     9084        0       0        0       0        0       0        0       0        0       0        0       0        0       0        0       0  
   32     1652   1305140        0       0        3     4542        0       0        0       0        0       0        0       0        0       0        0       0        0       0        0       0  
   33     1643   1297306        0       0        2     3028        0       0        0       0        0       0        0       0        0       0        0       0        0       0        0       0  
   34     1651   1305074        0       0        3     4542        0       0        0       0        0       0        0       0        0       0        0       0        0       0        0       0  
   35     1652   1305164        0       0        7    10598        0       0        0       0        0       0        0       0        0       0        0       0        0       0        0       0  
   36     1651   1303602        0       0        3     4542        0       0        0       0        0       0        0       0        0       0        0       0        0       0        0       0  
