    1     1656   1304648      760   1146336       68   102256  
    2     1647   1296494      804   1211544       20    30280  
    3     1651   1303678      820   1241480        5     7570  
    4     1660   1304312      825   1240426        6     9084  
    5     1652   1305152      822   1244508        4     6056  
    6     1651   1305050      824   1247536        2     3028  
    7     1651   1303602      823   1246022        2     3028  
    8     1651   1305090      822   1244508        4     6056  
    9     1651   1303650      819   1239966        6     9084  
   10     1651   1305074      821   1242994        5     7570  
   11     1651   1303638      819   1239966        6     9084  
   12     1652   1305152      822   1244508        4     6056  
   13     1651   1305098      819   1239966        7    10598  
   14     1651   1303626      819   1239966        6     9084  
   15     1651   1305062      824   1247536        2     3028  
   16     1651   1303654      823   1246022        2     3028  
   17     1652   1305128      822   1244508        4     6056  
   18     1651   1305098      818   1238452        8    12112  
   19     1651   1303650      819   1239966        6     9084  
   20     1651   1305062      823   1246022        3     4542  
   21     1652   1305140      820   1241480        6     9084  
   22     1651   1303662      818   1238452        7    10598  
   23     1651   1305074      821   1242994        5     7570  
   24     1651   1303638      819   1239966        6     9084  
   25     1652   1305152      819   1239966        7    10598  
   26     1650   1303596      820   1241480        5     7570  
   27     1652   1305128      821   1242994        5     7570  
   28     1606   1268836      796   1205144        7    10598  
   29     1650   1303584      818   1238452        7    10598  
   30     1651   1305086      819   1239966        7    10598  
   31     1648   1302004      818   1238452        6     9084  
   32     1652   1305140      823   1246022        3     4542  
   33     1643   1297306      819   1239966        2     3028  
   34     1651   1305074      823   1246022        3     4542  
   35     1652   1305164      819   1239966        7    10598  
   36     1651   1303602      822   1244508        3     4542  
