    1     1656   1300160        0       0       67   100742        0       0        0       0        0       0        0       0        0       0        0       0        0       0        0       0  
    2     1667   1305166        0       0       21    31794        0       0        0       0        0       0        0       0        0       0        0       0        0       0        0       0  
    3     1652   1305164        0       0        3     4542        0       0        0       0        0       0        0       0        0       0        0       0        0       0        0       0  
    4     1651   1296490        0       0        5     7570        0       0        0       0        0       0        0       0        0       0        0       0        0       0        0       0  
    5     1650   1303584        0       0        3     4542        0       0        0       0        0       0        0       0        0       0        0       0        0       0        0       0  
    6     1652   1305116        0       0        4     6056        0       0        0       0        0       0        0       0        0       0        0       0        0       0        0       0  
    7     1651   1305074        0       0        3     4542        0       0        0       0        0       0        0       0        0       0        0       0        0       0        0       0  
    8     1651   1303614        0       0        5     7570        0       0        0       0        0       0        0       0        0       0        0       0        0       0        0       0  
    9     1651   1305110        0       0        7    10598        0       0        0       0        0       0        0       0        0       0        0       0        0       0        0       0  
   10     1651   1303638        0       0        6     9084        0       0        0       0        0       0        0       0        0       0        0       0        0       0        0       0  
   11     1652   1305152        0       0        7    10598        0       0        0       0        0       0        0       0        0       0        0       0        0       0        0       0  
   12     1651   1305086        0       0        6     9084        0       0        0       0        0       0        0       0        0       0        0       0        0       0        0       0  
   13     1651   1303626        0       0        2     3028        0       0        0       0        0       0        0       0        0       0        0       0        0       0        0       0  
   14     1647   1301938        0       0        7    10598        0       0        0       0        0       0        0       0        0       0        0       0        0       0        0       0  
   15     1651   1303638        0       0        4     6056        0       0        0       0        0       0        0       0        0       0        0       0        0       0        0       0  
   16     1652   1305128        0       0        5     7570        0       0        0       0        0       0        0       0        0       0        0       0        0       0        0       0  
   17     1648   1301992        0       0        6     9084        0       0        0       0        0       0        0       0        0       0        0       0        0       0        0       0  
   18     1651   1305110        0       0        7    10598        0       0        0       0        0       0        0       0        0       0        0       0        0       0        0       0  
   19     1651   1303626        0       0        3     4542        0       0        0       0        0       0        0       0        0       0        0       0        0       0        0       0  
   20     1652   1305128        0       0        5     7570        0       0        0       0        0       0        0       0        0       0        0       0        0       0        0       0  
   21     1651   1305110        0       0        7    10598        0       0        0       0        0       0        0       0        0       0        0       0        0       0        0       0  
   22     1651   1303626        0       0        5     7570        0       0        0       0        0       0        0       0        0       0        0       0        0       0        0       0  
   23     1651   1305086        0       0        6     9084        0       0        0       0        0       0        0       0        0       0        0       0        0       0        0       0  
   24     1651   1303614        0       0        4     6056        0       0        0       0        0       0        0       0        0       0        0       0        0       0        0       0  
   25     1651   1305110        0       0        8    12112        0       0        0       0        0       0        0       0        0       0        0       0        0       0        0       0  
   26     1651   1303626        0       0        3     4542        0       0        0       0        0       0        0       0        0       0        0       0        0       0        0       0  
   27     1646   1300388        0       0        4     6056        0       0        0       0        0       0        0       0        0       0        0       0        0       0        0       0  
   28     1626   1284640        0       0        3     4542        0       0        0       0        0       0        0       0        0       0        0       0        0       0        0       0  
   29     1651   1305050        0       0        1     1514        0       0        0       0        0       0        0       0        0       0        0       0        0       0        0       0  
   30     1651   1303638        0       0        2     3028        0       0        0       0        0       0        0       0        0       0        0       0        0       0        0       0  
   31     1651   1305126        0       0        7    10598        0       0        0       0        0       0        0       0        0       0        0       0        0       0        0       0  
   32     1651   1303650        0       0        8    12112        0       0        0       0        0       0        0       0        0       0        0       0        0       0        0       0  
   33     1498   1184964        0       0        7    10598        0       0        0       0        0       0        0       0        0       0        0       0        0       0        0       0  
   34      260    205424        1    1514        1     1514        0       0        0       0        0       0        0       0        0       0        0       0        0       0        0       0  
   35      258    203820        0       0        0        0        0       0        0       0        0       0        0       0        0       0        0       0        0       0        0       0  
   36      258    203856        0       0        1     1514        0       0        0       0        0       0        0       0        0       0        0       0        0       0        0       0  
