    1     1656   1300160      757   1143234       67   100742  
    2     1667   1305166      813   1217978       21    31794  
    3     1652   1305164      823   1246022        3     4542  
    4     1651   1296490      821   1234370        5     7570  
    5     1650   1303584      822   1244508        3     4542  
    6     1652   1305116      822   1244508        4     6056  
    7     1651   1305074      823   1246022        3     4542  
    8     1651   1303614      820   1241480        5     7570  
    9     1651   1305110      819   1239966        7    10598  
   10     1651   1303638      819   1239966        6     9084  
   11     1652   1305152      819   1239966        7    10598  
   12     1651   1305086      820   1241480        6     9084  
   13     1651   1303626      823   1246022        2     3028  
   14     1647   1301938      817   1236938        7    10598  
   15     1651   1303638      821   1242994        4     6056  
   16     1652   1305128      821   1242994        5     7570  
   17     1648   1301992      818   1238452        6     9084  
   18     1651   1305110      819   1239966        7    10598  
   19     1651   1303626      822   1244508        3     4542  
   20     1652   1305128      821   1242994        5     7570  
   21     1651   1305110      819   1239966        7    10598  
   22     1651   1303626      820   1241480        5     7570  
   23     1651   1305086      820   1241480        6     9084  
   24     1651   1303614      821   1242994        4     6056  
   25     1651   1305110      818   1238452        8    12112  
   26     1651   1303626      822   1244508        3     4542  
   27     1646   1300388      819   1239966        4     6056  
   28     1626   1284640      810   1226340        3     4542  
   29     1651   1305050      825   1249050        1     1514  
   30     1651   1303638      823   1246022        2     3028  
   31     1651   1305126      819   1239966        7    10598  
   32     1651   1303650      817   1236938        8    12112  
   33     1498   1184964      743   1124902        7    10598  
   34      260    205424      128    193792        2     3028  
   35      258    203820      129    195306        0        0  
   36      258    203856      128    193792        1     1514  
