    1     1661   1300222        0       0       13   19682        0       0        0       0        0       0        0       0        0       0        0       0        0       0        0       0  
    2     1446   1129996        0       0       20   30280        0       0        0       0        0       0        0       0        0       0        0       0        0       0        0       0  
    3      266    210140        0       0        0       0        0       0        0       0        0       0        0       0        0       0        0       0        0       0        0       0  
    4      268    210372        0       0        1    1514        0       0        0       0        0       0        0       0        0       0        0       0        0       0        0       0  
    5      334    262520        0       0        1    1514        0       0        0       0        0       0        0       0        0       0        0       0        0       0        0       0  
    6      258    203960        0       0        5    7570        0       0        0       0        0       0        0       0        0       0        0       0        0       0        0       0  
    7      262    207068        0       0        4    6056        0       0        0       0        0       0        0       0        0       0        0       0        0       0        0       0  
    8      262    207040        0       0        3    4542        0       0        0       0        0       0        0       0        0       0        0       0        0       0        0       0  
    9      262    207088        0       0        9   13626        0       0        0       0        0       0        0       0        0       0        0       0        0       0        0       0  
   10      256    202240        0       0        0       0        0       0        0       0        0       0        0       0        0       0        0       0        0       0        0       0  
   11      260    205460        0       0        3    4542        0       0        0       0        0       0        0       0        0       0        0       0        0       0        0       0  
   12      260    205448        0       0        4    6056        0       0        0       0        0       0        0       0        0       0        0       0        0       0        0       0  
   13      260    205400        0       0        1    1514        0       0        0       0        0       0        0       0        0       0        0       0        0       0        0       0  
   14      265    208674        0       0        2    3028        0       0        0       0        0       0        0       0        0       0        0       0        0       0        0       0  
   15      265    208638        0       0        0       0        0       0        0       0        0       0        0       0        0       0        0       0        0       0        0       0  
   16      254    202120        0       0        2    3028        0       0        0       0        0       0        0       0        0       0        0       0        0       0        0       0  
   17      258    203820        0       0        0       0        0       0        0       0        0       0        0       0        0       0        0       0        0       0        0       0  
   18      258    203844        0       0        1    1514        0       0        0       0        0       0        0       0        0       0        0       0        0       0        0       0  
   19      264    208572        0       0        1    1514        0       0        0       0        0       0        0       0        0       0        0       0        0       0        0       0  
   20      258    203820        0       0        0       0        0       0        0       0        0       0        0       0        0       0        0       0        0       0        0       0  
   21      262    207028        0       0        3    4542        0       0        0       0        0       0        0       0        0       0        0       0        0       0        0       0  
   22      260    205400        0       0        0       0        0       0        0       0        0       0        0       0        0       0        0       0        0       0        0       0  
   23      256    202276        0       0        0       0        0       0        0       0        0       0        0       0        0       0        0       0        0       0        0       0  
   24      268    211732        0       0        2    3028        0       0        0       0        0       0        0       0        0       0        0       0        0       0        0       0  
   25      262    205532        0       0        0       0        0       0        0       0        0       0        0       0        0       0        0       0        0       0        0       0  
   26      292    232164        0       0        2    3028        0       0        0       0        0       0        0       0        0       0        0       0        0       0        0       0  
   27      260    205424        0       0        2    3028        0       0        0       0        0       0        0       0        0       0        0       0        0       0        0       0  
   28      262    206992        0       0        0       0        0       0        0       0        0       0        0       0        0       0        0       0        0       0        0       0  
   29      264    208572        0       0        2    3028        0       0        0       0        0       0        0       0        0       0        0       0        0       0        0       0  
   30      260    205400        0       0        0       0        0       0        0       0        0       0        0       0        0       0        0       0        0       0        0       0  
   31      268    211772        0       0        0       0        0       0        0       0        0       0        0       0        0       0        0       0        0       0        0       0  
   32      378    298672        0       0        4    6056        0       0        0       0        0       0        0       0        0       0        0       0        0       0        0       0  
   33     1030    813712        0       0        0       0        0       0        0       0        0       0        0       0        0       0        0       0        0       0        0       0  
   34     1028    812132        0       0        2    3028        0       0        0       0        0       0        0       0        0       0        0       0        0       0        0       0  
   35     1128    891156        0       0        1    1514        0       0        0       0        0       0        0       0        0       0        0       0        0       0        0       0  
   36     1641   1300010        0       0        0       0        0       0        0       0        0       0        0       0        0       0        0       0        0       0        0       0  
