    1     1661   1300222      819   1225614       13   19682  
    2     1446   1129996      705   1051570       20   30280  
    3      266    210140      133    201362        0       0  
    4      268    210372      133    199922        1    1514  
    5      334    262520      166    249900        1    1514  
    6      258    203960      124    187736        5    7570  
    7      262    207068      127    192278        4    6056  
    8      262    207040      128    193792        3    4542  
    9      262    207088      122    184708        9   13626  
   10      256    202240      128    193792        0       0  
   11      260    205460      127    192278        3    4542  
   12      260    205448      126    190764        4    6056  
   13      260    205400      129    195306        1    1514  
   14      265    208674      130    196820        2    3028  
   15      265    208638      132    199848        0       0  
   16      254    202120      126    190764        2    3028  
   17      258    203820      129    195306        0       0  
   18      258    203844      128    193792        1    1514  
   19      264    208572      131    198334        1    1514  
   20      258    203820      129    195306        0       0  
   21      262    207028      128    193792        3    4542  
   22      260    205400      130    196820        0       0  
   23      256    202276      128    193792        0       0  
   24      268    211732      132    199848        2    3028  
   25      262    205532      130    196820        0       0  
   26      292    232164      145    219530        2    3028  
   27      260    205424      128    193792        2    3028  
   28      262    206992      131    198334        0       0  
   29      264    208572      130    196820        2    3028  
   30      260    205400      130    196820        0       0  
   31      268    211772      134    202876        0       0  
   32      378    298672      185    280090        4    6056  
   33     1030    813712      515    779710        0       0  
   34     1028    812132      512    775168        2    3028  
   35     1128    891156      563    852382        1    1514  
   36     1641   1300010      823   1246022        0       0  
