    1     1666   1302832        0       0       17   25738        0       0        0       0        0       0        0       0        0       0        0       0        0       0        0       0  
    2     1669   1306922        0       0       20   30280        0       0        0       0        0       0        0       0        0       0        0       0        0       0        0       0  
    3     1651   1303594        0       0        1    1514        0       0        0       0        0       0        0       0        0       0        0       0        0       0        0       0  
    4     1227    967366        0       0        2    3028        0       0        0       0        0       0        0       0        0       0        0       0        0       0        0       0  
    5      338    267116        0       0        1    1514        0       0        0       0        1    1514        0       0        0       0        0       0        0       0        0       0  
    6      270    213440        0       0        5    7570        0       0        0       0        0       0        0       0        0       0        0       0        0       0        0       0  
    7      266    210188        0       0        2    3028        0       0        0       0        0       0        0       0        0       0        0       0        0       0        0       0  
    8      263    207106        0       0        1    1514        0       0        0       0        0       0        0       0        0       0        0       0        0       0        0       0  
    9      271    214910        0       0        4    6056        0       0        0       0        0       0        0       0        0       0        0       0        0       0        0       0  
   10      508    401524        0       0        7   10598        0       0        0       0        0       0        0       0        0       0        0       0        0       0        0       0  
   11     1032    815428        0       0       11   16654        0       0        0       0        0       0        0       0        0       0        0       0        0       0        0       0  
   12     1024    808972        0       0        2    3028        0       0        0       0        0       0        0       0        0       0        0       0        0       0        0       0  
   13     1216    960724        0       0        6    9084        0       0        0       0        0       0        0       0        0       0        0       0        0       0        0       0  
   14     1622   1281404        0       0        2    3028        0       0        0       0        0       0        0       0        0       0        0       0        0       0        0       0  
   15     1630   1287748        0       0        5    7570        0       0        0       0        0       0        0       0        0       0        0       0        0       0        0       0  
   16     1632   1289352        0       0        5    7570        0       0        0       0        0       0        0       0        0       0        0       0        0       0        0       0  
   17     1630   1287724        0       0        2    3028        0       0        0       0        0       0        0       0        0       0        0       0        0       0        0       0  
   18     1628   1286228        0       0        6    9084        0       0        0       0        0       0        0       0        0       0        0       0        0       0        0       0  
   19     1628   1286180        0       0        5    7570        0       0        0       0        0       0        0       0        0       0        0       0        0       0        0       0  
   20     1622   1281476        0       0        6    9084        0       0        0       0        0       0        0       0        0       0        0       0        0       0        0       0  
   21     1634   1290932        0       0        6    9084        0       0        0       0        0       0        0       0        0       0        0       0        0       0        0       0  
   22     1634   1290908        0       0        3    4542        0       0        0       0        0       0        0       0        0       0        0       0        0       0        0       0  
   23     1206    952848        0       0        6    9084        0       0        0       0        0       0        0       0        0       0        0       0        0       0        0       0  
   24      268    211744        1    1514        2    3028        0       0        0       0        0       0        0       0        0       0        0       0        0       0        0       0  
   25      270    213324        0       0        0       0        0       0        0       0        0       0        0       0        0       0        0       0        0       0        0       0  
   26      264    208596        0       0        4    6056        0       0        0       0        0       0        0       0        0       0        0       0        0       0        0       0  
   27      264    208560        0       0        0       0        0       0        0       0        0       0        0       0        0       0        0       0        0       0        0       0  
   28      262    207004        0       0        1    1514        0       0        0       0        0       0        0       0        0       0        0       0        0       0        0       0  
   29      516    407652        0       0        1    1514        0       0        0       0        0       0        0       0        0       0        0       0        0       0        0       0  
   30     1026    810588        0       0        3    4542        0       0        0       0        0       0        0       0        0       0        0       0        0       0        0       0  
   31     1030    813748        0       0        3    4542        0       0        0       0        0       0        0       0        0       0        0       0        0       0        0       0  
   32     1032    815292        0       0        1    1514        0       0        0       0        0       0        0       0        0       0        0       0        0       0        0       0  
   33     1029    813670        0       0        1    1514        0       0        0       0        0       0        0       0        0       0        0       0        0       0        0       0  
   34     1038    820056        0       0        3    4542        0       0        0       0        0       0        0       0        0       0        0       0        0       0        0       0  
   35     1028    812192        0       0        6    9084        0       0        0       0        0       0        0       0        0       0        0       0        0       0        0       0  
   36     1028    812192        0       0        4    6056        0       0        0       0        0       0        0       0        0       0        0       0        0       0        0       0  
