    1     1666   1302832      817   1221890       17   25738  
    2     1669   1306922      816   1221072       20   30280  
    3     1651   1303594      824   1247536        1    1514  
    4     1227    967366      613    923770        2    3028  
    5      338    267116      167    252838        2    3028  
    6      270    213440      130    196820        5    7570  
    7      266    210188      131    198334        2    3028  
    8      263    207106      130    196820        1    1514  
    9      271    214910      132    199848        4    6056  
   10      508    401524      247    373958        7   10598  
   11     1032    815428      505    764570       11   16654  
   12     1024    808972      510    772140        2    3028  
   13     1216    960724      602    911428        6    9084  
   14     1622   1281404      809   1224826        2    3028  
   15     1630   1287748      810   1226340        5    7570  
   16     1632   1289352      811   1227854        5    7570  
   17     1630   1287724      813   1230882        2    3028  
   18     1628   1286228      808   1223312        6    9084  
   19     1628   1286180      809   1224826        5    7570  
   20     1622   1281476      805   1218770        6    9084  
   21     1634   1290932      811   1227854        6    9084  
   22     1634   1290908      814   1232396        3    4542  
   23     1206    952848      597    903858        6    9084  
   24      268    211744      131    198334        3    4542  
   25      270    213324      135    204390        0       0  
   26      264    208596      128    193792        4    6056  
   27      264    208560      132    199848        0       0  
   28      262    207004      130    196820        1    1514  
   29      516    407652      257    389098        1    1514  
   30     1026    810588      510    772140        3    4542  
   31     1030    813748      512    775168        3    4542  
   32     1032    815292      515    779710        1    1514  
   33     1029    813670      514    778196        1    1514  
   34     1038    820056      516    781224        3    4542  
   35     1028    812192      508    769112        6    9084  
   36     1028    812192      510    772140        4    6056  
