    1     1566   1221584        0       0       11   16654        0       0        0       0        0       0        0       0        0       0        0       0        0       0        0       0  
    2     1576   1232168        0       0        0       0        0       0        0       0        0       0        0       0        0       0        0       0        0       0        0       0  
    3     1555   1229194        0       0        1    1514        0       0        0       0        0       0        0       0        0       0        0       0        0       0        0       0  
    4     1552   1226308        0       0       13   19682        0       0        0       0        0       0        0       0        0       0        0       0        0       0        0       0  
    5     1556   1229348        0       0        5    7570        0       0        0       0        0       0        0       0        0       0        0       0        0       0        0       0  
    6     1556   1229360        0       0        4    6056        0       0        0       0        0       0        0       0        0       0        0       0        0       0        0       0  
    7     1556   1228664        0       0        6    8388        0       0        0       0        0       0        0       0        0       0        0       0        0       0        0       0  
    8     1556   1229396        0       0        9   13626        0       0        0       0        0       0        0       0        0       0        0       0        0       0        0       0  
    9     1554   1227780        0       0        6    9084        0       0        0       0        0       0        0       0        0       0        0       0        0       0        0       0  
   10     1542   1218276        0       0        4    6056        0       0        0       0        0       0        0       0        0       0        0       0        0       0        0       0  
   11      262    207016        0       0        1    1514        0       0        0       0        0       0        0       0        0       0        0       0        0       0        0       0  
   12      264    208584        0       0        2    3028        0       0        0       0        0       0        0       0        0       0        0       0        0       0        0       0  
   13      266    210140        0       0        1    1514        0       0        0       0        0       0        0       0        0       0        0       0        0       0        0       0  
   14      264    208584        0       0        0       0        0       0        0       0        0       0        0       0        0       0        0       0        0       0        0       0  
   15      272    215244        0       0        7   10598        0       0        0       0        0       0        0       0        0       0        0       0        0       0        0       0  
   16      267    210230        0       0        2    3028        0       0        0       0        0       0        0       0        0       0        0       0        0       0        0       0  
   17     1031    815394        0       0        7   10598        0       0        0       0        0       0        0       0        0       0        0       0        0       0        0       0  
   18     1026    810612        0       0        7   10598        0       0        0       0        0       0        0       0        0       0        0       0        0       0        0       0  
   19     1554   1227732        0       0        6    9084        0       0        0       0        0       0        0       0        0       0        0       0        0       0        0       0  
   20     1549   1224482        0       0        4    6056        0       0        0       0        0       0        0       0        0       0        0       0        0       0        0       0  
   21     1552   1226188        0       0        8   12112        0       0        0       0        0       0        0       0        0       0        0       0        0       0        0       0  
   22     1554   1227720        0       0        4    6056        0       0        0       0        0       0        0       0        0       0        0       0        0       0        0       0  
   23     1550   1224548        0       0        3    4542        0       0        0       0        0       0        0       0        0       0        0       0        0       0        0       0  
   24     1556   1229360        0       0        3    4542        0       0        0       0        0       0        0       0        0       0        0       0        0       0        0       0  
   25     1556   1229312        0       0        3    4542        0       0        0       0        0       0        0       0        0       0        0       0        0       0        0       0  
   26     1550   1224500        0       0        0       0        0       0        0       0        0       0        0       0        0       0        0       0        0       0        0       0  
   27     1554   1227720        0       0        3    4542        0       0        0       0        0       0        0       0        0       0        0       0        0       0        0       0  
   28     1558   1230904        0       0        6    9084        0       0        0       0        0       0        0       0        0       0        0       0        0       0        0       0  
   29      282    222780        0       0        1    1514        0       0        0       0        0       0        0       0        0       0        0       0        0       0        0       0  
   30      266    210164        0       0        1    1514        0       0        0       0        0       0        0       0        0       0        0       0        0       0        0       0  
   31      266    210152        0       0        1    1514        0       0        0       0        0       0        0       0        0       0        0       0        0       0        0       0  
   32      266    210152        0       0        2    3028        0       0        0       0        0       0        0       0        0       0        0       0        0       0        0       0  
   33      270    213324        0       0        1    1514        0       0        0       0        0       0        0       0        0       0        0       0        0       0        0       0  
   34      286    225952        0       0        1    1514        0       0        0       0        0       0        0       0        0       0        0       0        0       0        0       0  
   35      264    208560        0       0        0       0        0       0        0       0        0       0        0       0        0       0        0       0        0       0        0       0  
   36      264    208620        0       0        2    3028        0       0        0       0        0       0        0       0        0       0        0       0        0       0        0       0  
