    1     1566   1221584      773   1153106       11   16654  
    2     1576   1232168      790   1180260        0       0  
    3     1555   1229194      777   1176378        1    1514  
    4     1552   1226308      763   1155182       13   19682  
    5     1556   1229348      773   1170322        5    7570  
    6     1556   1229360      774   1171836        4    6056  
    7     1556   1228664      772   1168808        6    8388  
    8     1556   1229396      769   1164266        9   13626  
    9     1554   1227780      771   1167294        6    9084  
   10     1542   1218276      767   1161238        4    6056  
   11      262    207016      130    196820        1    1514  
   12      264    208584      130    196820        2    3028  
   13      266    210140      132    199848        1    1514  
   14      264    208584      132    199848        0       0  
   15      272    215244      129    195306        7   10598  
   16      267    210230      131    198334        2    3028  
   17     1031    815394      509    770626        7   10598  
   18     1026    810612      506    766084        7   10598  
   19     1554   1227732      771   1167294        6    9084  
   20     1549   1224482      771   1167294        4    6056  
   21     1552   1226188      768   1162752        8   12112  
   22     1554   1227720      773   1170322        4    6056  
   23     1550   1224548      772   1168808        3    4542  
   24     1556   1229360      775   1173350        3    4542  
   25     1556   1229312      775   1173350        3    4542  
   26     1550   1224500      775   1173350        0       0  
   27     1554   1227720      774   1171836        3    4542  
   28     1558   1230904      773   1170322        6    9084  
   29      282    222780      140    211960        1    1514  
   30      266    210164      132    199848        1    1514  
   31      266    210152      132    199848        1    1514  
   32      266    210152      131    198334        2    3028  
   33      270    213324      134    202876        1    1514  
   34      286    225952      142    214988        1    1514  
   35      264    208560      132    199848        0       0  
   36      264    208620      130    196820        2    3028  
