    1     1578   1233940        0       0       14   21196        0       0        0       0        0       0        0       0        0       0        0       0        0       0        0       0  
    2     1602   1248832        0       0       17   25738        0       0        0       0        0       0        0       0        0       0        0       0        0       0        0       0  
    3     1572   1241908        0       0        1    1514        0       0        0       0        0       0        0       0        0       0        0       0        0       0        0       0  
    4     1566   1237572        0       0        8   12112        0       0        0       0        0       0        0       0        0       0        0       0        0       0        0       0  
    5     1640   1295680        0       0        2    3028        0       0        0       0        0       0        0       0        0       0        0       0        0       0        0       0  
    6     1648   1302116        0       0        3    4542        0       0        0       0        0       0        0       0        0       0        0       0        0       0        0       0  
    7     1651   1303698        0       0        3    4542        0       0        0       0        0       0        0       0        0       0        0       0        0       0        0       0  
    8     1651   1305182        0       0        2    3028        0       0        0       0        0       0        0       0        0       0        0       0        0       0        0       0  
    9     1651   1303706        0       0        3    4542        0       0        0       0        0       0        0       0        0       0        0       0        0       0        0       0  
   10     1651   1305126        0       0        3    4542        0       0        0       0        0       0        0       0        0       0        0       0        0       0        0       0  
   11     1652   1305192        0       0        2    3028        0       0        0       0        0       0        0       0        0       0        0       0        0       0        0       0  
   12     1651   1303762        0       0        3    4542        0       0        0       0        0       0        0       0        0       0        0       0        0       0        0       0  
   13     1651   1305182        0       0        3    4542        0       0        0       0        0       0        0       0        0       0        0       0        0       0        0       0  
   14     1651   1303706        0       0        5    7570        0       0        0       0        0       0        0       0        0       0        0       0        0       0        0       0  
   15     1652   1305248        0       0        4    6056        0       0        0       0        0       0        0       0        0       0        0       0        0       0        0       0  
   16     1648   1302060        0       0        5    7570        0       0        0       0        0       0        0       0        0       0        0       0        0       0        0       0  
   17     1652   1305308        0       0        8   12112        0       0        0       0        0       0        0       0        0       0        0       0        0       0        0       0  
   18     1651   1305050        0       0        4    6056        0       0        0       0        0       0        0       0        0       0        0       0        0       0        0       0  
   19     1651   1303602        0       0        1    1514        0       0        0       0        0       0        0       0        0       0        0       0        0       0        0       0  
   20     1652   1305184        0       0        3    4542        0       0        0       0        0       0        0       0        0       0        0       0        0       0        0       0  
   21     1649   1303550        0       0        9   13626        0       0        0       0        0       0        0       0        0       0        0       0        0       0        0       0  
   22     1651   1303630        0       0        2    3028        0       0        0       0        0       0        0       0        0       0        0       0        0       0        0       0  
   23     1652   1305152        0       0        6    9084        0       0        0       0        0       0        0       0        0       0        0       0        0       0        0       0  
   24     1651   1305062        0       0        4    6056        0       0        0       0        0       0        0       0        0       0        0       0        0       0        0       0  
   25     1651   1303626        0       0        5    7570        0       0        0       0        0       0        0       0        0       0        0       0        0       0        0       0  
   26     1651   1305086        0       0        2    3028        0       0        0       0        0       0        0       0        0       0        0       0        0       0        0       0  
   27     1651   1303590        0       0        1    1514        0       0        0       0        0       0        0       0        0       0        0       0        0       0        0       0  
   28     1652   1305152        0       0        3    4542        0       0        0       0        0       0        0       0        0       0        0       0        0       0        0       0  
   29     1651   1305062        0       0        3    4542        0       0        0       0        0       0        0       0        0       0        0       0        0       0        0       0  
   30     1651   1303590        0       0        0       0        0       0        0       0        0       0        0       0        0       0        0       0        0       0        0       0  
   31     1651   1305090        0       0        3    4542        0       0        0       0        0       0        0       0        0       0        0       0        0       0        0       0  
   32     1651   1303614        0       0        3    4542        0       0        0       0        0       0        0       0        0       0        0       0        0       0        0       0  
   33     1652   1305140        0       0        1    1514        0       0        0       0        0       0        0       0        0       0        0       0        0       0        0       0  
   34     1651   1305050        0       0        3    4542        0       0        0       0        0       0        0       0        0       0        0       0        0       0        0       0  
   35     1649   1302070        0       0        7   10598        0       0        0       0        0       0        0       0        0       0        0       0        0       0        0       0  
   36     1652   1305152        0       0        6    9084        0       0        0       0        0       0        0       0        0       0        0       0        0       0        0       0  
