    1     1578   1233940      776   1160512       14   21196  
    2     1602   1248832      786   1169892       17   25738  
    3     1572   1241908      785   1188490        1    1514  
    4     1566   1237572      775   1173350        8   12112  
    5     1640   1295680      818   1238452        2    3028  
    6     1648   1302116      821   1242994        3    4542  
    7     1651   1303698      822   1244508        3    4542  
    8     1651   1305182      824   1247536        2    3028  
    9     1651   1303706      822   1244508        3    4542  
   10     1651   1305126      823   1246022        3    4542  
   11     1652   1305192      824   1247536        2    3028  
   12     1651   1303762      822   1244508        3    4542  
   13     1651   1305182      823   1246022        3    4542  
   14     1651   1303706      820   1241480        5    7570  
   15     1652   1305248      822   1244508        4    6056  
   16     1648   1302060      819   1239966        5    7570  
   17     1652   1305308      818   1238452        8   12112  
   18     1651   1305050      822   1244508        4    6056  
   19     1651   1303602      824   1247536        1    1514  
   20     1652   1305184      823   1246022        3    4542  
   21     1649   1303550      816   1235424        9   13626  
   22     1651   1303630      823   1246022        2    3028  
   23     1652   1305152      820   1241480        6    9084  
   24     1651   1305062      822   1244508        4    6056  
   25     1651   1303626      820   1241480        5    7570  
   26     1651   1305086      824   1247536        2    3028  
   27     1651   1303590      824   1247536        1    1514  
   28     1652   1305152      823   1246022        3    4542  
   29     1651   1305062      823   1246022        3    4542  
   30     1651   1303590      825   1249050        0       0  
   31     1651   1305090      823   1246022        3    4542  
   32     1651   1303614      822   1244508        3    4542  
   33     1652   1305140      825   1249050        1    1514  
   34     1651   1305050      823   1246022        3    4542  
   35     1649   1302070      817   1236938        7   10598  
   36     1652   1305152      820   1241480        6    9084  
