    1     1663   1297990        0       0       67   101438        0       0        0       0        0       0        0       0        0       0        0       0        0       0        0       0  
    2     1664   1305384        0       0       14    21196        0       0        0       0        0       0        0       0        0       0        0       0        0       0        0       0  
    3     1651   1303638        0       0        7    10598        0       0        0       0        0       0        0       0        0       0        0       0        0       0        0       0  
    4     1661   1305814        0       0        2     3028        0       0        0       0        0       0        0       0        0       0        0       0        0       0        0       0  
    5     1651   1303650        0       0        7    10598        0       0        0       0        0       0        0       0        0       0        0       0        0       0        0       0  
    6     1652   1305152        0       0        6     9084        0       0        0       0        0       0        0       0        0       0        0       0        0       0        0       0  
    7     1651   1305110        0       0        9    13626        0       0        0       0        0       0        0       0        0       0        0       0        0       0        0       0  
    8     1651   1303638        0       0        6     9084        0       0        0       0        0       0        0       0        0       0        0       0        0       0        0       0  
    9     1651   1305098        0       0        6     9084        0       0        0       0        0       0        0       0        0       0        0       0        0       0        0       0  
   10     1651   1303626        0       0        3     4542        0       0        0       0        0       0        0       0        0       0        0       0        0       0        0       0  
   11     1652   1305128        0       0        5     7570        0       0        0       0        0       0        0       0        0       0        0       0        0       0        0       0  
   12     1651   1305110        0       0        7    10598        0       0        0       0        0       0        0       0        0       0        0       0        0       0        0       0  
   13     1651   1303650        0       0        7    10598        0       0        0       0        0       0        0       0        0       0        0       0        0       0        0       0  
   14     1652   1305128        0       0        3     4542        0       0        0       0        0       0        0       0        0       0        0       0        0       0        0       0  
   15     1651   1305050        0       0        1     1514        0       0        0       0        0       0        0       0        0       0        0       0        0       0        0       0  
   16     1651   1303578        0       0        2     3028        0       0        0       0        0       0        0       0        0       0        0       0        0       0        0       0  
   17     1651   1305050        0       0        1     1514        0       0        0       0        0       0        0       0        0       0        0       0        0       0        0       0  
   18     1651   1303654        0       0        2     3028        0       0        0       0        0       0        0       0        0       0        0       0        0       0        0       0  
   19     1652   1305152        0       0        3     4542        0       0        0       0        0       0        0       0        0       0        0       0        0       0        0       0  
   20     1651   1305142        0       0       11    16654        0       0        0       0        0       0        0       0        0       0        0       0        0       0        0       0  
   21     1651   1303638        0       0        5     7570        0       0        0       0        0       0        0       0        0       0        0       0        0       0        0       0  
   22     1648   1301956        0       0        1     1514        0       0        0       0        0       0        0       0        0       0        0       0        0       0        0       0  
   23     1658   1305380        0       0        3     4542        0       0        0       0        0       0        0       0        0       0        0       0        0       0        0       0  
   24     1654   1303800        0       0        8    12112        0       0        0       0        0       0        0       0        0       0        0       0        0       0        0       0  
   25     1659   1305398        0       0        3     4542        0       0        0       0        0       0        0       0        0       0        0       0        0       0        0       0  
   26     1652   1303644        0       0        1     1514        0       0        0       0        0       0        0       0        0       0        0       0        0       0        0       0  
   27     1654   1305252        0       0        2     3028        0       0        0       0        0       0        0       0        0       0        0       0        0       0        0       0  
   28     1653   1305158        0       0        4     6056        0       0        0       0        0       0        0       0        0       0        0       0        0       0        0       0  
   29     1651   1303650        0       0        8    12112        0       0        0       0        0       0        0       0        0       0        0       0        0       0        0       0  
   30     1652   1305164        0       0        6     9084        0       0        0       0        0       0        0       0        0       0        0       0        0       0        0       0  
   31     1651   1305098        0       0        7    10598        0       0        0       0        0       0        0       0        0       0        0       0        0       0        0       0  
   32     1650   1303548        0       0        3     4542        0       0        0       0        0       0        0       0        0       0        0       0        0       0        0       0  
   33     1652   1305164        0       0        6     9084        0       0        0       0        0       0        0       0        0       0        0       0        0       0        0       0  
   34     1651   1303626        0       0        5     7570        0       0        0       0        0       0        0       0        0       0        0       0        0       0        0       0  
   35     1652   1305152        0       0        6     9084        0       0        0       0        0       0        0       0        0       0        0       0        0       0        0       0  
   36     1651   1305062        0       0        3     4542        0       0        0       0        0       0        0       0        0       0        0       0        0       0        0       0  
