    1     1663   1297990      766   1140364       67   101438  
    2     1664   1305384      819   1228478       14    21196  
    3     1651   1303638      818   1238452        7    10598  
    4     1661   1305814      830   1247996        2     3028  
    5     1651   1303650      818   1238452        7    10598  
    6     1652   1305152      820   1241480        6     9084  
    7     1651   1305110      817   1236938        9    13626  
    8     1651   1303638      819   1239966        6     9084  
    9     1651   1305098      820   1241480        6     9084  
   10     1651   1303626      822   1244508        3     4542  
   11     1652   1305128      821   1242994        5     7570  
   12     1651   1305110      819   1239966        7    10598  
   13     1651   1303650      818   1238452        7    10598  
   14     1652   1305128      823   1246022        3     4542  
   15     1651   1305050      825   1249050        1     1514  
   16     1651   1303578      823   1246022        2     3028  
   17     1651   1305050      825   1249050        1     1514  
   18     1651   1303654      823   1246022        2     3028  
   19     1652   1305152      823   1246022        3     4542  
   20     1651   1305142      815   1233910       11    16654  
   21     1651   1303638      820   1241480        5     7570  
   22     1648   1301956      823   1246022        1     1514  
   23     1658   1305380      823   1246022        3     4542  
   24     1654   1303800      817   1236938        8    12112  
   25     1659   1305398      823   1246022        3     4542  
   26     1652   1303644      824   1247536        1     1514  
   27     1654   1305252      824   1247536        2     3028  
   28     1653   1305158      822   1244508        4     6056  
   29     1651   1303650      817   1236938        8    12112  
   30     1652   1305164      820   1241480        6     9084  
   31     1651   1305098      819   1239966        7    10598  
   32     1650   1303548      822   1244508        3     4542  
   33     1652   1305164      820   1241480        6     9084  
   34     1651   1303626      820   1241480        5     7570  
   35     1652   1305152      820   1241480        6     9084  
   36     1651   1305062      823   1246022        3     4542  
