    1     1667   1302638      834   1247628        0       0  
    2     1674   1305284      839   1250134        0       0  
    3     1300   1027000      650    984100        0       0  
    4     1650   1303500      825   1249050        0       0  
    5     1651   1305014      826   1250564        0       0  
    6     1652   1305080      826   1250564        0       0  
    7     1651   1303566      825   1249050        0       0  
    8     1652   1305080      826   1250564        0       0  
    9     1651   1305014      826   1250564        0       0  
   10     1649   1301986      824   1247536        0       0  
   11     1652   1305080      826   1250564        0       0  
   12     1651   1305014      826   1250564        0       0  
   13     1651   1303566      825   1249050        0       0  
   14     1639   1295534      820   1241480        0       0  
   15     1651   1303566      825   1249050        0       0  
   16     1651   1305014      826   1250564        0       0  
   17     1652   1305080      826   1250564        0       0  
   18     1651   1303566      825   1249050        0       0  
   19     1651   1305014      826   1250564        0       0  
   20     1651   1303566      825   1249050        0       0  
   21     1652   1305080      826   1250564        0       0  
   22     1651   1305014      826   1250564        0       0  
   23     1650   1303500      825   1249050        0       0  
   24     1652   1305080      826   1250564        0       0  
   25     1651   1303566      825   1249050        0       0  
   26     1652   1305080      826   1250564        0       0  
   27     1651   1305014      826   1250564        0       0  
   28     1650   1303500      825   1249050        0       0  
   29     1651   1303566      825   1249050        0       0  
   30     1650   1303500      825   1249050        0       0  
   31     1652   1305080      826   1250564        0       0  
   32     1651   1305014      826   1250564        0       0  
   33     1651   1303566      825   1249050        0       0  
   34     1651   1305014      826   1250564        0       0  
   35     1651   1303566      825   1249050        0       0  
   36     1651   1305014      826   1250564        0       0  
