    1     1637   1288330      751   1130582       68   102256  
    2     1676   1305656      831   1238054        8    12112  
    3     1650   1303612      823   1246022        2     3028  
    4     1652   1305196      823   1246022        3     4542  
    5     1651   1303690      822   1244508        3     4542  
    6     1651   1305154      823   1246022        3     4542  
    7     1651   1303726      821   1242994        4     6056  
    8     1652   1305176      821   1242994        5     7570  
    9     1651   1305090      822   1244508        4     6056  
   10     1651   1303662      818   1238452        7    10598  
   11     1651   1305086      819   1239966        7    10598  
   12     1652   1305144      824   1247536        2     3028  
   13     1651   1303654      823   1246022        2     3028  
   14     1651   1305062      822   1244508        4     6056  
   15     1651   1303638      819   1239966        6     9084  
   16     1652   1305176      818   1238452        8    12112  
   17     1651   1305086      820   1241480        6     9084  
   18     1651   1303662      817   1236938        8    12112  
   19     1651   1305050      824   1247536        2     3028  
   20     1651   1303626      823   1246022        2     3028  
   21     1652   1305128      823   1246022        3     4542  
   22     1651   1305050      825   1249050        1     1514  
   23     1650   1303512      823   1246022        2     3028  
   24     1651   1303602      824   1247536        1     1514  
   25     1651   1305106      823   1246022        3     4542  
   26     1651   1303690      817   1236938        8    12112  
   27     1650   1303596      816   1235424        9    13626  
   28     1651   1305098      820   1241480        6     9084  
   29     1651   1303662      817   1236938        8    12112  
   30     1652   1305128      824   1247536        2     3028  
   31     1651   1305038      825   1249050        1     1514  
   32     1651   1303638      822   1244508        3     4542  
   33     1652   1305116      824   1247536        2     3028  
   34     1651   1305062      823   1246022        3     4542  
   35     1634   1290932      815   1233910        2     3028  
   36     1649   1302022      822   1244508        2     3028  
