    1     1584   1238840        0       0       26   39364        0       0        0       0        0       0        0       0        0       0        0       0        0       0        0       0  
    2     1595   1244494        0       0       12   18168        0       0        0       0        0       0        0       0        0       0        0       0        0       0        0       0  
    3     1645   1298966        0       0        3    4542        0       0        0       0        0       0        0       0        0       0        0       0        0       0        0       0  
    4     1652   1305192        0       0        2    3028        0       0        0       0        0       0        0       0        0       0        0       0        0       0        0       0  
    5     1650   1303752        0       0        3    4542        0       0        0       0        0       0        0       0        0       0        0       0        0       0        0       0  
    6     1652   1305248        0       0        2    3028        0       0        0       0        0       0        0       0        0       0        0       0        0       0        0       0  
    7     1651   1303706        0       0        3    4542        0       0        0       0        0       0        0       0        0       0        0       0        0       0        0       0  
    8     1652   1305248        0       0        3    4542        0       0        0       0        0       0        0       0        0       0        0       0        0       0        0       0  
    9     1651   1305126        0       0        3    4542        0       0        0       0        0       0        0       0        0       0        0       0        0       0        0       0  
   10     1651   1303706        0       0        3    4542        0       0        0       0        0       0        0       0        0       0        0       0        0       0        0       0  
   11     1644   1298928        0       0        2    3028        0       0        0       0        0       0        0       0        0       0        0       0        0       0        0       0  
   12     1649   1303770        0       0       11   16654        0       0        0       0        0       0        0       0        0       0        0       0        0       0        0       0  
   13     1650   1303640        0       0        3    4542        0       0        0       0        0       0        0       0        0       0        0       0        0       0        0       0  
   14     1652   1305248        0       0        5    7570        0       0        0       0        0       0        0       0        0       0        0       0        0       0        0       0  
   15     1648   1302076        0       0        5    7570        0       0        0       0        0       0        0       0        0       0        0       0        0       0        0       0  
   16     1652   1305196        0       0        3    4542        0       0        0       0        0       0        0       0        0       0        0       0        0       0        0       0  
   17     1651   1303666        0       0        3    4542        0       0        0       0        0       0        0       0        0       0        0       0        0       0        0       0  
   18     1651   1305074        0       0        6    9084        0       0        0       0        0       0        0       0        0       0        0       0        0       0        0       0  
   19     1651   1303650        0       0        6    9084        0       0        0       0        0       0        0       0        0       0        0       0        0       0        0       0  
   20     1652   1305152        0       0        4    6056        0       0        0       0        0       0        0       0        0       0        0       0        0       0        0       0  
   21     1651   1305062        0       0        3    4542        0       0        0       0        0       0        0       0        0       0        0       0        0       0        0       0  
   22     1651   1303662        0       0        9   13626        0       0        0       0        0       0        0       0        0       0        0       0        0       0        0       0  
   23     1651   1305098        0       0        6    9084        0       0        0       0        0       0        0       0        0       0        0       0        0       0        0       0  
   24     1651   1303638        0       0        4    6056        0       0        0       0        0       0        0       0        0       0        0       0        0       0        0       0  
   25     1651   1305062        0       0        5    7570        0       0        0       0        0       0        0       0        0       0        0       0        0       0        0       0  
   26     1652   1305152        0       0        6    9084        0       0        0       0        0       0        0       0        0       0        0       0        0       0        0       0  
   27     1651   1303602        0       0        1    1514        0       0        0       0        0       0        0       0        0       0        0       0        0       0        0       0  
   28     1648   1304940        0       0        3    4542        0       0        0       0        0       0        0       0        0       0        0       0        0       0        0       0  
   29     1654   1303824        0       0        6    9084        0       0        0       0        0       0        0       0        0       0        0       0        0       0        0       0  
   30     1660   1305512        0       0        7   10598        0       0        0       0        0       0        0       0        0       0        0       0        0       0        0       0  
   31     1661   1304022        0       0        3    4542        0       0        0       0        0       0        0       0        0       0        0       0        0       0        0       0  
   32     1657   1305326        0       0        5    7570        0       0        0       0        0       0        0       0        0       0        0       0        0       0        0       0  
   33     1651   1303650        0       0        7   10598        0       0        0       0        0       0        0       0        0       0        0       0        0       0        0       0  
   34     1652   1305164        0       0        7   10598        0       0        0       0        0       0        0       0        0       0        0       0        0       0        0       0  
   35     1651   1305086        0       0        6    9084        0       0        0       0        0       0        0       0        0       0        0       0        0       0        0       0  
   36     1648   1302004        0       0        3    4542        0       0        0       0        0       0        0       0        0       0        0       0        0       0        0       0  
