    1     1584   1238840      768   1146952       26   39364  
    2     1595   1244494      787   1172854       12   18168  
    3     1645   1298966      819   1239966        3    4542  
    4     1652   1305192      824   1247536        2    3028  
    5     1650   1303752      822   1244508        3    4542  
    6     1652   1305248      824   1247536        2    3028  
    7     1651   1303706      822   1244508        3    4542  
    8     1652   1305248      823   1246022        3    4542  
    9     1651   1305126      823   1246022        3    4542  
   10     1651   1303706      822   1244508        3    4542  
   11     1644   1298928      820   1241480        2    3028  
   12     1649   1303770      814   1232396       11   16654  
   13     1650   1303640      822   1244508        3    4542  
   14     1652   1305248      821   1242994        5    7570  
   15     1648   1302076      819   1239966        5    7570  
   16     1652   1305196      823   1246022        3    4542  
   17     1651   1303666      822   1244508        3    4542  
   18     1651   1305074      820   1241480        6    9084  
   19     1651   1303650      819   1239966        6    9084  
   20     1652   1305152      822   1244508        4    6056  
   21     1651   1305062      823   1246022        3    4542  
   22     1651   1303662      816   1235424        9   13626  
   23     1651   1305098      820   1241480        6    9084  
   24     1651   1303638      821   1242994        4    6056  
   25     1651   1305062      821   1242994        5    7570  
   26     1652   1305152      820   1241480        6    9084  
   27     1651   1303602      824   1247536        1    1514  
   28     1648   1304940      823   1246022        3    4542  
   29     1654   1303824      819   1239966        6    9084  
   30     1660   1305512      819   1239966        7   10598  
   31     1661   1304022      822   1244508        3    4542  
   32     1657   1305326      821   1242994        5    7570  
   33     1651   1303650      818   1238452        7   10598  
   34     1652   1305164      819   1239966        7   10598  
   35     1651   1305086      820   1241480        6    9084  
   36     1648   1302004      821   1242994        3    4542  
