    1     1668   1304912        0       0       38   57532        0       0        0       0        0       0        0       0        0       0        0       0        0       0        0       0  
    2      849    661186        0       0        7   10598        0       0        0       0        0       0        0       0        0       0        0       0        0       0        0       0  
    3      262    206468        0       0        9   12930        0       0        0       0        0       0        0       0        0       0        0       0        0       0        0       0  
    4      266    210248        0       0        8   12112        0       0        0       0        0       0        0       0        0       0        0       0        0       0        0       0  
    5      340    265740        0       0        6    9084        0       0        0       0        0       0        0       0        0       0        0       0        0       0        0       0  
    6      264    208680        0       0        4    6056        0       0        0       0        0       0        0       0        0       0        0       0        0       0        0       0  
    7      258    205268        0       0        0       0        0       0        0       0        0       0        0       0        0       0        0       0        0       0        0       0  
    8      274    215028        0       0        0       0        0       0        0       0        0       0        0       0        0       0        0       0        0       0        0       0  
    9      270    211972        0       0        6    9084        0       0        0       0        0       0        0       0        0       0        0       0        0       0        0       0  
   10      266    210248        0       0        3    4542        0       0        0       0        0       0        0       0        0       0        0       0        0       0        0       0  
   11      268    211732        0       0        0       0        0       0        0       0        0       0        0       0        0       0        0       0        0       0        0       0  
   12      266    210252        0       0        7   10598        0       0        0       0        0       0        0       0        0       0        0       0        0       0        0       0  
   13      262    206980        0       0        0       0        0       0        0       0        0       0        0       0        0       0        0       0        0       0        0       0  
   14      274    216484        0       0        1    1514        0       0        0       0        0       0        0       0        0       0        0       0        0       0        0       0  
   15      262    207016        0       0        3    4542        0       0        0       0        0       0        0       0        0       0        0       0        0       0        0       0  
   16      262    206992        0       0        1    1514        0       0        0       0        0       0        0       0        0       0        0       0        0       0        0       0  
   17      266    210152        0       0        2    3028        0       0        0       0        0       0        0       0        0       0        0       0        0       0        0       0  
   18      266    210140        0       0        0       0        0       0        0       0        0       0        0       0        0       0        0       0        0       0        0       0  
   19      268    211756        0       0        1    1514        0       0        0       0        0       0        0       0        0       0        0       0        0       0        0       0  
   20      264    208648        0       0        2    3028        0       0        0       0        0       0        0       0        0       0        0       0        0       0        0       0  
   21      268    210296        0       0        2    3028        0       0        0       0        0       0        0       0        0       0        0       0        0       0        0       0  
   22      266    211612        0       0        0       0        0       0        0       0        0       0        0       0        0       0        0       0        0       0        0       0  
   23      266    210176        0       0        4    6056        0       0        0       0        0       0        0       0        0       0        0       0        0       0        0       0  
   24      268    211720        0       0        0       0        0       0        0       0        0       0        0       0        0       0        0       0        0       0        0       0  
   25      264    208596        0       0        2    3028        0       0        0       0        0       0        0       0        0       0        0       0        0       0        0       0  
   26      290    229136        0       0        2    3028        0       0        0       0        0       0        0       0        0       0        0       0        0       0        0       0  
   27      256    202252        0       0        1    1514        0       0        0       0        0       0        0       0        0       0        0       0        0       0        0       0  
   28      264    208560        0       0        1    1514        0       0        0       0        0       0        0       0        0       0        0       0        0       0        0       0  
   29      262    207004        0       0        0       0        0       0        0       0        0       0        0       0        0       0        0       0        0       0        0       0  
   30      256    202328        0       0        4    6056        0       0        0       0        0       0        0       0        0       0        0       0        0       0        0       0  
   31      272    214928        0       0        1    1514        0       0        0       0        0       0        0       0        0       0        0       0        0       0        0       0  
   32      258    203820        0       0        0       0        0       0        0       0        0       0        0       0        0       0        0       0        0       0        0       0  
   33      258    203856        0       0        2    3028        0       0        0       0        0       0        0       0        0       0        0       0        0       0        0       0  
   34      266    210176        0       0        2    3028        0       0        0       0        0       0        0       0        0       0        0       0        0       0        0       0  
   35      258    203820        0       0        0       0        0       0        0       0        0       0        0       0        0       0        0       0        0       0        0       0  
   36      268    211732        0       0        2    3028        0       0        0       0        0       0        0       0        0       0        0       0        0       0        0       0  
