    1     1668   1304912      797   1191610       38   57532  
    2      849    661186      419    621462        7   10598  
    3      262    206468      122    184708        9   12930  
    4      266    210248      125    189250        8   12112  
    5      340    265740      162    245268        6    9084  
    6      264    208680      128    193792        4    6056  
    7      258    205268      130    196820        0       0  
    8      274    215028      137    205978        0       0  
    9      270    211972      129    193882        6    9084  
   10      266    210248      130    196820        3    4542  
   11      268    211732      134    202876        0       0  
   12      266    210252      126    190764        7   10598  
   13      262    206980      131    198334        0       0  
   14      274    216484      136    205904        1    1514  
   15      262    207016      128    193792        3    4542  
   16      262    206992      130    196820        1    1514  
   17      266    210152      131    198334        2    3028  
   18      266    210140      133    201362        0       0  
   19      268    211756      133    201362        1    1514  
   20      264    208648      130    196820        2    3028  
   21      268    210296      131    198334        2    3028  
   22      266    211612      134    202876        0       0  
   23      266    210176      129    195306        4    6056  
   24      268    211720      134    202876        0       0  
   25      264    208596      130    196820        2    3028  
   26      290    229136      143    216502        2    3028  
   27      256    202252      127    192278        1    1514  
   28      264    208560      131    198334        1    1514  
   29      262    207004      131    198334        0       0  
   30      256    202328      124    187736        4    6056  
   31      272    214928      135    204390        1    1514  
   32      258    203820      129    195306        0       0  
   33      258    203856      127    192278        2    3028  
   34      266    210176      131    198334        2    3028  
   35      258    203820      129    195306        0       0  
   36      268    211732      132    199848        2    3028  
