    1     1652   1299352        0       0       71   107494        0       0        0       0        0       0        0       0        0       0        0       0        0       0        0       0  
    2     1660   1304864        0       0       19    28766        0       0        0       0        0       0        0       0        0       0        0       0        0       0        0       0  
    3     1648   1302040        0       0        8    12112        0       0        0       0        0       0        0       0        0       0        0       0        0       0        0       0  
    4     1663   1303114        0       0        8    12112        0       0        0       0        0       0        0       0        0       0        0       0        0       0        0       0  
    5     1649   1303506        0       0        5     7570        0       0        0       0        0       0        0       0        0       0        0       0        0       0        0       0  
    6     1649   1302070        0       0        7    10598        0       0        0       0        0       0        0       0        0       0        0       0        0       0        0       0  
    7     1646   1300400        0       0        3     4542        0       0        0       0        0       0        0       0        0       0        0       0        0       0        0       0  
    8     1650   1303584        0       0        7    10598        0       0        0       0        0       0        0       0        0       0        0       0        0       0        0       0  
    9     1649   1303494        0       0        3     4542        0       0        0       0        0       0        0       0        0       0        0       0        0       0        0       0  
   10     1446   1142364        0       0        2     3028        0       0        0       0        0       0        0       0        0       0        0       0        0       0        0       0  
   11      256    202288        0       0        3     4542        0       0        0       0        0       0        0       0        0       0        0       0        0       0        0       0  
   12      262    207004        0       0        0        0        0       0        0       0        0       0        0       0        0       0        0       0        0       0        0       0  
   13      258    203880        0       0        4     6056        0       0        0       0        0       0        0       0        0       0        0       0        0       0        0       0  
   14      258    203820        0       0        0        0        0       0        0       0        0       0        0       0        0       0        0       0        0       0        0       0  
   15      264    208560        0       0        0        0        0       0        0       0        0       0        0       0        0       0        0       0        0       0        0       0  
   16      372    293916        0       0        2     3028        0       0        0       0        0       0        0       0        0       0        0       0        0       0        0       0  
   17     1028    812132        0       0        1     1514        0       0        0       0        0       0        0       0        0       0        0       0        0       0        0       0  
   18     1028    812120        0       0        0        0        0       0        0       0        0       0        0       0        0       0        0       0        0       0        0       0  
   19     1030    813700        0       0        0        0        0       0        0       0        0       0        0       0        0       0        0       0        0       0        0       0  
   20     1030    813700        0       0        0        0        0       0        0       0        0       0        0       0        0       0        0       0        0       0        0       0  
   21     1030    813700        0       0        0        0        0       0        0       0        0       0        0       0        0       0        0       0        0       0        0       0  
   22     1116    881700        0       0        4     6056        0       0        0       0        0       0        0       0        0       0        0       0        0       0        0       0  
   23     1624   1283008        0       0        3     4542        0       0        0       0        0       0        0       0        0       0        0       0        0       0        0       0  
   24     1622   1281380        0       0        0        0        0       0        0       0        0       0        0       0        0       0        0       0        0       0        0       0  
   25     1594   1259260        0       0        0        0        0       0        0       0        0       0        0       0        0       0        0       0        0       0        0       0  
   26     1606   1268740        0       0        0        0        0       0        0       0        0       0        0       0        0       0        0       0        0       0        0       0  
   27     1618   1278220        0       0        0        0        0       0        0       0        0       0        0       0        0       0        0       0        0       0        0       0  
   28     1627   1284606        0       0        0        0        0       0        0       0        0       0        0       0        0       0        0       0        0       0        0       0  
   29     1645   1300274        0       0        0        0        0       0        0       0        0       0        0       0        0       0        0       0        0       0        0       0  
   30     1643   1297354        0       0        7    10598        0       0        0       0        0       0        0       0        0       0        0       0        0       0        0       0  
   31     1646   1300364        0       0        3     4542        0       0        0       0        0       0        0       0        0       0        0       0        0       0        0       0  
   32     1652   1305080        0       0        0        0        0       0        0       0        0       0        0       0        0       0        0       0        0       0        0       0  
   33     1650   1303500        0       0        0        0        0       0        0       0        0       0        0       0        0       0        0       0        0       0        0       0  
   34     1650   1303500        0       0        0        0        0       0        0       0        0       0        0       0        0       0        0       0        0       0        0       0  
   35     1652   1305140        0       0        3     4542        0       0        0       0        0       0        0       0        0       0        0       0        0       0        0       0  
   36     1651   1305050        0       0        3     4542        0       0        0       0        0       0        0       0        0       0        0       0        0       0        0       0  
