    1     1652   1299352      755   1135910       71   107494  
    2     1660   1304864      812   1220744       19    28766  
    3     1648   1302040      816   1235424        8    12112  
    4     1663   1303114      825   1236114        8    12112  
    5     1649   1303506      820   1241480        5     7570  
    6     1649   1302070      817   1236938        7    10598  
    7     1646   1300400      820   1241480        3     4542  
    8     1650   1303584      818   1238452        7    10598  
    9     1649   1303494      822   1244508        3     4542  
   10     1446   1142364      721   1091594        2     3028  
   11      256    202288      125    189250        3     4542  
   12      262    207004      131    198334        0        0  
   13      258    203880      125    189250        4     6056  
   14      258    203820      129    195306        0        0  
   15      264    208560      132    199848        0        0  
   16      372    293916      184    278576        2     3028  
   17     1028    812132      513    776682        1     1514  
   18     1028    812120      514    778196        0        0  
   19     1030    813700      515    779710        0        0  
   20     1030    813700      515    779710        0        0  
   21     1030    813700      515    779710        0        0  
   22     1116    881700      554    838756        4     6056  
   23     1624   1283008      809   1224826        3     4542  
   24     1622   1281380      811   1227854        0        0  
   25     1594   1259260      797   1206658        0        0  
   26     1606   1268740      803   1215742        0        0  
   27     1618   1278220      809   1224826        0        0  
   28     1627   1284606      813   1230882        0        0  
   29     1645   1300274      823   1246022        0        0  
   30     1643   1297354      814   1232396        7    10598  
   31     1646   1300364      820   1241480        3     4542  
   32     1652   1305080      826   1250564        0        0  
   33     1650   1303500      825   1249050        0        0  
   34     1650   1303500      825   1249050        0        0  
   35     1652   1305140      823   1246022        3     4542  
   36     1651   1305050      823   1246022        3     4542  
