    1     1662   1306140       18   27252        9   13626       22   33308       12   18168       10   15140       14   21196        0       0        0       0        8   12112        7    9174  
    2     1650   1306664        1    1514        1    1514        2    3028        3    4542        5    7570        0       0        5    7570        0       0        0       0        2    3028  
    3     1649   1304726        2    3028        3    4542        2    3028        0       0        1    1514        2    3028        3    4542        0       0        3    4542        1    1514  
    4     1654   1306748        2    3028        4    6056        0       0        1    1514        1    1514        7   10598        3    4542        3    3118        2    3028        1    1514  
    5     1650   1305784        1    1514        0       0        2    3028        3    4542        0       0        0       0        3    4542        1    1514        3    4542        2    3028  
    6     1650   1306236        4    6056        2    3028        1    1514        3    4542        3    4542        2    3028        1    1514        4    6056        4    6056        3    4542  
    7     1651   1306222        1    1514        1    1514        2    3028        1    1514        0       0        3    4542        2    3028        0       0        0       0        2    3028  
    8     1651   1308154        3    4542        0       0        2    3028        0       0        0       0        0       0        2    3028        1    1514        0       0        0       0  
    9     1652   1307488        3    4542        0       0        2    3028        6    9084        1    1514        2    3028        4    6056        0       0        5    7570        0       0  
   10     1650   1306652        1    1514        2    3028        3    4542        0       0        3    4542        2    3028        3    4542        3    4542        2    3028        0       0  
   11     1651   1306174        0       0        2    3028        3    4542        1    1514        3    4542        0       0        0       0        2    3028        3    4542        2    3028  
   12     1650   1306776        0       0        1    1514        2    3028        2    3028        3    4542        0       0        5    7570        5    7570        2    3028        2    3028  
   13     1652   1307964        2    3028        3    4542        2    3028        2    3028        0       0        2    3028        2    3028        0       0        1    1514        2    3028  
   14     1651   1307878        4    6056        3    4542        0       0        0       0        3    4542        0       0        3    4542        0       0        2    3028        1    1514  
   15     1651   1306162        3    4542        0       0        4    6056        3    4542        5    7570        0       0        2    3028        1    1514        4    6056        1    1514  
   16     1650   1306404        0       0        2    3028        1    1514        0       0        1    1514        1    1514        0       0        4    6056        0       0        0       0  
   17     1651   1307374        0       0        3    4542        5    7570        4    6056        0       0        3    4542        0       0        3    4542        1    1514        1    1514  
   18     1652   1307944        3    4542        2    3028        3    4542        3    4542        3    4542        1    1514        2    3028        1    1514        0       0        3    4542  
   19     1651   1305962        5    7570        0       0        0       0        3    4542        1    1514        3    4542        3    4542        1    1514        2    3028        2    3028  
   20     1651   1307774        1    1514        0       0        3    4542        1    1514        3    4542        2    3028        2    3028        2    3028        3    4542        1    1514  
   21     1651   1306670        4    6056        2    3028        1    1514        4    6056        0       0        2    3028        3    4542        0       0        1    1514        1    1514  
   22     1652   1308276        0       0        4    6056        0       0        2    3028        0       0        2    3028        2    3028        0       0        2    3028        0       0  
   23     1651   1307854        0       0        1    1514        5    7570        2    3028        0       0        0       0        1    1514        0       0        3    4542        0       0  
   24     1651   1306434        0       0        1    1514        2    3028        3    4542        3    4542        3    4542        1    1514        3    4542        0       0        1    1514  
   25     1651   1308430        2    3028        3    4542        3    4542        2    3028        0       0        1    1514        1    1514        0       0        0       0        0       0  
   26     1650   1306012        2    3028        1    1514        4    6056        1    1514        6    9084        4    6056        2    3028        2    3028        1    1514        0       0  
   27     1649   1304726        1    1514        3    4542        1    1514        0       0        1    1514        0       0        3    4542        2    3028        2    3028        0       0  
   28     1649   1306342        1    1514        2    3028        5    7570        5    7570        1    1514        0       0        2    3028        2    3028        0       0        0       0  
   29     1652   1308212        0       0        2    3028        2    3028        2    3028        0       0        0       0        3    4542        6    9084        1    1514        4    6056  
   30     1651   1306646        2    3028        1    1514        1    1514        0       0        0       0        0       0        2    3028        0       0        1    1514        1    1514  
   31     1650   1306276        3    4542        0       0        0       0        0       0        0       0        2    3028        0       0        3    4542        1    1514        0       0  
   32     1652   1307976        3    4542        3    4542        3    4542        0       0        0       0        1    1514        5    7570        1    1514        1    1514        0       0  
   33     1490   1179556        2    3028        0       0        0       0        2    3028        4    6056        0       0        3    4542        1    1514        3    4542        3    4542  
   34     1650   1306772        1    1514        1    1514        2    3028        4    6056        1    1514        2    3028        4    6056        0       0        1    1514        6    9084  
   35     1651   1307778        1    1514        2    3028        3    4542        1    1514        2    3028        1    1514        1    1514        4    6056        2    3028        4    6056  
   36     1651   1306134        2    3028        1    1514        4    6056        0       0        5    7570        5    7570        5    7570        0       0        4    6056        2    3028  
