    1     1662   1306140      729   1093642      100   149976  
    2     1650   1306664      806   1220284       19    28766  
    3     1649   1304726      808   1221872       17    25738  
    4     1654   1306748      803   1214294       24    34912  
    5     1650   1305784      810   1226340       15    22710  
    6     1650   1306236      798   1208172       27    40878  
    7     1651   1306222      813   1230882       12    18168  
    8     1651   1308154      818   1238452        8    12112  
    9     1652   1307488      803   1215742       23    34822  
   10     1650   1306652      806   1220284       19    28766  
   11     1651   1306174      809   1224826       16    24224  
   12     1650   1306776      803   1215742       22    33308  
   13     1652   1307964      810   1226340       16    24224  
   14     1651   1307878      810   1226340       16    24224  
   15     1651   1306162      802   1214228       23    34822  
   16     1650   1306404      816   1235424        9    13626  
   17     1651   1307374      806   1220284       20    30280  
   18     1652   1307944      805   1218770       21    31794  
   19     1651   1305962      805   1218770       20    30280  
   20     1651   1307774      808   1223312       18    27252  
   21     1651   1306670      807   1221798       18    27252  
   22     1652   1308276      814   1232396       12    18168  
   23     1651   1307854      814   1232396       12    18168  
   24     1651   1306434      808   1223312       17    25738  
   25     1651   1308430      814   1232396       12    18168  
   26     1650   1306012      802   1214228       23    34822  
   27     1649   1304726      811   1227854       13    19682  
   28     1649   1306342      807   1221798       18    27252  
   29     1652   1308212      806   1220284       20    30280  
   30     1651   1306646      817   1236938        8    12112  
   31     1650   1306276      816   1235424        9    13626  
   32     1652   1307976      809   1224826       17    25738  
   33     1490   1179556      727   1100678       18    27252  
   34     1650   1306772      803   1215742       22    33308  
   35     1651   1307778      805   1218770       21    31794  
   36     1651   1306134      797   1206658       28    42392  
