    1     1658   1297272        0       0       21   31794        0       0        0       0        0       0        0       0        0       0        0       0        0       0        0       0  
    2     1673   1306310        0       0       41   62074        0       0        0       0        0       0        0       0        0       0        0       0        0       0        0       0  
    3     1649   1303518        0       0        2    3028        0       0        0       0        0       0        0       0        0       0        0       0        0       0        0       0  
    4     1649   1302070        0       0        3    4542        0       0        0       0        0       0        0       0        0       0        0       0        0       0        0       0  
    5     1652   1305152        0       0        2    3028        0       0        0       0        0       0        0       0        0       0        0       0        0       0        0       0  
    6     1651   1305126        0       0        7   10598        0       0        0       0        0       0        0       0        0       0        0       0        0       0        0       0  
    7     1649   1302082        0       0        9   13626        0       0        0       0        0       0        0       0        0       0        0       0        0       0        0       0  
    8     1651   1305110        0       0        7   10598        0       0        0       0        0       0        0       0        0       0        0       0        0       0        0       0  
    9     1651   1303614        0       0        2    3028        0       0        0       0        0       0        0       0        0       0        0       0        0       0        0       0  
   10     1651   1305074        0       0        5    7570        0       0        0       0        0       0        0       0        0       0        0       0        0       0        0       0  
   11     1651   1303626        0       0        5    7570        0       0        0       0        0       0        0       0        0       0        0       0        0       0        0       0  
   12     1652   1305152        0       0        3    4542        0       0        0       0        0       0        0       0        0       0        0       0        0       0        0       0  
   13     1651   1305062        0       0        5    7570        0       0        0       0        0       0        0       0        0       0        0       0        0       0        0       0  
   14     1651   1303650        0       0        6    9084        0       0        0       0        0       0        0       0        0       0        0       0        0       0        0       0  
   15     1651   1305098        0       0        7   10598        0       0        0       0        0       0        0       0        0       0        0       0        0       0        0       0  
   16     1651   1303650        0       0        7   10598        0       0        0       0        0       0        0       0        0       0        0       0        0       0        0       0  
   17     1651   1305074        0       0        2    3028        0       0        0       0        0       0        0       0        0       0        0       0        0       0        0       0  
   18     1651   1303602        0       0        2    3028        0       0        0       0        0       0        0       0        0       0        0       0        0       0        0       0  
   19     1652   1305152        0       0        6    9084        0       0        0       0        0       0        0       0        0       0        0       0        0       0        0       0  
   20     1651   1305098        0       0        7   10598        0       0        0       0        0       0        0       0        0       0        0       0        0       0        0       0  
   21     1651   1303662        0       0        8   12112        0       0        0       0        0       0        0       0        0       0        0       0        0       0        0       0  
   22     1652   1305116        0       0        2    3028        0       0        0       0        0       0        0       0        0       0        0       0        0       0        0       0  
   23     1651   1305074        0       0        2    3028        0       0        0       0        0       0        0       0        0       0        0       0        0       0        0       0  
   24     1651   1303626        0       0        6    9084        0       0        0       0        0       0        0       0        0       0        0       0        0       0        0       0  
   25     1651   1305110        0       0        7   10598        0       0        0       0        0       0        0       0        0       0        0       0        0       0        0       0  
   26     1652   1305128        0       0        4    6056        0       0        0       0        0       0        0       0        0       0        0       0        0       0        0       0  
   27     1651   1303590        0       0        1    1514        0       0        0       0        0       0        0       0        0       0        0       0        0       0        0       0  
   28     1651   1305090        0       0        3    4542        0       0        0       0        0       0        0       0        0       0        0       0        0       0        0       0  
   29     1651   1303678        0       0        5    7570        0       0        0       0        0       0        0       0        0       0        0       0        0       0        0       0  
   30     1650   1303596        0       0        8   12112        0       0        0       0        0       0        0       0        0       0        0       0        0       0        0       0  
   31     1652   1305152        0       0        6    9084        0       0        0       0        0       0        0       0        0       0        0       0        0       0        0       0  
   32     1651   1305098        0       0        7   10598        0       0        0       0        0       0        0       0        0       0        0       0        0       0        0       0  
   33     1648   1301968        0       0        3    4542        0       0        0       0        0       0        0       0        0       0        0       0        0       0        0       0  
   34     1651   1303650        0       0        6    9084        0       0        0       0        0       0        0       0        0       0        0       0        0       0        0       0  
   35     1651   1305098        0       0        8   12112        0       0        0       0        0       0        0       0        0       0        0       0        0       0        0       0  
   36     1606   1268812        0       0        5    7570        0       0        0       0        0       0        0       0        0       0        0       0        0       0        0       0  
