    1     1658   1297272      808   1210400       21   31794  
    2     1673   1306310      797   1187994       41   62074  
    3     1649   1303518      823   1246022        2    3028  
    4     1649   1302070      821   1242994        3    4542  
    5     1652   1305152      824   1247536        2    3028  
    6     1651   1305126      819   1239966        7   10598  
    7     1649   1302082      815   1233910        9   13626  
    8     1651   1305110      819   1239966        7   10598  
    9     1651   1303614      823   1246022        2    3028  
   10     1651   1305074      821   1242994        5    7570  
   11     1651   1303626      820   1241480        5    7570  
   12     1652   1305152      823   1246022        3    4542  
   13     1651   1305062      821   1242994        5    7570  
   14     1651   1303650      819   1239966        6    9084  
   15     1651   1305098      819   1239966        7   10598  
   16     1651   1303650      818   1238452        7   10598  
   17     1651   1305074      824   1247536        2    3028  
   18     1651   1303602      823   1246022        2    3028  
   19     1652   1305152      820   1241480        6    9084  
   20     1651   1305098      819   1239966        7   10598  
   21     1651   1303662      817   1236938        8   12112  
   22     1652   1305116      824   1247536        2    3028  
   23     1651   1305074      824   1247536        2    3028  
   24     1651   1303626      819   1239966        6    9084  
   25     1651   1305110      819   1239966        7   10598  
   26     1652   1305128      822   1244508        4    6056  
   27     1651   1303590      824   1247536        1    1514  
   28     1651   1305090      823   1246022        3    4542  
   29     1651   1303678      820   1241480        5    7570  
   30     1650   1303596      817   1236938        8   12112  
   31     1652   1305152      820   1241480        6    9084  
   32     1651   1305098      819   1239966        7   10598  
   33     1648   1301968      821   1242994        3    4542  
   34     1651   1303650      819   1239966        6    9084  
   35     1651   1305098      818   1238452        8   12112  
   36     1606   1268812      798   1208172        5    7570  
