    1     1659   1298038        0       0       18   27252        0       0        0       0        0       0        0       0        0       0        0       0        0       0        0       0  
    2     1671   1305646        0       0       20   30280        0       0        0       0        0       0        0       0        0       0        0       0        0       0        0       0  
    3     1651   1303594        0       0        1    1514        0       0        0       0        0       0        0       0        0       0        0       0        0       0        0       0  
    4     1651   1303734        0       0        2    3028        0       0        0       0        0       0        0       0        0       0        0       0        0       0        0       0  
    5     1651   1305210        0       0        3    4542        0       0        0       0        0       0        0       0        0       0        0       0        0       0        0       0  
    6     1647   1300574        0       0        3    4542        0       0        0       0        0       0        0       0        0       0        0       0        0       0        0       0  
    7     1651   1305126        0       0        2    3028        0       0        0       0        0       0        0       0        0       0        0       0        0       0        0       0  
    8     1651   1303902        0       0        3    4542        0       0        0       0        0       0        0       0        0       0        0       0        0       0        0       0  
    9     1652   1305276        0       0        3    4542        0       0        0       0        0       0        0       0        0       0        0       0        0       0        0       0  
   10     1651   1305126        0       0        2    3028        0       0        0       0        0       0        0       0        0       0        0       0        0       0        0       0  
   11     1651   1303706        0       0        3    4542        0       0        0       0        0       0        0       0        0       0        0       0        0       0        0       0  
   12     1652   1305220        0       0        3    4542        0       0        0       0        0       0        0       0        0       0        0       0        0       0        0       0  
   13     1651   1305210        0       0        5    7570        0       0        0       0        0       0        0       0        0       0        0       0        0       0        0       0  
   14     1651   1303650        0       0        2    3028        0       0        0       0        0       0        0       0        0       0        0       0        0       0        0       0  
   15     1651   1305154        0       0        3    4542        0       0        0       0        0       0        0       0        0       0        0       0        0       0        0       0  
   16     1652   1305248        0       0        5    7570        0       0        0       0        0       0        0       0        0       0        0       0        0       0        0       0  
   17     1651   1303706        0       0        3    4542        0       0        0       0        0       0        0       0        0       0        0       0        0       0        0       0  
   18     1651   1305154        0       0        5    7570        0       0        0       0        0       0        0       0        0       0        0       0        0       0        0       0  
   19     1650   1303620        0       0        6    9084        0       0        0       0        0       0        0       0        0       0        0       0        0       0        0       0  
   20      957    756778        0       0        2    3028        0       0        0       0        0       0        0       0        0       0        0       0        0       0        0       0  
   21      258    203904        1    1514        1    1514        0       0        1    1514        0       0        1    1514        0       0        1    1514        3    4542        0       0  
   22      260    205448        0       0        2    3028        0       0        0       0        0       0        0       0        0       0        0       0        0       0        0       0  
   23      258    203820        0       0        0       0        0       0        0       0        0       0        0       0        0       0        0       0        0       0        0       0  
   24      260    205436        0       0        1    1514        0       0        0       0        0       0        0       0        0       0        0       0        0       0        0       0  
   25      260    205412        0       0        2    3028        0       0        0       0        0       0        0       0        0       0        0       0        0       0        0       0  
   26      658    519844        0       0        1    1514        0       0        0       0        0       0        0       0        0       0        0       0        0       0        0       0  
   27     1026    810540        0       0        0       0        0       0        0       0        0       0        0       0        0       0        0       0        0       0        0       0  
   28     1030    813700        0       0        0       0        0       0        0       0        0       0        0       0        0       0        0       0        0       0        0       0  
   29     1338   1057020        0       0        0       0        0       0        0       0        0       0        0       0        0       0        0       0        0       0        0       0  
   30     1638   1294020        0       0        0       0        0       0        0       0        0       0        0       0        0       0        0       0        0       0        0       0  
   31     1654   1300676        0       0        0       0        0       0        0       0        0       0        0       0        0       0        0       0        0       0        0       0  
   32     1658   1302340        0       0        0       0        0       0        0       0        0       0        0       0        0       0        0       0        0       0        0       0  
   33     1651   1300550        0       0        0       0        0       0        0       0        0       0        0       0        0       0        0       0        0       0        0       0  
   34     1650   1299084        0       0        4    6056        0       0        0       0        0       0        0       0        0       0        0       0        0       0        0       0  
   35     1648   1301956        0       0        3    4542        0       0        0       0        0       0        0       0        0       0        0       0        0       0        0       0  
   36     1642   1297212        0       0        1    1514        0       0        0       0        0       0        0       0        0       0        0       0        0       0        0       0  
