    1     1659   1298038      813   1215834       18   27252  
    2     1671   1305646      817   1219722       20   30280  
    3     1651   1303594      824   1247536        1    1514  
    4     1651   1303734      823   1246022        2    3028  
    5     1651   1305210      823   1246022        3    4542  
    6     1647   1300574      820   1241480        3    4542  
    7     1651   1305126      824   1247536        2    3028  
    8     1651   1303902      822   1244508        3    4542  
    9     1652   1305276      823   1246022        3    4542  
   10     1651   1305126      824   1247536        2    3028  
   11     1651   1303706      822   1244508        3    4542  
   12     1652   1305220      823   1246022        3    4542  
   13     1651   1305210      821   1242994        5    7570  
   14     1651   1303650      823   1246022        2    3028  
   15     1651   1305154      823   1246022        3    4542  
   16     1652   1305248      821   1242994        5    7570  
   17     1651   1303706      822   1244508        3    4542  
   18     1651   1305154      821   1242994        5    7570  
   19     1650   1303620      819   1239966        6    9084  
   20      957    756778      477    722178        2    3028  
   21      258    203904      121    183194        8   12112  
   22      260    205448      128    193792        2    3028  
   23      258    203820      129    195306        0       0  
   24      260    205436      129    195306        1    1514  
   25      260    205412      128    193792        2    3028  
   26      658    519844      328    496592        1    1514  
   27     1026    810540      513    776682        0       0  
   28     1030    813700      515    779710        0       0  
   29     1338   1057020      669   1012866        0       0  
   30     1638   1294020      819   1239966        0       0  
   31     1654   1300676      823   1246022        0       0  
   32     1658   1302340      824   1247536        0       0  
   33     1651   1300550      823   1246022        0       0  
   34     1650   1299084      818   1238452        4    6056  
   35     1648   1301956      821   1242994        3    4542  
   36     1642   1297212      820   1241480        1    1514  
