    1     1635   1279878        0       0       22   33308        0       0        0       0        0       0        0       0        0       0        0       0        0       0        0       0  
    2     1650   1288192        0       0       15   22710        0       0        0       0        0       0        0       0        0       0        0       0        0       0        0       0  
    3     1631   1287794        0       0        1    1514        0       0        0       0        0       0        0       0        0       0        0       0        0       0        0       0  
    4     1636   1292608        0       0        2    3028        0       0        0       0        0       0        0       0        0       0        0       0        0       0        0       0  
    5     1652   1305332        0       0        3    4542        0       0        0       0        0       0        0       0        0       0        0       0        0       0        0       0  
    6     1652   1305220        0       0        2    3028        0       0        0       0        0       0        0       0        0       0        0       0        0       0        0       0  
    7     1650   1303640        0       0        3    4542        0       0        0       0        0       0        0       0        0       0        0       0        0       0        0       0  
    8     1652   1305276        0       0        3    4542        0       0        0       0        0       0        0       0        0       0        0       0        0       0        0       0  
    9     1650   1303640        0       0        3    4542        0       0        0       0        0       0        0       0        0       0        0       0        0       0        0       0  
   10     1652   1305192        0       0        2    3028        0       0        0       0        0       0        0       0        0       0        0       0        0       0        0       0  
   11     1651   1303706        0       0        3    4542        0       0        0       0        0       0        0       0        0       0        0       0        0       0        0       0  
   12     1651   1305210        0       0        7   10598        0       0        0       0        0       0        0       0        0       0        0       0        0       0        0       0  
   13     1651   1303706        0       0        5    7570        0       0        0       0        0       0        0       0        0       0        0       0        0       0        0       0  
   14     1652   1305248        0       0        2    3028        0       0        0       0        0       0        0       0        0       0        0       0        0       0        0       0  
   15     1651   1305154        0       0        3    4542        0       0        0       0        0       0        0       0        0       0        0       0        0       0        0       0  
   16     1648   1302116        0       0        5    7570        0       0        0       0        0       0        0       0        0       0        0       0        0       0        0       0  
   17     1650   1303584        0       0        3    4542        0       0        0       0        0       0        0       0        0       0        0       0        0       0        0       0  
   18     1651   1303790        0       0        5    7570        0       0        0       0        0       0        0       0        0       0        0       0        0       0        0       0  
   19     1651   1305150        0       0        3    4542        0       0        0       0        0       0        0       0        0       0        0       0        0       0        0       0  
   20     1651   1303626        0       0        5    7570        0       0        0       0        0       0        0       0        0       0        0       0        0       0        0       0  
   21     1652   1305140        0       0        5    7570        0       0        0       0        0       0        0       0        0       0        0       0        0       0        0       0  
   22     1651   1305086        0       0        7   10598        0       0        0       0        0       0        0       0        0       0        0       0        0       0        0       0  
   23     1651   1303662        0       0        7   10598        0       0        0       0        0       0        0       0        0       0        0       0        0       0        0       0  
   24     1652   1305140        0       0        5    7570        0       0        0       0        0       0        0       0        0       0        0       0        0       0        0       0  
   25     1651   1305074        0       0        5    7570        0       0        0       0        0       0        0       0        0       0        0       0        0       0        0       0  
   26     1651   1303650        0       0        7   10598        0       0        0       0        0       0        0       0        0       0        0       0        0       0        0       0  
   27     1649   1303530        0       0        8   12112        0       0        0       0        0       0        0       0        0       0        0       0        0       0        0       0  
   28     1651   1303638        0       0        4    6056        0       0        0       0        0       0        0       0        0       0        0       0        0       0        0       0  
   29     1651   1305050        0       0        2    3028        0       0        0       0        0       0        0       0        0       0        0       0        0       0        0       0  
   30     1652   1305128        0       0        5    7570        0       0        0       0        0       0        0       0        0       0        0       0        0       0        0       0  
   31     1651   1303638        0       0        2    3028        0       0        0       0        0       0        0       0        0       0        0       0        0       0        0       0  
   32     1651   1305074        0       0        3    4542        0       0        0       0        0       0        0       0        0       0        0       0        0       0        0       0  
   33     1651   1303638        0       0        4    6056        0       0        0       0        0       0        0       0        0       0        0       0        0       0        0       0  
   34     1651   1305098        0       0        8   12112        0       0        0       0        0       0        0       0        0       0        0       0        0       0        0       0  
   35     1651   1303626        0       0        4    6056        0       0        0       0        0       0        0       0        0       0        0       0        0       0        0       0  
   36     1652   1305140        0       0        3    4542        0       0        0       0        0       0        0       0        0       0        0       0        0       0        0       0  
