    1     1635   1279878      797   1192306       22   33308  
    2     1650   1288192      812   1210704       15   22710  
    3     1631   1287794      814   1232396        1    1514  
    4     1636   1292608      816   1235424        2    3028  
    5     1652   1305332      823   1246022        3    4542  
    6     1652   1305220      824   1247536        2    3028  
    7     1650   1303640      822   1244508        3    4542  
    8     1652   1305276      823   1246022        3    4542  
    9     1650   1303640      822   1244508        3    4542  
   10     1652   1305192      824   1247536        2    3028  
   11     1651   1303706      822   1244508        3    4542  
   12     1651   1305210      819   1239966        7   10598  
   13     1651   1303706      820   1241480        5    7570  
   14     1652   1305248      824   1247536        2    3028  
   15     1651   1305154      823   1246022        3    4542  
   16     1648   1302116      819   1239966        5    7570  
   17     1650   1303584      822   1244508        3    4542  
   18     1651   1303790      820   1241480        5    7570  
   19     1651   1305150      823   1246022        3    4542  
   20     1651   1303626      820   1241480        5    7570  
   21     1652   1305140      821   1242994        5    7570  
   22     1651   1305086      819   1239966        7   10598  
   23     1651   1303662      818   1238452        7   10598  
   24     1652   1305140      821   1242994        5    7570  
   25     1651   1305074      821   1242994        5    7570  
   26     1651   1303650      818   1238452        7   10598  
   27     1649   1303530      817   1236938        8   12112  
   28     1651   1303638      821   1242994        4    6056  
   29     1651   1305050      824   1247536        2    3028  
   30     1652   1305128      821   1242994        5    7570  
   31     1651   1303638      823   1246022        2    3028  
   32     1651   1305074      823   1246022        3    4542  
   33     1651   1303638      821   1242994        4    6056  
   34     1651   1305098      818   1238452        8   12112  
   35     1651   1303626      821   1242994        4    6056  
   36     1652   1305140      823   1246022        3    4542  
