    1      385    286266        0       0        0       0        0       0        0       0        0       0        0       0        0       0        0       0        0       0        0       0  
    2      270    211876        0       0        0       0        0       0        0       0        0       0        0       0        0       0        0       0        0       0        0       0  
    3      270    213300        0       0        0       0        0       0        0       0        0       0        0       0        0       0        0       0        0       0        0       0  
    4      291    219150        0       0        0       0        0       0        0       0        0       0        0       0        0       0        0       0        0       0        0       0  
    5      364    287584        0       0        0       0        0       0        0       0        0       0        0       0        0       0        0       0        0       0        0       0  
    6      276    218100        0       0        3    4542        0       0        0       0        0       0        0       0        0       0        0       0        0       0        0       0  
    7     1030    813784        0       0        7   10598        0       0        0       0        0       0        0       0        0       0        0       0        0       0        0       0  
    8     1038    820020        0       0        0       0        0       0        0       0        0       0        0       0        0       0        0       0        0       0        0       0  
    9     1616   1276736        0       0        6    9084        0       0        0       0        0       0        0       0        0       0        0       0        0       0        0       0  
   10     1614   1275156        0       0        6    9084        0       0        0       0        0       0        0       0        0       0        0       0        0       0        0       0  
   11     1610   1271960        0       0        3    4542        0       0        0       0        0       0        0       0        0       0        0       0        0       0        0       0  
   12     1612   1273624        0       0       10   15140        0       0        0       0        0       0        0       0        0       0        0       0        0       0        0       0  
   13     1616   1276784        0       0        7   10598        0       0        0       0        0       0        0       0        0       0        0       0        0       0        0       0  
   14     1610   1271972        0       0        7   10598        0       0        0       0        0       0        0       0        0       0        0       0        0       0        0       0  
   15     1614   1275132        0       0        6    9084        0       0        0       0        0       0        0       0        0       0        0       0        0       0        0       0  
   16     1586   1253000        0       0        5    7570        0       0        0       0        0       0        0       0        0       0        0       0        0       0        0       0  
   17     1601   1264174        0       0        8   12112        0       0        0       0        0       0        0       0        0       0        0       0        0       0        0       0  
   18     1615   1276622        0       0        3    4542        0       0        0       0        0       0        0       0        0       0        0       0        0       0        0       0  
   19     1594   1259344        0       0        7   10598        0       0        0       0        0       0        0       0        0       0        0       0        0       0        0       0  
   20      268    211864        0       0        0       0        1    1514        0       0        0       0        5    7570        0       0        0       0        0       0        6    9084  
   21      266    210212        0       0        5    7570        0       0        0       0        0       0        0       0        0       0        0       0        0       0        0       0  
   22      270    211828        0       0        0       0        0       0        0       0        0       0        0       0        0       0        0       0        0       0        0       0  
   23      279    216670        0       0        2    3028        0       0        0       0        0       0        0       0        0       0        0       0        0       0        0       0  
   24      275    212050        0       0        2    3028        0       0        0       0        0       0        0       0        0       0        0       0        0       0        0       0  
   25      281    221254        0       0        0       0        0       0        0       0        0       0        0       0        0       0        0       0        0       0        0       0  
   26      280    219764        0       0        2    3028        0       0        0       0        0       0        0       0        0       0        0       0        0       0        0       0  
   27      282    221260        0       0        0       0        0       0        0       0        0       0        0       0        0       0        0       0        0       0        0       0  
   28      278    215156        0       0        1    1514        0       0        0       0        0       0        0       0        0       0        0       0        0       0        0       0  
   29      267    210242        0       0        3    4542        0       0        0       0        0       0        0       0        0       0        0       0        0       0        0       0  
   30      265    210086        0       0        1    1514        0       0        0       0        0       0        0       0        0       0        0       0        0       0        0       0  
   31      285    225874        0       0        1    1514        0       0        0       0        0       0        0       0        0       0        0       0        0       0        0       0  
   32     1036    818536        0       0        5    7570        0       0        0       0        0       0        0       0        0       0        0       0        0       0        0       0  
   33      487    384006        0       0        1    1514        0       0        0       0        0       0        0       0        0       0        0       0        0       0        0       0  
   34        0         0        0       0        0       0        0       0        0       0        0       0        0       0        0       0        0       0        0       0        0       0  
   35        0         0        0       0        0       0        0       0        0       0        0       0        0       0        0       0        0       0        0       0        0       0  
   36     1175    929010        0       0        2    3028        0       0        0       0        0       0        0       0        0       0        0       0        0       0        0       0  
