    1      385    286266      194    273612        0       0  
    2      270    211876      135    202966        0       0  
    3      270    213300      135    204390        0       0  
    4      291    219150      147    209622        0       0  
    5      364    287584      182    275548        0       0  
    6      276    218100      135    204390        3    4542  
    7     1030    813784      508    769112        7   10598  
    8     1038    820020      519    785766        0       0  
    9     1616   1276736      802   1214228        6    9084  
   10     1614   1275156      801   1212714        6    9084  
   11     1610   1271960      802   1214228        3    4542  
   12     1612   1273624      796   1205144       10   15140  
   13     1616   1276784      801   1212714        7   10598  
   14     1610   1271972      798   1208172        7   10598  
   15     1614   1275132      801   1212714        6    9084  
   16     1586   1253000      788   1193032        5    7570  
   17     1601   1264174      792   1199088        8   12112  
   18     1615   1276622      805   1218770        3    4542  
   19     1594   1259344      790   1196060        7   10598  
   20      268    211864      122    184708       12   18168  
   21      266    210212      128    193792        5    7570  
   22      270    211828      134    202876        0       0  
   23      279    216670      135    204390        2    3028  
   24      275    212050      132    199848        2    3028  
   25      281    221254      140    211960        0       0  
   26      280    219764      137    207418        2    3028  
   27      282    221260      140    211960        0       0  
   28      278    215156      135    204390        1    1514  
   29      267    210242      130    196820        3    4542  
   30      265    210086      132    199848        1    1514  
   31      285    225874      142    214988        1    1514  
   32     1036    818536      513    776682        5    7570  
   33      487    384006      242    366388        1    1514  
   34        0         0        0         0        0       0  
   35        0         0        0         0        0       0  
   36     1175    929010      586    887204        2    3028  
