726071 90645.8 674165
inf inf -nan
inf inf -nan
1102192 127340 1.15326e+06
1.02903e+06 139678 978426
1.14496e+06 111428 1.12812e+06
430901 48757.1 331262
1.07005e+06 54383.2 1.0279e+06
397455 43236.9 353343
inf inf -nan
1.11119e+06 113327 1.09917e+06
339040 135782 301713
inf inf -nan
1.08713e+06 122833 1.11861e+06
345399 105301 302849
1.01811e+06 58161.1 979130
395455 49598.3 299611
inf inf -nan
1.08456e+06 110729 1.07193e+06
221458 87073.9 155589
1.07273e+06 113968 1.05085e+06
961973 36841.3 970312
inf inf -nan
inf inf -nan
1.13587e+06 130862 1.12648e+06
inf inf -nan
inf inf -nan
1.10909e+06 122094 1.15473e+06
1.13493e+06 72067 1.14643e+06
inf inf -nan
804061 96375.1 752475
640113 131263 624859
891236 46035.9 816476
1.11823e+06 69120.9 1.06492e+06
1.09892e+06 105407 1.10121e+06
402002 59797.5 308857
1.16439e+06 75013.2 1.12417e+06
inf inf -nan
935898 108681 931021
1.1418e+06 67484.1 1.15298e+06
inf inf -nan
inf inf -nan
inf inf -nan
inf inf -nan
inf inf -nan
294569 55251.5 273462
inf inf -nan
952680 134844 961521
inf inf -nan
inf inf -nan
inf inf -nan
inf inf -nan
inf inf -nan
1.0724e+06 128589 1.08394e+06
681672 133868 662628
1.17846e+06 107421 1.09406e+06
567180 72966 460110
745930 40097.2 675326
1.14231e+06 75667.9 1.08817e+06
753418 64191 689326
1.1552e+06 116249 1.07842e+06
inf inf -nan
1.03639e+06 73981.4 1.13984e+06
1.14723e+06 121120 1.09661e+06
1147216 90382.7 1.11665e+06
1.15195e+06 57008.9 1.16182e+06
317953 100332 213637
985183 74484.5 967377
1.09041e+06 137865 1.11173e+06
225343 50190.5 187265
1.10056e+06 69775.6 1.11468e+06
inf inf -nan
679509 94747.1 597460
1.1271e+06 133282 1.09373e+06
673649 55350.5 553229
1.11529e+06 131268 1.15915e+06
1.18043e+06 73049.1 1.13891e+06
523551 112329 455862
1.05473e+06 72999.4 1.19451e+06
818537 30964.7 792213
568529 54696.4 538857
763362 79819.4 716025
1.2138e+06 155865 1.10409e+06
632624 121821 646023
1.11184e+06 65642.5 1.17748e+06
1.1071e+06 99221.2 1.14185e+06
1.11889e+06 87125.2 1.11861e+06
1.04553e+06 31667.5 1.09889e+06
1.1034e+06 156851 1.16902e+06
437269 55400 360479
1.1521e+06 81537.8 1.15637e+06
1.06815e+06 128322 1.11823e+06
inf inf -nan
835676 128589 799490
484480 93770.3 454526
305769 50705.4 300414
392909 42538.1 348423
inf inf -nan
1.11889e+06 113264 1.08419e+06
1.15686e+06 37040.4 1.12319e+06
967006 126379 927334
1.0611e+06 137400 993379
1.2428e+06 166672 1.25446e+06
1.14671e+06 66502.1 1.08522e+06
1.11903e+06 161759 1.10507e+06
inf inf -nan
513627 110433 459577
1.13002e+06 36713.1 1.10977e+06
654113 71354 588393
