    1     1446   1129588        0       0       10   15140        0       0        0       0        0       0        0       0        0       0        0       0        0       0        0       0  
    2     1456   1133364        0       0       15   22710        0       0        0       0        0       0        0       0        0       0        0       0        0       0        0       0  
    3     1602   1265580        0       0        0       0        0       0        0       0        0       0        0       0        0       0        0       0        0       0        0       0  
    4     1650   1303680        0       0        3    4542        0       0        0       0        0       0        0       0        0       0        0       0        0       0        0       0  
    5     1653   1305258        0       0        2    3028        0       0        0       0        0       0        0       0        0       0        0       0        0       0        0       0  
    6     1651   1305210        0       0        3    4542        0       0        0       0        0       0        0       0        0       0        0       0        0       0        0       0  
    7     1651   1303706        0       0        3    4542        0       0        0       0        0       0        0       0        0       0        0       0        0       0        0       0  
    8     1652   1305220        0       0        3    4542        0       0        0       0        0       0        0       0        0       0        0       0        0       0        0       0  
    9     1651   1305126        0       0        2    3028        0       0        0       0        0       0        0       0        0       0        0       0        0       0        0       0  
   10     1651   1303762        0       0        3    4542        0       0        0       0        0       0        0       0        0       0        0       0        0       0        0       0  
   11     1652   1305220        0       0        3    4542        0       0        0       0        0       0        0       0        0       0        0       0        0       0        0       0  
   12     1651   1305154        0       0        3    4542        0       0        0       0        0       0        0       0        0       0        0       0        0       0        0       0  
   13     1651   1303734        0       0        2    3028        0       0        0       0        0       0        0       0        0       0        0       0        0       0        0       0  
   14     1651   1305154        0       0        3    4542        0       0        0       0        0       0        0       0        0       0        0       0        0       0        0       0  
   15     1651   1303706        0       0        3    4542        0       0        0       0        0       0        0       0        0       0        0       0        0       0        0       0  
   16     1652   1305276        0       0        5    7570        0       0        0       0        0       0        0       0        0       0        0       0        0       0        0       0  
   17     1651   1305098        0       0        2    3028        0       0        0       0        0       0        0       0        0       0        0       0        0       0        0       0  
   18     1651   1303706        0       0        3    4542        0       0        0       0        0       0        0       0        0       0        0       0        0       0        0       0  
   19     1651   1305154        0       0        3    4542        0       0        0       0        0       0        0       0        0       0        0       0        0       0        0       0  
   20     1651   1303706        0       0        3    4542        0       0        0       0        0       0        0       0        0       0        0       0        0       0        0       0  
   21     1652   1305220        0       0        4    6056        0       0        0       0        0       0        0       0        0       0        0       0        0       0        0       0  
   22     1651   1305154        0       0        5    7570        0       0        0       0        0       0        0       0        0       0        0       0        0       0        0       0  
   23     1651   1303734        0       0        5    7570        0       0        0       0        0       0        0       0        0       0        0       0        0       0        0       0  
   24     1651   1305154        0       0        3    4542        0       0        0       0        0       0        0       0        0       0        0       0        0       0        0       0  
   25     1651   1303706        0       0        3    4542        0       0        0       0        0       0        0       0        0       0        0       0        0       0        0       0  
   26     1652   1305192        0       0        4    6056        0       0        0       0        0       0        0       0        0       0        0       0        0       0        0       0  
   27     1651   1305126        0       0        3    4542        0       0        0       0        0       0        0       0        0       0        0       0        0       0        0       0  
   28      563    445790        0       0        8   12112        0       0        1    1514        1    1514        1    1514        0       0        1    1514        0       0        1    1514  
   29      262    207012        0       0        2    3028        0       0        0       0        0       0        0       0        0       0        0       0        0       0        0       0  
   30      260    205412        0       0        1    1514        0       0        0       0        0       0        0       0        0       0        0       0        0       0        0       0  
   31      258    203820        0       0        1    1514        0       0        0       0        0       0        0       0        0       0        0       0        0       0        0       0  
   32      258    203820        0       0        0       0        0       0        0       0        0       0        0       0        0       0        0       0        0       0        0       0  
   33      270    213300        0       0        0       0        0       0        0       0        0       0        0       0        0       0        0       0        0       0        0       0  
   34      264    208596        0       0        2    3028        0       0        0       0        0       0        0       0        0       0        0       0        0       0        0       0  
   35      276    218088        0       0        4    6056        0       0        0       0        0       0        0       0        0       0        0       0        0       0        0       0  
   36      260    205412        0       0        1    1514        0       0        0       0        0       0        0       0        0       0        0       0        0       0        0       0  
