    1     1446   1129588      715   1066710       10   15140  
    2     1456   1133364      714   1062332       15   22710  
    3     1602   1265580      801   1212714        0       0  
    4     1650   1303680      822   1244508        3    4542  
    5     1653   1305258      824   1247536        2    3028  
    6     1651   1305210      823   1246022        3    4542  
    7     1651   1303706      822   1244508        3    4542  
    8     1652   1305220      823   1246022        3    4542  
    9     1651   1305126      824   1247536        2    3028  
   10     1651   1303762      822   1244508        3    4542  
   11     1652   1305220      823   1246022        3    4542  
   12     1651   1305154      823   1246022        3    4542  
   13     1651   1303734      823   1246022        2    3028  
   14     1651   1305154      823   1246022        3    4542  
   15     1651   1303706      822   1244508        3    4542  
   16     1652   1305276      821   1242994        5    7570  
   17     1651   1305098      824   1247536        2    3028  
   18     1651   1303706      822   1244508        3    4542  
   19     1651   1305154      823   1246022        3    4542  
   20     1651   1303706      822   1244508        3    4542  
   21     1652   1305220      822   1244508        4    6056  
   22     1651   1305154      821   1242994        5    7570  
   23     1651   1303734      820   1241480        5    7570  
   24     1651   1305154      823   1246022        3    4542  
   25     1651   1303706      822   1244508        3    4542  
   26     1652   1305192      822   1244508        4    6056  
   27     1651   1305126      823   1246022        3    4542  
   28      563    445790      269    407266       13   19682  
   29      262    207012      129    195306        2    3028  
   30      260    205412      129    195306        1    1514  
   31      258    203820      128    193792        1    1514  
   32      258    203820      129    195306        0       0  
   33      270    213300      135    204390        0       0  
   34      264    208596      130    196820        2    3028  
   35      276    218088      134    202876        4    6056  
   36      260    205412      129    195306        1    1514  
