    1     1651   1299142        0       0       68   102256        0       0        0       0        0       0        0       0        0       0        0       0        0       0        0       0  
    2     1663   1301742        0       0        8    12112        0       0        0       0        0       0        0       0        0       0        0       0        0       0        0       0  
    3     1646   1300508        0       0        6     9084        0       0        0       0        0       0        0       0        0       0        0       0        0       0        0       0  
    4     1645   1296102        0       0        8    12112        0       0        0       0        0       0        0       0        0       0        0       0        0       0        0       0  
    5     1648   1302016        0       0        7    10598        0       0        0       0        0       0        0       0        0       0        0       0        0       0        0       0  
    6     1648   1300424        0       0        0        0        0       0        0       0        0       0        0       0        0       0        0       0        0       0        0       0  
    7     1646   1300388        0       0        3     4542        0       0        0       0        0       0        0       0        0       0        0       0        0       0        0       0  
    8     1649   1299226        0       0        7    10598        0       0        0       0        0       0        0       0        0       0        0       0        0       0        0       0  
    9     1646   1300400        0       0        5     7570        0       0        0       0        0       0        0       0        0       0        0       0        0       0        0       0  
   10      979    774194        0       0        4     6056        0       0        0       0        0       0        0       0        0       0        0       0        0       0        0       0  
   11      262    205568        1    1514        3     4542        0       0        0       0        0       0        0       0        0       0        0       0        0       0        0       0  
   12      266    211600        0       0        0        0        0       0        0       0        0       0        0       0        0       0        0       0        0       0        0       0  
   13      258    203832        0       0        1     1514        0       0        0       0        0       0        0       0        0       0        0       0        0       0        0       0  
   14      258    203832        0       0        2     3028        0       0        0       0        0       0        0       0        0       0        0       0        0       0        0       0  
   15      262    206992        0       0        0        0        0       0        0       0        0       0        0       0        0       0        0       0        0       0        0       0  
   16      260    205412        0       0        1     1514        0       0        0       0        0       0        0       0        0       0        0       0        0       0        0       0  
   17      272    214892        0       0        1     1514        0       0        0       0        0       0        0       0        0       0        0       0        0       0        0       0  
   18      260    205400        0       0        0        0        0       0        0       0        0       0        0       0        0       0        0       0        0       0        0       0  
   19      258    203856        0       0        2     3028        0       0        0       0        0       0        0       0        0       0        0       0        0       0        0       0  
   20      258    203820        0       0        0        0        0       0        0       0        0       0        0       0        0       0        0       0        0       0        0       0  
   21      256    202264        0       0        1     1514        0       0        0       0        0       0        0       0        0       0        0       0        0       0        0       0  
   22      636    502452        0       0        1     1514        0       0        0       0        0       0        0       0        0       0        0       0        0       0        0       0  
   23     1020    805800        0       0        0        0        0       0        0       0        0       0        0       0        0       0        0       0        0       0        0       0  
   24     1032    815280        0       0        0        0        0       0        0       0        0       0        0       0        0       0        0       0        0       0        0       0  
   25     1027    812114        0       0        3     4542        0       0        0       0        0       0        0       0        0       0        0       0        0       0        0       0  
   26     1056    834264        0       0        2     3028        0       0        0       0        0       0        0       0        0       0        0       0        0       0        0       0  
   27     1038    820020        0       0        0        0        0       0        0       0        0       0        0       0        0       0        0       0        0       0        0       0  
   28     1266   1000152        0       0        1     1514        0       0        0       0        0       0        0       0        0       0        0       0        0       0        0       0  
   29     1528   1207244        0       0        4     6056        0       0        0       0        0       0        0       0        0       0        0       0        0       0        0       0  
   30     1585   1251426        0       0        0        0        0       0        0       0        0       0        0       0        0       0        0       0        0       0        0       0  
   31     1646   1300392        0       0        1     1514        0       0        0       0        0       0        0       0        0       0        0       0        0       0        0       0  
   32     1652   1305080        0       0        0        0        0       0        0       0        0       0        0       0        0       0        0       0        0       0        0       0  
   33     1653   1305170        0       0        1     1514        0       0        0       0        0       0        0       0        0       0        0       0        0       0        0       0  
   34     1651   1305014        0       0        0        0        0       0        0       0        0       0        0       0        0       0        0       0        0       0        0       0  
   35     1651   1303578        0       0        1     1514        0       0        0       0        0       0        0       0        0       0        0       0        0       0        0       0  
   36     1651   1305062        0       0        5     7570        0       0        0       0        0       0        0       0        0       0        0       0        0       0        0       0  
