    1     1651   1299142      758   1141180       68   102256  
    2     1663   1301742      824   1234632        8    12112  
    3     1646   1300508      817   1236938        6     9084  
    4     1645   1296102      815   1229598        8    12112  
    5     1648   1302016      817   1236938        7    10598  
    6     1648   1300424      823   1246022        0        0  
    7     1646   1300388      820   1241480        3     4542  
    8     1649   1299226      818   1234140        7    10598  
    9     1646   1300400      818   1238452        5     7570  
   10      979    774194      486    735804        4     6056  
   11      262    205568      126    190764        4     6056  
   12      266    211600      134    202876        0        0  
   13      258    203832      128    193792        1     1514  
   14      258    203832      127    192278        2     3028  
   15      262    206992      131    198334        0        0  
   16      260    205412      129    195306        1     1514  
   17      272    214892      135    204390        1     1514  
   18      260    205400      130    196820        0        0  
   19      258    203856      127    192278        2     3028  
   20      258    203820      129    195306        0        0  
   21      256    202264      127    192278        1     1514  
   22      636    502452      317    479938        1     1514  
   23     1020    805800      510    772140        0        0  
   24     1032    815280      516    781224        0        0  
   25     1027    812114      511    773654        3     4542  
   26     1056    834264      526    796364        2     3028  
   27     1038    820020      519    785766        0        0  
   28     1266   1000152      632    956848        1     1514  
   29     1528   1207244      760   1150640        4     6056  
   30     1585   1251426      792   1199088        0        0  
   31     1646   1300392      822   1244508        1     1514  
   32     1652   1305080      826   1250564        0        0  
   33     1653   1305170      825   1249050        1     1514  
   34     1651   1305014      826   1250564        0        0  
   35     1651   1303578      824   1247536        1     1514  
   36     1651   1305062      821   1242994        5     7570  
