    1      382   281764        0       0        0       0        0       0        0       0        0       0        0       0        0       0        0       0        0       0        0       0  
    2      292   225688        0       0        0       0        0       0        0       0        0       0        0       0        0       0        0       0        0       0        0       0  
    3      298   235468        0       0        6    9084        0       0        0       0        0       0        0       0        0       0        0       0        0       0        0       0  
    4      341   263278        0       0       24   36336        0       0        0       0        0       0        0       0        0       0        0       0        0       0        0       0  
    5      328   259616        0       0        9   13626        0       0        0       0        0       0        0       0        0       0        0       0        0       0        0       0  
    6      261   207026        0       0        6    9084        0       0        0       0        0       0        0       0        0       0        0       0        0       0        0       0  
    7      262   206980        0       0        1    1514        0       0        0       0        0       0        0       0        0       0        0       0        0       0        0       0  
    8      270   213312        0       0        0       0        0       0        0       0        0       0        0       0        0       0        0       0        0       0        0       0  
    9      266   210260        0       0       10   15140        0       0        0       0        0       0        0       0        0       0        0       0        0       0        0       0  
   10      270   213348        0       0        0       0        0       0        0       0        0       0        0       0        0       0        0       0        0       0        0       0  
   11      266   210152        0       0        2    3028        0       0        0       0        0       0        0       0        0       0        0       0        0       0        0       0  
   12      260   205400        0       0        0       0        0       0        0       0        0       0        0       0        0       0        0       0        0       0        0       0  
   13      264   208596        0       0        2    3028        0       0        0       0        0       0        0       0        0       0        0       0        0       0        0       0  
   14      278   219728        0       0        6    9084        0       0        0       0        0       0        0       0        0       0        0       0        0       0        0       0  
   15      268   210296        0       0        2    3028        0       0        0       0        0       0        0       0        0       0        0       0        0       0        0       0  
   16      262   207016        0       0        2    3028        0       0        0       0        0       0        0       0        0       0        0       0        0       0        0       0  
   17      262   208464        0       0        2    3028        0       0        0       0        0       0        0       0        0       0        0       0        0       0        0       0  
   18      264   208560        0       0        1    1514        0       0        0       0        0       0        0       0        0       0        0       0        0       0        0       0  
   19      272   214892        0       0        1    1514        0       0        0       0        0       0        0       0        0       0        0       0        0       0        0       0  
   20      270   213300        0       0        0       0        0       0        0       0        0       0        0       0        0       0        0       0        0       0        0       0  
   21      268   211756        0       0        2    3028        0       0        0       0        0       0        0       0        0       0        0       0        0       0        0       0  
   22      266   210212        0       0        4    6056        0       0        0       0        0       0        0       0        0       0        0       0        0       0        0       0  
   23      262   207004        0       0        2    3028        0       0        0       0        0       0        0       0        0       0        0       0        0       0        0       0  
   24      270   213324        0       0        1    1514        0       0        0       0        0       0        0       0        0       0        0       0        0       0        0       0  
   25      274   216472        0       0        1    1514        0       0        0       0        0       0        0       0        0       0        0       0        0       0        0       0  
   26      274   216472        0       0        2    3028        0       0        0       0        0       0        0       0        0       0        0       0        0       0        0       0  
   27      272   214904        0       0        1    1514        0       0        0       0        0       0        0       0        0       0        0       0        0       0        0       0  
   28      264   208572        0       0        2    3028        0       0        0       0        0       0        0       0        0       0        0       0        0       0        0       0  
   29      274   216472        0       0        0       0        0       0        0       0        0       0        0       0        0       0        0       0        0       0        0       0  
   30      272   214892        0       0        1    1514        0       0        0       0        0       0        0       0        0       0        0       0        0       0        0       0  
   31      266   208704        0       0        2    3028        0       0        0       0        0       0        0       0        0       0        0       0        0       0        0       0  
   32      810   641372        0       0        1    1514        0       0        0       0        0       0        0       0        0       0        0       0        0       0        0       0  
   33     1026   810540        0       0        0       0        0       0        0       0        0       0        0       0        0       0        0       0        0       0        0       0  
   34     1030   813700        0       0        0       0        0       0        0       0        0       0        0       0        0       0        0       0        0       0        0       0  
   35     1061   831494        0       0        2    3028        0       0        0       0        0       0        0       0        0       0        0       0        0       0        0       0  
   36     1036   811008        0       0        3    4542        0       0        0       0        0       0        0       0        0       0        0       0        0       0        0       0  
