    1      382   281764      194   269300        0       0  
    2      292   225688      145   215986        0       0  
    3      298   235468      143   216502        6    9084  
    4      341   263278      146   215316       24   36336  
    5      328   259616      155   234670        9   13626  
    6      261   207026      125   189250        6    9084  
    7      262   206980      130   196820        1    1514  
    8      270   213312      135   204390        0       0  
    9      266   210260      123   186222       10   15140  
   10      270   213348      135   204390        0       0  
   11      266   210152      131   198334        2    3028  
   12      260   205400      130   196820        0       0  
   13      264   208596      130   196820        2    3028  
   14      278   219728      133   201362        6    9084  
   15      268   210296      131   198334        2    3028  
   16      262   207016      129   195306        2    3028  
   17      262   208464      130   196820        2    3028  
   18      264   208560      131   198334        1    1514  
   19      272   214892      135   204390        1    1514  
   20      270   213300      135   204390        0       0  
   21      268   211756      132   199848        2    3028  
   22      266   210212      129   195306        4    6056  
   23      262   207004      129   195306        2    3028  
   24      270   213324      134   202876        1    1514  
   25      274   216472      136   205904        1    1514  
   26      274   216472      135   204390        2    3028  
   27      272   214904      135   204390        1    1514  
   28      264   208572      130   196820        2    3028  
   29      274   216472      137   207418        0       0  
   30      272   214892      135   204390        1    1514  
   31      266   208704      130   196820        2    3028  
   32      810   641372      405   613170        1    1514  
   33     1026   810540      513   776682        0       0  
   34     1030   813700      515   779710        0       0  
   35     1061   831494      524   793336        2    3028  
   36     1036   811008      510   772140        3    4542  
