    1     1616   1262476        0       0        0       0        0       0        0       0        0       0        0       0        0       0        0       0        0       0        0       0  
    2     1674   1306344        0       0       17   25738        0       0        0       0        0       0        0       0        0       0        0       0        0       0        0       0  
    3     1651   1305138        0       0        8   12112        0       0        0       0        0       0        0       0        0       0        0       0        0       0        0       0  
    4     1650   1303572        0       0        6    9084        0       0        0       0        0       0        0       0        0       0        0       0        0       0        0       0  
    5     1653   1305218        0       0        5    7570        0       0        0       0        0       0        0       0        0       0        0       0        0       0        0       0  
    6     1651   1305098        0       0        7   10598        0       0        0       0        0       0        0       0        0       0        0       0        0       0        0       0  
    7     1652   1305128        0       0        5    7570        0       0        0       0        0       0        0       0        0       0        0       0        0       0        0       0  
    8     1650   1303572        0       0        5    7570        0       0        0       0        0       0        0       0        0       0        0       0        0       0        0       0  
    9     1653   1305194        0       0        2    3028        0       0        0       0        0       0        0       0        0       0        0       0        0       0        0       0  
   10     1651   1305050        0       0        3    4542        0       0        0       0        0       0        0       0        0       0        0       0        0       0        0       0  
   11     1651   1303650        0       0        7   10598        0       0        0       0        0       0        0       0        0       0        0       0        0       0        0       0  
   12     1651   1305098        0       0        7   10598        0       0        0       0        0       0        0       0        0       0        0       0        0       0        0       0  
   13     1652   1305152        0       0        4    6056        0       0        0       0        0       0        0       0        0       0        0       0        0       0        0       0  
   14     1651   1303614        0       0        5    7570        0       0        0       0        0       0        0       0        0       0        0       0        0       0        0       0  
   15     1651   1305086        0       0        6    9084        0       0        0       0        0       0        0       0        0       0        0       0        0       0        0       0  
   16     1651   1303602        0       0        2    3028        0       0        0       0        0       0        0       0        0       0        0       0        0       0        0       0  
   17     1652   1305176        0       0        6    9084        0       0        0       0        0       0        0       0        0       0        0       0        0       0        0       0  
   18     1651   1305110        0       0        6    9084        0       0        0       0        0       0        0       0        0       0        0       0        0       0        0       0  
   19     1650   1303524        0       0        1    1514        0       0        0       0        0       0        0       0        0       0        0       0        0       0        0       0  
   20     1652   1305144        0       0        2    3028        0       0        0       0        0       0        0       0        0       0        0       0        0       0        0       0  
   21     1658   1303920        0       0        5    7570        0       0        0       0        0       0        0       0        0       0        0       0        0       0        0       0  
   22     1666   1305716        0       0        7   10598        0       0        0       0        0       0        0       0        0       0        0       0        0       0        0       0  
   23     1651   1303650        0       0        6    9084        0       0        0       0        0       0        0       0        0       0        0       0        0       0        0       0  
   24     1652   1305128        0       0        2    3028        0       0        0       0        0       0        0       0        0       0        0       0        0       0        0       0  
   25     1650   1303524        0       0        2    3028        0       0        0       0        0       0        0       0        0       0        0       0        0       0        0       0  
   26     1651   1305086        0       0        4    6056        0       0        0       0        0       0        0       0        0       0        0       0        0       0        0       0  
   27     1651   1303674        0       0        8   12112        0       0        0       0        0       0        0       0        0       0        0       0        0       0        0       0  
   28     1652   1305164        0       0        6    9084        0       0        0       0        0       0        0       0        0       0        0       0        0       0        0       0  
   29     1650   1303584        0       0        7   10598        0       0        0       0        0       0        0       0        0       0        0       0        0       0        0       0  
   30     1651   1305086        0       0        7   10598        0       0        0       0        0       0        0       0        0       0        0       0        0       0        0       0  
   31     1575   1243610        0       0        4    6056        0       0        0       0        0       0        0       0        0       0        0       0        0       0        0       0  
   32     1651   1305086        0       0        6    9084        0       0        0       0        0       0        0       0        0       0        0       0        0       0        0       0  
   33     1651   1303642        0       0        3    4542        0       0        0       0        0       0        0       0        0       0        0       0        0       0        0       0  
   34     1652   1305140        0       0        4    6056        0       0        0       0        0       0        0       0        0       0        0       0        0       0        0       0  
   35     1651   1305074        0       0        5    7570        0       0        0       0        0       0        0       0        0       0        0       0        0       0        0       0  
   36     1621   1279942        0       0        3    4542        0       0        0       0        0       0        0       0        0       0        0       0        0       0        0       0  
