    1     1616   1262476      809   1209026        0       0  
    2     1674   1306344      821   1224330       17   25738  
    3     1651   1305138      818   1238452        8   12112  
    4     1650   1303572      819   1239966        6    9084  
    5     1653   1305218      821   1242994        5    7570  
    6     1651   1305098      819   1239966        7   10598  
    7     1652   1305128      821   1242994        5    7570  
    8     1650   1303572      820   1241480        5    7570  
    9     1653   1305194      824   1247536        2    3028  
   10     1651   1305050      823   1246022        3    4542  
   11     1651   1303650      818   1238452        7   10598  
   12     1651   1305098      819   1239966        7   10598  
   13     1652   1305152      822   1244508        4    6056  
   14     1651   1303614      820   1241480        5    7570  
   15     1651   1305086      820   1241480        6    9084  
   16     1651   1303602      823   1246022        2    3028  
   17     1652   1305176      820   1241480        6    9084  
   18     1651   1305110      820   1241480        6    9084  
   19     1650   1303524      824   1247536        1    1514  
   20     1652   1305144      824   1247536        2    3028  
   21     1658   1303920      820   1241480        5    7570  
   22     1666   1305716      819   1239966        7   10598  
   23     1651   1303650      819   1239966        6    9084  
   24     1652   1305128      824   1247536        2    3028  
   25     1650   1303524      823   1246022        2    3028  
   26     1651   1305086      822   1244508        4    6056  
   27     1651   1303674      817   1236938        8   12112  
   28     1652   1305164      820   1241480        6    9084  
   29     1650   1303584      818   1238452        7   10598  
   30     1651   1305086      819   1239966        7   10598  
   31     1575   1243610      783   1185462        4    6056  
   32     1651   1305086      820   1241480        6    9084  
   33     1651   1303642      822   1244508        3    4542  
   34     1652   1305140      822   1244508        4    6056  
   35     1651   1305074      821   1242994        5    7570  
   36     1621   1279942      807   1221798        3    4542  
