    1     1661   1298866        0       0       18   27252        0       0        0       0        0       0        0       0        0       0        0       0        0       0        0       0  
    2     1672   1305712        0       0       20   30280        0       0        0       0        0       0        0       0        0       0        0       0        0       0        0       0  
    3     1652   1305108        0       0        1    1514        0       0        0       0        0       0        0       0        0       0        0       0        0       0        0       0  
    4     1291   1022174        0       0        2    3028        0       0        0       0        0       0        0       0        0       0        0       0        0       0        0       0  
    5      335    262702        0       0        6    9084        0       0        0       0        0       0        0       0        0       0        0       0        0       0        0       0  
    6      262    206980        0       0        0       0        0       0        0       0        0       0        0       0        0       0        0       0        0       0        0       0  
    7      260    207120        0       0       11   16654        0       0        0       0        0       0        0       0        0       0        0       0        0       0        0       0  
    8      264    208688        0       0        8   12112        0       0        0       0        0       0        0       0        0       0        0       0        0       0        0       0  
    9      268    211852        0       0        9   13626        0       0        0       0        0       0        0       0        0       0        0       0        0       0        0       0  
   10      460    363436        0       0        0       0        0       0        0       0        0       0        0       0        0       0        0       0        0       0        0       0  
   11     1034    816872        0       0        1    1514        0       0        0       0        0       0        0       0        0       0        0       0        0       0        0       0  
   12     1032    815328        0       0        3    4542        0       0        0       0        0       0        0       0        0       0        0       0        0       0        0       0  
   13     1028    812184        0       0        2    3028        0       0        0       0        0       0        0       0        0       0        0       0        0       0        0       0  
   14     1028    812168        0       0        2    3028        0       0        0       0        0       0        0       0        0       0        0       0        0       0        0       0  
   15     1038    820044        0       0        1    1514        0       0        0       0        0       0        0       0        0       0        0       0        0       0        0       0  
   16     1024    808960        0       0        0       0        0       0        0       0        0       0        0       0        0       0        0       0        0       0        0       0  
   17     1030    813700        0       0        0       0        0       0        0       0        0       0        0       0        0       0        0       0        0       0        0       0  
   18     1028    812120        0       0        0       0        0       0        0       0        0       0        0       0        0       0        0       0        0       0        0       0  
   19     1178    930620        0       0        0       0        0       0        0       0        0       0        0       0        0       0        0       0        0       0        0       0  
   20     1624   1282972        0       0        1    1514        0       0        0       0        0       0        0       0        0       0        0       0        0       0        0       0  
   21     1630   1287772        0       0        2    3028        0       0        0       0        0       0        0       0        0       0        0       0        0       0        0       0  
   22     1624   1283048        0       0        5    7570        0       0        0       0        0       0        0       0        0       0        0       0        0       0        0       0  
   23     1630   1287736        0       0        3    4542        0       0        0       0        0       0        0       0        0       0        0       0        0       0        0       0  
   24     1626   1284640        0       0        3    4542        0       0        0       0        0       0        0       0        0       0        0       0        0       0        0       0  
   25     1574   1243484        0       0        1    1514        0       0        0       0        0       0        0       0        0       0        0       0        0       0        0       0  
   26     1624   1282960        0       0        0       0        0       0        0       0        0       0        0       0        0       0        0       0        0       0        0       0  
   27     1628   1286204        0       0        5    7570        0       0        0       0        0       0        0       0        0       0        0       0        0       0        0       0  
   28     1622   1281580        0       0        9   13626        0       0        0       0        0       0        0       0        0       0        0       0        0       0        0       0  
   29     1629   1286234        0       0        5    7570        0       0        0       0        0       0        0       0        0       0        0       0        0       0        0       0  
   30     1301   1019562        0       0        0       0        0       0        0       0        0       0        0       0        0       0        0       0        0       0        0       0  
   31      275    209070        0       0        0       0        0       0        0       0        0       0        0       0        0       0        0       0        0       0        0       0  
   32      256    203724        0       0        1    1514        0       0        0       0        0       0        0       0        0       0        0       0        0       0        0       0  
   33      262    206992        0       0        1    1514        0       0        0       0        0       0        0       0        0       0        0       0        0       0        0       0  
   34      268    211720        0       0        1    1514        0       0        0       0        0       0        0       0        0       0        0       0        0       0        0       0  
   35      272    214916        0       0        0       0        0       0        0       0        0       0        0       0        0       0        0       0        0       0        0       0  
   36      262    206992        0       0        1    1514        0       0        0       0        0       0        0       0        0       0        0       0        0       0        0       0  
