    1     1661   1298866      813   1216530       18   27252  
    2     1672   1305712      817   1219722       20   30280  
    3     1652   1305108      825   1249050        1    1514  
    4     1291   1022174      645    976530        2    3028  
    5      335    262702      160    242240        6    9084  
    6      262    206980      131    198334        0       0  
    7      260    207120      120    181680       11   16654  
    8      264    208688      124    187736        8   12112  
    9      268    211852      125    189250        9   13626  
   10      460    363436      230    348220        0       0  
   11     1034    816872      516    781224        1    1514  
   12     1032    815328      513    776682        3    4542  
   13     1028    812184      512    775168        2    3028  
   14     1028    812168      512    775168        2    3028  
   15     1038    820044      518    784252        1    1514  
   16     1024    808960      512    775168        0       0  
   17     1030    813700      515    779710        0       0  
   18     1028    812120      514    778196        0       0  
   19     1178    930620      589    891746        0       0  
   20     1624   1282972      811   1227854        1    1514  
   21     1630   1287772      813   1230882        2    3028  
   22     1624   1283048      807   1221798        5    7570  
   23     1630   1287736      812   1229368        3    4542  
   24     1626   1284640      810   1226340        3    4542  
   25     1574   1243484      786   1190004        1    1514  
   26     1624   1282960      812   1229368        0       0  
   27     1628   1286204      809   1224826        5    7570  
   28     1622   1281580      802   1214228        9   13626  
   29     1629   1286234      809   1224826        5    7570  
   30     1301   1019562      645    976530        0       0  
   31      275    209070      132    199848        0       0  
   32      256    203724      128    193792        1    1514  
   33      262    206992      130    196820        1    1514  
   34      268    211720      133    201362        1    1514  
   35      272    214916      136    205904        0       0  
   36      262    206992      130    196820        1    1514  
