    1     1301   1011434        0       0        6    9084        0       0        0       0        0       0        0       0        0       0        0       0        0       0        0       0  
    2     1276   1009000        0       0       44   66616        0       0        0       0        0       0        0       0        0       0        0       0        0       0        0       0  
    3     1278   1010136        0       0       14   21196        0       0        0       0        0       0        0       0        0       0        0       0        0       0        0       0  
    4     1292   1009512        0       0        4    6056        0       0        0       0        0       0        0       0        0       0        0       0        0       0        0       0  
    5     1308   1033392        0       0        5    7570        0       0        0       0        0       0        0       0        0       0        0       0        0       0        0       0  
    6     1282   1012904        0       0        4    6056        0       0        0       0        0       0        0       0        0       0        0       0        0       0        0       0  
    7     1276   1008064        0       0        1    1514        0       0        0       0        0       0        0       0        0       0        0       0        0       0        0       0  
    8     1272   1004880        0       0        0       0        0       0        0       0        0       0        0       0        0       0        0       0        0       0        0       0  
    9     1322   1044488        0       0        6    9084        0       0        0       0        0       0        0       0        0       0        0       0        0       0        0       0  
   10     1524   1203984        0       0        1    1514        0       0        0       0        0       0        0       0        0       0        0       0        0       0        0       0  
   11     1520   1200908        0       0        7   10598        0       0        0       0        0       0        0       0        0       0        0       0        0       0        0       0  
   12     1521   1202402        0       0        3    4542        0       0        0       0        0       0        0       0        0       0        0       0        0       0        0       0  
   13     1524   1204008        0       0        5    7570        0       0        0       0        0       0        0       0        0       0        0       0        0       0        0       0  
   14     1522   1201016        0       0        7   10598        0       0        0       0        0       0        0       0        0       0        0       0        0       0        0       0  
   15     1518   1200740        0       0        5    7570        0       0        0       0        0       0        0       0        0       0        0       0        0       0        0       0  
   16     1523   1203990        0       0        8   12112        0       0        0       0        0       0        0       0        0       0        0       0        0       0        0       0  
   17     1520   1200800        0       0        0       0        0       0        0       0        0       0        0       0        0       0        0       0        0       0        0       0  
   18     1523   1203942        0       0        3    4542        0       0        0       0        0       0        0       0        0       0        0       0        0       0        0       0  
   19     1545   1219886        0       0        2    3028        0       0        0       0        0       0        0       0        0       0        0       0        0       0        0       0  
   20     1652   1305152        0       0        3    4542        0       0        0       0        0       0        0       0        0       0        0       0        0       0        0       0  
   21     1650   1303560        0       0        1    1514        0       0        0       0        0       0        0       0        0       0        0       0        0       0        0       0  
   22     1652   1305128        0       0        3    4542        0       0        0       0        0       0        0       0        0       0        0       0        0       0        0       0  
   23     1651   1305050        0       0        2    3028        0       0        0       0        0       0        0       0        0       0        0       0        0       0        0       0  
   24     1651   1303638        0       0        2    3028        0       0        0       0        0       0        0       0        0       0        0       0        0       0        0       0  
   25     1652   1305164        0       0        7   10598        0       0        0       0        0       0        0       0        0       0        0       0        0       0        0       0  
   26     1651   1303638        0       0        7   10598        0       0        0       0        0       0        0       0        0       0        0       0        0       0        0       0  
   27     1651   1305110        0       0        7   10598        0       0        0       0        0       0        0       0        0       0        0       0        0       0        0       0  
   28     1652   1305152        0       0        6    9084        0       0        0       0        0       0        0       0        0       0        0       0        0       0        0       0  
   29     1651   1303650        0       0        3    4542        0       0        0       0        0       0        0       0        0       0        0       0        0       0        0       0  
   30     1651   1305038        0       0        1    1514        0       0        0       0        0       0        0       0        0       0        0       0        0       0        0       0  
   31     1652   1305128        0       0        2    3028        0       0        0       0        0       0        0       0        0       0        0       0        0       0        0       0  
   32     1651   1303602        0       0        3    4542        0       0        0       0        0       0        0       0        0       0        0       0        0       0        0       0  
   33     1651   1305086        0       0        2    3028        0       0        0       0        0       0        0       0        0       0        0       0        0       0        0       0  
   34     1651   1303602        0       0        3    4542        0       0        0       0        0       0        0       0        0       0        0       0        0       0        0       0  
   35     1651   1305050        0       0        1    1514        0       0        0       0        0       0        0       0        0       0        0       0        0       0        0       0  
   36     1652   1305168        0       0        2    3028        0       0        0       0        0       0        0       0        0       0        0       0        0       0        0       0  
