    1     1301   1011434      646    959380        6    9084  
    2     1276   1009000      594    899316       44   66616  
    3     1278   1010136      625    946250       14   21196  
    4     1292   1009512      642    960532        4    6056  
    5     1308   1033392      649    982586        5    7570  
    6     1282   1012904      637    964418        4    6056  
    7     1276   1008064      637    964418        1    1514  
    8     1272   1004880      636    962904        0       0  
    9     1322   1044488      655    991670        6    9084  
   10     1524   1203984      761   1152154        1    1514  
   11     1520   1200908      753   1140042        7   10598  
   12     1521   1202402      758   1147612        3    4542  
   13     1524   1204008      757   1146098        5    7570  
   14     1522   1201016      753   1140042        7   10598  
   15     1518   1200740      755   1143070        5    7570  
   16     1523   1203990      754   1141556        8   12112  
   17     1520   1200800      760   1150640        0       0  
   18     1523   1203942      759   1149126        3    4542  
   19     1545   1219886      770   1165780        2    3028  
   20     1652   1305152      823   1246022        3    4542  
   21     1650   1303560      824   1247536        1    1514  
   22     1652   1305128      823   1246022        3    4542  
   23     1651   1305050      824   1247536        2    3028  
   24     1651   1303638      823   1246022        2    3028  
   25     1652   1305164      819   1239966        7   10598  
   26     1651   1303638      818   1238452        7   10598  
   27     1651   1305110      819   1239966        7   10598  
   28     1652   1305152      820   1241480        6    9084  
   29     1651   1303650      822   1244508        3    4542  
   30     1651   1305038      825   1249050        1    1514  
   31     1652   1305128      824   1247536        2    3028  
   32     1651   1303602      822   1244508        3    4542  
   33     1651   1305086      824   1247536        2    3028  
   34     1651   1303602      822   1244508        3    4542  
   35     1651   1305050      825   1249050        1    1514  
   36     1652   1305168      824   1247536        2    3028  
