    1     1658   1304564        0       0       76   115064        0       0        0       0        0       0        0       0        0       0        0       0        0       0        0       0  
    2     1648   1301548        0       0       13    19682        0       0        0       0        0       0        0       0        0       0        0       0        0       0        0       0  
    3     1667   1306262        0       0        5     7570        0       0        0       0        0       0        0       0        0       0        0       0        0       0        0       0  
    4     1650   1303608        0       0        4     6056        0       0        0       0        0       0        0       0        0       0        0       0        0       0        0       0  
    5     1652   1305152        0       0        3     4542        0       0        0       0        0       0        0       0        0       0        0       0        0       0        0       0  
    6     1650   1303560        0       0        3     4542        0       0        0       0        0       0        0       0        0       0        0       0        0       0        0       0  
    7     1652   1305192        0       0        6     9084        0       0        0       0        0       0        0       0        0       0        0       0        0       0        0       0  
    8     1650   1303596        0       0        4     6056        0       0        0       0        0       0        0       0        0       0        0       0        0       0        0       0  
    9     1652   1305160        0       0        5     7570        0       0        0       0        0       0        0       0        0       0        0       0        0       0        0       0  
   10     1650   1303572        0       0        4     6056        0       0        0       0        0       0        0       0        0       0        0       0        0       0        0       0  
   11      901    712574        0       0        3     4542        0       0        0       0        0       0        0       0        0       0        0       0        0       0        0       0  
   12      266    210164        1    1514        1     1514        0       0        0       0        0       0        0       0        0       0        0       0        0       0        0       0  
   13      256    202240        0       0        0        0        0       0        0       0        0       0        0       0        0       0        0       0        0       0        0       0  
   14      258    203856        0       0        2     3028        0       0        0       0        0       0        0       0        0       0        0       0        0       0        0       0  
   15      262    206980        0       0        0        0        0       0        0       0        0       0        0       0        0       0        0       0        0       0        0       0  
   16      260    205424        0       0        1     1514        0       0        0       0        0       0        0       0        0       0        0       0        0       0        0       0  
   17      266    210140        0       0        0        0        0       0        0       0        0       0        0       0        0       0        0       0        0       0        0       0  
   18      258    203832        0       0        1     1514        0       0        0       0        0       0        0       0        0       0        0       0        0       0        0       0  
   19      260    205436        0       0        1     1514        0       0        0       0        0       0        0       0        0       0        0       0        0       0        0       0  
   20      260    205412        0       0        2     3028        0       0        0       0        0       0        0       0        0       0        0       0        0       0        0       0  
   21      264    208584        0       0        1     1514        0       0        0       0        0       0        0       0        0       0        0       0        0       0        0       0  
   22      260    205400        0       0        0        0        0       0        0       0        0       0        0       0        0       0        0       0        0       0        0       0  
   23      262    206992        0       0        1     1514        0       0        0       0        0       0        0       0        0       0        0       0        0       0        0       0  
   24      258    203856        0       0        1     1514        0       0        0       0        0       0        0       0        0       0        0       0        0       0        0       0  
   25      292    230692        0       0        2     3028        0       0        0       0        0       0        0       0        0       0        0       0        0       0        0       0  
   26      261    206914        0       0        0        0        0       0        0       0        0       0        0       0        0       0        0       0        0       0        0       0  
   27      270    211900        0       0        3     4542        0       0        0       0        0       0        0       0        0       0        0       0        0       0        0       0  
   28      271    211822        0       0        1     1514        0       0        0       0        0       0        0       0        0       0        0       0        0       0        0       0  
   29      278    209160        0       0        2     3028        0       0        0       0        0       0        0       0        0       0        0       0        0       0        0       0  
   30      258    203820        0       0        0        0        0       0        0       0        0       0        0       0        0       0        0       0        0       0        0       0  
   31      287    224486        0       0        0        0        0       0        0       0        0       0        0       0        0       0        0       0        0       0        0       0  
   32      273    211990        0       0        5     7570        0       0        0       0        0       0        0       0        0       0        0       0        0       0        0       0  
   33      258    203892        0       0        3     4542        0       0        0       0        0       0        0       0        0       0        0       0        0       0        0       0  
   34      258    203832        0       0        0        0        0       0        0       0        0       0        0       0        0       0        0       0        0       0        0       0  
   35      264    208572        0       0        1     1514        0       0        0       0        0       0        0       0        0       0        0       0        0       0        0       0  
   36      260    205412        0       0        1     1514        0       0        0       0        0       0        0       0        0       0        0       0        0       0        0       0  
