    1     1658   1304564      754   1132932       76   115064  
    2     1648   1301548      811   1227158       13    19682  
    3     1667   1306262      830   1243684        5     7570  
    4     1650   1303608      821   1242994        4     6056  
    5     1652   1305152      823   1246022        3     4542  
    6     1650   1303560      822   1244508        3     4542  
    7     1652   1305192      820   1241480        6     9084  
    8     1650   1303596      821   1242994        4     6056  
    9     1652   1305160      821   1242994        5     7570  
   10     1650   1303572      821   1242994        4     6056  
   11      901    712574      448    678272        3     4542  
   12      266    210164      131    198334        2     3028  
   13      256    202240      128    193792        0        0  
   14      258    203856      127    192278        2     3028  
   15      262    206980      131    198334        0        0  
   16      260    205424      129    195306        1     1514  
   17      266    210140      133    201362        0        0  
   18      258    203832      128    193792        1     1514  
   19      260    205436      129    195306        1     1514  
   20      260    205412      128    193792        2     3028  
   21      264    208584      131    198334        1     1514  
   22      260    205400      130    196820        0        0  
   23      262    206992      130    196820        1     1514  
   24      258    203856      128    193792        1     1514  
   25      292    230692      144    218016        2     3028  
   26      261    206914      131    198334        0        0  
   27      270    211900      131    198334        3     4542  
   28      271    211822      133    201362        1     1514  
   29      278    209160      130    196820        2     3028  
   30      258    203820      129    195306        0        0  
   31      287    224486      142    214988        0        0  
   32      273    211990      129    195306        5     7570  
   33      258    203892      126    190764        3     4542  
   34      258    203832      129    195306        0        0  
   35      264    208572      131    198334        1     1514  
   36      260    205412      129    195306        1     1514  
