    1     1626   1268908        0       0        0       0        0       0        0       0        0       0        0       0        0       0        0       0        0       0        0       0  
    2     1626   1272376        0       0       15   22710        0       0        0       0        0       0        0       0        0       0        0       0        0       0        0       0  
    3     1639   1294198        0       0        7   10598        0       0        0       0        0       0        0       0        0       0        0       0        0       0        0       0  
    4     1651   1305074        0       0        3    4542        0       0        0       0        0       0        0       0        0       0        0       0        0       0        0       0  
    5     1651   1303702        0       0        2    3028        0       0        0       0        0       0        0       0        0       0        0       0        0       0        0       0  
    6     1650   1303668        0       0        8   12112        0       0        0       0        0       0        0       0        0       0        0       0        0       0        0       0  
    7     1649   1302082        0       0        7   10598        0       0        0       0        0       0        0       0        0       0        0       0        0       0        0       0  
    8     1651   1305098        0       0        7   10598        0       0        0       0        0       0        0       0        0       0        0       0        0       0        0       0  
    9     1651   1303602        0       0        3    4542        0       0        0       0        0       0        0       0        0       0        0       0        0       0        0       0  
   10     1651   1305110        0       0        7   10598        0       0        0       0        0       0        0       0        0       0        0       0        0       0        0       0  
   11     1651   1303638        0       0        5    7570        0       0        0       0        0       0        0       0        0       0        0       0        0       0        0       0  
   12     1652   1305156        0       0        4    6056        0       0        0       0        0       0        0       0        0       0        0       0        0       0        0       0  
   13     1651   1305098        0       0        6    9084        0       0        0       0        0       0        0       0        0       0        0       0        0       0        0       0  
   14     1651   1303626        0       0        3    4542        0       0        0       0        0       0        0       0        0       0        0       0        0       0        0       0  
   15     1651   1305086        0       0        6    9084        0       0        0       0        0       0        0       0        0       0        0       0        0       0        0       0  
   16     1651   1303650        0       0        6    9084        0       0        0       0        0       0        0       0        0       0        0       0        0       0        0       0  
   17     1652   1305104        0       0        0       0        0       0        0       0        0       0        0       0        0       0        0       0        0       0        0       0  
   18     1651   1305098        0       0        7   10598        0       0        0       0        0       0        0       0        0       0        0       0        0       0        0       0  
   19     1651   1303626        0       0        5    7570        0       0        0       0        0       0        0       0        0       0        0       0        0       0        0       0  
   20     1652   1305176        0       0        9   13626        0       0        0       0        0       0        0       0        0       0        0       0        0       0        0       0  
   21     1651   1305098        0       0        6    9084        0       0        0       0        0       0        0       0        0       0        0       0        0       0        0       0  
   22     1651   1303650        0       0        8   12112        0       0        0       0        0       0        0       0        0       0        0       0        0       0        0       0  
   23     1651   1305074        0       0        4    6056        0       0        0       0        0       0        0       0        0       0        0       0        0       0        0       0  
   24     1652   1305140        0       0        3    4542        0       0        0       0        0       0        0       0        0       0        0       0        0       0        0       0  
   25     1650   1303584        0       0        7   10598        0       0        0       0        0       0        0       0        0       0        0       0        0       0        0       0  
   26     1651   1303650        0       0        7   10598        0       0        0       0        0       0        0       0        0       0        0       0        0       0        0       0  
   27     1652   1305152        0       0        4    6056        0       0        0       0        0       0        0       0        0       0        0       0        0       0        0       0  
   28     1651   1305062        0       0        5    7570        0       0        0       0        0       0        0       0        0       0        0       0        0       0        0       0  
   29     1651   1303662        0       0        7   10598        0       0        0       0        0       0        0       0        0       0        0       0        0       0        0       0  
   30     1650   1303584        0       0        7   10598        0       0        0       0        0       0        0       0        0       0        0       0        0       0        0       0  
   31     1651   1305062        0       0        3    4542        0       0        0       0        0       0        0       0        0       0        0       0        0       0        0       0  
   32     1651   1303626        0       0        1    1514        0       0        0       0        0       0        0       0        0       0        0       0        0       0        0       0  
   33     1652   1305104        0       0        3    4542        0       0        0       0        0       0        0       0        0       0        0       0        0       0        0       0  
   34     1651   1303578        0       0        2    3028        0       0        0       0        0       0        0       0        0       0        0       0        0       0        0       0  
   35     1661   1304046        0       0        2    3028        0       0        0       0        0       0        0       0        0       0        0       0        0       0        0       0  
   36     1590   1248680        0       0        6    9084        0       0        0       0        0       0        0       0        0       0        0       0        0       0        0       0  
