    1     1626   1268908      815   1215246        0       0  
    2     1626   1272376      799   1195334       15   22710  
    3     1639   1294198      812   1229368        7   10598  
    4     1651   1305074      823   1246022        3    4542  
    5     1651   1303702      823   1246022        2    3028  
    6     1650   1303668      817   1236938        8   12112  
    7     1649   1302082      817   1236938        7   10598  
    8     1651   1305098      819   1239966        7   10598  
    9     1651   1303602      822   1244508        3    4542  
   10     1651   1305110      819   1239966        7   10598  
   11     1651   1303638      820   1241480        5    7570  
   12     1652   1305156      822   1244508        4    6056  
   13     1651   1305098      820   1241480        6    9084  
   14     1651   1303626      822   1244508        3    4542  
   15     1651   1305086      820   1241480        6    9084  
   16     1651   1303650      819   1239966        6    9084  
   17     1652   1305104      826   1250564        0       0  
   18     1651   1305098      819   1239966        7   10598  
   19     1651   1303626      820   1241480        5    7570  
   20     1652   1305176      817   1236938        9   13626  
   21     1651   1305098      820   1241480        6    9084  
   22     1651   1303650      817   1236938        8   12112  
   23     1651   1305074      822   1244508        4    6056  
   24     1652   1305140      823   1246022        3    4542  
   25     1650   1303584      818   1238452        7   10598  
   26     1651   1303650      818   1238452        7   10598  
   27     1652   1305152      822   1244508        4    6056  
   28     1651   1305062      821   1242994        5    7570  
   29     1651   1303662      818   1238452        7   10598  
   30     1650   1303584      818   1238452        7   10598  
   31     1651   1305062      823   1246022        3    4542  
   32     1651   1303626      824   1247536        1    1514  
   33     1652   1305104      823   1246022        3    4542  
   34     1651   1303578      823   1246022        2    3028  
   35     1661   1304046      823   1246022        2    3028  
   36     1590   1248680      784   1186976        6    9084  
