    1     1673   1308454      100   151400        0       0        0       0        0       0        0       0        0       0        0       0        0       0        0       0        0       0  
    2     1672   1306376       34    51476        0       0        0       0        0       0        0       0        0       0        0       0        0       0        0       0        0       0  
    3     1652   1305116        3     4542        0       0        0       0        0       0        0       0        0       0        0       0        0       0        0       0        0       0  
    4     1651   1305102        4     6056        0       0        0       0        0       0        0       0        0       0        0       0        0       0        0       0        0       0  
    5     1650   1303584        3     4542        0       0        0       0        0       0        0       0        0       0        0       0        0       0        0       0        0       0  
    6     1651   1303698        3     4542        0       0        0       0        0       0        0       0        0       0        0       0        0       0        0       0        0       0  
    7     1652   1305248        2     3028        0       0        0       0        0       0        0       0        0       0        0       0        0       0        0       0        0       0  
    8     1651   1305154        3     4542        0       0        0       0        0       0        0       0        0       0        0       0        0       0        0       0        0       0  
    9     1651   1303682        5     7570        0       0        0       0        0       0        0       0        0       0        0       0        0       0        0       0        0       0  
   10     1651   1305046        3     4542        0       0        0       0        0       0        0       0        0       0        0       0        0       0        0       0        0       0  
   11     1651   1303626        1     1514        0       0        0       0        0       0        0       0        0       0        0       0        0       0        0       0        0       0  
   12     1652   1305164        3     4542        0       0        0       0        0       0        0       0        0       0        0       0        0       0        0       0        0       0  
   13     1652   1305116        3     4542        0       0        0       0        0       0        0       0        0       0        0       0        0       0        0       0        0       0  
   14     1018    807140        2     3028        0       0        0       0        0       0        0       0        0       0        0       0        0       0        0       0        0       0  
   15      273    213498        1     1514        0       0        0       0        0       0        0       0        0       0        0       0        0       0        0       0        0       0  
   16      264    210032        1     1514        0       0        0       0        0       0        0       0        0       0        0       0        0       0        0       0        0       0  
   17      266    210140        0        0        0       0        0       0        0       0        0       0        0       0        0       0        0       0        0       0        0       0  
   18      270    213312        1     1514        0       0        0       0        0       0        0       0        0       0        0       0        0       0        0       0        0       0  
   19      274    216508        3     4542        0       0        0       0        0       0        0       0        0       0        0       0        0       0        0       0        0       0  
   20      602    475580        0        0        0       0        0       0        0       0        0       0        0       0        0       0        0       0        0       0        0       0  
   21     1028    812120        0        0        0       0        0       0        0       0        0       0        0       0        0       0        0       0        0       0        0       0  
   22     1034    816944        6     9084        0       0        0       0        0       0        0       0        0       0        0       0        0       0        0       0        0       0  
   23     1032    815316        2     3028        0       0        0       0        0       0        0       0        0       0        0       0        0       0        0       0        0       0  
   24     1034    816860        0        0        0       0        0       0        0       0        0       0        0       0        0       0        0       0        0       0        0       0  
   25     1036    818440        0        0        0       0        0       0        0       0        0       0        0       0        0       0        0       0        0       0        0       0  
   26     1008    796320        0        0        0       0        0       0        0       0        0       0        0       0        0       0        0       0        0       0        0       0  
   27     1030    813700        0        0        0       0        0       0        0       0        0       0        0       0        0       0        0       0        0       0        0       0  
   28     1290   1019100        0        0        0       0        0       0        0       0        0       0        0       0        0       0        0       0        0       0        0       0  
   29     1545   1219826        0        0        0       0        0       0        0       0        0       0        0       0        0       0        0       0        0       0        0       0  
   30      664    524560        0        0        0       0        0       0        0       0        0       0        0       0        0       0        0       0        0       0        0       0  
   31     1632   1289280        0        0        0       0        0       0        0       0        0       0        0       0        0       0        0       0        0       0        0       0  
   32     1648   1301920        0        0        0       0        0       0        0       0        0       0        0       0        0       0        0       0        0       0        0       0  
   33     1650   1303500        0        0        0       0        0       0        0       0        0       0        0       0        0       0        0       0        0       0        0       0  
   34     1650   1303500        0        0        0       0        0       0        0       0        0       0        0       0        0       0        0       0        0       0        0       0  
   35     1652   1305092        1     1514        0       0        0       0        0       0        0       0        0       0        0       0        0       0        0       0        0       0  
   36     1650   1303500        0        0        0       0        0       0        0       0        0       0        0       0        0       0        0       0        0       0        0       0  
