    1     1673   1308454      735   1098438      100   151400  
    2     1672   1306376      803   1198526       34    51476  
    3     1652   1305116      823   1246022        3     4542  
    4     1651   1305102      822   1244508        4     6056  
    5     1650   1303584      822   1244508        3     4542  
    6     1651   1303698      822   1244508        3     4542  
    7     1652   1305248      824   1247536        2     3028  
    8     1651   1305154      823   1246022        3     4542  
    9     1651   1303682      820   1241480        5     7570  
   10     1651   1305046      823   1246022        3     4542  
   11     1651   1303626      824   1247536        1     1514  
   12     1652   1305164      823   1246022        3     4542  
   13     1652   1305116      823   1246022        3     4542  
   14     1018    807140      509    770626        2     3028  
   15      273    213498      134    202876        1     1514  
   16      264    210032      132    199848        1     1514  
   17      266    210140      133    201362        0        0  
   18      270    213312      134    202876        1     1514  
   19      274    216508      134    202876        3     4542  
   20      602    475580      301    455714        0        0  
   21     1028    812120      514    778196        0        0  
   22     1034    816944      511    773654        6     9084  
   23     1032    815316      514    778196        2     3028  
   24     1034    816860      517    782738        0        0  
   25     1036    818440      518    784252        0        0  
   26     1008    796320      504    763056        0        0  
   27     1030    813700      515    779710        0        0  
   28     1290   1019100      645    976530        0        0  
   29     1545   1219826      772   1168808        0        0  
   30      664    524560      332    502648        0        0  
   31     1632   1289280      816   1235424        0        0  
   32     1648   1301920      824   1247536        0        0  
   33     1650   1303500      825   1249050        0        0  
   34     1650   1303500      825   1249050        0        0  
   35     1652   1305092      825   1249050        1     1514  
   36     1650   1303500      825   1249050        0        0  
