    1     1665   1303090        0       0       67   100742        0       0        0       0        0       0        0       0        0       0        0       0        0       0        0       0  
    2     1666   1304940        0       0        8    12112        0       0        0       0        0       0        0       0        0       0        0       0        0       0        0       0  
    3     1651   1305110        0       0        2     3028        0       0        0       0        0       0        0       0        0       0        0       0        0       0        0       0  
    4     1391   1092502        0       0        4     6056        0       0        0       0        0       0        0       0        0       0        0       0        0       0        0       0  
    5      346    273424        1    1514        3     4542        0       0        1    1514        0       0        0       0        0       0        0       0        0       0        1    1514  
    6      258    202372        0       0        0        0        0       0        0       0        0       0        0       0        0       0        0       0        0       0        0       0  
    7      254    202120        0       0        0        0        0       0        0       0        0       0        0       0        0       0        0       0        0       0        0       0  
    8      258    203856        0       0        3     4542        0       0        0       0        0       0        0       0        0       0        0       0        0       0        0       0  
    9      266    210164        0       0        1     1514        0       0        0       0        0       0        0       0        0       0        0       0        0       0        0       0  
   10      262    206980        0       0        0        0        0       0        0       0        0       0        0       0        0       0        0       0        0       0        0       0  
   11      260    205412        0       0        2     3028        0       0        0       0        0       0        0       0        0       0        0       0        0       0        0       0  
   12      256    202240        0       0        0        0        0       0        0       0        0       0        0       0        0       0        0       0        0       0        0       0  
   13      258    203844        0       0        1     1514        0       0        0       0        0       0        0       0        0       0        0       0        0       0        0       0  
   14      272    214904        0       0        2     3028        0       0        0       0        0       0        0       0        0       0        0       0        0       0        0       0  
   15      260    205412        0       0        1     1514        0       0        0       0        0       0        0       0        0       0        0       0        0       0        0       0  
   16      258    203832        0       0        2     3028        0       0        0       0        0       0        0       0        0       0        0       0        0       0        0       0  
   17      262    206980        0       0        0        0        0       0        0       0        0       0        0       0        0       0        0       0        0       0        0       0  
   18      256    202240        0       0        0        0        0       0        0       0        0       0        0       0        0       0        0       0        0       0        0       0  
   19      262    207028        0       0        3     4542        0       0        0       0        0       0        0       0        0       0        0       0        0       0        0       0  
   20      262    206992        0       0        1     1514        0       0        0       0        0       0        0       0        0       0        0       0        0       0        0       0  
   21      290    229124        0       0        3     4542        0       0        0       0        0       0        0       0        0       0        0       0        0       0        0       0  
   22      258    203820        0       0        0        0        0       0        0       0        0       0        0       0        0       0        0       0        0       0        0       0  
   23      262    206980        0       0        0        0        0       0        0       0        0       0        0       0        0       0        0       0        0       0        0       0  
   24      264    208596        0       0        2     3028        0       0        0       0        0       0        0       0        0       0        0       0        0       0        0       0  
   25      262    207028        0       0        4     6056        0       0        0       0        0       0        0       0        0       0        0       0        0       0        0       0  
   26      274    216472        0       0        2     3028        0       0        0       0        0       0        0       0        0       0        0       0        0       0        0       0  
   27      256    202240        0       0        0        0        0       0        0       0        0       0        0       0        0       0        0       0        0       0        0       0  
   28      260    205424        0       0        0        0        0       0        0       0        0       0        0       0        0       0        0       0        0       0        0       0  
   29      264    208572        0       0        2     3028        0       0        0       0        0       0        0       0        0       0        0       0        0       0        0       0  
   30      264    208560        0       0        0        0        0       0        0       0        0       0        0       0        0       0        0       0        0       0        0       0  
   31      262    205544        0       0        0        0        0       0        0       0        0       0        0       0        0       0        0       0        0       0        0       0  
   32      264    208596        0       0        3     4542        0       0        0       0        0       0        0       0        0       0        0       0        0       0        0       0  
   33      256    202252        0       0        1     1514        0       0        0       0        0       0        0       0        0       0        0       0        0       0        0       0  
   34      258    205268        0       0        0        0        0       0        0       0        0       0        0       0        0       0        0       0        0       0        0       0  
   35      260    205436        0       0        1     1514        0       0        0       0        0       0        0       0        0       0        0       0        0       0        0       0  
   36      258    203832        0       0        2     3028        0       0        0       0        0       0        0       0        0       0        0       0        0       0        0       0  
