    1     1665   1303090      767   1146190       67   100742  
    2     1666   1304940      826   1237628        8    12112  
    3     1651   1305110      824   1247536        2     3028  
    4     1391   1092502      693   1040578        4     6056  
    5      346    273424      167    252838        6     9084  
    6      258    202372      128    193792        0        0  
    7      254    202120      128    193792        0        0  
    8      258    203856      126    190764        3     4542  
    9      266    210164      132    199848        1     1514  
   10      262    206980      131    198334        0        0  
   11      260    205412      128    193792        2     3028  
   12      256    202240      128    193792        0        0  
   13      258    203844      128    193792        1     1514  
   14      272    214904      134    202876        2     3028  
   15      260    205412      129    195306        1     1514  
   16      258    203832      127    192278        2     3028  
   17      262    206980      131    198334        0        0  
   18      256    202240      128    193792        0        0  
   19      262    207028      128    193792        3     4542  
   20      262    206992      130    196820        1     1514  
   21      290    229124      142    214988        3     4542  
   22      258    203820      129    195306        0        0  
   23      262    206980      131    198334        0        0  
   24      264    208596      130    196820        2     3028  
   25      262    207028      127    192278        4     6056  
   26      274    216472      135    204390        2     3028  
   27      256    202240      128    193792        0        0  
   28      260    205424      130    196820        0        0  
   29      264    208572      130    196820        2     3028  
   30      264    208560      132    199848        0        0  
   31      262    205544      130    196820        0        0  
   32      264    208596      129    195306        3     4542  
   33      256    202252      127    192278        1     1514  
   34      258    205268      130    196820        0        0  
   35      260    205436      129    195306        1     1514  
   36      258    203832      127    192278        2     3028  
