    1     1472   1152132      673   1004570       64   96896  
    2     1480   1152440      721   1074434       19   28766  
    3     1588   1254652      783   1185462       11   16654  
    4     1652   1305092      824   1247536        2    3028  
    5     1650   1303548      824   1247536        1    1514  
    6     1652   1305144      824   1247536        2    3028  
    7     1652   1305176      821   1242994        5    7570  
    8     1648   1301980      823   1246022        1    1514  
    9     1652   1305128      822   1244508        4    6056  
   10     1653   1305254      818   1238452        8   12112  
   11     1651   1305062      824   1247536        2    3028  
   12     1651   1303602      823   1246022        2    3028  
   13     1652   1305104      824   1247536        2    3028  
   14     1651   1305110      819   1239966        7   10598  
   15     1651   1303638      820   1241480        5    7570  
   16     1652   1305140      821   1242994        5    7570  
   17     1651   1305098      819   1239966        7   10598  
   18     1651   1303650      818   1238452        7   10598  
   19     1651   1305074      823   1246022        3    4542  
   20     1652   1305116      825   1249050        1    1514  
   21     1651   1303626      822   1244508        3    4542  
   22     1651   1305086      822   1244508        4    6056  
   23     1651   1303638      819   1239966        6    9084  
   24     1652   1305152      819   1239966        7   10598  
   25     1650   1303572      819   1239966        6    9084  
   26     1652   1305176      819   1239966        7   10598  
   27     1659   1305398      822   1244508        4    6056  
   28     1662   1304100      821   1242994        4    6056  
   29     1657   1305362      818   1238452        8   12112  
   30     1651   1303602      823   1246022        2    3028  
   31     1652   1305140      825   1249050        1    1514  
   32     1651   1305062      823   1246022        3    4542  
   33     1651   1303602      823   1246022        2    3028  
   34     1652   1305140      825   1249050        1    1514  
   35     1651   1305074      820   1241480        6    9084  
   36     1651   1303638      819   1239966        6    9084  
