    1     1645   1286306        0       0       22   33308        0       0        0       0        0       0        0       0        0       0        0       0        0       0        0       0  
    2     1671   1303918        0       0       10   15140        0       0        0       0        0       0        0       0        0       0        0       0        0       0        0       0  
    3     1650   1303528        0       0        1    1514        0       0        0       0        0       0        0       0        0       0        0       0        0       0        0       0  
    4     1654   1306772        0       0        2    3028        0       0        0       0        0       0        0       0        0       0        0       0        0       0        0       0  
    5     1649   1302182        0       0        3    4542        0       0        0       0        0       0        0       0        0       0        0       0        0       0        0       0  
    6     1650   1303696        0       0        3    4542        0       0        0       0        0       0        0       0        0       0        0       0        0       0        0       0  
    7     1648   1302060        0       0        3    4542        0       0        0       0        0       0        0       0        0       0        0       0        0       0        0       0  
    8     1651   1305154        0       0        4    6056        0       0        0       0        0       0        0       0        0       0        0       0        0       0        0       0  
    9     1652   1305332        0       0        5    7570        0       0        0       0        0       0        0       0        0       0        0       0        0       0        0       0  
   10     1652   1305192        0       0        4    6056        0       0        0       0        0       0        0       0        0       0        0       0        0       0        0       0  
   11     1651   1303706        0       0        3    4542        0       0        0       0        0       0        0       0        0       0        0       0        0       0        0       0  
   12     1651   1305174        0       0        5    7570        0       0        0       0        0       0        0       0        0       0        0       0        0       0        0       0  
   13     1651   1303670        0       0        2    3028        0       0        0       0        0       0        0       0        0       0        0       0        0       0        0       0  
   14     1647   1301982        0       0        7   10598        0       0        0       0        0       0        0       0        0       0        0       0        0       0        0       0  
   15     1652   1305128        0       0        4    6056        0       0        0       0        0       0        0       0        0       0        0       0        0       0        0       0  
   16     1651   1303662        0       0        5    7570        0       0        0       0        0       0        0       0        0       0        0       0        0       0        0       0  
   17     1650   1303524        0       0        1    1514        0       0        0       0        0       0        0       0        0       0        0       0        0       0        0       0  
   18     1652   1305156        0       0        3    4542        0       0        0       0        0       0        0       0        0       0        0       0        0       0        0       0  
   19     1651   1305074        0       0        6    9084        0       0        0       0        0       0        0       0        0       0        0       0        0       0        0       0  
   20     1651   1303662        0       0        7   10598        0       0        0       0        0       0        0       0        0       0        0       0        0       0        0       0  
   21     1652   1305152        0       0        6    9084        0       0        0       0        0       0        0       0        0       0        0       0        0       0        0       0  
   22     1650   1303584        0       0        3    4542        0       0        0       0        0       0        0       0        0       0        0       0        0       0        0       0  
   23     1652   1305128        0       0        5    7570        0       0        0       0        0       0        0       0        0       0        0       0        0       0        0       0  
   24     1650   1303560        0       0        4    6056        0       0        0       0        0       0        0       0        0       0        0       0        0       0        0       0  
   25     1650   1303572        0       0        3    4542        0       0        0       0        0       0        0       0        0       0        0       0        0       0        0       0  
   26     1652   1305116        0       0        2    3028        0       0        0       0        0       0        0       0        0       0        0       0        0       0        0       0  
   27     1651   1305110        0       0        7   10598        0       0        0       0        0       0        0       0        0       0        0       0        0       0        0       0  
   28     1651   1303638        0       0        7   10598        0       0        0       0        0       0        0       0        0       0        0       0        0       0        0       0  
   29     1651   1305074        0       0        4    6056        0       0        0       0        0       0        0       0        0       0        0       0        0       0        0       0  
   30     1651   1303626        0       0        3    4542        0       0        0       0        0       0        0       0        0       0        0       0        0       0        0       0  
   31     1651   1305098        0       0        7   10598        0       0        0       0        0       0        0       0        0       0        0       0        0       0        0       0  
   32     1651   1303626        0       0        3    4542        0       0        0       0        0       0        0       0        0       0        0       0        0       0        0       0  
   33     1652   1305152        0       0        6    9084        0       0        0       0        0       0        0       0        0       0        0       0        0       0        0       0  
   34     1651   1305074        0       0        3    4542        0       0        0       0        0       0        0       0        0       0        0       0        0       0        0       0  
   35     1651   1303626        0       0        4    6056        0       0        0       0        0       0        0       0        0       0        0       0        0       0        0       0  
   36     1651   1305074        0       0        4    6056        0       0        0       0        0       0        0       0        0       0        0       0        0       0        0       0  
