    1     1645   1286306      802   1198428       22   33308  
    2     1671   1303918      827   1233414       10   15140  
    3     1650   1303528      824   1247536        1    1514  
    4     1654   1306772      825   1249050        2    3028  
    5     1649   1302182      821   1242994        3    4542  
    6     1650   1303696      822   1244508        3    4542  
    7     1648   1302060      821   1242994        3    4542  
    8     1651   1305154      822   1244508        4    6056  
    9     1652   1305332      821   1242994        5    7570  
   10     1652   1305192      822   1244508        4    6056  
   11     1651   1303706      822   1244508        3    4542  
   12     1651   1305174      821   1242994        5    7570  
   13     1651   1303670      823   1246022        2    3028  
   14     1647   1301982      817   1236938        7   10598  
   15     1652   1305128      822   1244508        4    6056  
   16     1651   1303662      820   1241480        5    7570  
   17     1650   1303524      824   1247536        1    1514  
   18     1652   1305156      823   1246022        3    4542  
   19     1651   1305074      820   1241480        6    9084  
   20     1651   1303662      818   1238452        7   10598  
   21     1652   1305152      820   1241480        6    9084  
   22     1650   1303584      822   1244508        3    4542  
   23     1652   1305128      821   1242994        5    7570  
   24     1650   1303560      821   1242994        4    6056  
   25     1650   1303572      822   1244508        3    4542  
   26     1652   1305116      824   1247536        2    3028  
   27     1651   1305110      819   1239966        7   10598  
   28     1651   1303638      818   1238452        7   10598  
   29     1651   1305074      822   1244508        4    6056  
   30     1651   1303626      822   1244508        3    4542  
   31     1651   1305098      819   1239966        7   10598  
   32     1651   1303626      822   1244508        3    4542  
   33     1652   1305152      820   1241480        6    9084  
   34     1651   1305074      823   1246022        3    4542  
   35     1651   1303626      821   1242994        4    6056  
   36     1651   1305074      822   1244508        4    6056  
