    1     1665   1303494        0       0       19   28766        0       0        0       0        0       0        0       0        0       0        0       0        0       0        0       0  
    2     1668   1304552        0       0       20   29584        0       0        0       0        0       0        0       0        0       0        0       0        0       0        0       0  
    3     1652   1305100        0       0        1    1514        0       0        0       0        0       0        0       0        0       0        0       0        0       0        0       0  
    4     1656   1304068        0       0        3    4542        0       0        0       0        0       0        0       0        0       0        0       0        0       0        0       0  
    5     1650   1303612        0       0        2    3028        0       0        0       0        0       0        0       0        0       0        0       0        0       0        0       0  
    6     1651   1305294        0       0        5    7570        0       0        0       0        0       0        0       0        0       0        0       0        0       0        0       0  
    7     1651   1303706        0       0        3    4542        0       0        0       0        0       0        0       0        0       0        0       0        0       0        0       0  
    8     1651   1305098        0       0        3    4542        0       0        0       0        0       0        0       0        0       0        0       0        0       0        0       0  
    9     1651   1303734        0       0        2    3028        0       0        0       0        0       0        0       0        0       0        0       0        0       0        0       0  
   10     1652   1305220        0       0        3    4542        0       0        0       0        0       0        0       0        0       0        0       0        0       0        0       0  
   11     1651   1305210        0       0        5    7570        0       0        0       0        0       0        0       0        0       0        0       0        0       0        0       0  
   12     1651   1303678        0       0        4    6056        0       0        0       0        0       0        0       0        0       0        0       0        0       0        0       0  
   13     1652   1305220        0       0        5    7570        0       0        0       0        0       0        0       0        0       0        0       0        0       0        0       0  
   14     1649   1303630        0       0        3    4542        0       0        0       0        0       0        0       0        0       0        0       0        0       0        0       0  
   15     1651   1303706        0       0        3    4542        0       0        0       0        0       0        0       0        0       0        0       0        0       0        0       0  
   16     1651   1305126        0       0        2    3028        0       0        0       0        0       0        0       0        0       0        0       0        0       0        0       0  
   17     1650   1303640        0       0        3    4542        0       0        0       0        0       0        0       0        0       0        0       0        0       0        0       0  
   18     1651   1303762        0       0        3    4542        0       0        0       0        0       0        0       0        0       0        0       0        0       0        0       0  
   19     1651   1305210        0       0        5    7570        0       0        0       0        0       0        0       0        0       0        0       0        0       0        0       0  
   20     1651   1303706        0       0        4    6056        0       0        0       0        0       0        0       0        0       0        0       0        0       0        0       0  
   21     1652   1305276        0       0        5    7570        0       0        0       0        0       0        0       0        0       0        0       0        0       0        0       0  
   22     1651   1305098        0       0        3    4542        0       0        0       0        0       0        0       0        0       0        0       0        0       0        0       0  
   23     1651   1303666        0       0        6    9084        0       0        0       0        0       0        0       0        0       0        0       0        0       0        0       0  
   24     1651   1305038        0       0        0       0        0       0        0       0        0       0        0       0        0       0        0       0        0       0        0       0  
   25     1651   1303650        0       0        3    4542        0       0        0       0        0       0        0       0        0       0        0       0        0       0        0       0  
   26     1652   1305196        0       0        3    4542        0       0        0       0        0       0        0       0        0       0        0       0        0       0        0       0  
   27     1651   1305086        0       0        3    4542        0       0        0       0        0       0        0       0        0       0        0       0        0       0        0       0  
   28     1651   1303658        0       0        3    4542        0       0        0       0        0       0        0       0        0       0        0       0        0       0        0       0  
   29     1652   1305172        0       0        7   10598        0       0        0       0        0       0        0       0        0       0        0       0        0       0        0       0  
   30     1651   1305086        0       0        6    9084        0       0        0       0        0       0        0       0        0       0        0       0        0       0        0       0  
   31     1641   1295690        0       0        0       0        0       0        0       0        0       0        0       0        0       0        0       0        0       0        0       0  
   32     1652   1305152        0       0        5    7570        0       0        0       0        0       0        0       0        0       0        0       0        0       0        0       0  
   33     1651   1305086        0       0        5    7570        0       0        0       0        0       0        0       0        0       0        0       0        0       0        0       0  
   34     1652   1303668        0       0        5    7570        0       0        0       0        0       0        0       0        0       0        0       0        0       0        0       0  
   35     1660   1305452        0       0        3    4542        0       0        0       0        0       0        0       0        0       0        0       0        0       0        0       0  
   36     1658   1302448        0       0        7   10598        0       0        0       0        0       0        0       0        0       0        0       0        0       0        0       0  
