    1     1665   1303494      815   1219558       19   28766  
    2     1668   1304552      815   1219558       20   29584  
    3     1652   1305100      825   1249050        1    1514  
    4     1656   1304068      825   1244738        3    4542  
    5     1650   1303612      823   1246022        2    3028  
    6     1651   1305294      821   1242994        5    7570  
    7     1651   1303706      822   1244508        3    4542  
    8     1651   1305098      823   1246022        3    4542  
    9     1651   1303734      823   1246022        2    3028  
   10     1652   1305220      823   1246022        3    4542  
   11     1651   1305210      821   1242994        5    7570  
   12     1651   1303678      821   1242994        4    6056  
   13     1652   1305220      821   1242994        5    7570  
   14     1649   1303630      822   1244508        3    4542  
   15     1651   1303706      822   1244508        3    4542  
   16     1651   1305126      824   1247536        2    3028  
   17     1650   1303640      822   1244508        3    4542  
   18     1651   1303762      822   1244508        3    4542  
   19     1651   1305210      821   1242994        5    7570  
   20     1651   1303706      821   1242994        4    6056  
   21     1652   1305276      821   1242994        5    7570  
   22     1651   1305098      823   1246022        3    4542  
   23     1651   1303666      819   1239966        6    9084  
   24     1651   1305038      826   1250564        0       0  
   25     1651   1303650      822   1244508        3    4542  
   26     1652   1305196      823   1246022        3    4542  
   27     1651   1305086      823   1246022        3    4542  
   28     1651   1303658      822   1244508        3    4542  
   29     1652   1305172      819   1239966        7   10598  
   30     1651   1305086      820   1241480        6    9084  
   31     1641   1295690      820   1241480        0       0  
   32     1652   1305152      821   1242994        5    7570  
   33     1651   1305086      821   1242994        5    7570  
   34     1652   1303668      820   1241480        5    7570  
   35     1660   1305452      823   1246022        3    4542  
   36     1658   1302448      817   1236938        7   10598  
