    1     1657   1303502        0       0       68   102256        0       0        0       0        0       0        0       0        0       0        0       0        0       0        0       0  
    2     1659   1305694        0       0        5     7570        0       0        0       0        0       0        0       0        0       0        0       0        0       0        0       0  
    3     1654   1305396        0       0        8    12112        0       0        0       0        0       0        0       0        0       0        0       0        0       0        0       0  
    4     1652   1302312        0       0        8    12112        0       0        0       0        0       0        0       0        0       0        0       0        0       0        0       0  
    5     1651   1305050        0       0        3     4542        0       0        0       0        0       0        0       0        0       0        0       0        0       0        0       0  
    6     1652   1305164        0       0        5     7570        0       0        0       0        0       0        0       0        0       0        0       0        0       0        0       0  
    7     1650   1303548        0       0        5     7570        0       0        0       0        0       0        0       0        0       0        0       0        0       0        0       0  
    8     1653   1305230        0       0        6     9084        0       0        0       0        0       0        0       0        0       0        0       0        0       0        0       0  
    9     1651   1305098        0       0        5     7570        0       0        0       0        0       0        0       0        0       0        0       0        0       0        0       0  
   10     1651   1303626        0       0        5     7570        0       0        0       0        0       0        0       0        0       0        0       0        0       0        0       0  
   11     1652   1305152        0       0        7    10598        0       0        0       0        0       0        0       0        0       0        0       0        0       0        0       0  
   12     1651   1305110        0       0        5     7570        0       0        0       0        0       0        0       0        0       0        0       0        0       0        0       0  
   13     1651   1303614        0       0        5     7570        0       0        0       0        0       0        0       0        0       0        0       0        0       0        0       0  
   14     1651   1305086        0       0        5     7570        0       0        0       0        0       0        0       0        0       0        0       0        0       0        0       0  
   15     1651   1303626        0       0        2     3028        0       0        0       0        0       0        0       0        0       0        0       0        0       0        0       0  
   16     1652   1305116        0       0        3     4542        0       0        0       0        0       0        0       0        0       0        0       0        0       0        0       0  
   17     1651   1305086        0       0        6     9084        0       0        0       0        0       0        0       0        0       0        0       0        0       0        0       0  
   18     1651   1303638        0       0        4     6056        0       0        0       0        0       0        0       0        0       0        0       0        0       0        0       0  
   19     1652   1305128        0       0        3     4542        0       0        0       0        0       0        0       0        0       0        0       0        0       0        0       0  
   20     1649   1303494        0       0        2     3028        0       0        0       0        0       0        0       0        0       0        0       0        0       0        0       0  
   21     1651   1303650        0       0        7    10598        0       0        0       0        0       0        0       0        0       0        0       0        0       0        0       0  
   22     1652   1305164        0       0        7    10598        0       0        0       0        0       0        0       0        0       0        0       0        0       0        0       0  
   23     1651   1305098        0       0        8    12112        0       0        0       0        0       0        0       0        0       0        0       0        0       0        0       0  
   24     1651   1303626        0       0        2     3028        0       0        0       0        0       0        0       0        0       0        0       0        0       0        0       0  
   25     1651   1305098        0       0        6     9084        0       0        0       0        0       0        0       0        0       0        0       0        0       0        0       0  
   26     1652   1305140        0       0        3     4542        0       0        0       0        0       0        0       0        0       0        0       0        0       0        0       0  
   27     1651   1303602        0       0        3     4542        0       0        0       0        0       0        0       0        0       0        0       0        0       0        0       0  
   28     1651   1305050        0       0        1     1514        0       0        0       0        0       0        0       0        0       0        0       0        0       0        0       0  
   29     1651   1303638        0       0        2     3028        0       0        0       0        0       0        0       0        0       0        0       0        0       0        0       0  
   30     1651   1305086        0       0        3     4542        0       0        0       0        0       0        0       0        0       0        0       0        0       0        0       0  
   31     1652   1305104        0       0        1     1514        0       0        0       0        0       0        0       0        0       0        0       0        0       0        0       0  
   32     1651   1303614        0       0        2     3028        0       0        0       0        0       0        0       0        0       0        0       0        0       0        0       0  
   33     1651   1305086        0       0        3     4542        0       0        0       0        0       0        0       0        0       0        0       0        0       0        0       0  
   34     1651   1303602        0       0        2     3028        0       0        0       0        0       0        0       0        0       0        0       0        0       0        0       0  
   35     1652   1305116        0       0        3     4542        0       0        0       0        0       0        0       0        0       0        0       0        0       0        0       0  
   36     1650   1303584        0       0        4     6056        0       0        0       0        0       0        0       0        0       0        0       0        0       0        0       0  
