    1     1657   1303502      762   1145036       68   102256  
    2     1659   1305694      824   1243264        5     7570  
    3     1654   1305396      819   1238526        8    12112  
    4     1652   1302312      818   1235580        8    12112  
    5     1651   1305050      823   1246022        3     4542  
    6     1652   1305164      821   1242994        5     7570  
    7     1650   1303548      820   1241480        5     7570  
    8     1653   1305230      820   1241480        6     9084  
    9     1651   1305098      821   1242994        5     7570  
   10     1651   1303626      820   1241480        5     7570  
   11     1652   1305152      819   1239966        7    10598  
   12     1651   1305110      821   1242994        5     7570  
   13     1651   1303614      820   1241480        5     7570  
   14     1651   1305086      821   1242994        5     7570  
   15     1651   1303626      823   1246022        2     3028  
   16     1652   1305116      823   1246022        3     4542  
   17     1651   1305086      820   1241480        6     9084  
   18     1651   1303638      821   1242994        4     6056  
   19     1652   1305128      823   1246022        3     4542  
   20     1649   1303494      823   1246022        2     3028  
   21     1651   1303650      818   1238452        7    10598  
   22     1652   1305164      819   1239966        7    10598  
   23     1651   1305098      818   1238452        8    12112  
   24     1651   1303626      823   1246022        2     3028  
   25     1651   1305098      820   1241480        6     9084  
   26     1652   1305140      823   1246022        3     4542  
   27     1651   1303602      822   1244508        3     4542  
   28     1651   1305050      825   1249050        1     1514  
   29     1651   1303638      823   1246022        2     3028  
   30     1651   1305086      823   1246022        3     4542  
   31     1652   1305104      825   1249050        1     1514  
   32     1651   1303614      823   1246022        2     3028  
   33     1651   1305086      823   1246022        3     4542  
   34     1651   1303602      823   1246022        2     3028  
   35     1652   1305116      823   1246022        3     4542  
   36     1650   1303584      821   1242994        4     6056  
