    1     1143    881550        0       0        6    9084        0       0        0       0        0       0        0       0        0       0        0       0        0       0        0       0  
    2     1128    892636        0       0       55   82574        0       0        0       0        0       0        0       0        0       0        0       0        0       0        0       0  
    3     1126    889872        0       0        8   12112        0       0        0       0        0       0        0       0        0       0        0       0        0       0        0       0  
    4     1168    911604        0       0        6    9084        0       0        0       0        0       0        0       0        0       0        0       0        0       0        0       0  
    5     1170    924404        0       0        4    6056        0       0        0       0        0       0        0       0        0       0        0       0        0       0        0       0  
    6     1120    884800        0       0        0       0        0       0        0       0        0       0        0       0        0       0        0       0        0       0        0       0  
    7     1118    883256        0       0        1    1514        0       0        0       0        0       0        0       0        0       0        0       0        0       0        0       0  
    8     1122    886452        0       0        4    6056        0       0        0       0        0       0        0       0        0       0        0       0        0       0        0       0  
    9     1112    878552        0       0        4    6056        0       0        0       0        0       0        0       0        0       0        0       0        0       0        0       0  
   10     1122    886440        0       0        4    6056        0       0        0       0        0       0        0       0        0       0        0       0        0       0        0       0  
   11     1120    884824        0       0        1    1514        0       0        0       0        0       0        0       0        0       0        0       0        0       0        0       0  
   12      686    541940        0       0        0       0        0       0        0       0        0       0        0       0        0       0        0       0        0       0        0       0  
   13      938    741092        0       0        3    4542        1    1514        0       0        0       0        0       0        0       0        0       0        0       0        0       0  
   14     1592   1257740        0       0        4    6056        0       0        0       0        0       0        0       0        0       0        0       0        0       0        0       0  
   15     1592   1257728        0       0        3    4542        0       0        0       0        0       0        0       0        0       0        0       0        0       0        0       0  
   16     1582   1249852        0       0        2    3028        0       0        0       0        0       0        0       0        0       0        0       0        0       0        0       0  
   17     1590   1256172        0       0        4    6056        0       0        0       0        0       0        0       0        0       0        0       0        0       0        0       0  
   18     1594   1259332        0       0        4    6056        0       0        0       0        0       0        0       0        0       0        0       0        0       0        0       0  
   19     1594   1259344        0       0        7   10598        0       0        0       0        0       0        0       0        0       0        0       0        0       0        0       0  
   20     1568   1238780        0       0        4    6056        0       0        0       0        0       0        0       0        0       0        0       0        0       0        0       0  
   21     1566   1237224        0       0        7   10598        0       0        0       0        0       0        0       0        0       0        0       0        0       0        0       0  
   22     1592   1257764        0       0        6    9084        0       0        0       0        0       0        0       0        0       0        0       0        0       0        0       0  
   23      932    728812        0       0        1    1514        0       0        0       0        0       0        0       0        0       0        0       0        0       0        0       0  
   24      271    210434        0       0        1    1514        0       0        0       0        0       0        0       0        0       0        0       0        0       0        0       0  
   25      270    213312        0       0        1    1514        0       0        0       0        0       0        0       0        0       0        0       0        0       0        0       0  
   26      289    226042        0       0        1    1514        0       0        0       0        0       0        0       0        0       0        0       0        0       0        0       0  
   27      269    210242        0       0        0       0        0       0        0       0        0       0        0       0        0       0        0       0        0       0        0       0  
   28      264    208596        0       0        2    3028        0       0        0       0        0       0        0       0        0       0        0       0        0       0        0       0  
   29      264    208584        0       0        2    3028        0       0        0       0        0       0        0       0        0       0        0       0        0       0        0       0  
   30      268    211732        0       0        1    1514        0       0        0       0        0       0        0       0        0       0        0       0        0       0        0       0  
   31      264    208572        0       0        2    3028        0       0        0       0        0       0        0       0        0       0        0       0        0       0        0       0  
   32      266    210152        0       0        1    1514        0       0        0       0        0       0        0       0        0       0        0       0        0       0        0       0  
   33      264    208608        0       0        2    3028        0       0        0       0        0       0        0       0        0       0        0       0        0       0        0       0  
   34      273    214982        0       0        2    3028        0       0        0       0        0       0        0       0        0       0        0       0        0       0        0       0  
   35      657    519778        0       0        1    1514        0       0        0       0        0       0        0       0        0       0        0       0        0       0        0       0  
   36     1032    815292        0       0        1    1514        0       0        0       0        0       0        0       0        0       0        0       0        0       0        0       0  
