    1     1143    881550      566    834692        6    9084  
    2     1128    892636      509    770626       55   82574  
    3     1126    889872      555    840270        8   12112  
    4     1168    911604      578    863636        6    9084  
    5     1170    924404      581    879634        4    6056  
    6     1120    884800      560    847840        0       0  
    7     1118    883256      558    844812        1    1514  
    8     1122    886452      557    843298        4    6056  
    9     1112    878552      552    835728        4    6056  
   10     1122    886440      557    843298        4    6056  
   11     1120    884824      559    846326        1    1514  
   12      686    541940      343    519302        0       0  
   13      938    741092      465    704010        4    6056  
   14     1592   1257740      792   1199088        4    6056  
   15     1592   1257728      793   1200602        3    4542  
   16     1582   1249852      789   1194546        2    3028  
   17     1590   1256172      791   1197574        4    6056  
   18     1594   1259332      793   1200602        4    6056  
   19     1594   1259344      790   1196060        7   10598  
   20     1568   1238780      780   1180920        4    6056  
   21     1566   1237224      776   1174864        7   10598  
   22     1592   1257764      790   1196060        6    9084  
   23      932    728812      460    696440        1    1514  
   24      271    210434      132    199848        1    1514  
   25      270    213312      134    202876        1    1514  
   26      289    226042      142    214988        1    1514  
   27      269    210242      133    201362        0       0  
   28      264    208596      130    196820        2    3028  
   29      264    208584      130    196820        2    3028  
   30      268    211732      133    201362        1    1514  
   31      264    208572      130    196820        2    3028  
   32      266    210152      132    199848        1    1514  
   33      264    208608      130    196820        2    3028  
   34      273    214982      134    202876        2    3028  
   35      657    519778      328    496592        1    1514  
   36     1032    815292      515    779710        1    1514  
