    1     1531   1195894      767   1145438        0       0  
    2     1528   1204264      764   1153832        0       0  
    3     1525   1205474      763   1155182        0       0  
    4     1664   1303096      833   1248226        0       0  
    5     1652   1303584      825   1249050        0       0  
    6     1650   1303500      825   1249050        0       0  
    7     1648   1301920      824   1247536        0       0  
    8     1653   1302290      827   1247766        0       0  
    9     1652   1305080      826   1250564        0       0  
   10     1649   1301986      824   1247536        0       0  
   11     1651   1305014      826   1250564        0       0  
   12     1651   1303566      825   1249050        0       0  
   13     1651   1305014      826   1250564        0       0  
   14     1652   1305080      826   1250564        0       0  
   15     1651   1303566      825   1249050        0       0  
   16     1651   1305014      826   1250564        0       0  
   17     1651   1303566      825   1249050        0       0  
   18     1651   1305014      826   1250564        0       0  
   19     1651   1303566      825   1249050        0       0  
   20     1651   1305014      826   1250564        0       0  
   21     1651   1303566      825   1249050        0       0  
   22     1651   1305014      826   1250564        0       0  
   23     1652   1305080      826   1250564        0       0  
   24     1651   1303566      825   1249050        0       0  
   25     1651   1305014      826   1250564        0       0  
   26     1651   1303566      825   1249050        0       0  
   27     1652   1305080      826   1250564        0       0  
   28     1651   1305014      826   1250564        0       0  
   29     1651   1303566      825   1249050        0       0  
   30     1651   1305014      826   1250564        0       0  
   31     1651   1303566      825   1249050        0       0  
   32     1651   1305014      826   1250564        0       0  
   33     1640   1295600      820   1241480        0       0  
   34     1633   1289346      816   1235424        0       0  
   35     1652   1305080      826   1250564        0       0  
   36     1650   1303500      825   1249050        0       0  
