    1     1582   1234708      722   1075884       70   105284  
    2     1601   1257394      775   1164758       26    39364  
    3     1591   1256250      788   1193032        7    10598  
    4     1600   1256924      798   1199548        3     4542  
    5     1598   1262480      795   1203630        4     6056  
    6     1594   1259344      791   1197574        6     9084  
    7     1588   1254568      791   1197574        3     4542  
    8     1590   1256208      788   1193032        7    10598  
    9     1606   1268788      800   1211200        3     4542  
   10     1650   1303596      818   1238452        7    10598  
   11     1648   1301968      821   1242994        3     4542  
   12     1650   1303596      818   1238452        7    10598  
   13     1648   1301980      819   1239966        5     7570  
   14     1653   1305218      822   1244508        4     6056  
   15     1651   1305074      823   1246022        3     4542  
   16     1650   1303572      822   1244508        3     4542  
   17     1651   1303614      820   1241480        5     7570  
   18     1651   1305098      820   1241480        6     9084  
   19     1651   1303638      819   1239966        6     9084  
   20     1651   1305110      819   1239966        7    10598  
   21     1651   1303602      822   1244508        3     4542  
   22     1652   1305168      823   1246022        3     4542  
   23     1650   1303584      818   1238452        7    10598  
   24     1651   1305098      823   1246022        3     4542  
   25     1651   1303590      824   1247536        1     1514  
   26     1652   1305128      822   1244508        4     6056  
   27     1651   1305086      821   1242994        5     7570  
   28     1651   1303642      823   1246022        2     3028  
   29     1652   1305116      824   1247536        2     3028  
   30     1651   1305050      823   1246022        3     4542  
   31     1633   1289394      814   1232396        2     3028  
   32     1651   1305090      824   1247536        2     3028  
   33     1651   1303602      823   1246022        2     3028  
   34     1651   1305062      824   1247536        2     3028  
   35     1651   1303614      820   1241480        5     7570  
   36     1652   1305176      819   1239966        7    10598  
