    1      656   503920        0       0        0       0        0       0        0       0        0       0        0       0        0       0        0       0        0       0        0       0  
    2      289   211906        0       0        2    3028        0       0        0       0        0       0        0       0        0       0        0       0        0       0        0       0  
    3      258   203820        0       0        0       0        0       0        0       0        0       0        0       0        0       0        0       0        0       0        0       0  
    4      268   211732        0       0        1    1514        0       0        0       0        0       0        0       0        0       0        0       0        0       0        0       0  
    5      352   278128        0       0        2    3028        0       0        0       0        0       0        0       0        0       0        0       0        0       0        0       0  
    6      260   205436        0       0        1    1514        0       0        0       0        0       0        0       0        0       0        0       0        0       0        0       0  
    7      810   640068        0       0       14   21196        0       0        0       0        0       0        0       0        0       0        0       0        0       0        0       0  
    8     1030   813700        0       0        0       0        0       0        0       0        0       0        0       0        0       0        0       0        0       0        0       0  
    9     1032   815316        0       0        1    1514        0       0        0       0        0       0        0       0        0       0        0       0        0       0        0       0  
   10     1028   812120        0       0        0       0        0       0        0       0        0       0        0       0        0       0        0       0        0       0        0       0  
   11     1032   815316        0       0        1    1514        0       0        0       0        0       0        0       0        0       0        0       0        0       0        0       0  
   12     1028   812132        0       0        1    1514        0       0        0       0        0       0        0       0        0       0        0       0        0       0        0       0  
   13     1026   810552        0       0        1    1514        0       0        0       0        0       0        0       0        0       0        0       0        0       0        0       0  
   14     1030   813700        0       0        0       0        0       0        0       0        0       0        0       0        0       0        0       0        0       0        0       0  
   15     1032   815332        0       0        1    1514        0       0        0       0        0       0        0       0        0       0        0       0        0       0        0       0  
   16     1028   812120        0       0        0       0        0       0        0       0        0       0        0       0        0       0        0       0        0       0        0       0  
   17     1032   815340        0       0        1    1514        0       0        0       0        0       0        0       0        0       0        0       0        0       0        0       0  
   18      474   374480        0       0        1    1514        0       0        0       0        0       0        0       0        0       0        0       0        0       0        0       0  
   19      262   207056        0       0        1    1514        0       0        0       0        0       0        0       0        0       0        0       0        0       0        0       0  
   20      256   202464        0       0        9   13626        0       0        0       0        0       0        0       0        0       0        0       0        0       0        0       0  
   21      258   203988        0       0        5    7570        0       0        0       0        0       0        0       0        0       0        0       0        0       0        0       0  
   22      260   205428        0       0        1    1514        0       0        0       0        0       0        0       0        0       0        0       0        0       0        0       0  
   23      260   205596        0       0        6    9084        0       0        0       0        0       0        0       0        0       0        0       0        0       0        0       0  
   24      262   207008        0       0        0       0        0       0        0       0        0       0        0       0        0       0        0       0        0       0        0       0  
   25      256   202380        0       0        3    4542        0       0        0       0        0       0        0       0        0       0        0       0        0       0        0       0  
   26      268   211916        0       0        7   10598        0       0        0       0        0       0        0       0        0       0        0       0        0       0        0       0  
   27      272   213460        0       0        1    1514        0       0        0       0        0       0        0       0        0       0        0       0        0       0        0       0  
   28      260   207036        0       0        8   12112        0       0        0       0        0       0        0       0        0       0        0       0        0       0        0       0  
   29      265   208602        0       0        0       0        0       0        0       0        0       0        0       0        0       0        0       0        0       0        0       0  
   30      277   210638        0       0        2    3028        0       0        0       0        0       0        0       0        0       0        0       0        0       0        0       0  
   31      279   216778        0       0        6    9084        0       0        0       0        0       0        0       0        0       0        0       0        0       0        0       0  
   32      265   205610        0       0        0       0        0       0        0       0        0       0        0       0        0       0        0       0        0       0        0       0  
   33      273   213438        0       0        2    3028        0       0        0       0        0       0        0       0        0       0        0       0        0       0        0       0  
   34      270   211864        0       0        0       0        0       0        0       0        0       0        0       0        0       0        0       0        0       0        0       0  
   35      256   203764        0       0        3    4542        0       0        0       0        0       0        0       0        0       0        0       0        0       0        0       0  
   36      816   644700        0       0        5    7570        0       0        0       0        0       0        0       0        0       0        0       0        0       0        0       0  
