    1      656   503920      328   482240        0       0  
    2      289   211906      146   199484        2    3028  
    3      258   203820      129   195306        0       0  
    4      268   211732      133   201362        1    1514  
    5      352   278128      174   263436        2    3028  
    6      260   205436      129   195306        1    1514  
    7      810   640068      391   591974       14   21196  
    8     1030   813700      515   779710        0       0  
    9     1032   815316      515   779710        1    1514  
   10     1028   812120      514   778196        0       0  
   11     1032   815316      515   779710        1    1514  
   12     1028   812132      513   776682        1    1514  
   13     1026   810552      512   775168        1    1514  
   14     1030   813700      515   779710        0       0  
   15     1032   815332      515   779710        1    1514  
   16     1028   812120      514   778196        0       0  
   17     1032   815340      515   779710        1    1514  
   18      474   374480      236   357304        1    1514  
   19      262   207056      130   196820        1    1514  
   20      256   202464      119   180166        9   13626  
   21      258   203988      124   187736        5    7570  
   22      260   205428      129   195306        1    1514  
   23      260   205596      124   187736        6    9084  
   24      262   207008      131   198334        0       0  
   25      256   202380      125   189250        3    4542  
   26      268   211916      127   192278        7   10598  
   27      272   213460      134   202876        1    1514  
   28      260   207036      123   186222        8   12112  
   29      265   208602      132   199848        0       0  
   30      277   210638      131   198334        2    3028  
   31      279   216778      131   198334        6    9084  
   32      265   205610      130   196820        0       0  
   33      273   213438      133   201362        2    3028  
   34      270   211864      134   202876        0       0  
   35      256   203764      126   190764        3    4542  
   36      816   644700      403   610142        5    7570  
