    1     1667   1305094        0       0       20   30280        0       0        0       0        0       0        0       0        0       0        0       0        0       0        0       0  
    2     1673   1306114        0       0       30   45420        0       0        0       0        0       0        0       0        0       0        0       0        0       0        0       0  
    3     1652   1305304        0       0        4    6056        0       0        0       0        0       0        0       0        0       0        0       0        0       0        0       0  
    4      548    434408        1    1514        1    1514        0       0        0       0        0       0        0       0        0       0        0       0        0       0        0       0  
    5      338    267272        0       0        7   10598        0       0        0       0        0       0        0       0        0       0        0       0        0       0        0       0  
    6      260    205544        0       0        6    9084        0       0        0       0        0       0        0       0        0       0        0       0        0       0        0       0  
    7      258    203840        0       0        1    1514        0       0        0       0        0       0        0       0        0       0        0       0        0       0        0       0  
    8      260    205464        0       0        2    3028        0       0        0       0        0       0        0       0        0       0        0       0        0       0        0       0  
    9      264    208560        0       0        0       0        0       0        0       0        0       0        0       0        0       0        0       0        0       0        0       0  
   10      264    208620        0       0        3    4542        0       0        0       0        0       0        0       0        0       0        0       0        0       0        0       0  
   11      260    204000        0       0        4    6056        0       0        0       0        0       0        0       0        0       0        0       0        0       0        0       0  
   12      256    203700        0       0        1    1514        0       0        0       0        0       0        0       0        0       0        0       0        0       0        0       0  
   13      260    205472        0       0        3    4542        0       0        0       0        0       0        0       0        0       0        0       0        0       0        0       0  
   14      268    211720        0       0        0       0        0       0        0       0        0       0        0       0        0       0        0       0        0       0        0       0  
   15      260    205424        0       0        1    1514        0       0        0       0        0       0        0       0        0       0        0       0        0       0        0       0  
   16      264    208584        0       0        2    3028        0       0        0       0        0       0        0       0        0       0        0       0        0       0        0       0  
   17      260    205412        0       0        1    1514        0       0        0       0        0       0        0       0        0       0        0       0        0       0        0       0  
   18      256    202264        0       0        3    4542        0       0        0       0        0       0        0       0        0       0        0       0        0       0        0       0  
   19      264    208560        0       0        0       0        0       0        0       0        0       0        0       0        0       0        0       0        0       0        0       0  
   20      260    205436        0       0        2    3028        0       0        0       0        0       0        0       0        0       0        0       0        0       0        0       0  
   21      258    203856        0       0        3    4542        0       0        0       0        0       0        0       0        0       0        0       0        0       0        0       0  
   22      279    215234        0       0        0       0        0       0        0       0        0       0        0       0        0       0        0       0        0       0        0       0  
   23      285    213894        0       0        2    3028        0       0        0       0        0       0        0       0        0       0        0       0        0       0        0       0  
   24      268    210224        0       0        0       0        0       0        0       0        0       0        0       0        0       0        0       0        0       0        0       0  
   25      258    203820        0       0        0       0        0       0        0       0        0       0        0       0        0       0        0       0        0       0        0       0  
   26      274    215072        0       0        4    6056        0       0        0       0        0       0        0       0        0       0        0       0        0       0        0       0  
   27      270    214772        0       0        2    3028        0       0        0       0        0       0        0       0        0       0        0       0        0       0        0       0  
   28      260    205412        0       0        2    3028        0       0        0       0        0       0        0       0        0       0        0       0        0       0        0       0  
   29      270    213300        0       0        0       0        0       0        0       0        0       0        0       0        0       0        0       0        0       0        0       0  
   30      258    203820        0       0        0       0        0       0        0       0        0       0        0       0        0       0        0       0        0       0        0       0  
   31      262    207040        0       0        4    6056        0       0        0       0        0       0        0       0        0       0        0       0        0       0        0       0  
   32      284    224396        0       0        3    4542        0       0        0       0        0       0        0       0        0       0        0       0        0       0        0       0  
   33      872    688892        0       0        2    3028        0       0        0       0        0       0        0       0        0       0        0       0        0       0        0       0  
   34     1026    810564        0       0        1    1514        0       0        0       0        0       0        0       0        0       0        0       0        0       0        0       0  
   35     1036    818500        0       0        4    6056        0       0        0       0        0       0        0       0        0       0        0       0        0       0        0       0  
   36     1034    816896        0       0        2    3028        0       0        0       0        0       0        0       0        0       0        0       0        0       0        0       0  
