    1     1667   1305094      815   1219558       20   30280  
    2     1673   1306114      808   1204648       30   45420  
    3     1652   1305304      822   1244508        4    6056  
    4      548    434408      273    413322        2    3028  
    5      338    267272      162    245268        7   10598  
    6      260    205544      124    187736        6    9084  
    7      258    203840      128    193792        1    1514  
    8      260    205464      128    193792        2    3028  
    9      264    208560      132    199848        0       0  
   10      264    208620      129    195306        3    4542  
   11      260    204000      125    189250        4    6056  
   12      256    203700      128    193792        1    1514  
   13      260    205472      127    192278        3    4542  
   14      268    211720      134    202876        0       0  
   15      260    205424      129    195306        1    1514  
   16      264    208584      130    196820        2    3028  
   17      260    205412      129    195306        1    1514  
   18      256    202264      125    189250        3    4542  
   19      264    208560      132    199848        0       0  
   20      260    205436      128    193792        2    3028  
   21      258    203856      126    190764        3    4542  
   22      279    215234      136    205904        0       0  
   23      285    213894      133    201362        2    3028  
   24      268    210224      133    201362        0       0  
   25      258    203820      129    195306        0       0  
   26      274    215072      132    199848        4    6056  
   27      270    214772      134    202876        2    3028  
   28      260    205412      128    193792        2    3028  
   29      270    213300      135    204390        0       0  
   30      258    203820      129    195306        0       0  
   31      262    207040      127    192278        4    6056  
   32      284    224396      139    210446        3    4542  
   33      872    688892      434    657076        2    3028  
   34     1026    810564      512    775168        1    1514  
   35     1036    818500      514    778196        4    6056  
   36     1034    816896      515    779710        2    3028  
