    1     1641   1280910        0       0       70   105284        0       0        0       0        0       0        0       0        0       0        0       0        0       0        0       0  
    2     1672   1305936        0       0       24    36336        0       0        0       0        0       0        0       0        0       0        0       0        0       0        0       0  
    3     1652   1305140        0       0        3     4542        0       0        0       0        0       0        0       0        0       0        0       0        0       0        0       0  
    4     1650   1303596        0       0        2     3028        0       0        0       0        0       0        0       0        0       0        0       0        0       0        0       0  
    5     1653   1305182        0       0        2     3028        0       0        0       0        0       0        0       0        0       0        0       0        0       0        0       0  
    6     1651   1305098        0       0        3     4542        0       0        0       0        0       0        0       0        0       0        0       0        0       0        0       0  
    7     1651   1303638        0       0        6     9084        0       0        0       0        0       0        0       0        0       0        0       0        0       0        0       0  
    8     1652   1305152        0       0        7    10598        0       0        0       0        0       0        0       0        0       0        0       0        0       0        0       0  
    9     1652   1305152        0       0        6     9084        0       0        0       0        0       0        0       0        0       0        0       0        0       0        0       0  
   10     1651   1305074        0       0        1     1514        0       0        0       0        0       0        0       0        0       0        0       0        0       0        0       0  
   11     1651   1303614        0       0        3     4542        0       0        0       0        0       0        0       0        0       0        0       0        0       0        0       0  
   12     1651   1305062        0       0        2     3028        0       0        0       0        0       0        0       0        0       0        0       0        0       0        0       0  
   13     1651   1303602        0       0        3     4542        0       0        0       0        0       0        0       0        0       0        0       0        0       0        0       0  
   14     1652   1305168        0       0        4     6056        0       0        0       0        0       0        0       0        0       0        0       0        0       0        0       0  
   15     1651   1305050        0       0        2     3028        0       0        0       0        0       0        0       0        0       0        0       0        0       0        0       0  
   16     1651   1303642        0       0        3     4542        0       0        0       0        0       0        0       0        0       0        0       0        0       0        0       0  
   17     1652   1305116        0       0        2     3028        0       0        0       0        0       0        0       0        0       0        0       0        0       0        0       0  
   18     1651   1305074        0       0        3     4542        0       0        0       0        0       0        0       0        0       0        0       0        0       0        0       0  
   19     1651   1303638        0       0        6     9084        0       0        0       0        0       0        0       0        0       0        0       0        0       0        0       0  
   20     1651   1305062        0       0        3     4542        0       0        0       0        0       0        0       0        0       0        0       0        0       0        0       0  
   21     1651   1303662        0       0        7    10598        0       0        0       0        0       0        0       0        0       0        0       0        0       0        0       0  
   22     1652   1305128        0       0        2     3028        0       0        0       0        0       0        0       0        0       0        0       0        0       0        0       0  
   23     1651   1305086        0       0        6     9084        0       0        0       0        0       0        0       0        0       0        0       0        0       0        0       0  
   24     1651   1303650        0       0        7    10598        0       0        0       0        0       0        0       0        0       0        0       0        0       0        0       0  
   25     1652   1305168        0       0        4     6056        0       0        0       0        0       0        0       0        0       0        0       0        0       0        0       0  
   26     1651   1305062        0       0        2     3028        0       0        0       0        0       0        0       0        0       0        0       0        0       0        0       0  
   27     1648   1302008        0       0        2     3028        0       0        0       0        0       0        0       0        0       0        0       0        0       0        0       0  
   28     1652   1305140        0       0        3     4542        0       0        0       0        0       0        0       0        0       0        0       0        0       0        0       0  
   29     1651   1303602        0       0        2     3028        0       0        0       0        0       0        0       0        0       0        0       0        0       0        0       0  
   30     1648   1301968        0       0        5     7570        0       0        0       0        0       0        0       0        0       0        0       0        0       0        0       0  
   31     1650   1303596        0       0        7    10598        0       0        0       0        0       0        0       0        0       0        0       0        0       0        0       0  
   32     1652   1305164        0       0        7    10598        0       0        0       0        0       0        0       0        0       0        0       0        0       0        0       0  
   33     1651   1305086        0       0        7    10598        0       0        0       0        0       0        0       0        0       0        0       0        0       0        0       0  
   34     1616   1276712        0       0        5     7570        0       0        0       0        0       0        0       0        0       0        0       0        0       0        0       0  
   35     1651   1303638        0       0        5     7570        0       0        0       0        0       0        0       0        0       0        0       0        0       0        0       0  
   36     1651   1305074        0       0        4     6056        0       0        0       0        0       0        0       0        0       0        0       0        0       0        0       0  
