    1     1641   1280910      752   1119864       70   105284  
    2     1672   1305936      813   1213666       24    36336  
    3     1652   1305140      823   1246022        3     4542  
    4     1650   1303596      823   1246022        2     3028  
    5     1653   1305182      824   1247536        2     3028  
    6     1651   1305098      823   1246022        3     4542  
    7     1651   1303638      819   1239966        6     9084  
    8     1652   1305152      819   1239966        7    10598  
    9     1652   1305152      820   1241480        6     9084  
   10     1651   1305074      825   1249050        1     1514  
   11     1651   1303614      822   1244508        3     4542  
   12     1651   1305062      824   1247536        2     3028  
   13     1651   1303602      822   1244508        3     4542  
   14     1652   1305168      822   1244508        4     6056  
   15     1651   1305050      824   1247536        2     3028  
   16     1651   1303642      822   1244508        3     4542  
   17     1652   1305116      824   1247536        2     3028  
   18     1651   1305074      823   1246022        3     4542  
   19     1651   1303638      819   1239966        6     9084  
   20     1651   1305062      823   1246022        3     4542  
   21     1651   1303662      818   1238452        7    10598  
   22     1652   1305128      824   1247536        2     3028  
   23     1651   1305086      820   1241480        6     9084  
   24     1651   1303650      818   1238452        7    10598  
   25     1652   1305168      822   1244508        4     6056  
   26     1651   1305062      824   1247536        2     3028  
   27     1648   1302008      822   1244508        2     3028  
   28     1652   1305140      823   1246022        3     4542  
   29     1651   1303602      823   1246022        2     3028  
   30     1648   1301968      819   1239966        5     7570  
   31     1650   1303596      818   1238452        7    10598  
   32     1652   1305164      819   1239966        7    10598  
   33     1651   1305086      819   1239966        7    10598  
   34     1616   1276712      803   1215742        5     7570  
   35     1651   1303638      820   1241480        5     7570  
   36     1651   1305074      822   1244508        4     6056  
