    1     1659   1292862        0       0       14   21196        0       0        0       0        0       0        0       0        0       0        0       0        0       0        0       0  
    2     1670   1304364        0       0       30   45420        0       0        0       0        0       0        0       0        0       0        0       0        0       0        0       0  
    3     1652   1305080        0       0        0       0        0       0        0       0        0       0        0       0        0       0        0       0        0       0        0       0  
    4     1651   1303566        0       0        0       0        0       0        0       0        0       0        0       0        0       0        0       0        0       0        0       0  
    5     1651   1305014        0       0        0       0        0       0        0       0        0       0        0       0        0       0        0       0        0       0        0       0  
    6     1650   1303696        0       0        5    7570        0       0        0       0        0       0        0       0        0       0        0       0        0       0        0       0  
    7     1652   1305304        0       0        2    3028        0       0        0       0        0       0        0       0        0       0        0       0        0       0        0       0  
    8      374    295488        0       0        1    1514        0       0        0       0        0       0        0       0        0       0        0       0        0       0        0       0  
    9        0         0        0       0        0       0        0       0        0       0        0       0        0       0        0       0        0       0        0       0        0       0  
   10        0         0        0       0        0       0        0       0        0       0        0       0        0       0        0       0        0       0        0       0        0       0  
   11     1580   1248340        0       0        3    4542        0       0        0       0        0       0        0       0        0       0        0       0        0       0        0       0  
   12     1651   1303734        0       0        2    3028        0       0        0       0        0       0        0       0        0       0        0       0        0       0        0       0  
   13     1651   1305154        0       0        3    4542        0       0        0       0        0       0        0       0        0       0        0       0        0       0        0       0  
   14     1652   1305220        0       0        3    4542        0       0        0       0        0       0        0       0        0       0        0       0        0       0        0       0  
   15     1651   1303790        0       0        8   12112        0       0        0       0        0       0        0       0        0       0        0       0        0       0        0       0  
   16     1651   1305154        0       0        3    4542        0       0        0       0        0       0        0       0        0       0        0       0        0       0        0       0  
   17     1651   1303762        0       0        3    4542        0       0        0       0        0       0        0       0        0       0        0       0        0       0        0       0  
   18     1652   1305248        0       0        5    7570        0       0        0       0        0       0        0       0        0       0        0       0        0       0        0       0  
   19     1651   1305154        0       0        3    4542        0       0        0       0        0       0        0       0        0       0        0       0        0       0        0       0  
   20     1651   1303734        0       0        4    6056        0       0        0       0        0       0        0       0        0       0        0       0        0       0        0       0  
   21     1618   1278388        0       0        3    4542        0       0        0       0        0       0        0       0        0       0        0       0        0       0        0       0  
   22     1652   1305220        0       0        5    7570        0       0        0       0        0       0        0       0        0       0        0       0        0       0        0       0  
   23     1651   1305170        0       0        8   12112        0       0        0       0        0       0        0       0        0       0        0       0        0       0        0       0  
   24     1651   1303626        0       0        5    7570        0       0        0       0        0       0        0       0        0       0        0       0        0       0        0       0  
   25     1650   1303548        0       0        3    4542        0       0        0       0        0       0        0       0        0       0        0       0        0       0        0       0  
   26     1641   1297210        0       0        7   10598        0       0        0       0        0       0        0       0        0       0        0       0        0       0        0       0  
   27     1653   1305218        0       0        7   10598        0       0        0       0        0       0        0       0        0       0        0       0        0       0        0       0  
   28     1649   1303506        0       0        5    7570        0       0        0       0        0       0        0       0        0       0        0       0        0       0        0       0  
   29     1652   1305140        0       0        3    4542        0       0        0       0        0       0        0       0        0       0        0       0        0       0        0       0  
   30     1651   1303626        0       0        2    3028        0       0        0       0        0       0        0       0        0       0        0       0        0       0        0       0  
   31     1652   1305116        0       0        2    3028        0       0        0       0        0       0        0       0        0       0        0       0        0       0        0       0  
   32     1651   1305050        0       0        2    3028        0       0        0       0        0       0        0       0        0       0        0       0        0       0        0       0  
   33     1651   1303642        0       0        3    4542        0       0        0       0        0       0        0       0        0       0        0       0        0       0        0       0  
   34     1660   1305476        0       0        6    9084        0       0        0       0        0       0        0       0        0       0        0       0        0       0        0       0  
   35     1663   1304142        0       0        7   10598        0       0        0       0        0       0        0       0        0       0        0       0        0       0        0       0  
   36     1606   1267316        0       0        7   10598        0       0        0       0        0       0        0       0        0       0        0       0        0       0        0       0  
   37     1651   1305086        0       0        5    7570        0       0        0       0        0       0        0       0        0       0        0       0        0       0        0       0  
   38     1651   1303602        0       0        2    3028        0       0        0       0        0       0        0       0        0       0        0       0        0       0        0       0  
