    1     1659   1292862      813   1216530       14   21196  
    2     1670   1304364      806   1203068       30   45420  
    3     1652   1305080      826   1250564        0       0  
    4     1651   1303566      825   1249050        0       0  
    5     1651   1305014      826   1250564        0       0  
    6     1650   1303696      820   1241480        5    7570  
    7     1652   1305304      824   1247536        2    3028  
    8      374    295488      186    281604        1    1514  
    9        0         0        0         0        0       0  
   10        0         0        0         0        0       0  
   11     1580   1248340      787   1191518        3    4542  
   12     1651   1303734      823   1246022        2    3028  
   13     1651   1305154      823   1246022        3    4542  
   14     1652   1305220      823   1246022        3    4542  
   15     1651   1303790      817   1236938        8   12112  
   16     1651   1305154      823   1246022        3    4542  
   17     1651   1303762      822   1244508        3    4542  
   18     1652   1305248      821   1242994        5    7570  
   19     1651   1305154      823   1246022        3    4542  
   20     1651   1303734      821   1242994        4    6056  
   21     1618   1278388      806   1220284        3    4542  
   22     1652   1305220      821   1242994        5    7570  
   23     1651   1305170      818   1238452        8   12112  
   24     1651   1303626      820   1241480        5    7570  
   25     1650   1303548      822   1244508        3    4542  
   26     1641   1297210      814   1232396        7   10598  
   27     1653   1305218      819   1239966        7   10598  
   28     1649   1303506      820   1241480        5    7570  
   29     1652   1305140      823   1246022        3    4542  
   30     1651   1303626      823   1246022        2    3028  
   31     1652   1305116      824   1247536        2    3028  
   32     1651   1305050      824   1247536        2    3028  
   33     1651   1303642      822   1244508        3    4542  
   34     1660   1305476      820   1241480        6    9084  
   35     1663   1304142      818   1238452        7   10598  
   36     1606   1267316      795   1203630        7   10598  
   37     1651   1305086      821   1242994        5    7570  
   38     1651   1303602      823   1246022        2    3028  
