    1     1655   1301710        0       0       69   103770        0       0        0       0        0       0        0       0        0       0        0       0        0       0        0       0  
    2     1670   1305448        0       0       17    25738        0       0        0       0        0       0        0       0        0       0        0       0        0       0        0       0  
    3     1652   1305140        0       0        4     6056        0       0        0       0        0       0        0       0        0       0        0       0        0       0        0       0  
    4     1646   1300412        0       0        4     6056        0       0        0       0        0       0        0       0        0       0        0       0        0       0        0       0  
    5     1650   1302088        0       0        6     9084        0       0        0       0        0       0        0       0        0       0        0       0        0       0        0       0  
    6     1652   1305176        0       0        7    10598        0       0        0       0        0       0        0       0        0       0        0       0        0       0        0       0  
    7     1651   1303626        0       0        6     9084        0       0        0       0        0       0        0       0        0       0        0       0        0       0        0       0  
    8     1651   1305050        0       0        1     1514        0       0        0       0        0       0        0       0        0       0        0       0        0       0        0       0  
    9     1652   1305188        0       0        3     4542        0       0        0       0        0       0        0       0        0       0        0       0        0       0        0       0  
   10     1651   1303638        0       0        2     3028        0       0        0       0        0       0        0       0        0       0        0       0        0       0        0       0  
   11     1652   1305172        0       0        3     4542        0       0        0       0        0       0        0       0        0       0        0       0        0       0        0       0  
   12     1651   1305122        0       0        7    10598        0       0        0       0        0       0        0       0        0       0        0       0        0       0        0       0  
   13     1651   1303638        0       0        6     9084        0       0        0       0        0       0        0       0        0       0        0       0        0       0        0       0  
   14     1652   1305152        0       0        4     6056        0       0        0       0        0       0        0       0        0       0        0       0        0       0        0       0  
   15     1651   1305086        0       0        5     7570        0       0        0       0        0       0        0       0        0       0        0       0        0       0        0       0  
   16     1656   1303996        0       0        3     4542        0       0        0       0        0       0        0       0        0       0        0       0        0       0        0       0  
   17     1651   1305098        0       0        8    12112        0       0        0       0        0       0        0       0        0       0        0       0        0       0        0       0  
   18     1651   1303626        0       0        4     6056        0       0        0       0        0       0        0       0        0       0        0       0        0       0        0       0  
   19     1651   1305074        0       0        3     4542        0       0        0       0        0       0        0       0        0       0        0       0        0       0        0       0  
   20     1651   1303678        0       0        5     7570        0       0        0       0        0       0        0       0        0       0        0       0        0       0        0       0  
   21     1652   1305116        0       0        3     4542        0       0        0       0        0       0        0       0        0       0        0       0        0       0        0       0  
   22     1651   1305050        0       0        1     1514        0       0        0       0        0       0        0       0        0       0        0       0        0       0        0       0  
   23     1651   1303654        0       0        2     3028        0       0        0       0        0       0        0       0        0       0        0       0        0       0        0       0  
   24     1652   1305128        0       0        4     6056        0       0        0       0        0       0        0       0        0       0        0       0        0       0        0       0  
   25     1651   1305098        0       0        8    12112        0       0        0       0        0       0        0       0        0       0        0       0        0       0        0       0  
   26     1651   1303638        0       0        6     9084        0       0        0       0        0       0        0       0        0       0        0       0        0       0        0       0  
   27     1651   1305074        0       0        2     3028        0       0        0       0        0       0        0       0        0       0        0       0        0       0        0       0  
   28     1652   1305128        0       0        5     7570        0       0        0       0        0       0        0       0        0       0        0       0        0       0        0       0  
   29     1650   1303596        0       0        7    10598        0       0        0       0        0       0        0       0        0       0        0       0        0       0        0       0  
   30     1651   1303650        0       0        7    10598        0       0        0       0        0       0        0       0        0       0        0       0        0       0        0       0  
   31     1652   1305116        0       0        2     3028        0       0        0       0        0       0        0       0        0       0        0       0        0       0        0       0  
   32     1651   1305062        0       0        3     4542        0       0        0       0        0       0        0       0        0       0        0       0        0       0        0       0  
   33     1651   1303626        0       0        2     3028        0       0        0       0        0       0        0       0        0       0        0       0        0       0        0       0  
   34     1651   1305062        0       0        3     4542        0       0        0       0        0       0        0       0        0       0        0       0        0       0        0       0  
   35     1651   1303626        0       0        6     9084        0       0        0       0        0       0        0       0        0       0        0       0        0       0        0       0  
   36     1650   1303564        0       0        2     3028        0       0        0       0        0       0        0       0        0       0        0       0        0       0        0       0  
