    1     1655   1301710      759   1141966       69   103770  
    2     1670   1305448      819   1224166       17    25738  
    3     1652   1305140      822   1244508        4     6056  
    4     1646   1300412      819   1239966        4     6056  
    5     1650   1302088      818   1238452        6     9084  
    6     1652   1305176      819   1239966        7    10598  
    7     1651   1303626      819   1239966        6     9084  
    8     1651   1305050      825   1249050        1     1514  
    9     1652   1305188      823   1246022        3     4542  
   10     1651   1303638      823   1246022        2     3028  
   11     1652   1305172      823   1246022        3     4542  
   12     1651   1305122      819   1239966        7    10598  
   13     1651   1303638      819   1239966        6     9084  
   14     1652   1305152      822   1244508        4     6056  
   15     1651   1305086      821   1242994        5     7570  
   16     1656   1303996      825   1244738        3     4542  
   17     1651   1305098      818   1238452        8    12112  
   18     1651   1303626      821   1242994        4     6056  
   19     1651   1305074      823   1246022        3     4542  
   20     1651   1303678      820   1241480        5     7570  
   21     1652   1305116      823   1246022        3     4542  
   22     1651   1305050      825   1249050        1     1514  
   23     1651   1303654      823   1246022        2     3028  
   24     1652   1305128      822   1244508        4     6056  
   25     1651   1305098      818   1238452        8    12112  
   26     1651   1303638      819   1239966        6     9084  
   27     1651   1305074      824   1247536        2     3028  
   28     1652   1305128      821   1242994        5     7570  
   29     1650   1303596      818   1238452        7    10598  
   30     1651   1303650      818   1238452        7    10598  
   31     1652   1305116      824   1247536        2     3028  
   32     1651   1305062      823   1246022        3     4542  
   33     1651   1303626      823   1246022        2     3028  
   34     1651   1305062      823   1246022        3     4542  
   35     1651   1303626      819   1239966        6     9084  
   36     1650   1303564      823   1246022        2     3028  
