    1     1555   1224050        0       0       69   103770        0       0        0       0        0       0        0       0        0       0        0       0        0       0        0       0  
    2     1634   1278468        0       0       27    40878        0       0        0       0        0       0        0       0        0       0        0       0        0       0        0       0  
    3     1650   1303632        0       0        5     7570        0       0        0       0        0       0        0       0        0       0        0       0        0       0        0       0  
    4     1658   1302696        0       0        3     4542        0       0        0       0        0       0        0       0        0       0        0       0        0       0        0       0  
    5     1650   1303548        0       0        3     4542        0       0        0       0        0       0        0       0        0       0        0       0        0       0        0       0  
    6     1652   1305152        0       0        5     7570        0       0        0       0        0       0        0       0        0       0        0       0        0       0        0       0  
    7     1649   1302070        0       0        7    10598        0       0        0       0        0       0        0       0        0       0        0       0        0       0        0       0  
    8     1652   1305164        0       0        3     4542        0       0        0       0        0       0        0       0        0       0        0       0        0       0        0       0  
    9     1652   1305128        0       0        5     7570        0       0        0       0        0       0        0       0        0       0        0       0        0       0        0       0  
   10     1651   1305086        0       0        5     7570        0       0        0       0        0       0        0       0        0       0        0       0        0       0        0       0  
   11     1651   1303626        0       0        3     4542        0       0        0       0        0       0        0       0        0       0        0       0        0       0        0       0  
   12     1651   1305098        0       0        8    12112        0       0        0       0        0       0        0       0        0       0        0       0        0       0        0       0  
   13     1652   1305152        0       0        6     9084        0       0        0       0        0       0        0       0        0       0        0       0        0       0        0       0  
   14     1651   1303626        0       0        1     1514        0       0        0       0        0       0        0       0        0       0        0       0        0       0        0       0  
   15     1651   1305074        0       0        6     9084        0       0        0       0        0       0        0       0        0       0        0       0        0       0        0       0  
   16     1650   1303572        0       0        6     9084        0       0        0       0        0       0        0       0        0       0        0       0        0       0        0       0  
   17     1651   1303626        0       0        2     3028        0       0        0       0        0       0        0       0        0       0        0       0        0       0        0       0  
   18     1651   1305098        0       0        7    10598        0       0        0       0        0       0        0       0        0       0        0       0        0       0        0       0  
   19     1651   1303638        0       0        6     9084        0       0        0       0        0       0        0       0        0       0        0       0        0       0        0       0  
   20     1646   1300424        0       0        8    12112        0       0        0       0        0       0        0       0        0       0        0       0        0       0        0       0  
   21     1652   1305152        0       0        6     9084        0       0        0       0        0       0        0       0        0       0        0       0        0       0        0       0  
   22     1651   1305086        0       0        6     9084        0       0        0       0        0       0        0       0        0       0        0       0        0       0        0       0  
   23     1651   1303614        0       0        3     4542        0       0        0       0        0       0        0       0        0       0        0       0        0       0        0       0  
   24     1651   1305086        0       0        3     4542        0       0        0       0        0       0        0       0        0       0        0       0        0       0        0       0  
   25     1651   1303614        0       0        3     4542        0       0        0       0        0       0        0       0        0       0        0       0        0       0        0       0  
   26     1650   1303536        0       0        1     1514        0       0        0       0        0       0        0       0        0       0        0       0        0       0        0       0  
   27     1651   1305050        0       0        2     3028        0       0        0       0        0       0        0       0        0       0        0       0        0       0        0       0  
   28     1651   1303614        0       0        3     4542        0       0        0       0        0       0        0       0        0       0        0       0        0       0        0       0  
   29     1652   1305176        0       0        7    10598        0       0        0       0        0       0        0       0        0       0        0       0        0       0        0       0  
   30     1651   1305062        0       0        4     6056        0       0        0       0        0       0        0       0        0       0        0       0        0       0        0       0  
   31     1651   1303638        0       0        4     6056        0       0        0       0        0       0        0       0        0       0        0       0        0       0        0       0  
   32     1649   1303518        0       0        8    12112        0       0        0       0        0       0        0       0        0       0        0       0        0       0        0       0  
   33     1651   1303662        0       0        7    10598        0       0        0       0        0       0        0       0        0       0        0       0        0       0        0       0  
   34     1652   1305152        0       0        6     9084        0       0        0       0        0       0        0       0        0       0        0       0        0       0        0       0  
   35     1651   1305098        0       0        7    10598        0       0        0       0        0       0        0       0        0       0        0       0        0       0        0       0  
   36     1651   1303650        0       0        7    10598        0       0        0       0        0       0        0       0        0       0        0       0        0       0        0       0  
