    1     1555   1224050      710   1067764       69   103770  
    2     1634   1278468      790   1183156       27    40878  
    3     1650   1303632      820   1241480        5     7570  
    4     1658   1302696      827   1243454        3     4542  
    5     1650   1303548      822   1244508        3     4542  
    6     1652   1305152      821   1242994        5     7570  
    7     1649   1302070      817   1236938        7    10598  
    8     1652   1305164      823   1246022        3     4542  
    9     1652   1305128      821   1242994        5     7570  
   10     1651   1305086      821   1242994        5     7570  
   11     1651   1303626      822   1244508        3     4542  
   12     1651   1305098      818   1238452        8    12112  
   13     1652   1305152      820   1241480        6     9084  
   14     1651   1303626      824   1247536        1     1514  
   15     1651   1305074      820   1241480        6     9084  
   16     1650   1303572      819   1239966        6     9084  
   17     1651   1303626      823   1246022        2     3028  
   18     1651   1305098      819   1239966        7    10598  
   19     1651   1303638      819   1239966        6     9084  
   20     1646   1300424      815   1233910        8    12112  
   21     1652   1305152      820   1241480        6     9084  
   22     1651   1305086      820   1241480        6     9084  
   23     1651   1303614      822   1244508        3     4542  
   24     1651   1305086      823   1246022        3     4542  
   25     1651   1303614      822   1244508        3     4542  
   26     1650   1303536      824   1247536        1     1514  
   27     1651   1305050      824   1247536        2     3028  
   28     1651   1303614      822   1244508        3     4542  
   29     1652   1305176      819   1239966        7    10598  
   30     1651   1305062      822   1244508        4     6056  
   31     1651   1303638      821   1242994        4     6056  
   32     1649   1303518      817   1236938        8    12112  
   33     1651   1303662      818   1238452        7    10598  
   34     1652   1305152      820   1241480        6     9084  
   35     1651   1305098      819   1239966        7    10598  
   36     1651   1303650      818   1238452        7    10598  
