    1      377    269858        0       0        0       0        0       0        0       0        0       0        0       0        0       0        0       0        0       0        0       0  
    2      279    216838        0       0        0       0        0       0        0       0        0       0        0       0        0       0        0       0        0       0        0       0  
    3      289    229034        0       0        0       0        0       0        0       0        0       0        0       0        0       0        0       0        0       0        0       0  
    4      321    250010        0       0        0       0        0       0        0       0        0       0        0       0        0       0        0       0        0       0        0       0  
    5      314    248060        0       0        0       0        0       0        0       0        0       0        0       0        0       0        0       0        0       0        0       0  
    6      270    211936        0       0        5    7570        0       0        0       0        0       0        0       0        0       0        0       0        0       0        0       0  
    7      265    210182        0       0        9   13626        0       0        0       0        0       0        0       0        0       0        0       0        0       0        0       0  
    8      259    205346        0       0        1    1514        0       0        0       0        0       0        0       0        0       0        0       0        0       0        0       0  
    9      268    211768        0       0        2    3028        0       0        0       0        0       0        0       0        0       0        0       0        0       0        0       0  
   10      302    238628        0       0        4    6056        0       0        0       0        0       0        0       0        0       0        0       0        0       0        0       0  
   11      266    210200        0       0        3    4542        0       0        0       0        0       0        0       0        0       0        0       0        0       0        0       0  
   12      260    205448        0       0        4    6056        0       0        0       0        0       0        0       0        0       0        0       0        0       0        0       0  
   13      264    208560        0       0        0       0        0       0        0       0        0       0        0       0        0       0        0       0        0       0        0       0  
   14      264    208620        0       0        3    4542        0       0        0       0        0       0        0       0        0       0        0       0        0       0        0       0  
   15      270    213336        0       0        3    4542        0       0        0       0        0       0        0       0        0       0        0       0        0       0        0       0  
   16      264    208620        0       0        3    4542        0       0        0       0        0       0        0       0        0       0        0       0        0       0        0       0  
   17      266    210248        0       0       10   15140        0       0        0       0        0       0        0       0        0       0        0       0        0       0        0       0  
   18      262    206980        0       0        0       0        0       0        0       0        0       0        0       0        0       0        0       0        0       0        0       0  
   19      278    219668        0       0        3    4542        0       0        0       0        0       0        0       0        0       0        0       0        0       0        0       0  
   20      274    216484        0       0        2    3028        0       0        0       0        0       0        0       0        0       0        0       0        0       0        0       0  
   21      262    206992        0       0        2    3028        0       0        0       0        0       0        0       0        0       0        0       0        0       0        0       0  
   22      266    208692        0       0        0       0        0       0        0       0        0       0        0       0        0       0        0       0        0       0        0       0  
   23      264    210008        0       0        0       0        0       0        0       0        0       0        0       0        0       0        0       0        0       0        0       0  
   24      280    221236        0       0        2    3028        0       0        0       0        0       0        0       0        0       0        0       0        0       0        0       0  
   25      266    210188        0       0        4    6056        0       0        0       0        0       0        0       0        0       0        0       0        0       0        0       0  
   26      274    216484        0       0        1    1514        0       0        0       0        0       0        0       0        0       0        0       0        0       0        0       0  
   27      266    210152        0       0        1    1514        0       0        0       0        0       0        0       0        0       0        0       0        0       0        0       0  
   28      266    210140        0       0        0       0        0       0        0       0        0       0        0       0        0       0        0       0        0       0        0       0  
   29      264    208572        0       0        0       0        0       0        0       0        0       0        0       0        0       0        0       0        0       0        0       0  
   30      270    213348        0       0        5    7570        0       0        0       0        0       0        0       0        0       0        0       0        0       0        0       0  
   31      268    210296        0       0        1    1514        0       0        0       0        0       0        0       0        0       0        0       0        0       0        0       0  
   32      946    748848        0       0        5    7570        0       0        0       0        0       0        0       0        0       0        0       0        0       0        0       0  
   33     1030    813772        0       0        7   10598        0       0        0       0        0       0        0       0        0       0        0       0        0       0        0       0  
   34     1024    809020        0       0        4    6056        0       0        0       0        0       0        0       0        0       0        0       0        0       0        0       0  
   35     1044    820332        0       0        4    6056        0       0        0       0        0       0        0       0        0       0        0       0        0       0        0       0  
   36     1051    823594        0       0        2    3028        0       0        0       0        0       0        0       0        0       0        0       0        0       0        0       0  
