    1      377    269858      190    257492        0       0  
    2      279    216838      139    207598        0       0  
    3      289    229034      145    219530        0       0  
    4      321    250010      161    239442        0       0  
    5      314    248060      157    237698        0       0  
    6      270    211936      129    195306        5    7570  
    7      265    210182      124    187736        9   13626  
    8      259    205346      129    195306        1    1514  
    9      268    211768      132    199848        2    3028  
   10      302    238628      147    222558        4    6056  
   11      266    210200      130    196820        3    4542  
   12      260    205448      126    190764        4    6056  
   13      264    208560      132    199848        0       0  
   14      264    208620      129    195306        3    4542  
   15      270    213336      132    199848        3    4542  
   16      264    208620      129    195306        3    4542  
   17      266    210248      123    186222       10   15140  
   18      262    206980      131    198334        0       0  
   19      278    219668      136    205904        3    4542  
   20      274    216484      135    204390        2    3028  
   21      262    206992      129    195306        2    3028  
   22      266    208692      132    199848        0       0  
   23      264    210008      133    201362        0       0  
   24      280    221236      138    208932        2    3028  
   25      266    210188      129    195306        4    6056  
   26      274    216484      136    205904        1    1514  
   27      266    210152      132    199848        1    1514  
   28      266    210140      133    201362        0       0  
   29      264    208572      132    199848        0       0  
   30      270    213348      130    196820        5    7570  
   31      268    210296      132    199848        1    1514  
   32      946    748848      469    710066        5    7570  
   33     1030    813772      508    769112        7   10598  
   34     1024    809020      508    769112        4    6056  
   35     1044    820332      515    779710        4    6056  
   36     1051    823594      519    785766        2    3028  
