    1     1271    993358        0       0       68   102952        0       0        0       0        0       0        0       0        0       0        0       0        0       0        0       0  
    2     1380   1074804        0       0       17    25738        0       0        0       0        0       0        0       0        0       0        0       0        0       0        0       0  
    3     1563   1234142        0       0        5     7570        0       0        0       0        0       0        0       0        0       0        0       0        0       0        0       0  
    4     1576   1245152        0       0        6     9084        0       0        0       0        0       0        0       0        0       0        0       0        0       0        0       0  
    5     1610   1271948        0       0        2     3028        0       0        0       0        0       0        0       0        0       0        0       0        0       0        0       0  
    6     1652   1305164        0       0        6     9084        0       0        0       0        0       0        0       0        0       0        0       0        0       0        0       0  
    7     1650   1303584        0       0        5     7570        0       0        0       0        0       0        0       0        0       0        0       0        0       0        0       0  
    8     1650   1303560        0       0        3     4542        0       0        0       0        0       0        0       0        0       0        0       0        0       0        0       0  
    9     1652   1305152        0       0        4     6056        0       0        0       0        0       0        0       0        0       0        0       0        0       0        0       0  
   10     1652   1305152        0       0        3     4542        0       0        0       0        0       0        0       0        0       0        0       0        0       0        0       0  
   11     1652   1305128        0       0        3     4542        0       0        0       0        0       0        0       0        0       0        0       0        0       0        0       0  
   12     1650   1303572        0       0        5     7570        0       0        0       0        0       0        0       0        0       0        0       0        0       0        0       0  
   13     1652   1305140        0       0        5     7570        0       0        0       0        0       0        0       0        0       0        0       0        0       0        0       0  
   14     1651   1303638        0       0        3     4542        0       0        0       0        0       0        0       0        0       0        0       0        0       0        0       0  
   15     1652   1305116        0       0        2     3028        0       0        0       0        0       0        0       0        0       0        0       0        0       0        0       0  
   16     1651   1305078        0       0        2     3028        0       0        0       0        0       0        0       0        0       0        0       0        0       0        0       0  
   17     1651   1303626        0       0        3     4542        0       0        0       0        0       0        0       0        0       0        0       0        0       0        0       0  
   18     1651   1305038        0       0        1     1514        0       0        0       0        0       0        0       0        0       0        0       0        0       0        0       0  
   19     1651   1303642        0       0        3     4542        0       0        0       0        0       0        0       0        0       0        0       0        0       0        0       0  
   20     1652   1305128        0       0        3     4542        0       0        0       0        0       0        0       0        0       0        0       0        0       0        0       0  
   21     1651   1305050        0       0        1     1514        0       0        0       0        0       0        0       0        0       0        0       0        0       0        0       0  
   22     1652   1303680        0       0        6     9084        0       0        0       0        0       0        0       0        0       0        0       0        0       0        0       0  
   23     1654   1305200        0       0        5     7570        0       0        0       0        0       0        0       0        0       0        0       0        0       0        0       0  
   24     1657   1303866        0       0        3     4542        0       0        0       0        0       0        0       0        0       0        0       0        0       0        0       0  
   25     1661   1305554        0       0        7    10598        0       0        0       0        0       0        0       0        0       0        0       0        0       0        0       0  
   26     1656   1305296        0       0        7    10598        0       0        0       0        0       0        0       0        0       0        0       0        0       0        0       0  
   27     1643   1295834        0       0        6     9084        0       0        0       0        0       0        0       0        0       0        0       0        0       0        0       0  
   28     1651   1305098        0       0        7    10598        0       0        0       0        0       0        0       0        0       0        0       0        0       0        0       0  
   29     1651   1303638        0       0        7    10598        0       0        0       0        0       0        0       0        0       0        0       0        0       0        0       0  
   30     1652   1305176        0       0        7    10598        0       0        0       0        0       0        0       0        0       0        0       0        0       0        0       0  
   31     1651   1305098        0       0        7    10598        0       0        0       0        0       0        0       0        0       0        0       0        0       0        0       0  
   32     1651   1303638        0       0        6     9084        0       0        0       0        0       0        0       0        0       0        0       0        0       0        0       0  
   33     1651   1305062        0       0        5     7570        0       0        0       0        0       0        0       0        0       0        0       0        0       0        0       0  
   34     1651   1303662        0       0        7    10598        0       0        0       0        0       0        0       0        0       0        0       0        0       0        0       0  
   35     1651   1305098        0       0        8    12112        0       0        0       0        0       0        0       0        0       0        0       0        0       0        0       0  
   36     1652   1305164        0       0        6     9084        0       0        0       0        0       0        0       0        0       0        0       0        0       0        0       0  
