    1     1271    993358      565    846810       68   102952  
    2     1380   1074804      674   1003220       17    25738  
    3     1563   1234142      776   1174864        5     7570  
    4     1576   1245152      782   1183948        6     9084  
    5     1610   1271948      803   1215742        2     3028  
    6     1652   1305164      820   1241480        6     9084  
    7     1650   1303584      820   1241480        5     7570  
    8     1650   1303560      822   1244508        3     4542  
    9     1652   1305152      822   1244508        4     6056  
   10     1652   1305152      823   1246022        3     4542  
   11     1652   1305128      823   1246022        3     4542  
   12     1650   1303572      820   1241480        5     7570  
   13     1652   1305140      821   1242994        5     7570  
   14     1651   1303638      822   1244508        3     4542  
   15     1652   1305116      824   1247536        2     3028  
   16     1651   1305078      824   1247536        2     3028  
   17     1651   1303626      822   1244508        3     4542  
   18     1651   1305038      825   1249050        1     1514  
   19     1651   1303642      822   1244508        3     4542  
   20     1652   1305128      823   1246022        3     4542  
   21     1651   1305050      825   1249050        1     1514  
   22     1652   1303680      819   1239966        6     9084  
   23     1654   1305200      821   1242994        5     7570  
   24     1657   1303866      822   1244508        3     4542  
   25     1661   1305554      819   1239966        7    10598  
   26     1656   1305296      819   1239966        7    10598  
   27     1643   1295834      814   1232396        6     9084  
   28     1651   1305098      819   1239966        7    10598  
   29     1651   1303638      818   1238452        7    10598  
   30     1652   1305176      819   1239966        7    10598  
   31     1651   1305098      819   1239966        7    10598  
   32     1651   1303638      819   1239966        6     9084  
   33     1651   1305062      821   1242994        5     7570  
   34     1651   1303662      818   1238452        7    10598  
   35     1651   1305098      818   1238452        8    12112  
   36     1652   1305164      820   1241480        6     9084  
