    1     1646   1287664      796   1205144       18   27252  
    2     1643   1291918      814   1223772        9   13626  
    3     1639   1294166      814   1232396        5    7570  
    4     1648   1301968      821   1242994        3    4542  
    5     1652   1305164      820   1241480        6    9084  
    6     1651   1303646      820   1241480        5    7570  
    7     1652   1305104      823   1246022        3    4542  
    8     1651   1305038      826   1250564        0       0  
    9     1650   1303576      822   1244508        3    4542  
   10     1651   1303702      817   1236938        8   12112  
   11     1652   1305164      820   1241480        6    9084  
   12     1651   1305078      823   1246022        3    4542  
   13     1649   1302022      822   1244508        2    3028  
   14     1651   1305086      823   1246022        3    4542  
   15     1651   1303602      823   1246022        2    3028  
   16     1652   1305128      821   1242994        5    7570  
   17     1651   1305110      819   1239966        7   10598  
   18     1651   1303666      821   1242994        4    6056  
   19     1651   1305074      821   1242994        5    7570  
   20     1646   1298916      816   1235424        6    9084  
   21     1664   1304148      822   1244508        3    4542  
   22     1657   1305362      819   1239966        7   10598  
   23     1651   1303662      818   1238452        7   10598  
   24     1651   1305086      820   1241480        6    9084  
   25     1651   1303662      817   1236938        8   12112  
   26     1652   1305140      823   1246022        3    4542  
   27     1651   1305050      823   1246022        3    4542  
   28     1651   1303602      824   1247536        1    1514  
   29     1651   1305086      824   1247536        2    3028  
   30     1651   1303626      821   1242994        4    6056  
   31     1652   1305128      822   1244508        4    6056  
   32     1651   1305086      822   1244508        4    6056  
   33     1651   1303626      821   1242994        4    6056  
   34     1651   1305086      824   1247536        2    3028  
   35     1651   1303626      820   1241480        5    7570  
   36     1652   1305152      820   1241480        6    9084  
