    1     1650   1303812      807   1221798       18   27252  
    2     1661   1305910      825   1241874        6    9084  
    3     1650   1303572      823   1246022        2    3028  
    4     1652   1305128      823   1246022        3    4542  
    5     1652   1305152      822   1244508        4    6056  
    6     1651   1303638      819   1239966        6    9084  
    7     1651   1305098      819   1239966        7   10598  
    8     1651   1303626      820   1241480        5    7570  
    9     1651   1305098      818   1238452        8   12112  
   10     1651   1303602      823   1246022        2    3028  
   11     1651   1305098      821   1242994        5    7570  
   12     1651   1303650      820   1241480        5    7570  
   13     1651   1305062      823   1246022        3    4542  
   14     1651   1303638      819   1239966        6    9084  
   15     1651   1305074      823   1246022        3    4542  
   16     1651   1303626      821   1242994        4    6056  
   17     1652   1305116      824   1247536        2    3028  
   18     1651   1305110      822   1244508        4    6056  
   19     1651   1303614      820   1241480        5    7570  
   20     1651   1305086      821   1242994        5    7570  
   21     1651   1303602      823   1246022        2    3028  
   22     1652   1305128      824   1247536        2    3028  
   23     1651   1305038      824   1247536        2    3028  
   24     1649   1302058      821   1242994        3    4542  
   25     1650   1303536      824   1247536        1    1514  
   26     1652   1305152      824   1247536        2    3028  
   27     1651   1305074      822   1244508        4    6056  
   28     1651   1303638      819   1239966        6    9084  
   29     1651   1305098      818   1238452        8   12112  
   30     1655   1303842      817   1236938        8   12112  
   31     1652   1305152      819   1239966        7   10598  
   32     1662   1305572      819   1239966        7   10598  
   33     1657   1303890      819   1239966        6    9084  
   34     1651   1305098      819   1239966        7   10598  
   35     1651   1303602      822   1244508        3    4542  
   36     1652   1305080      825   1249050        1    1514  
