    1     1659   1298754        0       0       19   28766        0       0        0       0        0       0        0       0        0       0        0       0        0       0        0       0  
    2     1671   1303698        0       0       27   40182        0       0        0       0        0       0        0       0        0       0        0       0        0       0        0       0  
    3     1643   1298778        0       0        1    1514        0       0        0       0        0       0        0       0        0       0        0       0        0       0        0       0  
    4     1650   1303612        0       0        2    3028        0       0        0       0        0       0        0       0        0       0        0       0        0       0        0       0  
    5     1651   1303734        0       0        3    4542        0       0        0       0        0       0        0       0        0       0        0       0        0       0        0       0  
    6     1652   1305276        0       0        3    4542        0       0        0       0        0       0        0       0        0       0        0       0        0       0        0       0  
    7     1651   1305238        0       0        2    3028        0       0        0       0        0       0        0       0        0       0        0       0        0       0        0       0  
    8     1651   1303650        0       0        3    4542        0       0        0       0        0       0        0       0        0       0        0       0        0       0        0       0  
    9     1651   1305154        0       0        3    4542        0       0        0       0        0       0        0       0        0       0        0       0        0       0        0       0  
   10     1651   1303706        0       0        5    7570        0       0        0       0        0       0        0       0        0       0        0       0        0       0        0       0  
   11     1652   1305244        0       0        5    7570        0       0        0       0        0       0        0       0        0       0        0       0        0       0        0       0  
   12     1652   1305160        0       0        4    6056        0       0        0       0        0       0        0       0        0       0        0       0        0       0        0       0  
   13     1651   1305202        0       0        3    4542        0       0        0       0        0       0        0       0        0       0        0       0        0       0        0       0  
   14     1651   1303762        0       0        3    4542        0       0        0       0        0       0        0       0        0       0        0       0        0       0        0       0  
   15     1649   1303602        0       0        5    7570        0       0        0       0        0       0        0       0        0       0        0       0        0       0        0       0  
   16     1649   1302210        0       0        5    7570        0       0        0       0        0       0        0       0        0       0        0       0        0       0        0       0  
   17     1652   1305244        0       0        5    7570        0       0        0       0        0       0        0       0        0       0        0       0        0       0        0       0  
   18     1651   1305026        0       0        2    3028        0       0        0       0        0       0        0       0        0       0        0       0        0       0        0       0  
   19     1651   1303654        0       0        2    3028        0       0        0       0        0       0        0       0        0       0        0       0        0       0        0       0  
   20     1652   1305172        0       0        3    4542        0       0        0       0        0       0        0       0        0       0        0       0        0       0        0       0  
   21     1651   1305050        0       0        2    3028        0       0        0       0        0       0        0       0        0       0        0       0        0       0        0       0  
   22     1649   1302070        0       0        3    4542        0       0        0       0        0       0        0       0        0       0        0       0        0       0        0       0  
   23     1652   1305144        0       0        2    3028        0       0        0       0        0       0        0       0        0       0        0       0        0       0        0       0  
   24     1651   1305074        0       0        2    3028        0       0        0       0        0       0        0       0        0       0        0       0        0       0        0       0  
   25     1651   1303602        0       0        3    4542        0       0        0       0        0       0        0       0        0       0        0       0        0       0        0       0  
   26     1660   1305476        0       0        7   10598        0       0        0       0        0       0        0       0        0       0        0       0        0       0        0       0  
   27     1659   1303990        0       0        6    9084        0       0        0       0        0       0        0       0        0       0        0       0        0       0        0       0  
   28     1656   1305248        0       0        3    4542        0       0        0       0        0       0        0       0        0       0        0       0        0       0        0       0  
   29     1653   1303734        0       0        2    3028        0       0        0       0        0       0        0       0        0       0        0       0        0       0        0       0  
   30     1651   1305110        0       0        4    6056        0       0        0       0        0       0        0       0        0       0        0       0        0       0        0       0  
   31     1651   1303650        0       0        7   10598        0       0        0       0        0       0        0       0        0       0        0       0        0       0        0       0  
   32     1650   1303548        0       0        3    4542        0       0        0       0        0       0        0       0        0       0        0       0        0       0        0       0  
   33     1651   1305050        0       0        1    1514        0       0        0       0        0       0        0       0        0       0        0       0        0       0        0       0  
   34     1652   1305144        0       0        2    3028        0       0        0       0        0       0        0       0        0       0        0       0        0       0        0       0  
   35     1651   1303638        0       0        6    9084        0       0        0       0        0       0        0       0        0       0        0       0        0       0        0       0  
   36     1652   1305164        0       0        7   10598        0       0        0       0        0       0        0       0        0       0        0       0        0       0        0       0  
