    1     1659   1298754      812   1215016       19   28766  
    2     1671   1303698      809   1207610       27   40182  
    3     1643   1298778      821   1242994        1    1514  
    4     1650   1303612      823   1246022        2    3028  
    5     1651   1303734      822   1244508        3    4542  
    6     1652   1305276      823   1246022        3    4542  
    7     1651   1305238      824   1247536        2    3028  
    8     1651   1303650      822   1244508        3    4542  
    9     1651   1305154      823   1246022        3    4542  
   10     1651   1303706      820   1241480        5    7570  
   11     1652   1305244      821   1242994        5    7570  
   12     1652   1305160      822   1244508        4    6056  
   13     1651   1305202      823   1246022        3    4542  
   14     1651   1303762      822   1244508        3    4542  
   15     1649   1303602      820   1241480        5    7570  
   16     1649   1302210      819   1239966        5    7570  
   17     1652   1305244      821   1242994        5    7570  
   18     1651   1305026      824   1247536        2    3028  
   19     1651   1303654      823   1246022        2    3028  
   20     1652   1305172      823   1246022        3    4542  
   21     1651   1305050      824   1247536        2    3028  
   22     1649   1302070      821   1242994        3    4542  
   23     1652   1305144      824   1247536        2    3028  
   24     1651   1305074      824   1247536        2    3028  
   25     1651   1303602      822   1244508        3    4542  
   26     1660   1305476      819   1239966        7   10598  
   27     1659   1303990      819   1239966        6    9084  
   28     1656   1305248      823   1246022        3    4542  
   29     1653   1303734      823   1246022        2    3028  
   30     1651   1305110      822   1244508        4    6056  
   31     1651   1303650      818   1238452        7   10598  
   32     1650   1303548      822   1244508        3    4542  
   33     1651   1305050      825   1249050        1    1514  
   34     1652   1305144      824   1247536        2    3028  
   35     1651   1303638      819   1239966        6    9084  
   36     1652   1305164      819   1239966        7   10598  
