    1     1665   1302086        0       0       21   31794        0       0        0       0        0       0        0       0        0       0        0       0        0       0        0       0  
    2     1604   1251012        0       0       35   52990        0       0        0       0        0       0        0       0        0       0        0       0        0       0        0       0  
    3     1486   1175508        0       0        8   12112        0       0        0       0        0       0        0       0        0       0        0       0        0       0        0       0  
    4      275    216658        1    1514        3    4542        4    6056        0       0        1    1514        0       0        0       0        0       0        1    1514        0       0  
    5      345    273322        0       0        2    3028        0       0        0       0        0       0        0       0        0       0        0       0        0       0        0       0  
    6      258    203820        0       0        1    1514        0       0        0       0        0       0        0       0        0       0        0       0        0       0        0       0  
    7      260    205400        0       0        0       0        0       0        0       0        0       0        0       0        0       0        0       0        0       0        0       0  
    8      260    203988        0       0        0       0        0       0        0       0        0       0        0       0        0       0        0       0        0       0        0       0  
    9      350    277948        0       0        1    1514        0       0        0       0        0       0        0       0        0       0        0       0        0       0        0       0  
   10     1030    813736        0       0        2    3028        0       0        0       0        0       0        0       0        0       0        0       0        0       0        0       0  
   11     1100    869012        0       0        1    1514        0       0        0       0        0       0        0       0        0       0        0       0        0       0        0       0  
   12     1644   1298760        0       0        0       0        0       0        0       0        0       0        0       0        0       0        0       0        0       0        0       0  
   13     1632   1289364        0       0        5    7570        0       0        0       0        0       0        0       0        0       0        0       0        0       0        0       0  
   14     1646   1300400        0       0        5    7570        0       0        0       0        0       0        0       0        0       0        0       0        0       0        0       0  
   15     1648   1301980        0       0        5    7570        0       0        0       0        0       0        0       0        0       0        0       0        0       0        0       0  
   16     1648   1301980        0       0        2    3028        0       0        0       0        0       0        0       0        0       0        0       0        0       0        0       0  
   17     1648   1301992        0       0        5    7570        0       0        0       0        0       0        0       0        0       0        0       0        0       0        0       0  
   18     1640   1295708        0       0        6    9084        0       0        0       0        0       0        0       0        0       0        0       0        0       0        0       0  
   19     1648   1302060        0       0        7   10598        0       0        0       0        0       0        0       0        0       0        0       0        0       0        0       0  
   20     1644   1298784        0       0        1    1514        0       0        0       0        0       0        0       0        0       0        0       0        0       0        0       0  
   21     1648   1302040        0       0        8   12112        0       0        0       0        0       0        0       0        0       0        0       0        0       0        0       0  
   22     1648   1301968        0       0        4    6056        0       0        0       0        0       0        0       0        0       0        0       0        0       0        0       0  
   23     1488   1175604        0       0        5    7570        0       0        0       0        0       0        0       0        0       0        0       0        0       0        0       0  
   24      264    208604        1    1514        2    3028        0       0        0       0        0       0        0       0        0       0        0       0        0       0        0       0  
   25      274    216460        0       0        1    1514        0       0        0       0        0       0        0       0        0       0        0       0        0       0        0       0  
   26      262    207040        0       0        2    3028        0       0        0       0        0       0        0       0        0       0        0       0        0       0        0       0  
   27      273    211930        0       0        1    1514        0       0        0       0        0       0        0       0        0       0        0       0        0       0        0       0  
   28      289    214122        0       0        1    1514        0       0        0       0        0       0        0       0        0       0        0       0        0       0        0       0  
   29      268    211720        0       0        1    1514        0       0        0       0        0       0        0       0        0       0        0       0        0       0        0       0  
   30      266    210152        0       0        0       0        0       0        0       0        0       0        0       0        0       0        0       0        0       0        0       0  
   31      258    203856        0       0        1    1514        0       0        0       0        0       0        0       0        0       0        0       0        0       0        0       0  
   32      262    206992        0       0        2    3028        0       0        0       0        0       0        0       0        0       0        0       0        0       0        0       0  
   33      264    208572        0       0        0       0        0       0        0       0        0       0        0       0        0       0        0       0        0       0        0       0  
   34      270    213312        0       0        1    1514        0       0        0       0        0       0        0       0        0       0        0       0        0       0        0       0  
   35      274    216460        0       0        0       0        0       0        0       0        0       0        0       0        0       0        0       0        0       0        0       0  
   36      260    205400        0       0        0       0        0       0        0       0        0       0        0       0        0       0        0       0        0       0        0       0  
