    1     1665   1302086      812   1215016       21   31794  
    2     1604   1251012      768   1144088       35   52990  
    3     1486   1175508      736   1114304        8   12112  
    4      275    216658      127    192278       10   15140  
    5      345    273322      171    258894        2    3028  
    6      258    203820      128    193792        1    1514  
    7      260    205400      130    196820        0       0  
    8      260    203988      129    195306        0       0  
    9      350    277948      175    264950        1    1514  
   10     1030    813736      513    776682        2    3028  
   11     1100    869012      549    831186        1    1514  
   12     1644   1298760      822   1244508        0       0  
   13     1632   1289364      811   1227854        5    7570  
   14     1646   1300400      818   1238452        5    7570  
   15     1648   1301980      819   1239966        5    7570  
   16     1648   1301980      822   1244508        2    3028  
   17     1648   1301992      819   1239966        5    7570  
   18     1640   1295708      814   1232396        6    9084  
   19     1648   1302060      817   1236938        7   10598  
   20     1644   1298784      821   1242994        1    1514  
   21     1648   1302040      816   1235424        8   12112  
   22     1648   1301968      820   1241480        4    6056  
   23     1488   1175604      739   1118846        5    7570  
   24      264    208604      129    195306        3    4542  
   25      274    216460      136    205904        1    1514  
   26      262    207040      129    195306        2    3028  
   27      273    211930      133    201362        1    1514  
   28      289    214122      134    202876        1    1514  
   29      268    211720      133    201362        1    1514  
   30      266    210152      133    201362        0       0  
   31      258    203856      128    193792        1    1514  
   32      262    206992      129    195306        2    3028  
   33      264    208572      132    199848        0       0  
   34      270    213312      134    202876        1    1514  
   35      274    216460      137    207418        0       0  
   36      260    205400      130    196820        0       0  
