    1     1655   1294046        0       0       14   21196        0       0        0       0        0       0        0       0        0       0        0       0        0       0        0       0  
    2     1674   1305812        0       0       20   30280        0       0        0       0        0       0        0       0        0       0        0       0        0       0        0       0  
    3     1636   1292440        0       0        0       0        0       0        0       0        0       0        0       0        0       0        0       0        0       0        0       0  
    4     1649   1303434        0       0        0       0        0       0        0       0        0       0        0       0        0       0        0       0        0       0        0       0  
    5     1652   1305080        0       0        0       0        0       0        0       0        0       0        0       0        0       0        0       0        0       0        0       0  
    6     1651   1303706        0       0        3    4542        0       0        0       0        0       0        0       0        0       0        0       0        0       0        0       0  
    7     1651   1305154        0       0        3    4542        0       0        0       0        0       0        0       0        0       0        0       0        0       0        0       0  
    8     1650   1303612        0       0        2    3028        0       0        0       0        0       0        0       0        0       0        0       0        0       0        0       0  
    9     1651   1303706        0       0        3    4542        0       0        0       0        0       0        0       0        0       0        0       0        0       0        0       0  
   10     1652   1305220        0       0        3    4542        0       0        0       0        0       0        0       0        0       0        0       0        0       0        0       0  
   11     1651   1305154        0       0        3    4542        0       0        0       0        0       0        0       0        0       0        0       0        0       0        0       0  
   12     1651   1303734        0       0        2    3028        0       0        0       0        0       0        0       0        0       0        0       0        0       0        0       0  
   13     1651   1305154        0       0        3    4542        0       0        0       0        0       0        0       0        0       0        0       0        0       0        0       0  
   14     1651   1303706        0       0        3    4542        0       0        0       0        0       0        0       0        0       0        0       0        0       0        0       0  
   15     1651   1305154        0       0        3    4542        0       0        0       0        0       0        0       0        0       0        0       0        0       0        0       0  
   16     1652   1305220        0       0        4    6056        0       0        0       0        0       0        0       0        0       0        0       0        0       0        0       0  
   17     1650   1303612        0       0        3    4542        0       0        0       0        0       0        0       0        0       0        0       0        0       0        0       0  
   18     1652   1305304        0       0        8   12112        0       0        0       0        0       0        0       0        0       0        0       0        0       0        0       0  
   19     1651   1303734        0       0        3    4542        0       0        0       0        0       0        0       0        0       0        0       0        0       0        0       0  
   20     1652   1305192        0       0        2    3028        0       0        0       0        0       0        0       0        0       0        0       0        0       0        0       0  
   21     1651   1305154        0       0        3    4542        0       0        0       0        0       0        0       0        0       0        0       0        0       0        0       0  
   22     1651   1303762        0       0        5    7570        0       0        0       0        0       0        0       0        0       0        0       0        0       0        0       0  
   23     1651   1305126        0       0        3    4542        0       0        0       0        0       0        0       0        0       0        0       0        0       0        0       0  
   24     1651   1303762        0       0        7   10598        0       0        0       0        0       0        0       0        0       0        0       0        0       0        0       0  
   25     1652   1305192        0       0        3    4542        0       0        0       0        0       0        0       0        0       0        0       0        0       0        0       0  
   26     1650   1303696        0       0        5    7570        0       0        0       0        0       0        0       0        0       0        0       0        0       0        0       0  
   27     1652   1305220        0       0        3    4542        0       0        0       0        0       0        0       0        0       0        0       0        0       0        0       0  
   28     1651   1305126        0       0        2    3028        0       0        0       0        0       0        0       0        0       0        0       0        0       0        0       0  
   29     1651   1303706        0       0        5    7570        0       0        0       0        0       0        0       0        0       0        0       0        0       0        0       0  
   30     1651   1305182        0       0        5    7570        0       0        0       0        0       0        0       0        0       0        0       0        0       0        0       0  
   31     1652   1305276        0       0        5    7570        0       0        0       0        0       0        0       0        0       0        0       0        0       0        0       0  
   32     1651   1303674        0       0        5    7570        0       0        0       0        0       0        0       0        0       0        0       0        0       0        0       0  
   33     1651   1305070        0       0        5    7570        0       0        0       0        0       0        0       0        0       0        0       0        0       0        0       0  
   34     1651   1303590        0       0        0       0        0       0        0       0        0       0        0       0        0       0        0       0        0       0        0       0  
   35     1652   1305204        0       0        3    4542        0       0        0       0        0       0        0       0        0       0        0       0        0       0        0       0  
   36     1651   1305058        0       0        4    6056        0       0        0       0        0       0        0       0        0       0        0       0        0       0        0       0  
