    1     1655   1294046      814   1218044       14   21196  
    2     1674   1305812      818   1219788       20   30280  
    3     1636   1292440      818   1238452        0       0  
    4     1649   1303434      825   1249050        0       0  
    5     1652   1305080      826   1250564        0       0  
    6     1651   1303706      822   1244508        3    4542  
    7     1651   1305154      823   1246022        3    4542  
    8     1650   1303612      823   1246022        2    3028  
    9     1651   1303706      822   1244508        3    4542  
   10     1652   1305220      823   1246022        3    4542  
   11     1651   1305154      823   1246022        3    4542  
   12     1651   1303734      823   1246022        2    3028  
   13     1651   1305154      823   1246022        3    4542  
   14     1651   1303706      822   1244508        3    4542  
   15     1651   1305154      823   1246022        3    4542  
   16     1652   1305220      822   1244508        4    6056  
   17     1650   1303612      822   1244508        3    4542  
   18     1652   1305304      818   1238452        8   12112  
   19     1651   1303734      822   1244508        3    4542  
   20     1652   1305192      824   1247536        2    3028  
   21     1651   1305154      823   1246022        3    4542  
   22     1651   1303762      820   1241480        5    7570  
   23     1651   1305126      823   1246022        3    4542  
   24     1651   1303762      818   1238452        7   10598  
   25     1652   1305192      823   1246022        3    4542  
   26     1650   1303696      820   1241480        5    7570  
   27     1652   1305220      823   1246022        3    4542  
   28     1651   1305126      824   1247536        2    3028  
   29     1651   1303706      820   1241480        5    7570  
   30     1651   1305182      821   1242994        5    7570  
   31     1652   1305276      821   1242994        5    7570  
   32     1651   1303674      820   1241480        5    7570  
   33     1651   1305070      821   1242994        5    7570  
   34     1651   1303590      825   1249050        0       0  
   35     1652   1305204      823   1246022        3    4542  
   36     1651   1305058      822   1244508        4    6056  
