    1     1076    833056      525    776186       14   21196  
    2     1069    842566      495    745118       40   60560  
    3     1462   1155460      717   1085538       14   21196  
    4     1498   1172220      741   1108938        9   13626  
    5     1652   1305116      823   1246022        3    4542  
    6     1652   1305152      822   1244508        4    6056  
    7     1651   1303662      819   1239966        6    9084  
    8     1651   1305086      821   1242994        5    7570  
    9     1652   1305152      820   1241480        6    9084  
   10     1651   1303638      821   1242994        4    6056  
   11     1651   1305086      822   1244508        4    6056  
   12     1651   1303642      822   1244508        3    4542  
   13     1651   1305074      823   1246022        3    4542  
   14     1651   1303626      823   1246022        2    3028  
   15     1652   1305128      821   1242994        5    7570  
   16     1651   1305110      819   1239966        7   10598  
   17     1651   1303638      819   1239966        6    9084  
   18     1651   1305086      819   1239966        7   10598  
   19     1651   1303638      819   1239966        6    9084  
   20     1652   1305116      825   1249050        1    1514  
   21     1651   1305102      824   1247536        2    3028  
   22     1651   1303626      822   1244508        3    4542  
   23     1652   1305116      824   1247536        2    3028  
   24     1650   1303548      820   1241480        5    7570  
   25     1651   1305086      821   1242994        5    7570  
   26     1651   1303578      823   1246022        2    3028  
   27     1652   1305164      821   1242994        5    7570  
   28     1651   1305098      819   1239966        7   10598  
   29     1651   1303650      818   1238452        7   10598  
   30     1651   1305086      820   1241480        6    9084  
   31     1652   1305144      823   1246022        3    4542  
   32     1651   1303626      823   1246022        2    3028  
   33     1651   1305074      822   1244508        4    6056  
   34     1651   1303650      817   1236938        8   12112  
   35     1651   1305086      821   1242994        5    7570  
   36     1651   1303650      820   1241480        5    7570  
