    1     1514   1192128        0       0       25   37850        0       0        0       0        0       0        0       0        0       0        0       0        0       0        0       0  
    2     1540   1199920        0       0        6    9084        0       0        0       0        0       0        0       0        0       0        0       0        0       0        0       0  
    3      407    322254        0       0        0       0        0       0        0       0        0       0        0       0        0       0        0       0        0       0        0       0  
    4      263    207046        0       0        0       0        0       0        0       0        0       0        0       0        0       0        0       0        0       0        0       0  
    5      351    278014        0       0        0       0        0       0        0       0        0       0        0       0        0       0        0       0        0       0        0       0  
    6      262    206980        0       0        0       0        0       0        0       0        0       0        0       0        0       0        0       0        0       0        0       0  
    7      256    202240        0       0        0       0        0       0        0       0        0       0        0       0        0       0        0       0        0       0        0       0  
    8      266    210140        0       0        0       0        0       0        0       0        0       0        0       0        0       0        0       0        0       0        0       0  
    9      268    211720        0       0        0       0        0       0        0       0        0       0        0       0        0       0        0       0        0       0        0       0  
   10      260    205484        0       0        1    1514        0       0        0       0        0       0        0       0        0       0        0       0        0       0        0       0  
   11      256    202296        0       0        2    3028        0       0        0       0        0       0        0       0        0       0        0       0        0       0        0       0  
   12      260    205512        0       0        4    6056        0       0        0       0        0       0        0       0        0       0        0       0        0       0        0       0  
   13      262    207208        0       0        9   13626        0       0        0       0        0       0        0       0        0       0        0       0        0       0        0       0  
   14      260    205472        0       0        7   10598        0       0        0       0        0       0        0       0        0       0        0       0        0       0        0       0  
   15      260    205472        0       0        5    7570        0       0        0       0        0       0        0       0        0       0        0       0        0       0        0       0  
   16      256    202312        0       0        3    4542        0       0        0       0        0       0        0       0        0       0        0       0        0       0        0       0  
   17      260    205400        0       0        0       0        0       0        0       0        0       0        0       0        0       0        0       0        0       0        0       0  
   18      268    211732        0       0        2    3028        0       0        0       0        0       0        0       0        0       0        0       0        0       0        0       0  
   19      260    205400        0       0        0       0        0       0        0       0        0       0        0       0        0       0        0       0        0       0        0       0  
   20      262    207016        0       0        2    3028        0       0        0       0        0       0        0       0        0       0        0       0        0       0        0       0  
   21      258    203868        0       0        4    6056        0       0        0       0        0       0        0       0        0       0        0       0        0       0        0       0  
   22      272    214904        0       0        0       0        0       0        0       0        0       0        0       0        0       0        0       0        0       0        0       0  
   23      266    210152        0       0        2    3028        0       0        0       0        0       0        0       0        0       0        0       0        0       0        0       0  
   24      258    203832        0       0        0       0        0       0        0       0        0       0        0       0        0       0        0       0        0       0        0       0  
   25      261    205454        0       0        1    1514        0       0        0       0        0       0        0       0        0       0        0       0        0       0        0       0  
   26      297    233906        0       0        3    4542        0       0        0       0        0       0        0       0        0       0        0       0        0       0        0       0  
   27      270    210344        0       0        0       0        0       0        0       0        0       0        0       0        0       0        0       0        0       0        0       0  
   28      296    220388        0       0        2    3028        0       0        0       0        0       0        0       0        0       0        0       0        0       0        0       0  
   29      262    207016        0       0        0       0        0       0        0       0        0       0        0       0        0       0        0       0        0       0        0       0  
   30      260    205412        0       0        1    1514        0       0        0       0        0       0        0       0        0       0        0       0        0       0        0       0  
   31      256    202252        0       0        2    3028        0       0        0       0        0       0        0       0        0       0        0       0        0       0        0       0  
   32      264    208584        0       0        0       0        0       0        0       0        0       0        0       0        0       0        0       0        0       0        0       0  
   33      952    752092        0       0        1    1514        0       0        0       0        0       0        0       0        0       0        0       0        0       0        0       0  
   34     1030    813700        0       0        0       0        0       0        0       0        0       0        0       0        0       0        0       0        0       0        0       0  
   35     1034    816872        0       0        1    1514        0       0        0       0        0       0        0       0        0       0        0       0        0       0        0       0  
   36     1510   1192996        0       0        5    7570        0       0        0       0        0       0        0       0        0       0        0       0        0       0        0       0  
