    1     1514   1192128      733   1104034       25   37850  
    2     1540   1199920      765   1139546        6    9084  
    3      407    322254      204    308856        0       0  
    4      263    207046      131    198334        0       0  
    5      351    278014      176    266464        0       0  
    6      262    206980      131    198334        0       0  
    7      256    202240      128    193792        0       0  
    8      266    210140      133    201362        0       0  
    9      268    211720      134    202876        0       0  
   10      260    205484      129    195306        1    1514  
   11      256    202296      126    190764        2    3028  
   12      260    205512      126    190764        4    6056  
   13      262    207208      122    184708        9   13626  
   14      260    205472      123    186222        7   10598  
   15      260    205472      125    189250        5    7570  
   16      256    202312      125    189250        3    4542  
   17      260    205400      130    196820        0       0  
   18      268    211732      132    199848        2    3028  
   19      260    205400      130    196820        0       0  
   20      262    207016      129    195306        2    3028  
   21      258    203868      125    189250        4    6056  
   22      272    214904      136    205904        0       0  
   23      266    210152      131    198334        2    3028  
   24      258    203832      129    195306        0       0  
   25      261    205454      129    195306        1    1514  
   26      297    233906      145    219530        3    4542  
   27      270    210344      133    201362        0       0  
   28      296    220388      137    207418        2    3028  
   29      262    207016      131    198334        0       0  
   30      260    205412      129    195306        1    1514  
   31      256    202252      126    190764        2    3028  
   32      264    208584      132    199848        0       0  
   33      952    752092      475    719150        1    1514  
   34     1030    813700      515    779710        0       0  
   35     1034    816872      516    781224        1    1514  
   36     1510   1192996      750   1135500        5    7570  
