    1     1485   1165962        0       0       64   96896        0       0        0       0        0       0        0       0        0       0        0       0        0       0        0       0  
    2     1485   1167054        0       0       19   28766        0       0        0       0        0       0        0       0        0       0        0       0        0       0        0       0  
    3     1476   1166124        0       0        3    4542        0       0        0       0        0       0        0       0        0       0        0       0        0       0        0       0  
    4     1476   1166164        0       0        5    7570        0       0        0       0        0       0        0       0        0       0        0       0        0       0        0       0  
    5     1476   1166112        0       0        3    4542        0       0        0       0        0       0        0       0        0       0        0       0        0       0        0       0  
    6     1476   1166040        0       0        0       0        0       0        0       0        0       0        0       0        0       0        0       0        0       0        0       0  
    7     1504   1188228        0       0        2    3028        0       0        0       0        0       0        0       0        0       0        0       0        0       0        0       0  
    8     1585   1251498        0       0        3    4542        0       0        0       0        0       0        0       0        0       0        0       0        0       0        0       0  
    9     1606   1268776        0       0        3    4542        0       0        0       0        0       0        0       0        0       0        0       0        0       0        0       0  
   10     1650   1303596        0       0        6    9084        0       0        0       0        0       0        0       0        0       0        0       0        0       0        0       0  
   11     1652   1305128        0       0        4    6056        0       0        0       0        0       0        0       0        0       0        0       0        0       0        0       0  
   12     1648   1301992        0       0        4    6056        0       0        0       0        0       0        0       0        0       0        0       0        0       0        0       0  
   13     1651   1303638        0       0        4    6056        0       0        0       0        0       0        0       0        0       0        0       0        0       0        0       0  
   14     1651   1305110        0       0        8   12112        0       0        0       0        0       0        0       0        0       0        0       0        0       0        0       0  
   15     1652   1305164        0       0        7   10598        0       0        0       0        0       0        0       0        0       0        0       0        0       0        0       0  
   16     1651   1303650        0       0        5    7570        0       0        0       0        0       0        0       0        0       0        0       0        0       0        0       0  
   17     1652   1305128        0       0        5    7570        0       0        0       0        0       0        0       0        0       0        0       0        0       0        0       0  
   18     1650   1303596        0       0        7   10598        0       0        0       0        0       0        0       0        0       0        0       0        0       0        0       0  
   19     1652   1305152        0       0        4    6056        0       0        0       0        0       0        0       0        0       0        0       0        0       0        0       0  
   20     1650   1303560        0       0        2    3028        0       0        0       0        0       0        0       0        0       0        0       0        0       0        0       0  
   21     1651   1305062        0       0        5    7570        0       0        0       0        0       0        0       0        0       0        0       0        0       0        0       0  
   22     1651   1303662        0       0        7   10598        0       0        0       0        0       0        0       0        0       0        0       0        0       0        0       0  
   23     1651   1305086        0       0        6    9084        0       0        0       0        0       0        0       0        0       0        0       0        0       0        0       0  
   24     1652   1305152        0       0        7   10598        0       0        0       0        0       0        0       0        0       0        0       0        0       0        0       0  
   25     1651   1303662        0       0        5    7570        0       0        0       0        0       0        0       0        0       0        0       0        0       0        0       0  
   26     1652   1305128        0       0        5    7570        0       0        0       0        0       0        0       0        0       0        0       0        0       0        0       0  
   27     1651   1305110        0       0        7   10598        0       0        0       0        0       0        0       0        0       0        0       0        0       0        0       0  
   28     1651   1303638        0       0        6    9084        0       0        0       0        0       0        0       0        0       0        0       0        0       0        0       0  
   29     1650   1303584        0       0        7   10598        0       0        0       0        0       0        0       0        0       0        0       0        0       0        0       0  
   30     1651   1305074        0       0        3    4542        0       0        0       0        0       0        0       0        0       0        0       0        0       0        0       0  
   31     1651   1303602        0       0        2    3028        0       0        0       0        0       0        0       0        0       0        0       0        0       0        0       0  
   32     1650   1303560        0       0        2    3028        0       0        0       0        0       0        0       0        0       0        0       0        0       0        0       0  
   33     1652   1305128        0       0        4    6056        0       0        0       0        0       0        0       0        0       0        0       0        0       0        0       0  
   34     1651   1305098        0       0        6    9084        0       0        0       0        0       0        0       0        0       0        0       0        0       0        0       0  
   35     1651   1303626        0       0        3    4542        0       0        0       0        0       0        0       0        0       0        0       0        0       0        0       0  
   36     1651   1305086        0       0        5    7570        0       0        0       0        0       0        0       0        0       0        0       0        0       0        0       0  
