    1     1485   1165962      680   1018024       64   96896  
    2     1485   1167054      724   1088992       19   28766  
    3     1476   1166124      735   1112790        3    4542  
    4     1476   1166164      733   1109762        5    7570  
    5     1476   1166112      735   1112790        3    4542  
    6     1476   1166040      738   1117332        0       0  
    7     1504   1188228      750   1135500        2    3028  
    8     1585   1251498      789   1194546        3    4542  
    9     1606   1268776      800   1211200        3    4542  
   10     1650   1303596      819   1239966        6    9084  
   11     1652   1305128      822   1244508        4    6056  
   12     1648   1301992      820   1241480        4    6056  
   13     1651   1303638      821   1242994        4    6056  
   14     1651   1305110      818   1238452        8   12112  
   15     1652   1305164      819   1239966        7   10598  
   16     1651   1303650      820   1241480        5    7570  
   17     1652   1305128      821   1242994        5    7570  
   18     1650   1303596      818   1238452        7   10598  
   19     1652   1305152      822   1244508        4    6056  
   20     1650   1303560      823   1246022        2    3028  
   21     1651   1305062      821   1242994        5    7570  
   22     1651   1303662      818   1238452        7   10598  
   23     1651   1305086      820   1241480        6    9084  
   24     1652   1305152      819   1239966        7   10598  
   25     1651   1303662      820   1241480        5    7570  
   26     1652   1305128      821   1242994        5    7570  
   27     1651   1305110      819   1239966        7   10598  
   28     1651   1303638      819   1239966        6    9084  
   29     1650   1303584      818   1238452        7   10598  
   30     1651   1305074      823   1246022        3    4542  
   31     1651   1303602      823   1246022        2    3028  
   32     1650   1303560      823   1246022        2    3028  
   33     1652   1305128      822   1244508        4    6056  
   34     1651   1305098      820   1241480        6    9084  
   35     1651   1303626      822   1244508        3    4542  
   36     1651   1305086      821   1242994        5    7570  
