    1     1667   1302078        0       0       12   18168        0       0        0       0        0       0        0       0        0       0        0       0        0       0        0       0  
    2     1668   1305148        0       0       15   22710        0       0        0       0        0       0        0       0        0       0        0       0        0       0        0       0  
    3     1652   1305100        0       0        1    1514        0       0        0       0        0       0        0       0        0       0        0       0        0       0        0       0  
    4     1655   1303994        0       0        3    4542        0       0        0       0        0       0        0       0        0       0        0       0        0       0        0       0  
    5     1360   1075960        0       0        2    3028        0       0        0       0        0       0        0       0        0       0        0       0        0       0        0       0  
    6      256    202432        0       0        1    1514        1    1514        5    7570        0       0        3    4542        0       0        0       0        0       0        0       0  
    7      256    202632        0       0       14   21196        0       0        0       0        0       0        0       0        0       0        0       0        0       0        0       0  
    8      260    205596        0       0        7   10598        0       0        0       0        0       0        0       0        0       0        0       0        0       0        0       0  
    9      266    210168        0       0        1    1514        0       0        0       0        0       0        0       0        0       0        0       0        0       0        0       0  
   10      266    210252        0       0        2    3028        0       0        0       0        0       0        0       0        0       0        0       0        0       0        0       0  
   11      258    203904        0       0        1    1514        0       0        0       0        0       0        0       0        0       0        0       0        0       0        0       0  
   12      260    205560        0       0        6    9084        0       0        0       0        0       0        0       0        0       0        0       0        0       0        0       0  
   13      258    203904        0       0        5    7570        0       0        0       0        0       0        0       0        0       0        0       0        0       0        0       0  
   14      269    213286        0       0        1    1514        0       0        0       0        0       0        0       0        0       0        0       0        0       0        0       0  
   15      262    207048        0       0        6    9084        0       0        0       0        0       0        0       0        0       0        0       0        0       0        0       0  
   16      258    203832        0       0        0       0        0       0        0       0        0       0        0       0        0       0        0       0        0       0        0       0  
   17      258    203856        0       0        3    4542        0       0        0       0        0       0        0       0        0       0        0       0        0       0        0       0  
   18      258    203844        0       0        1    1514        0       0        0       0        0       0        0       0        0       0        0       0        0       0        0       0  
   19      262    206992        0       0        1    1514        0       0        0       0        0       0        0       0        0       0        0       0        0       0        0       0  
   20      264    208560        0       0        1    1514        0       0        0       0        0       0        0       0        0       0        0       0        0       0        0       0  
   21      258    203820        0       0        0       0        0       0        0       0        0       0        0       0        0       0        0       0        0       0        0       0  
   22      260    205436        0       0        2    3028        0       0        0       0        0       0        0       0        0       0        0       0        0       0        0       0  
   23      268    211744        0       0        2    3028        0       0        0       0        0       0        0       0        0       0        0       0        0       0        0       0  
   24      264    208572        0       0        1    1514        0       0        0       0        0       0        0       0        0       0        0       0        0       0        0       0  
   25      258    203832        0       0        2    3028        0       0        0       0        0       0        0       0        0       0        0       0        0       0        0       0  
   26      270    213348        0       0        0       0        0       0        0       0        0       0        0       0        0       0        0       0        0       0        0       0  
   27      260    205412        0       0        0       0        0       0        0       0        0       0        0       0        0       0        0       0        0       0        0       0  
   28      262    206992        0       0        2    3028        0       0        0       0        0       0        0       0        0       0        0       0        0       0        0       0  
   29      266    210140        0       0        0       0        0       0        0       0        0       0        0       0        0       0        0       0        0       0        0       0  
   30      260    205436        0       0        2    3028        0       0        0       0        0       0        0       0        0       0        0       0        0       0        0       0  
   31      262    207004        0       0        2    3028        0       0        0       0        0       0        0       0        0       0        0       0        0       0        0       0  
   32      266    210164        0       0        3    4542        0       0        0       0        0       0        0       0        0       0        0       0        0       0        0       0  
   33      272    214880        0       0        0       0        0       0        0       0        0       0        0       0        0       0        0       0        0       0        0       0  
   34      260    205400        0       0        0       0        0       0        0       0        0       0        0       0        0       0        0       0        0       0        0       0  
   35      264    208596        0       0        2    3028        0       0        0       0        0       0        0       0        0       0        0       0        0       0        0       0  
   36      280    215288        0       0        4    6056        0       0        0       0        0       0        0       0        0       0        0       0        0       0        0       0  
