    1     1667   1302078      823   1228798       12   18168  
    2     1668   1305148      820   1227128       15   22710  
    3     1652   1305100      825   1249050        1    1514  
    4     1655   1303994      825   1244738        3    4542  
    5     1360   1075960      679   1028006        2    3028  
    6      256    202432      118    178652       10   15140  
    7      256    202632      114    172596       14   21196  
    8      260    205596      123    186222        7   10598  
    9      266    210168      132    199848        1    1514  
   10      266    210252      131    198334        2    3028  
   11      258    203904      128    193792        1    1514  
   12      260    205560      124    187736        6    9084  
   13      258    203904      124    187736        5    7570  
   14      269    213286      134    202876        1    1514  
   15      262    207048      125    189250        6    9084  
   16      258    203832      129    195306        0       0  
   17      258    203856      126    190764        3    4542  
   18      258    203844      128    193792        1    1514  
   19      262    206992      130    196820        1    1514  
   20      264    208560      131    198334        1    1514  
   21      258    203820      129    195306        0       0  
   22      260    205436      128    193792        2    3028  
   23      268    211744      132    199848        2    3028  
   24      264    208572      131    198334        1    1514  
   25      258    203832      127    192278        2    3028  
   26      270    213348      135    204390        0       0  
   27      260    205412      130    196820        0       0  
   28      262    206992      129    195306        2    3028  
   29      266    210140      133    201362        0       0  
   30      260    205436      128    193792        2    3028  
   31      262    207004      129    195306        2    3028  
   32      266    210164      130    196820        3    4542  
   33      272    214880      136    205904        0       0  
   34      260    205400      130    196820        0       0  
   35      264    208596      130    196820        2    3028  
   36      280    215288      132    199848        4    6056  
