    1     1667   1303666        0       0       21   31794        0       0        0       0        0       0        0       0        0       0        0       0        0       0        0       0  
    2     1675   1306842        0       0       25   37154        0       0        0       0        0       0        0       0        0       0        0       0        0       0        0       0  
    3      885    699954        0       0        2    3028        0       0        0       0        0       0        0       0        0       0        0       0        0       0        0       0  
    4      270    213388        0       0        1    1514        0       0        0       0        0       0        0       0        0       0        1    1514        0       0        0       0  
    5      338    267240        0       0        9   13626        0       0        0       0        0       0        0       0        0       0        0       0        0       0        0       0  
    6      256    202252        0       0        1    1514        0       0        0       0        0       0        0       0        0       0        0       0        0       0        0       0  
    7      258    203908        0       0        5    7570        0       0        0       0        0       0        0       0        0       0        0       0        0       0        0       0  
    8      260    205400        0       0        0       0        0       0        0       0        0       0        0       0        0       0        0       0        0       0        0       0  
    9      267    211690        0       0        2    3028        0       0        0       0        0       0        0       0        0       0        0       0        0       0        0       0  
   10      262    207004        0       0        2    3028        0       0        0       0        0       0        0       0        0       0        0       0        0       0        0       0  
   11      258    203832        0       0        1    1514        0       0        0       0        0       0        0       0        0       0        0       0        0       0        0       0  
   12      260    205400        0       0        1    1514        0       0        0       0        0       0        0       0        0       0        0       0        0       0        0       0  
   13      258    203820        0       0        0       0        0       0        0       0        0       0        0       0        0       0        0       0        0       0        0       0  
   14      268    211732        0       0        0       0        0       0        0       0        0       0        0       0        0       0        0       0        0       0        0       0  
   15      278    219680        0       0        6    9084        0       0        0       0        0       0        0       0        0       0        0       0        0       0        0       0  
   16      256    202252        0       0        0       0        0       0        0       0        0       0        0       0        0       0        0       0        0       0        0       0  
   17      258    203832        0       0        2    3028        0       0        0       0        0       0        0       0        0       0        0       0        0       0        0       0  
   18      256    202240        0       0        0       0        0       0        0       0        0       0        0       0        0       0        0       0        0       0        0       0  
   19      260    205400        0       0        0       0        0       0        0       0        0       0        0       0        0       0        0       0        0       0        0       0  
   20      258    203880        0       0        4    6056        0       0        0       0        0       0        0       0        0       0        0       0        0       0        0       0  
   21      256    202288        0       0        2    3028        0       0        0       0        0       0        0       0        0       0        0       0        0       0        0       0  
   22      268    211732        0       0        2    3028        0       0        0       0        0       0        0       0        0       0        0       0        0       0        0       0  
   23      264    208560        0       0        0       0        0       0        0       0        0       0        0       0        0       0        0       0        0       0        0       0  
   24      262    206980        0       0        0       0        0       0        0       0        0       0        0       0        0       0        0       0        0       0        0       0  
   25      274    216544        0       0        6    9084        0       0        0       0        0       0        0       0        0       0        0       0        0       0        0       0  
   26      270    211908        0       0        1    1514        0       0        0       0        0       0        0       0        0       0        0       0        0       0        0       0  
   27      258    205280        0       0        2    3028        0       0        0       0        0       0        0       0        0       0        0       0        0       0        0       0  
   28      260    205400        0       0        0       0        0       0        0       0        0       0        0       0        0       0        0       0        0       0        0       0  
   29      270    213312        0       0        0       0        0       0        0       0        0       0        0       0        0       0        0       0        0       0        0       0  
   30      268    211732        0       0        1    1514        0       0        0       0        0       0        0       0        0       0        0       0        0       0        0       0  
   31      258    203856        0       0        3    4542        0       0        0       0        0       0        0       0        0       0        0       0        0       0        0       0  
   32      260    203952        0       0        1    1514        0       0        0       0        0       0        0       0        0       0        0       0        0       0        0       0  
   33      674    533932        0       0        1    1514        0       0        0       0        0       0        0       0        0       0        0       0        0       0        0       0  
   34     1034    816896        0       0        3    4542        0       0        0       0        0       0        0       0        0       0        0       0        0       0        0       0  
   35     1036    818488        0       0        5    7570        0       0        0       0        0       0        0       0        0       0        0       0        0       0        0       0  
   36     1026    810564        0       0        1    1514        0       0        0       0        0       0        0       0        0       0        0       0        0       0        0       0  
