    1     1667   1303666      814   1216596       21   31794  
    2     1675   1306842      814   1213732       25   37154  
    3      885    699954      441    667674        2    3028  
    4      270    213388      133    201362        2    3028  
    5      338    267240      160    242240        9   13626  
    6      256    202252      127    192278        1    1514  
    7      258    203908      124    187736        5    7570  
    8      260    205400      130    196820        0       0  
    9      267    211690      132    199848        2    3028  
   10      262    207004      129    195306        2    3028  
   11      258    203832      128    193792        1    1514  
   12      260    205400      129    195306        1    1514  
   13      258    203820      129    195306        0       0  
   14      268    211732      134    202876        0       0  
   15      278    219680      133    201362        6    9084  
   16      256    202252      128    193792        0       0  
   17      258    203832      127    192278        2    3028  
   18      256    202240      128    193792        0       0  
   19      260    205400      130    196820        0       0  
   20      258    203880      125    189250        4    6056  
   21      256    202288      126    190764        2    3028  
   22      268    211732      132    199848        2    3028  
   23      264    208560      132    199848        0       0  
   24      262    206980      131    198334        0       0  
   25      274    216544      131    198334        6    9084  
   26      270    211908      133    201362        1    1514  
   27      258    205280      128    193792        2    3028  
   28      260    205400      130    196820        0       0  
   29      270    213312      135    204390        0       0  
   30      268    211732      133    201362        1    1514  
   31      258    203856      126    190764        3    4542  
   32      260    203952      128    193792        1    1514  
   33      674    533932      337    510218        1    1514  
   34     1034    816896      514    778196        3    4542  
   35     1036    818488      513    776682        5    7570  
   36     1026    810564      512    775168        1    1514  
