    1     1669   1306962        0       0       66   99228        0       0        0       0        0       0        0       0        0       0        0       0        0       0        0       0  
    2     1136    882312        0       0        9   13626        0       0        0       0        0       0        0       0        0       0        0       0        0       0        0       0  
    3      256    202288        1    1514        1    1514        0       0        0       0        0       0        0       0        0       0        0       0        0       0        0       0  
    4      264    208596        0       0        1    1514        0       0        0       0        0       0        0       0        0       0        0       0        0       0        0       0  
    5      342    268732        0       0        1    1514        0       0        0       0        0       0        0       0        0       0        0       0        0       0        0       0  
    6      262    208452        0       0        1    1514        0       0        0       0        0       0        0       0        0       0        0       0        0       0        0       0  
    7      260    205400        0       0        0       0        0       0        0       0        0       0        0       0        0       0        0       0        0       0        0       0  
    8      540    426612        0       0        1    1514        0       0        0       0        0       0        0       0        0       0        0       0        0       0        0       0  
    9     1032    815280        0       0        0       0        0       0        0       0        0       0        0       0        0       0        0       0        0       0        0       0  
   10     1029    813634        0       0        0       0        0       0        0       0        0       0        0       0        0       0        0       0        0       0        0       0  
   11     1033    815358        0       0        1    1514        0       0        0       0        0       0        0       0        0       0        0       0        0       0        0       0  
   12     1032    815356        0       0        4    6056        0       0        0       0        0       0        0       0        0       0        0       0        0       0        0       0  
   13     1024    809008        0       0        3    4542        0       0        0       0        0       0        0       0        0       0        0       0        0       0        0       0  
   14     1034    816860        0       0        0       0        0       0        0       0        0       0        0       0        0       0        0       0        0       0        0       0  
   15     1032    815316        0       0        1    1514        0       0        0       0        0       0        0       0        0       0        0       0        0       0        0       0  
   16     1027    812066        0       0        1    1514        0       0        0       0        0       0        0       0        0       0        0       0        0       0        0       0  
   17     1028    812144        0       0        2    3028        0       0        0       0        0       0        0       0        0       0        0       0        0       0        0       0  
   18     1030    813700        0       0        0       0        0       0        0       0        0       0        0       0        0       0        0       0        0       0        0       0  
   19      736    581500        0       0        3    4542        0       0        0       0        0       0        0       0        0       0        0       0        0       0        0       0  
   20      786    620988        0       0        4    6056        0       0        0       0        0       0        0       0        0       0        0       0        0       0        0       0  
   21     1606   1268740        0       0        0       0        0       0        0       0        0       0        0       0        0       0        0       0        0       0        0       0  
   22     1618   1278268        0       0        5    7570        0       0        0       0        0       0        0       0        0       0        0       0        0       0        0       0  
   23     1616   1276724        0       0        5    7570        0       0        0       0        0       0        0       0        0       0        0       0        0       0        0       0  
   24     1618   1278352        0       0        8   12112        0       0        0       0        0       0        0       0        0       0        0       0        0       0        0       0  
   25     1618   1278292        0       0        7   10598        0       0        0       0        0       0        0       0        0       0        0       0        0       0        0       0  
   26     1612   1273564        0       0        7   10598        0       0        0       0        0       0        0       0        0       0        0       0        0       0        0       0  
   27     1602   1265640        0       0        5    7570        0       0        0       0        0       0        0       0        0       0        0       0        0       0        0       0  
   28     1614   1275168        0       0        8   12112        0       0        0       0        0       0        0       0        0       0        0       0        0       0        0       0  
   29     1618   1278280        0       0        4    6056        0       0        0       0        0       0        0       0        0       0        0       0        0       0        0       0  
   30     1100    869060        0       0        4    6056        0       0        0       0        0       0        0       0        0       0        0       0        0       0        0       0  
   31      262    206992        0       0        2    3028        0       0        0       0        0       0        0       0        0       0        0       0        0       0        0       0  
   32      270    210332        0       0        0       0        0       0        0       0        0       0        0       0        0       0        0       0        0       0        0       0  
   33      289    215666        0       0        4    6056        0       0        0       0        0       0        0       0        0       0        0       0        0       0        0       0  
   34      262    206980        0       0        1    1514        0       0        0       0        0       0        0       0        0       0        0       0        0       0        0       0  
   35      270    213324        0       0        0       0        0       0        0       0        0       0        0       0        0       0        0       0        0       0        0       0  
   36      258    203832        0       0        2    3028        0       0        0       0        0       0        0       0        0       0        0       0        0       0        0       0  
