    1     1669   1306962      770   1151428       66   99228  
    2     1136    882312      561    830690        9   13626  
    3      256    202288      126    190764        2    3028  
    4      264    208596      131    198334        1    1514  
    5      342    268732      169    255866        1    1514  
    6      262    208452      131    198334        1    1514  
    7      260    205400      130    196820        0       0  
    8      540    426612      269    407266        1    1514  
    9     1032    815280      516    781224        0       0  
   10     1029    813634      515    779710        0       0  
   11     1033    815358      515    779710        1    1514  
   12     1032    815356      512    775168        4    6056  
   13     1024    809008      509    770626        3    4542  
   14     1034    816860      517    782738        0       0  
   15     1032    815316      515    779710        1    1514  
   16     1027    812066      513    776682        1    1514  
   17     1028    812144      512    775168        2    3028  
   18     1030    813700      515    779710        0       0  
   19      736    581500      365    552610        3    4542  
   20      786    620988      389    588946        4    6056  
   21     1606   1268740      803   1215742        0       0  
   22     1618   1278268      804   1217256        5    7570  
   23     1616   1276724      803   1215742        5    7570  
   24     1618   1278352      801   1212714        8   12112  
   25     1618   1278292      802   1214228        7   10598  
   26     1612   1273564      799   1209686        7   10598  
   27     1602   1265640      796   1205144        5    7570  
   28     1614   1275168      799   1209686        8   12112  
   29     1618   1278280      805   1218770        4    6056  
   30     1100    869060      546    826644        4    6056  
   31      262    206992      129    195306        2    3028  
   32      270    210332      133    201362        0       0  
   33      289    215666      132    199848        4    6056  
   34      262    206980      130    196820        1    1514  
   35      270    213324      135    204390        0       0  
   36      258    203832      127    192278        2    3028  
