    1     1639   1287554      754   1132956       66   99228  
    2     1662   1298932      826   1234764        6    9084  
    3     1646   1300484      819   1239966        4    6056  
    4     1649   1299226      821   1238682        4    6056  
    5     1646   1300464      820   1241480        3    4542  
    6     1650   1303600      822   1244508        3    4542  
    7     1649   1302034      819   1239966        5    7570  
    8     1651   1305098      820   1241480        6    9084  
    9     1652   1305128      822   1244508        4    6056  
   10     1651   1303638      821   1242994        4    6056  
   11     1651   1305086      822   1244508        4    6056  
   12     1648   1302016      817   1236938        7   10598  
   13     1650   1303524      823   1246022        2    3028  
   14     1652   1305144      824   1247536        2    3028  
   15     1651   1303670      820   1241480        5    7570  
   16     1651   1305090      822   1244508        4    6056  
   17     1652   1305176      819   1239966        7   10598  
   18     1651   1303638      818   1238452        7   10598  
   19     1651   1305074      822   1244508        4    6056  
   20     1651   1303626      822   1244508        3    4542  
   21     1652   1305128      823   1246022        3    4542  
   22     1651   1305110      822   1244508        4    6056  
   23     1651   1303614      822   1244508        3    4542  
   24     1651   1305062      822   1244508        4    6056  
   25     1651   1303650      819   1239966        6    9084  
   26     1652   1305144      824   1247536        2    3028  
   27     1651   1305086      824   1247536        2    3028  
   28     1651   1303614      820   1241480        5    7570  
   29     1650   1303596      818   1238452        7   10598  
   30     1652   1305152      822   1244508        4    6056  
   31     1651   1305086      820   1241480        6    9084  
   32     1651   1303650      822   1244508        3    4542  
   33     1651   1305014      825   1249050        1    1514  
   34     1651   1303638      823   1246022        2    3028  
   35     1615   1276598      806   1220284        2    3028  
   36     1651   1303650      820   1241480        5    7570  
