    1      419   311678        0       0        0       0        0       0        0       0        0       0        0       0        0       0        0       0        0       0        0       0  
    2      281   219842        0       0        0       0        0       0        0       0        0       0        0       0        0       0        0       0        0       0        0       0  
    3      286   226012        0       0        6    9084        0       0        0       0        0       0        0       0        0       0        0       0        0       0        0       0  
    4      332   252568        0       0       27   40878        0       0        0       0        0       0        0       0        0       0        0       0        0       0        0       0  
    5      305   241926        0       0       21   31098        0       0        0       0        0       0        0       0        0       0        0       0        0       0        0       0  
    6      258   203928        0       0       10   15140        0       0        0       0        0       0        0       0        0       0        0       0        0       0        0       0  
    7      258   203988        0       0        7   10598        0       0        0       0        0       0        0       0        0       0        0       0        0       0        0       0  
    8      262   207088        0       0        2    3028        0       0        0       0        0       0        0       0        0       0        0       0        0       0        0       0  
    9      260   205456        0       0        0       0        0       0        0       0        0       0        0       0        0       0        0       0        0       0        0       0  
   10      268   211864        0       0        5    7570        0       0        0       0        0       0        0       0        0       0        0       0        0       0        0       0  
   11      262   206980        0       0        1    1514        0       0        0       0        0       0        0       0        0       0        0       0        0       0        0       0  
   12      256   202240        0       0        0       0        0       0        0       0        0       0        0       0        0       0        0       0        0       0        0       0  
   13      256   202324        0       0        6    9084        0       0        0       0        0       0        0       0        0       0        0       0        0       0        0       0  
   14      282   222816        0       0        1    1514        0       0        0       0        0       0        0       0        0       0        0       0        0       0        0       0  
   15      270   213300        0       0        1    1514        0       0        0       0        0       0        0       0        0       0        0       0        0       0        0       0  
   16      256   202240        0       0        0       0        0       0        0       0        0       0        0       0        0       0        0       0        0       0        0       0  
   17      258   203820        0       0        0       0        0       0        0       0        0       0        0       0        0       0        0       0        0       0        0       0  
   18      258   203880        0       0        4    6056        0       0        0       0        0       0        0       0        0       0        0       0        0       0        0       0  
   19      258   203868        0       0        3    4542        0       0        0       0        0       0        0       0        0       0        0       0        0       0        0       0  
   20      264   208572        0       0        1    1514        0       0        0       0        0       0        0       0        0       0        0       0        0       0        0       0  
   21      264   208560        0       0        1    1514        0       0        0       0        0       0        0       0        0       0        0       0        0       0        0       0  
   22      256   202276        0       0        0       0        0       0        0       0        0       0        0       0        0       0        0       0        0       0        0       0  
   23      258   203884        0       0        3    4542        0       0        0       0        0       0        0       0        0       0        0       0        0       0        0       0  
   24      260   205448        0       0        2    3028        0       0        0       0        0       0        0       0        0       0        0       0        0       0        0       0  
   25      262   206992        0       0        0       0        0       0        0       0        0       0        0       0        0       0        0       0        0       0        0       0  
   26      268   211756        0       0        3    4542        0       0        0       0        0       0        0       0        0       0        0       0        0       0        0       0  
   27      264   208584        0       0        1    1514        0       0        0       0        0       0        0       0        0       0        0       0        0       0        0       0  
   28      262   206992        0       0        2    3028        0       0        0       0        0       0        0       0        0       0        0       0        0       0        0       0  
   29      260   205400        0       0        0       0        0       0        0       0        0       0        0       0        0       0        0       0        0       0        0       0  
   30      266   210152        0       0        0       0        0       0        0       0        0       0        0       0        0       0        0       0        0       0        0       0  
   31      258   203892        0       0        5    7570        0       0        0       0        0       0        0       0        0       0        0       0        0       0        0       0  
   32      258   203856        0       0        2    3028        0       0        0       0        0       0        0       0        0       0        0       0        0       0        0       0  
   33      260   205400        0       0        0       0        0       0        0       0        0       0        0       0        0       0        0       0        0       0        0       0  
   34      258   203868        0       0        3    4542        0       0        0       0        0       0        0       0        0       0        0       0        0       0        0       0  
   35      268   211744        0       0        1    1514        0       0        0       0        0       0        0       0        0       0        0       0        0       0        0       0  
   36      260   205412        0       0        2    3028        0       0        0       0        0       0        0       0        0       0        0       0        0       0        0       0  
