    1      419   311678      210   297836        0       0  
    2      281   219842      140   210536        0       0  
    3      286   226012      137   207418        6    9084  
    4      332   252568      138   200340       27   40878  
    5      305   241926      132   199848       21   31098  
    6      258   203928      119   180166       10   15140  
    7      258   203988      122   184708        7   10598  
    8      262   207088      129   195306        2    3028  
    9      260   205456      130   196820        0       0  
   10      268   211864      129   195306        5    7570  
   11      262   206980      130   196820        1    1514  
   12      256   202240      128   193792        0       0  
   13      256   202324      122   184708        6    9084  
   14      282   222816      140   211960        1    1514  
   15      270   213300      134   202876        1    1514  
   16      256   202240      128   193792        0       0  
   17      258   203820      129   195306        0       0  
   18      258   203880      125   189250        4    6056  
   19      258   203868      126   190764        3    4542  
   20      264   208572      131   198334        1    1514  
   21      264   208560      131   198334        1    1514  
   22      256   202276      128   193792        0       0  
   23      258   203884      126   190764        3    4542  
   24      260   205448      128   193792        2    3028  
   25      262   206992      131   198334        0       0  
   26      268   211756      131   198334        3    4542  
   27      264   208584      131   198334        1    1514  
   28      262   206992      129   195306        2    3028  
   29      260   205400      130   196820        0       0  
   30      266   210152      133   201362        0       0  
   31      258   203892      124   187736        5    7570  
   32      258   203856      127   192278        2    3028  
   33      260   205400      130   196820        0       0  
   34      258   203868      126   190764        3    4542  
   35      268   211744      133   201362        1    1514  
   36      260   205412      128   193792        2    3028  
