    1     1317   1025506        0       0        6    9084        0       0        0       0        0       0        0       0        0       0        0       0        0       0        0       0  
    2      276    218136        0       0        8   12112        0       0        0       0        0       0        0       0        0       0        0       0        0       0        0       0  
    3      266    210192        0       0        1    1514        0       0        0       0        0       0        0       0        0       0        0       0        0       0        0       0  
    4      294    219464        0       0        5    7570        0       0        0       0        0       0        0       0        0       0        0       0        0       0        0       0  
    5      343    268902        0       0        4    6056        0       0        0       0        0       0        0       0        0       0        0       0        0       0        0       0  
    6      268    213188        0       0        1    1514        0       0        0       0        0       0        0       0        0       0        0       0        0       0        0       0  
    7      260    205440        0       0        0       0        0       0        0       0        0       0        0       0        0       0        0       0        0       0        0       0  
    8      272    214940        0       0        1    1514        0       0        0       0        0       0        0       0        0       0        0       0        0       0        0       0  
    9      274    216580        0       0        7   10598        0       0        0       0        0       0        0       0        0       0        0       0        0       0        0       0  
   10      268    210332        0       0        2    3028        0       0        0       0        0       0        0       0        0       0        0       0        0       0        0       0  
   11      268    211780        0       0        1    1514        0       0        0       0        0       0        0       0        0       0        0       0        0       0        0       0  
   12      264    210088        0       0        4    6056        0       0        0       0        0       0        0       0        0       0        0       0        0       0        0       0  
   13      428    338120        0       0        0       0        0       0        0       0        0       0        0       0        0       0        0       0        0       0        0       0  
   14     1036    818500        0       0        1    1514        0       0        0       0        0       0        0       0        0       0        0       0        0       0        0       0  
   15     1120    884900        0       0        3    4542        0       0        0       0        0       0        0       0        0       0        0       0        0       0        0       0  
   16     1420   1121860        0       0        1    1514        0       0        0       0        0       0        0       0        0       0        0       0        0       0        0       0  
   17     1429   1128206        0       0        1    1514        0       0        0       0        0       0        0       0        0       0        0       0        0       0        0       0  
   18     1428   1128140        0       0        1    1514        0       0        0       0        0       0        0       0        0       0        0       0        0       0        0       0  
   19     1427   1128130        0       0        1    1514        0       0        0       0        0       0        0       0        0       0        0       0        0       0        0       0  
   20     1422   1123408        0       0        1    1514        0       0        0       0        0       0        0       0        0       0        0       0        0       0        0       0  
   21     1417   1118790        0       0        1    1514        0       0        0       0        0       0        0       0        0       0        0       0        0       0        0       0  
   22     1420   1121828        0       0        1    1514        0       0        0       0        0       0        0       0        0       0        0       0        0       0        0       0  
   23     1428   1128204        0       0        1    1514        0       0        0       0        0       0        0       0        0       0        0       0        0       0        0       0  
   24     1431   1131298        0       0        1    1514        0       0        0       0        0       0        0       0        0       0        0       0        0       0        0       0  
   25     1471   1161394        0       0        1    1514        0       0        0       0        0       0        0       0        0       0        0       0        0       0        0       0  
   26     1648   1301948        0       0        1    1514        0       0        0       0        0       0        0       0        0       0        0       0        0       0        0       0  
   27     1650   1303500        0       0        0       0        0       0        0       0        0       0        0       0        0       0        0       0        0       0        0       0  
   28     1652   1305164        0       0        1    1514        0       0        0       0        0       0        0       0        0       0        0       0        0       0        0       0  
   29     1650   1303752        0       0        9   13626        0       0        0       0        0       0        0       0        0       0        0       0        0       0        0       0  
   30     1652   1305080        0       0        0       0        0       0        0       0        0       0        0       0        0       0        0       0        0       0        0       0  
   31     1649   1302290        0       0       10   15140        0       0        0       0        0       0        0       0        0       0        0       0        0       0        0       0  
   32     1651   1305166        0       0        9   13626        0       0        0       0        0       0        0       0        0       0        0       0        0       0        0       0  
   33     1650   1303584        0       0        7   10598        0       0        0       0        0       0        0       0        0       0        0       0        0       0        0       0  
   34     1651   1303614        0       0        3    4542        0       0        0       0        0       0        0       0        0       0        0       0        0       0        0       0  
   35     1651   1305026        0       0        1    1514        0       0        0       0        0       0        0       0        0       0        0       0        0       0        0       0  
   36     1651   1303578        0       0        1    1514        0       0        0       0        0       0        0       0        0       0        0       0        0       0        0       0  
