    1     1317   1025506      653    972866        6    9084  
    2      276    218136      130    196820        8   12112  
    3      266    210192      132    199848        1    1514  
    4      294    219464      143    202126        5    7570  
    5      343    268902      167    251414        4    6056  
    6      268    213188      134    202876        1    1514  
    7      260    205440      130    196820        0       0  
    8      272    214940      135    204390        1    1514  
    9      274    216580      130    196820        7   10598  
   10      268    210332      131    198334        2    3028  
   11      268    211780      133    201362        1    1514  
   12      264    210088      129    195306        4    6056  
   13      428    338120      214    323996        0       0  
   14     1036    818500      517    782738        1    1514  
   15     1120    884900      557    843298        3    4542  
   16     1420   1121860      709   1073426        1    1514  
   17     1429   1128206      713   1079482        1    1514  
   18     1428   1128140      713   1079482        1    1514  
   19     1427   1128130      713   1079482        1    1514  
   20     1422   1123408      710   1074940        1    1514  
   21     1417   1118790      707   1070398        1    1514  
   22     1420   1121828      709   1073426        1    1514  
   23     1428   1128204      713   1079482        1    1514  
   24     1431   1131298      715   1082510        1    1514  
   25     1471   1161394      734   1111276        1    1514  
   26     1648   1301948      823   1246022        1    1514  
   27     1650   1303500      825   1249050        0       0  
   28     1652   1305164      825   1249050        1    1514  
   29     1650   1303752      816   1235424        9   13626  
   30     1652   1305080      826   1250564        0       0  
   31     1649   1302290      814   1232396       10   15140  
   32     1651   1305166      817   1236938        9   13626  
   33     1650   1303584      818   1238452        7   10598  
   34     1651   1303614      822   1244508        3    4542  
   35     1651   1305026      825   1249050        1    1514  
   36     1651   1303578      824   1247536        1    1514  
