    1     1651   1295166        0       0       12   18168        0       0        0       0        0       0        0       0        0       0        0       0        0       0        0       0  
    2      610    470776        0       0       15   22710        0       0        0       0        0       0        0       0        0       0        0       0        0       0        0       0  
    3      267    210206        0       0        0       0        0       0        0       0        0       0        0       0        0       0        0       0        0       0        0       0  
    4      279    216930        0       0        3    4542        0       0        0       0        0       0        0       0        0       0        0       0        0       0        0       0  
    5      340    267232        0       0        4    6056        0       0        0       0        0       0        0       0        0       0        0       0        0       0        0       0  
    6      261    206974        0       0        1    1514        0       0        0       0        0       0        0       0        0       0        0       0        0       0        0       0  
    7      259    205422        0       0        6    9084        0       0        0       0        0       0        0       0        0       0        0       0        0       0        0       0  
    8      840    663600        0       0        0       0        0       0        0       0        0       0        0       0        0       0        0       0        0       0        0       0  
    9     1032    815408        0       0        8   12112        0       0        0       0        0       0        0       0        0       0        0       0        0       0        0       0  
   10     1032    815512        0       0       15   22710        0       0        0       0        0       0        0       0        0       0        0       0        0       0        0       0  
   11     1028    812228        0       0        6    9084        0       0        0       0        0       0        0       0        0       0        0       0        0       0        0       0  
   12     1030    813700        0       0        0       0        0       0        0       0        0       0        0       0        0       0        0       0        0       0        0       0  
   13     1028    812120        0       0        0       0        0       0        0       0        0       0        0       0        0       0        0       0        0       0        0       0  
   14     1030    813700        0       0        0       0        0       0        0       0        0       0        0       0        0       0        0       0        0       0        0       0  
   15     1028    812120        0       0        0       0        0       0        0       0        0       0        0       0        0       0        0       0        0       0        0       0  
   16     1034    816872        0       0        1    1514        0       0        0       0        0       0        0       0        0       0        0       0        0       0        0       0  
   17     1030    813700        0       0        0       0        0       0        0       0        0       0        0       0        0       0        0       0        0       0        0       0  
   18     1020    805800        0       0        0       0        0       0        0       0        0       0        0       0        0       0        0       0        0       0        0       0  
   19      451    357014        0       0        0       0        0       0        0       0        0       0        0       0        0       0        0       0        0       0        0       0  
   20      275    216526        0       0        0       0        0       0        0       0        0       0        0       0        0       0        0       0        0       0        0       0  
   21      266    210140        0       0        0       0        0       0        0       0        0       0        0       0        0       0        0       0        0       0        0       0  
   22      266    210164        0       0        2    3028        0       0        0       0        0       0        0       0        0       0        0       0        0       0        0       0  
   23      264    207112        0       0        0       0        0       0        0       0        0       0        0       0        0       0        0       0        0       0        0       0  
   24      268    211732        0       0        1    1514        0       0        0       0        0       0        0       0        0       0        0       0        0       0        0       0  
   25      280    222684        0       0        2    3028        0       0        0       0        0       0        0       0        0       0        0       0        0       0        0       0  
   26      826    652636        0       0        5    7570        0       0        0       0        0       0        0       0        0       0        0       0        0       0        0       0  
   27     1032    815304        0       0        1    1514        0       0        0       0        0       0        0       0        0       0        0       0        0       0        0       0  
   28     1032    815328        0       0        4    6056        0       0        0       0        0       0        0       0        0       0        0       0        0       0        0       0  
   29     1028    812120        0       0        0       0        0       0        0       0        0       0        0       0        0       0        0       0        0       0        0       0  
   30     1038    820092        0       0        4    6056        0       0        0       0        0       0        0       0        0       0        0       0        0       0        0       0  
   31     1034    816968        0       0        8   12112        0       0        0       0        0       0        0       0        0       0        0       0        0       0        0       0  
   32     1337   1055566        0       0        4    6056        0       0        0       0        0       0        0       0        0       0        0       0        0       0        0       0  
   33     1536   1213516        0       0        3    4542        0       0        0       0        0       0        0       0        0       0        0       0        0       0        0       0  
   34     1567   1238726        0       0        5    7570        0       0        0       0        0       0        0       0        0       0        0       0        0       0        0       0  
   35     1566   1237224        0       0        7   10598        0       0        0       0        0       0        0       0        0       0        0       0        0       0        0       0  
   36     1566   1238636        0       0        3    4542        0       0        0       0        0       0        0       0        0       0        0       0        0       0        0       0  
