    1     1651   1295166      814   1222356       12   18168  
    2      610    470776      292    427736       15   22710  
    3      267    210206      133    201362        0       0  
    4      279    216930      137    203106        3    4542  
    5      340    267232      165    249810        4    6056  
    6      261    206974      130    196820        1    1514  
    7      259    205422      124    187736        6    9084  
    8      840    663600      420    635880        0       0  
    9     1032    815408      508    769112        8   12112  
   10     1032    815512      501    758514       15   22710  
   11     1028    812228      508    769112        6    9084  
   12     1030    813700      515    779710        0       0  
   13     1028    812120      514    778196        0       0  
   14     1030    813700      515    779710        0       0  
   15     1028    812120      514    778196        0       0  
   16     1034    816872      516    781224        1    1514  
   17     1030    813700      515    779710        0       0  
   18     1020    805800      510    772140        0       0  
   19      451    357014      226    342164        0       0  
   20      275    216526      137    207418        0       0  
   21      266    210140      133    201362        0       0  
   22      266    210164      131    198334        2    3028  
   23      264    207112      131    198334        0       0  
   24      268    211732      133    201362        1    1514  
   25      280    222684      139    210446        2    3028  
   26      826    652636      408    617712        5    7570  
   27     1032    815304      515    779710        1    1514  
   28     1032    815328      512    775168        4    6056  
   29     1028    812120      514    778196        0       0  
   30     1038    820092      515    779710        4    6056  
   31     1034    816968      509    770626        8   12112  
   32     1337   1055566      664   1005296        4    6056  
   33     1536   1213516      765   1158210        3    4542  
   34     1567   1238726      779   1179406        5    7570  
   35     1566   1237224      776   1174864        7   10598  
   36     1566   1238636      781   1182434        3    4542  
