    1     1659   1298662      764   1142344       66   99924  
    2     1669   1303602      833   1245394        2    3028  
    3     1652   1305208      822   1244508        4    6056  
    4     1649   1302166      819   1239966        5    7570  
    5     1652   1305248      824   1247536        2    3028  
    6     1650   1303696      822   1244508        3    4542  
    7     1650   1303632      820   1241480        5    7570  
    8     1651   1305070      822   1244508        4    6056  
    9     1651   1303650      822   1244508        3    4542  
   10     1651   1305062      821   1242994        5    7570  
   11     1652   1305152      821   1242994        5    7570  
   12     1649   1302046      821   1242994        3    4542  
   13     1652   1305128      821   1242994        5    7570  
   14     1651   1305086      820   1241480        6    9084  
   15     1652   1305116      824   1247536        2    3028  
   16     1651   1303638      822   1244508        3    4542  
   17     1651   1305050      824   1247536        2    3028  
   18     1651   1303614      820   1241480        5    7570  
   19     1651   1305038      825   1249050        1    1514  
   20     1651   1303662      820   1241480        5    7570  
   21     1652   1305140      824   1247536        2    3028  
   22     1651   1305050      824   1247536        2    3028  
   23     1651   1303602      823   1246022        2    3028  
   24     1651   1305090      823   1246022        3    4542  
   25     1651   1303626      819   1239966        6    9084  
   26     1652   1305176      819   1239966        7   10598  
   27     1652   1305140      821   1242994        5    7570  
   28     1651   1305086      820   1241480        6    9084  
   29     1651   1303662      818   1238452        7   10598  
   30     1651   1305050      823   1246022        3    4542  
   31     1177    930554      588    890232        1    1514  
   32      272    214892      136    205904        0       0  
   33      282    222816      138    208932        3    4542  
   34      270    213300      134    202876        1    1514  
   35      264    208560      132    199848        0       0  
   36      266    210176      131    198334        2    3028  
