    1     1619   1264190        0       0       12   18168        0       0        0       0        0       0        0       0        0       0        0       0        0       0        0       0  
    2     1634   1276540        0       0        0       0        0       0        0       0        0       0        0       0        0       0        0       0        0       0        0       0  
    3     1646   1300360        0       0        1    1514        0       0        0       0        0       0        0       0        0       0        0       0        0       0        0       0  
    4     1650   1303592        0       0        2    3028        0       0        0       0        0       0        0       0        0       0        0       0        0       0        0       0  
    5     1652   1305324        0       0        3    4542        0       0        0       0        0       0        0       0        0       0        0       0        0       0        0       0  
    6     1648   1302060        0       0        3    4542        0       0        0       0        0       0        0       0        0       0        0       0        0       0        0       0  
    7     1644   1298984        0       0        2    3028        0       0        0       0        0       0        0       0        0       0        0       0        0       0        0       0  
    8     1651   1303818        0       0        3    4542        0       0        0       0        0       0        0       0        0       0        0       0        0       0        0       0  
    9     1649   1303546        0       0        2    3028        0       0        0       0        0       0        0       0        0       0        0       0        0       0        0       0  
   10     1650   1303752        0       0        5    7570        0       0        0       0        0       0        0       0        0       0        0       0        0       0        0       0  
   11     1648   1302060        0       0        2    3028        0       0        0       0        0       0        0       0        0       0        0       0        0       0        0       0  
   12     1650   1303696        0       0        3    4542        0       0        0       0        0       0        0       0        0       0        0       0        0       0        0       0  
   13     1650   1303696        0       0        3    4542        0       0        0       0        0       0        0       0        0       0        0       0        0       0        0       0  
   14     1649   1302098        0       0        2    3028        0       0        0       0        0       0        0       0        0       0        0       0        0       0        0       0  
   15      550    434668        0       0        4    6056        0       0        0       0        0       0        0       0        0       0        0       0        0       0        0       0  
   16      278    221320        0       0        9   13626        0       0        0       0        0       0        0       0        0       0        0       0        0       0        0       0  
   17      264    208560        0       0        0       0        0       0        0       0        0       0        0       0        0       0        0       0        0       0        0       0  
   18      264    208728        0       0        6    9084        0       0        0       0        0       0        0       0        0       0        0       0        0       0        0       0  
   19      270    213412        0       0        4    6056        0       0        0       0        0       0        0       0        0       0        0       0        0       0        0       0  
   20      260    205428        0       0        1    1514        0       0        0       0        0       0        0       0        0       0        0       0        0       0        0       0  
   21      860    679672        0       0       10   15140        0       0        0       0        0       0        0       0        0       0        0       0        0       0        0       0  
   22     1028    812144        0       0        2    3028        0       0        0       0        0       0        0       0        0       0        0       0        0       0        0       0  
   23     1028    812120        0       0        0       0        0       0        0       0        0       0        0       0        0       0        0       0        0       0        0       0  
   24     1032    815280        0       0        0       0        0       0        0       0        0       0        0       0        0       0        0       0        0       0        0       0  
   25     1034    816860        0       0        0       0        0       0        0       0        0       0        0       0        0       0        0       0        0       0        0       0  
   26     1038    817028        0       0        0       0        0       0        0       0        0       0        0       0        0       0        0       0        0       0        0       0  
   27     1051    823558        0       0        0       0        0       0        0       0        0       0        0       0        0       0        0       0        0       0        0       0  
   28     1038    817064        0       0        2    3028        0       0        0       0        0       0        0       0        0       0        0       0        0       0        0       0  
   29     1036    814012        0       0        4    6056        0       0        0       0        0       0        0       0        0       0        0       0        0       0        0       0  
   30     1026    810588        0       0        4    6056        0       0        0       0        0       0        0       0        0       0        0       0        0       0        0       0  
   31     1032    815280        0       0        0       0        0       0        0       0        0       0        0       0        0       0        0       0        0       0        0       0  
   32      426    336540        0       0        0       0        0       0        0       0        0       0        0       0        0       0        0       0        0       0        0       0  
   33      266    210140        0       0        0       0        0       0        0       0        0       0        0       0        0       0        0       0        0       0        0       0  
   34      274    216460        0       0        0       0        0       0        0       0        0       0        0       0        0       0        0       0        0       0        0       0  
   35      264    208560        0       0        0       0        0       0        0       0        0       0        0       0        0       0        0       0        0       0        0       0  
   36      270    213300        0       0        0       0        0       0        0       0        0       0        0       0        0       0        0       0        0       0        0       0  
