    1     1619   1264190      799   1192470       12   18168  
    2     1634   1276540      818   1222652        0       0  
    3     1646   1300360      822   1244508        1    1514  
    4     1650   1303592      823   1246022        2    3028  
    5     1652   1305324      823   1246022        3    4542  
    6     1648   1302060      821   1242994        3    4542  
    7     1644   1298984      820   1241480        2    3028  
    8     1651   1303818      822   1244508        3    4542  
    9     1649   1303546      823   1246022        2    3028  
   10     1650   1303752      820   1241480        5    7570  
   11     1648   1302060      822   1244508        2    3028  
   12     1650   1303696      822   1244508        3    4542  
   13     1650   1303696      822   1244508        3    4542  
   14     1649   1302098      822   1244508        2    3028  
   15      550    434668      271    410294        4    6056  
   16      278    221320      131    198334        9   13626  
   17      264    208560      132    199848        0       0  
   18      264    208728      126    190764        6    9084  
   19      270    213412      131    198334        4    6056  
   20      260    205428      129    195306        1    1514  
   21      860    679672      420    635880       10   15140  
   22     1028    812144      512    775168        2    3028  
   23     1028    812120      514    778196        0       0  
   24     1032    815280      516    781224        0       0  
   25     1034    816860      517    782738        0       0  
   26     1038    817028      517    782738        0       0  
   27     1051    823558      521    788794        0       0  
   28     1038    817064      515    779710        2    3028  
   29     1036    814012      511    773654        4    6056  
   30     1026    810588      509    770626        4    6056  
   31     1032    815280      516    781224        0       0  
   32      426    336540      213    322482        0       0  
   33      266    210140      133    201362        0       0  
   34      274    216460      137    207418        0       0  
   35      264    208560      132    199848        0       0  
   36      270    213300      135    204390        0       0  
