    1      380    278752        0       0        0       0        0       0        0       0        0       0        0       0        0       0        0       0        0       0        0       0  
    2      962    756436        0       0        0       0        0       0        0       0        0       0        0       0        0       0        0       0        0       0        0       0  
    3     1138    899020        0       0        0       0        0       0        0       0        0       0        0       0        0       0        0       0        0       0        0       0  
    4     1186    929780        0       0        0       0        0       0        0       0        0       0        0       0        0       0        0       0        0       0        0       0  
    5     1168    922780        0       0        1    1514        0       0        0       0        0       0        0       0        0       0        0       0        0       0        0       0  
    6     1164    919728        0       0       14   21196        0       0        0       0        0       0        0       0        0       0        0       0        0       0        0       0  
    7     1136    897440        0       0        0       0        0       0        0       0        0       0        0       0        0       0        0       0        0       0        0       0  
    8     1146    905604        0       0       20   30280        0       0        0       0        0       0        0       0        0       0        0       0        0       0        0       0  
    9     1356   1071480        0       0       18   27252        0       0        0       0        0       0        0       0        0       0        0       0        0       0        0       0  
   10     1419   1120398        0       0        7   10598        0       0        0       0        0       0        0       0        0       0        0       0        0       0        0       0  
   11     1409   1113930        0       0        7   10598        0       0        0       0        0       0        0       0        0       0        0       0        0       0        0       0  
   12     1405   1109262        0       0        2    3028        0       0        0       0        0       0        0       0        0       0        0       0        0       0        0       0  
   13     1415   1118598        0       0        1    1514        0       0        0       0        0       0        0       0        0       0        0       0        0       0        0       0  
   14     1598   1262444        0       0        2    3028        0       0        0       0        0       0        0       0        0       0        0       0        0       0        0       0  
   15     1651   1303614        0       0        5    7570        0       0        0       0        0       0        0       0        0       0        0       0        0       0        0       0  
   16     1650   1303572        0       0        6    9084        0       0        0       0        0       0        0       0        0       0        0       0        0       0        0       0  
   17     1652   1305140        0       0        1    1514        0       0        0       0        0       0        0       0        0       0        0       0        0       0        0       0  
   18     1651   1305062        0       0        3    4542        0       0        0       0        0       0        0       0        0       0        0       0        0       0        0       0  
   19     1651   1303614        0       0        3    4542        0       0        0       0        0       0        0       0        0       0        0       0        0       0        0       0  
   20     1652   1305188        0       0        8   12112        0       0        0       0        0       0        0       0        0       0        0       0        0       0        0       0  
   21     1648   1301992        0       0        7   10598        0       0        0       0        0       0        0       0        0       0        0       0        0       0        0       0  
   22     1652   1305140        0       0        2    3028        0       0        0       0        0       0        0       0        0       0        0       0        0       0        0       0  
   23     1651   1303626        0       0        3    4542        0       0        0       0        0       0        0       0        0       0        0       0        0       0        0       0  
   24     1652   1305140        0       0        3    4542        0       0        0       0        0       0        0       0        0       0        0       0        0       0        0       0  
   25     1651   1305110        0       0        8   12112        0       0        0       0        0       0        0       0        0       0        0       0        0       0        0       0  
   26     1653   1303698        0       0        4    6056        0       0        0       0        0       0        0       0        0       0        0       0        0       0        0       0  
   27     1652   1305188        0       0        7   10598        0       0        0       0        0       0        0       0        0       0        0       0        0       0        0       0  
   28     1651   1305074        0       0        6    9084        0       0        0       0        0       0        0       0        0       0        0       0        0       0        0       0  
   29     1651   1303662        0       0        5    7570        0       0        0       0        0       0        0       0        0       0        0       0        0       0        0       0  
   30     1652   1305128        0       0        5    7570        0       0        0       0        0       0        0       0        0       0        0       0        0       0        0       0  
   31     1651   1305086        0       0        5    7570        0       0        0       0        0       0        0       0        0       0        0       0        0       0        0       0  
   32     1659   1303938        0       0        2    3028        0       0        0       0        0       0        0       0        0       0        0       0        0       0        0       0  
   33     1655   1303774        0       0        2    3028        0       0        0       0        0       0        0       0        0       0        0       0        0       0        0       0  
   34     1657   1305362        0       0        4    6056        0       0        0       0        0       0        0       0        0       0        0       0        0       0        0       0  
   35     1655   1305254        0       0        6    9084        0       0        0       0        0       0        0       0        0       0        0       0        0       0        0       0  
   36     1651   1303650        0       0        7   10598        0       0        0       0        0       0        0       0        0       0        0       0        0       0        0       0  
