    1      380    278752      193    266346        0       0  
    2      962    756436      481    724690        0       0  
    3     1138    899020      569    861466        0       0  
    4     1186    929780      594    890692        0       0  
    5     1168    922780      583    882662        1    1514  
    6     1164    919728      568    859952       14   21196  
    7     1136    897440      568    859952        0       0  
    8     1146    905604      553    837242       20   30280  
    9     1356   1071480      660    999240       18   27252  
   10     1419   1120398      702   1062828        7   10598  
   11     1409   1113930      698   1056772        7   10598  
   12     1405   1109262      700   1059800        2    3028  
   13     1415   1118598      707   1070398        1    1514  
   14     1598   1262444      797   1206658        2    3028  
   15     1651   1303614      820   1241480        5    7570  
   16     1650   1303572      819   1239966        6    9084  
   17     1652   1305140      825   1249050        1    1514  
   18     1651   1305062      823   1246022        3    4542  
   19     1651   1303614      822   1244508        3    4542  
   20     1652   1305188      818   1238452        8   12112  
   21     1648   1301992      817   1236938        7   10598  
   22     1652   1305140      824   1247536        2    3028  
   23     1651   1303626      822   1244508        3    4542  
   24     1652   1305140      823   1246022        3    4542  
   25     1651   1305110      818   1238452        8   12112  
   26     1653   1303698      821   1242994        4    6056  
   27     1652   1305188      819   1239966        7   10598  
   28     1651   1305074      820   1241480        6    9084  
   29     1651   1303662      820   1241480        5    7570  
   30     1652   1305128      821   1242994        5    7570  
   31     1651   1305086      821   1242994        5    7570  
   32     1659   1303938      823   1246022        2    3028  
   33     1655   1303774      823   1246022        2    3028  
   34     1657   1305362      822   1244508        4    6056  
   35     1655   1305254      820   1241480        6    9084  
   36     1651   1303650      818   1238452        7   10598  
