    1     1415   1115858        0       0       63   95382        0       0        0       0        0       0        0       0        0       0        0       0        0       0        0       0  
    2     1433   1117414        0       0       18   27252        0       0        0       0        0       0        0       0        0       0        0       0        0       0        0       0  
    3     1412   1115600        0       0       10   15140        0       0        0       0        0       0        0       0        0       0        0       0        0       0        0       0  
    4     1412   1115540        0       0        5    7570        0       0        0       0        0       0        0       0        0       0        0       0        0       0        0       0  
    5     1416   1118712        0       0        6    9084        0       0        0       0        0       0        0       0        0       0        0       0        0       0        0       0  
    6     1413   1115546        0       0        0       0        0       0        0       0        0       0        0       0        0       0        0       0        0       0        0       0  
    7     1407   1112254        0       0        0       0        0       0        0       0        0       0        0       0        0       0        0       0        0       0        0       0  
    8     1483   1170846        0       0        0       0        0       0        0       0        0       0        0       0        0       0        0       0        0       0        0       0  
    9     1598   1262420        0       0        0       0        0       0        0       0        0       0        0       0        0       0        0       0        0       0        0       0  
   10     1596   1260948        0       0        5    7570        0       0        0       0        0       0        0       0        0       0        0       0        0       0        0       0  
   11     1597   1262414        0       0        4    6056        0       0        0       0        0       0        0       0        0       0        0       0        0       0        0       0  
   12     1596   1260924        0       0        6    9084        0       0        0       0        0       0        0       0        0       0        0       0        0       0        0       0  
   13     1595   1259410        0       0        7   10598        0       0        0       0        0       0        0       0        0       0        0       0        0       0        0       0  
   14     1594   1259396        0       0        8   12112        0       0        0       0        0       0        0       0        0       0        0       0        0       0        0       0  
   15     1594   1259320        0       0        4    6056        0       0        0       0        0       0        0       0        0       0        0       0        0       0        0       0  
   16     1595   1260822        0       0        3    4542        0       0        0       0        0       0        0       0        0       0        0       0        0       0        0       0  
   17     1597   1261026        0       0        6    9084        0       0        0       0        0       0        0       0        0       0        0       0        0       0        0       0  
   18     1594   1259332        0       0        6    9084        0       0        0       0        0       0        0       0        0       0        0       0        0       0        0       0  
   19     1600   1264096        0       0        9   13626        0       0        0       0        0       0        0       0        0       0        0       0        0       0        0       0  
   20     1069    845282        0       0        2    3028        0       0        0       0        0       0        0       0        0       0        0       0        0       0        0       0  
   21      264    208596        0       0        2    3028        0       0        0       0        0       0        0       0        0       0        0       0        0       0        0       0  
   22      266    210164        0       0        0       0        0       0        0       0        0       0        0       0        0       0        0       0        0       0        0       0  
   23      266    210164        0       0        2    3028        0       0        0       0        0       0        0       0        0       0        0       0        0       0        0       0  
   24      270    213300        0       0        0       0        0       0        0       0        0       0        0       0        0       0        0       0        0       0        0       0  
   25      264    208560        0       0        0       0        0       0        0       0        0       0        0       0        0       0        0       0        0       0        0       0  
   26      302    238580        0       0        0       0        0       0        0       0        0       0        0       0        0       0        0       0        0       0        0       0  
   27      264    208572        0       0        1    1514        0       0        0       0        0       0        0       0        0       0        0       0        0       0        0       0  
   28      264    208560        0       0        1    1514        0       0        0       0        0       0        0       0        0       0        0       0        0       0        0       0  
   29      266    210188        0       0        1    1514        0       0        0       0        0       0        0       0        0       0        0       0        0       0        0       0  
   30      270    213300        0       0        1    1514        0       0        0       0        0       0        0       0        0       0        0       0        0       0        0       0  
   31      262    207004        0       0        1    1514        0       0        0       0        0       0        0       0        0       0        0       0        0       0        0       0  
   32      268    211732        0       0        1    1514        0       0        0       0        0       0        0       0        0       0        0       0        0       0        0       0  
   33      264    208560        0       0        1    1514        0       0        0       0        0       0        0       0        0       0        0       0        0       0        0       0  
   34      266    210164        0       0        1    1514        0       0        0       0        0       0        0       0        0       0        0       0        0       0        0       0  
   35      266    210152        0       0        1    1514        0       0        0       0        0       0        0       0        0       0        0       0        0       0        0       0  
   36      266    208692        0       0        1    1514        0       0        0       0        0       0        0       0        0       0        0       0        0       0        0       0  
