    1     1415   1115858      645    972242       63   95382  
    2     1433   1117414      699   1042518       18   27252  
    3     1412   1115600      696   1053744       10   15140  
    4     1412   1115540      701   1061314        5    7570  
    5     1416   1118712      702   1062828        6    9084  
    6     1413   1115546      706   1068884        0       0  
    7     1407   1112254      704   1065856        0       0  
    8     1483   1170846      741   1121874        0       0  
    9     1598   1262420      799   1209686        0       0  
   10     1596   1260948      793   1200602        5    7570  
   11     1597   1262414      795   1203630        4    6056  
   12     1596   1260924      792   1199088        6    9084  
   13     1595   1259410      790   1196060        7   10598  
   14     1594   1259396      789   1194546        8   12112  
   15     1594   1259320      793   1200602        4    6056  
   16     1595   1260822      795   1203630        3    4542  
   17     1597   1261026      792   1199088        6    9084  
   18     1594   1259332      791   1197574        6    9084  
   19     1600   1264096      791   1197574        9   13626  
   20     1069    845282      533    806962        2    3028  
   21      264    208596      130    196820        2    3028  
   22      266    210164      133    201362        0       0  
   23      266    210164      131    198334        2    3028  
   24      270    213300      135    204390        0       0  
   25      264    208560      132    199848        0       0  
   26      302    238580      151    228614        0       0  
   27      264    208572      131    198334        1    1514  
   28      264    208560      131    198334        1    1514  
   29      266    210188      132    199848        1    1514  
   30      270    213300      134    202876        1    1514  
   31      262    207004      130    196820        1    1514  
   32      268    211732      133    201362        1    1514  
   33      264    208560      131    198334        1    1514  
   34      266    210164      132    199848        1    1514  
   35      266    210152      132    199848        1    1514  
   36      266    208692      131    198334        1    1514  
