    1     1453   1140630        0       0       68   102256        0       0        0       0        0       0        0       0        0       0        0       0        0       0        0       0  
    2     1469   1145866        0       0       19    28766        0       0        0       0        0       0        0       0        0       0        0       0        0       0        0       0  
    3     1448   1144052        0       0       11    16654        0       0        0       0        0       0        0       0        0       0        0       0        0       0        0       0  
    4     1446   1142400        0       0        4     6056        0       0        0       0        0       0        0       0        0       0        0       0        0       0        0       0  
    5     1545   1219886        0       0        2     3028        0       0        0       0        0       0        0       0        0       0        0       0        0       0        0       0  
    6     1618   1278292        0       0        2     3028        0       0        0       0        0       0        0       0        0       0        0       0        0       0        0       0  
    7     1638   1294044        0       0        2     3028        0       0        0       0        0       0        0       0        0       0        0       0        0       0        0       0  
    8     1648   1301992        0       0        4     6056        0       0        0       0        0       0        0       0        0       0        0       0        0       0        0       0  
    9     1651   1303650        0       0        4     6056        0       0        0       0        0       0        0       0        0       0        0       0        0       0        0       0  
   10     1652   1305128        0       0        3     4542        0       0        0       0        0       0        0       0        0       0        0       0        0       0        0       0  
   11     1648   1301956        0       0        2     3028        0       0        0       0        0       0        0       0        0       0        0       0        0       0        0       0  
   12     1647   1301926        0       0        2     3028        0       0        0       0        0       0        0       0        0       0        0       0        0       0        0       0  
   13     1652   1305104        0       0        1     1514        0       0        0       0        0       0        0       0        0       0        0       0        0       0        0       0  
   14     1649   1302062        0       0        3     4542        0       0        0       0        0       0        0       0        0       0        0       0        0       0        0       0  
   15     1650   1303548        0       0        3     4542        0       0        0       0        0       0        0       0        0       0        0       0        0       0        0       0  
   16     1651   1305050        0       0        1     1514        0       0        0       0        0       0        0       0        0       0        0       0        0       0        0       0  
   17     1651   1303638        0       0        5     7570        0       0        0       0        0       0        0       0        0       0        0       0        0       0        0       0  
   18     1639   1295594        0       0        3     4542        0       0        0       0        0       0        0       0        0       0        0       0        0       0        0       0  
   19     1647   1300442        0       0        3     4542        0       0        0       0        0       0        0       0        0       0        0       0        0       0        0       0  
   20     1649   1303494        0       0        1     1514        0       0        0       0        0       0        0       0        0       0        0       0        0       0        0       0  
   21     1651   1303614        0       0        3     4542        0       0        0       0        0       0        0       0        0       0        0       0        0       0        0       0  
   22     1651   1305050        0       0        2     3028        0       0        0       0        0       0        0       0        0       0        0       0        0       0        0       0  
   23     1652   1305116        0       0        1     1514        0       0        0       0        0       0        0       0        0       0        0       0        0       0        0       0  
   24     1650   1303560        0       0        6     9084        0       0        0       0        0       0        0       0        0       0        0       0        0       0        0       0  
   25     1651   1303638        0       0        5     7570        0       0        0       0        0       0        0       0        0       0        0       0        0       0        0       0  
   26     1652   1305140        0       0        2     3028        0       0        0       0        0       0        0       0        0       0        0       0        0       0        0       0  
   27     1651   1305050        0       0        2     3028        0       0        0       0        0       0        0       0        0       0        0       0        0       0        0       0  
   28     1651   1303638        0       0        6     9084        0       0        0       0        0       0        0       0        0       0        0       0        0       0        0       0  
   29     1650   1303584        0       0        5     7570        0       0        0       0        0       0        0       0        0       0        0       0        0       0        0       0  
   30     1651   1305062        0       0        5     7570        0       0        0       0        0       0        0       0        0       0        0       0        0       0        0       0  
   31     1651   1303638        0       0        5     7570        0       0        0       0        0       0        0       0        0       0        0       0        0       0        0       0  
   32     1650   1303560        0       0        3     4542        0       0        0       0        0       0        0       0        0       0        0       0        0       0        0       0  
   33     1651   1305062        0       0        5     7570        0       0        0       0        0       0        0       0        0       0        0       0        0       0        0       0  
   34     1651   1303662        0       0        7    10598        0       0        0       0        0       0        0       0        0       0        0       0        0       0        0       0  
   35     1650   1303572        0       0        6     9084        0       0        0       0        0       0        0       0        0       0        0       0        0       0        0       0  
   36     1652   1305164        0       0        3     4542        0       0        0       0        0       0        0       0        0       0        0       0        0       0        0       0  
