    1     1453   1140630      656    988896       68   102256  
    2     1469   1145866      716   1068256       19    28766  
    3     1448   1144052      713   1079482       11    16654  
    4     1446   1142400      719   1088566        4     6056  
    5     1545   1219886      770   1165780        2     3028  
    6     1618   1278292      807   1221798        2     3028  
    7     1638   1294044      817   1236938        2     3028  
    8     1648   1301992      820   1241480        4     6056  
    9     1651   1303650      821   1242994        4     6056  
   10     1652   1305128      823   1246022        3     4542  
   11     1648   1301956      822   1244508        2     3028  
   12     1647   1301926      822   1244508        2     3028  
   13     1652   1305104      825   1249050        1     1514  
   14     1649   1302062      821   1242994        3     4542  
   15     1650   1303548      822   1244508        3     4542  
   16     1651   1305050      825   1249050        1     1514  
   17     1651   1303638      820   1241480        5     7570  
   18     1639   1295594      817   1236938        3     4542  
   19     1647   1300442      820   1241480        3     4542  
   20     1649   1303494      824   1247536        1     1514  
   21     1651   1303614      822   1244508        3     4542  
   22     1651   1305050      824   1247536        2     3028  
   23     1652   1305116      825   1249050        1     1514  
   24     1650   1303560      819   1239966        6     9084  
   25     1651   1303638      820   1241480        5     7570  
   26     1652   1305140      824   1247536        2     3028  
   27     1651   1305050      824   1247536        2     3028  
   28     1651   1303638      819   1239966        6     9084  
   29     1650   1303584      820   1241480        5     7570  
   30     1651   1305062      821   1242994        5     7570  
   31     1651   1303638      820   1241480        5     7570  
   32     1650   1303560      822   1244508        3     4542  
   33     1651   1305062      821   1242994        5     7570  
   34     1651   1303662      818   1238452        7    10598  
   35     1650   1303572      819   1239966        6     9084  
   36     1652   1305164      823   1246022        3     4542  
