    1     1657   1296546      808   1208256       22   33308  
    2     1674   1306604      791   1178910       47   71158  
    3     1651   1305086      821   1242994        5    7570  
    4     1651   1303666      822   1244508        3    4542  
    5     1651   1305062      822   1244508        4    6056  
    6     1651   1303650      817   1236938        8   12112  
    7     1652   1305152      821   1242994        5    7570  
    8     1651   1305074      824   1247536        2    3028  
    9     1651   1303626      824   1247536        1    1514  
   10     1652   1305116      823   1246022        3    4542  
   11     1651   1305102      822   1244508        4    6056  
   12     1650   1303600      820   1241480        5    7570  
   13     1651   1303626      822   1244508        3    4542  
   14     1652   1305104      824   1247536        2    3028  
   15     1649   1303506      821   1242994        4    6056  
   16     1650   1303596      817   1236938        8   12112  
   17     1651   1303626      822   1244508        3    4542  
   18     1651   1305098      819   1239966        7   10598  
   19     1651   1303642      822   1244508        3    4542  
   20     1652   1305116      823   1246022        3    4542  
   21     1651   1305114      822   1244508        4    6056  
   22     1648   1301968      822   1244508        2    3028  
   23     1650   1303536      822   1244508        3    4542  
   24     1651   1303662      817   1236938        8   12112  
   25     1652   1305104      824   1247536        2    3028  
   26     1649   1303518      820   1241480        5    7570  
   27     1651   1303654      821   1242994        4    6056  
   28     1650   1304984      823   1246022        3    4542  
   29     1652   1303704      819   1239966        6    9084  
   30     1651   1305086      820   1241480        6    9084  
   31     1652   1305140      821   1242994        5    7570  
   32     1651   1303614      822   1244508        3    4542  
   33     1651   1305014      825   1249050        1    1514  
   34     1651   1303654      823   1246022        2    3028  
   35     1651   1305058      822   1244508        4    6056  
   36     1651   1303602      824   1247536        1    1514  
