    1     1602   1252424        0       0       32   48448        0       0        0       0        0       0        0       0        0       0        0       0        0       0        0       0  
    2     1614   1258548        0       0        2    3028        0       0        0       0        0       0        0       0        0       0        0       0        0       0        0       0  
    3     1598   1262624        0       0       10   15140        0       0        0       0        0       0        0       0        0       0        0       0        0       0        0       0  
    4     1591   1257734        0       0       10   15140        0       0        0       0        0       0        0       0        0       0        0       0        0       0        0       0  
    5     1602   1265616        0       0        2    3028        0       0        0       0        0       0        0       0        0       0        0       0        0       0        0       0  
    6     1595   1259450        0       0        5    7570        0       0        0       0        0       0        0       0        0       0        0       0        0       0        0       0  
    7     1598   1262456        0       0        4    6056        0       0        0       0        0       0        0       0        0       0        0       0        0       0        0       0  
    8     1596   1260912        0       0        4    6056        0       0        0       0        0       0        0       0        0       0        0       0        0       0        0       0  
    9     1594   1259344        0       0        6    9084        0       0        0       0        0       0        0       0        0       0        0       0        0       0        0       0  
   10     1595   1260822        0       0        4    6056        0       0        0       0        0       0        0       0        0       0        0       0        0       0        0       0  
   11     1258    993880        0       0        2    3028        0       0        0       0        0       0        0       0        0       0        0       0        0       0        0       0  
   12      256    202452        0       0        5    7570        0       0        5    7570        0       0        0       0        0       0        0       0        8   12112        0       0  
   13      470    371300        0       0        0       0        0       0        0       0        0       0        0       0        0       0        0       0        0       0        0       0  
   14     1026    810552        0       0        0       0        0       0        0       0        0       0        0       0        0       0        0       0        0       0        0       0  
   15     1030    813700        0       0        0       0        0       0        0       0        0       0        0       0        0       0        0       0        0       0        0       0  
   16     1030    813700        0       0        0       0        0       0        0       0        0       0        0       0        0       0        0       0        0       0        0       0  
   17     1026    810540        0       0        0       0        0       0        0       0        0       0        0       0        0       0        0       0        0       0        0       0  
   18     1034    816860        0       0        0       0        0       0        0       0        0       0        0       0        0       0        0       0        0       0        0       0  
   19     1164    919560        0       0        0       0        0       0        0       0        0       0        0       0        0       0        0       0        0       0        0       0  
   20     1558   1230820        0       0        0       0        0       0        0       0        0       0        0       0        0       0        0       0        0       0        0       0  
   21     1569   1238786        0       0        0       0        0       0        0       0        0       0        0       0        0       0        0       0        0       0        0       0  
   22     1568   1238720        0       0        0       0        0       0        0       0        0       0        0       0        0       0        0       0        0       0        0       0  
   23     1588   1254520        0       0        0       0        0       0        0       0        0       0        0       0        0       0        0       0        0       0        0       0  
   24     1652   1305080        0       0        0       0        0       0        0       0        0       0        0       0        0       0        0       0        0       0        0       0  
   25     1650   1303560        0       0        3    4542        0       0        0       0        0       0        0       0        0       0        0       0        0       0        0       0  
   26     1652   1305220        0       0        7   10598        0       0        0       0        0       0        0       0        0       0        0       0        0       0        0       0  
   27     1652   1305116        0       0        3    4542        0       0        0       0        0       0        0       0        0       0        0       0        0       0        0       0  
   28     1651   1303578        0       0        1    1514        0       0        0       0        0       0        0       0        0       0        0       0        0       0        0       0  
   29     1639   1295534        0       0        0       0        0       0        0       0        0       0        0       0        0       0        0       0        0       0        0       0  
   30     1651   1303566        0       0        0       0        0       0        0       0        0       0        0       0        0       0        0       0        0       0        0       0  
   31     1651   1305014        0       0        0       0        0       0        0       0        0       0        0       0        0       0        0       0        0       0        0       0  
   32     1651   1303566        0       0        0       0        0       0        0       0        0       0        0       0        0       0        0       0        0       0        0       0  
   33     1652   1305080        0       0        0       0        0       0        0       0        0       0        0       0        0       0        0       0        0       0        0       0  
   34     1651   1305050        0       0        1    1514        0       0        0       0        0       0        0       0        0       0        0       0        0       0        0       0  
   35     1651   1303566        0       0        1    1514        0       0        0       0        0       0        0       0        0       0        0       0        0       0        0       0  
   36     1651   1305110        0       0        3    4542        0       0        0       0        0       0        0       0        0       0        0       0        0       0        0       0  
