    1     1602   1252424      771   1150798       32   48448  
    2     1614   1258548      806   1201620        2    3028  
    3     1598   1262624      789   1194546       10   15140  
    4     1591   1257734      786   1190004       10   15140  
    5     1602   1265616      799   1209686        2    3028  
    6     1595   1259450      792   1199088        5    7570  
    7     1598   1262456      795   1203630        4    6056  
    8     1596   1260912      794   1202116        4    6056  
    9     1594   1259344      791   1197574        6    9084  
   10     1595   1260822      794   1202116        4    6056  
   11     1258    993880      627    949278        2    3028  
   12      256    202452      110    166540       18   27252  
   13      470    371300      235    355790        0       0  
   14     1026    810552      513    776682        0       0  
   15     1030    813700      515    779710        0       0  
   16     1030    813700      515    779710        0       0  
   17     1026    810540      513    776682        0       0  
   18     1034    816860      517    782738        0       0  
   19     1164    919560      582    881148        0       0  
   20     1558   1230820      779   1179406        0       0  
   21     1569   1238786      784   1186976        0       0  
   22     1568   1238720      784   1186976        0       0  
   23     1588   1254520      794   1202116        0       0  
   24     1652   1305080      826   1250564        0       0  
   25     1650   1303560      822   1244508        3    4542  
   26     1652   1305220      819   1239966        7   10598  
   27     1652   1305116      823   1246022        3    4542  
   28     1651   1303578      824   1247536        1    1514  
   29     1639   1295534      820   1241480        0       0  
   30     1651   1303566      825   1249050        0       0  
   31     1651   1305014      826   1250564        0       0  
   32     1651   1303566      825   1249050        0       0  
   33     1652   1305080      826   1250564        0       0  
   34     1651   1305050      825   1249050        1    1514  
   35     1651   1303566      824   1247536        1    1514  
   36     1651   1305110      823   1246022        3    4542  
