    1     1095    850142        0       0        6    9084        0       0        0       0        0       0        0       0        0       0        0       0        0       0        0       0  
    2     1038    817544        0       0       53   80242        0       0        0       0        0       0        0       0        0       0        0       0        0       0        0       0  
    3     1034    817312        0       0        6    9084        0       0        0       0        0       0        0       0        0       0        0       0        0       0        0       0  
    4     1067    832306        0       0        6    9084        0       0        0       0        0       0        0       0        0       0        0       0        0       0        0       0  
    5     1070    845408        0       0        9   13626        0       0        0       0        0       0        0       0        0       0        0       0        0       0        0       0  
    6     1032    815352        0       0        7   10598        0       0        0       0        0       0        0       0        0       0        0       0        0       0        0       0  
    7     1030    813760        0       0        4    6056        0       0        0       0        0       0        0       0        0       0        0       0        0       0        0       0  
    8     1028    812180        0       0        6    9084        0       0        0       0        0       0        0       0        0       0        0       0        0       0        0       0  
    9     1536   1213464        0       0        1    1514        0       0        0       0        0       0        0       0        0       0        0       0        0       0        0       0  
   10     1624   1283044        0       0        6    9084        0       0        0       0        0       0        0       0        0       0        0       0        0       0        0       0  
   11     1618   1278292        0       0        3    4542        0       0        0       0        0       0        0       0        0       0        0       0        0       0        0       0  
   12     1624   1282996        0       0        3    4542        0       0        0       0        0       0        0       0        0       0        0       0        0       0        0       0  
   13     1624   1283068        0       0        5    7570        0       0        0       0        0       0        0       0        0       0        0       0        0       0        0       0  
   14     1624   1283032        0       0        4    6056        0       0        0       0        0       0        0       0        0       0        0       0        0       0        0       0  
   15     1638   1294044        0       0        1    1514        0       0        0       0        0       0        0       0        0       0        0       0        0       0        0       0  
   16     1643   1297354        0       0        5    7570        0       0        0       0        0       0        0       0        0       0        0       0        0       0        0       0  
   17     1644   1298832        0       0        5    7570        0       0        0       0        0       0        0       0        0       0        0       0        0       0        0       0  
   18     1642   1297264        0       0        6    9084        0       0        0       0        0       0        0       0        0       0        0       0        0       0        0       0  
   19     1644   1298832        0       0        2    3028        0       0        0       0        0       0        0       0        0       0        0       0        0       0        0       0  
   20     1650   1303560        0       0        2    3028        0       0        0       0        0       0        0       0        0       0        0       0        0       0        0       0  
   21     1651   1303602        0       0        3    4542        0       0        0       0        0       0        0       0        0       0        0       0        0       0        0       0  
   22     1652   1305176        0       0        7   10598        0       0        0       0        0       0        0       0        0       0        0       0        0       0        0       0  
   23     1652   1305176        0       0        5    7570        0       0        0       0        0       0        0       0        0       0        0       0        0       0        0       0  
   24     1651   1305062        0       0        3    4542        0       0        0       0        0       0        0       0        0       0        0       0        0       0        0       0  
   25     1651   1303614        0       0        4    6056        0       0        0       0        0       0        0       0        0       0        0       0        0       0        0       0  
   26     1651   1305090        0       0        3    4542        0       0        0       0        0       0        0       0        0       0        0       0        0       0        0       0  
   27     1652   1303692        0       0        3    4542        0       0        0       0        0       0        0       0        0       0        0       0        0       0        0       0  
   28     1662   1305476        0       0        1    1514        0       0        0       0        0       0        0       0        0       0        0       0        0       0        0       0  
   29     1654   1303780        0       0        2    3028        0       0        0       0        0       0        0       0        0       0        0       0        0       0        0       0  
   30     1644   1298820        0       0        3    4542        0       0        0       0        0       0        0       0        0       0        0       0        0       0        0       0  
   31     1657   1305290        0       0        1    1514        0       0        0       0        0       0        0       0        0       0        0       0        0       0        0       0  
   32     1621   1279866        0       0        2    3028        0       0        0       0        0       0        0       0        0       0        0       0        0       0        0       0  
   33     1651   1303638        0       0        2    3028        0       0        0       0        0       0        0       0        0       0        0       0        0       0        0       0  
   34     1652   1305116        0       0        2    3028        0       0        0       0        0       0        0       0        0       0        0       0        0       0        0       0  
   35     1650   1303576        0       0        3    4542        0       0        0       0        0       0        0       0        0       0        0       0        0       0        0       0  
   36     1652   1305128        0       0        5    7570        0       0        0       0        0       0        0       0        0       0        0       0        0       0        0       0  
