    1     1095    850142      544    804952        6    9084  
    2     1038    817544      465    701146       53   80242  
    3     1034    817312      511    773654        6    9084  
    4     1067    832306      529    787970        6    9084  
    5     1070    845408      526    796364        9   13626  
    6     1032    815352      509    770626        7   10598  
    7     1030    813760      511    773654        4    6056  
    8     1028    812180      508    769112        6    9084  
    9     1536   1213464      767   1161238        1    1514  
   10     1624   1283044      806   1220284        6    9084  
   11     1618   1278292      806   1220284        3    4542  
   12     1624   1282996      809   1224826        3    4542  
   13     1624   1283068      807   1221798        5    7570  
   14     1624   1283032      808   1223312        4    6056  
   15     1638   1294044      818   1238452        1    1514  
   16     1643   1297354      816   1235424        5    7570  
   17     1644   1298832      817   1236938        5    7570  
   18     1642   1297264      815   1233910        6    9084  
   19     1644   1298832      820   1241480        2    3028  
   20     1650   1303560      823   1246022        2    3028  
   21     1651   1303602      822   1244508        3    4542  
   22     1652   1305176      819   1239966        7   10598  
   23     1652   1305176      821   1242994        5    7570  
   24     1651   1305062      823   1246022        3    4542  
   25     1651   1303614      821   1242994        4    6056  
   26     1651   1305090      823   1246022        3    4542  
   27     1652   1303692      822   1244508        3    4542  
   28     1662   1305476      825   1249050        1    1514  
   29     1654   1303780      823   1246022        2    3028  
   30     1644   1298820      819   1239966        3    4542  
   31     1657   1305290      825   1249050        1    1514  
   32     1621   1279866      808   1223312        2    3028  
   33     1651   1303638      823   1246022        2    3028  
   34     1652   1305116      824   1247536        2    3028  
   35     1650   1303576      822   1244508        3    4542  
   36     1652   1305128      821   1242994        5    7570  
