    1     1518   1190136        0       0       13   19682        0       0        0       0        0       0        0       0        0       0        0       0        0       0        0       0  
    2     1522   1195228        0       0        0       0        0       0        0       0        0       0        0       0        0       0        0       0        0       0        0       0  
    3     1509   1192894        0       0        3    4542        0       0        0       0        0       0        0       0        0       0        0       0        0       0        0       0  
    4     1510   1193044        0       0        8   12112        0       0        0       0        0       0        0       0        0       0        0       0        0       0        0       0  
    5     1446   1142460        0       0        6    9084        0       0        0       0        0       0        0       0        0       0        0       0        0       0        0       0  
    6      310    244924        0       0        2    3028        0       0        0       0        0       0        0       0        0       0        0       0        0       0        0       0  
    7     1633   1289398        0       0        1    1514        0       0        0       0        0       0        0       0        0       0        0       0        0       0        0       0  
    8     1632   1289376        0       0        2    3028        0       0        0       0        0       0        0       0        0       0        0       0        0       0        0       0  
    9     1632   1289364        0       0        1    1514        0       0        0       0        0       0        0       0        0       0        0       0        0       0        0       0  
   10     1632   1289308        0       0        1    1514        0       0        0       0        0       0        0       0        0       0        0       0        0       0        0       0  
   11     1632   1289420        0       0        3    4542        0       0        0       0        0       0        0       0        0       0        0       0        0       0        0       0  
   12     1633   1289514        0       0        2    3028        0       0        0       0        0       0        0       0        0       0        0       0        0       0        0       0  
   13     1651   1305154        0       0        3    4542        0       0        0       0        0       0        0       0        0       0        0       0        0       0        0       0  
   14     1652   1305108        0       0        1    1514        0       0        0       0        0       0        0       0        0       0        0       0        0       0        0       0  
   15     1651   1303650        0       0        1    1514        0       0        0       0        0       0        0       0        0       0        0       0        0       0        0       0  
   16     1651   1305182        0       0        2    3028        0       0        0       0        0       0        0       0        0       0        0       0        0       0        0       0  
   17     1652   1305164        0       0        1    1514        0       0        0       0        0       0        0       0        0       0        0       0        0       0        0       0  
   18     1651   1303594        0       0        1    1514        0       0        0       0        0       0        0       0        0       0        0       0        0       0        0       0  
   19     1651   1305098        0       0        1    1514        0       0        0       0        0       0        0       0        0       0        0       0        0       0        0       0  
   20     1651   1303650        0       0        2    3028        0       0        0       0        0       0        0       0        0       0        0       0        0       0        0       0  
   21     1652   1305108        0       0        1    1514        0       0        0       0        0       0        0       0        0       0        0       0        0       0        0       0  
   22     1651   1305042        0       0        1    1514        0       0        0       0        0       0        0       0        0       0        0       0        0       0        0       0  
   23     1651   1303622        0       0        2    3028        0       0        0       0        0       0        0       0        0       0        0       0        0       0        0       0  
   24     1651   1305042        0       0        1    1514        0       0        0       0        0       0        0       0        0       0        0       0        0       0        0       0  
   25     1652   1305136        0       0        2    3028        0       0        0       0        0       0        0       0        0       0        0       0        0       0        0       0  
   26     1651   1303642        0       0        3    4542        0       0        0       0        0       0        0       0        0       0        0       0        0       0        0       0  
   27     1651   1305034        0       0        1    1514        0       0        0       0        0       0        0       0        0       0        0       0        0       0        0       0  
   28     1651   1303590        0       0        2    3028        0       0        0       0        0       0        0       0        0       0        0       0        0       0        0       0  
   29     1652   1305104        0       0        2    3028        0       0        0       0        0       0        0       0        0       0        0       0        0       0        0       0  
   30     1651   1305098        0       0        8   12112        0       0        0       0        0       0        0       0        0       0        0       0        0       0        0       0  
   31     1651   1303614        0       0        3    4542        0       0        0       0        0       0        0       0        0       0        0       0        0       0        0       0  
   32     1651   1305086        0       0        4    6056        0       0        0       0        0       0        0       0        0       0        0       0        0       0        0       0  
   33     1662   1305560        0       0        5    7570        0       0        0       0        0       0        0       0        0       0        0       0        0       0        0       0  
   34     1659   1303974        0       0        8   12112        0       0        0       0        0       0        0       0        0       0        0       0        0       0        0       0  
   35     1655   1303818        0       0        7   10598        0       0        0       0        0       0        0       0        0       0        0       0        0       0        0       0  
   36     1652   1305152        0       0        7   10598        0       0        0       0        0       0        0       0        0       0        0       0        0       0        0       0  
