    1     1518   1190136      747   1120222       13   19682  
    2     1522   1195228      762   1145060        0       0  
    3     1509   1192894      752   1138528        3    4542  
    4     1510   1193044      747   1130958        8   12112  
    5     1446   1142460      717   1085538        6    9084  
    6      310    244924      153    231642        2    3028  
    7     1633   1289398      815   1233910        1    1514  
    8     1632   1289376      814   1232396        2    3028  
    9     1632   1289364      815   1233910        1    1514  
   10     1632   1289308      815   1233910        1    1514  
   11     1632   1289420      813   1230882        3    4542  
   12     1633   1289514      814   1232396        2    3028  
   13     1651   1305154      823   1246022        3    4542  
   14     1652   1305108      825   1249050        1    1514  
   15     1651   1303650      824   1247536        1    1514  
   16     1651   1305182      824   1247536        2    3028  
   17     1652   1305164      825   1249050        1    1514  
   18     1651   1303594      824   1247536        1    1514  
   19     1651   1305098      825   1249050        1    1514  
   20     1651   1303650      823   1246022        2    3028  
   21     1652   1305108      825   1249050        1    1514  
   22     1651   1305042      825   1249050        1    1514  
   23     1651   1303622      823   1246022        2    3028  
   24     1651   1305042      825   1249050        1    1514  
   25     1652   1305136      824   1247536        2    3028  
   26     1651   1303642      822   1244508        3    4542  
   27     1651   1305034      825   1249050        1    1514  
   28     1651   1303590      823   1246022        2    3028  
   29     1652   1305104      824   1247536        2    3028  
   30     1651   1305098      818   1238452        8   12112  
   31     1651   1303614      822   1244508        3    4542  
   32     1651   1305086      822   1244508        4    6056  
   33     1662   1305560      821   1242994        5    7570  
   34     1659   1303974      817   1236938        8   12112  
   35     1655   1303818      818   1238452        7   10598  
   36     1652   1305152      819   1239966        7   10598  
