    1     1654   1304208        0       0       66   99924        0       0        0       0        0       0        0       0        0       0        0       0        0       0        0       0  
    2     1657   1303270        0       0       18   27252        0       0        0       0        0       0        0       0        0       0        0       0        0       0        0       0  
    3     1652   1305216        0       0        5    7570        0       0        0       0        0       0        0       0        0       0        0       0        0       0        0       0  
    4     1663   1303090        0       0        4    6056        0       0        0       0        0       0        0       0        0       0        0       0        0       0        0       0  
    5     1652   1305152        0       0        6    9084        0       0        0       0        0       0        0       0        0       0        0       0        0       0        0       0  
    6     1650   1303612        0       0        6    9084        0       0        0       0        0       0        0       0        0       0        0       0        0       0        0       0  
    7     1651   1303650        0       0        6    9084        0       0        0       0        0       0        0       0        0       0        0       0        0       0        0       0  
    8     1651   1305074        0       0        5    7570        0       0        0       0        0       0        0       0        0       0        0       0        0       0        0       0  
    9     1651   1303638        0       0        4    6056        0       0        0       0        0       0        0       0        0       0        0       0        0       0        0       0  
   10     1652   1305152        0       0        4    6056        0       0        0       0        0       0        0       0        0       0        0       0        0       0        0       0  
   11     1651   1305062        0       0        3    4542        0       0        0       0        0       0        0       0        0       0        0       0        0       0        0       0  
   12     1651   1303650        0       0        6    9084        0       0        0       0        0       0        0       0        0       0        0       0        0       0        0       0  
   13     1652   1305164        0       0        8   12112        0       0        0       0        0       0        0       0        0       0        0       0        0       0        0       0  
   14     1651   1305038        0       0        1    1514        0       0        0       0        0       0        0       0        0       0        0       0        0       0        0       0  
   15     1651   1303662        0       0        5    7570        0       0        0       0        0       0        0       0        0       0        0       0        0       0        0       0  
   16     1651   1305050        0       0        2    3028        0       0        0       0        0       0        0       0        0       0        0       0        0       0        0       0  
   17     1651   1303602        0       0        1    1514        0       0        0       0        0       0        0       0        0       0        0       0        0       0        0       0  
   18     1652   1305092        0       0        2    3028        0       0        0       0        0       0        0       0        0       0        0       0        0       0        0       0  
   19     1651   1305050        0       0        1    1514        0       0        0       0        0       0        0       0        0       0        0       0        0       0        0       0  
   20     1651   1303638        0       0        2    3028        0       0        0       0        0       0        0       0        0       0        0       0        0       0        0       0  
   21     1651   1305130        0       0        3    4542        0       0        0       0        0       0        0       0        0       0        0       0        0       0        0       0  
   22     1651   1303634        0       0        5    7570        0       0        0       0        0       0        0       0        0       0        0       0        0       0        0       0  
   23     1652   1305128        0       0        3    4542        0       0        0       0        0       0        0       0        0       0        0       0        0       0        0       0  
   24     1651   1305050        0       0        3    4542        0       0        0       0        0       0        0       0        0       0        0       0        0       0        0       0  
   25     1652   1303644        0       0        1    1514        0       0        0       0        0       0        0       0        0       0        0       0        0       0        0       0  
   26     1659   1305410        0       0        3    4542        0       0        0       0        0       0        0       0        0       0        0       0        0       0        0       0  
   27     1655   1303806        0       0        4    6056        0       0        0       0        0       0        0       0        0       0        0       0        0       0        0       0  
   28     1653   1305122        0       0        6    9084        0       0        0       0        0       0        0       0        0       0        0       0        0       0        0       0  
   29     1659   1304010        0       0        3    4542        0       0        0       0        0       0        0       0        0       0        0       0        0       0        0       0  
   30     1652   1305104        0       0        2    3028        0       0        0       0        0       0        0       0        0       0        0       0        0       0        0       0  
   31     1651   1305110        0       0        7   10598        0       0        0       0        0       0        0       0        0       0        0       0        0       0        0       0  
   32     1651   1303638        0       0        5    7570        0       0        0       0        0       0        0       0        0       0        0       0        0       0        0       0  
   33     1651   1305050        0       0        2    3028        0       0        0       0        0       0        0       0        0       0        0       0        0       0        0       0  
   34     1652   1305128        0       0        2    3028        0       0        0       0        0       0        0       0        0       0        0       0        0       0        0       0  
   35     1651   1303566        0       0        1    1514        0       0        0       0        0       0        0       0        0       0        0       0        0       0        0       0  
   36     1651   1305038        0       0        0       0        0       0        0       0        0       0        0       0        0       0        0       0        0       0        0       0  
