    1     1654   1304208      761   1147866       66   99924  
    2     1657   1303270      811   1220678       18   27252  
    3     1652   1305216      821   1242994        5    7570  
    4     1663   1303090      829   1242170        4    6056  
    5     1652   1305152      820   1241480        6    9084  
    6     1650   1303612      819   1239966        6    9084  
    7     1651   1303650      819   1239966        6    9084  
    8     1651   1305074      821   1242994        5    7570  
    9     1651   1303638      821   1242994        4    6056  
   10     1652   1305152      822   1244508        4    6056  
   11     1651   1305062      823   1246022        3    4542  
   12     1651   1303650      819   1239966        6    9084  
   13     1652   1305164      818   1238452        8   12112  
   14     1651   1305038      825   1249050        1    1514  
   15     1651   1303662      820   1241480        5    7570  
   16     1651   1305050      824   1247536        2    3028  
   17     1651   1303602      824   1247536        1    1514  
   18     1652   1305092      824   1247536        2    3028  
   19     1651   1305050      825   1249050        1    1514  
   20     1651   1303638      823   1246022        2    3028  
   21     1651   1305130      823   1246022        3    4542  
   22     1651   1303634      820   1241480        5    7570  
   23     1652   1305128      823   1246022        3    4542  
   24     1651   1305050      823   1246022        3    4542  
   25     1652   1303644      824   1247536        1    1514  
   26     1659   1305410      823   1246022        3    4542  
   27     1655   1303806      821   1242994        4    6056  
   28     1653   1305122      820   1241480        6    9084  
   29     1659   1304010      822   1244508        3    4542  
   30     1652   1305104      824   1247536        2    3028  
   31     1651   1305110      819   1239966        7   10598  
   32     1651   1303638      820   1241480        5    7570  
   33     1651   1305050      824   1247536        2    3028  
   34     1652   1305128      824   1247536        2    3028  
   35     1651   1303566      824   1247536        1    1514  
   36     1651   1305038      826   1250564        0       0  
